[14:38:04] This is prokka 1.14.6
[14:38:04] Written by Torsten Seemann <torsten.seemann@gmail.com>
[14:38:04] Homepage is https://github.com/tseemann/prokka
[14:38:04] Local time is Fri Mar  4 14:38:04 2022
[14:38:04] You are gerth
[14:38:04] Operating system is linux
[14:38:04] You have BioPerl 1.007002
[14:38:04] System has 64 cores.
[14:38:04] Will use maximum of 8 cores.
[14:38:04] Annotating as >>> Bacteria <<<
[14:38:04] Re-using existing --outdir annotation/wLbra
[14:38:04] Using filename prefix: wLbra.XXX
[14:38:04] Setting HMMER_NCPU=1
[14:38:04] Writing log to: annotation/wLbra/wLbra.log
[14:38:04] Command: /media/red/Wolbachia_phylogeny_new/.snakemake/conda/8cd680523f41e5449a78b29be8f1b505/bin/prokka --outdir annotation/wLbra --force --prefix wLbra --locustag wLbra --cpus 8 --genus Wolbachia --species sp. --strain wLbra genome_fastas/wLbra.fas
[14:38:04] Appending to PATH: /media/red/Wolbachia_phylogeny_new/.snakemake/conda/8cd680523f41e5449a78b29be8f1b505/bin
[14:38:04] Looking for 'aragorn' - found /media/red/Wolbachia_phylogeny_new/.snakemake/conda/8cd680523f41e5449a78b29be8f1b505/bin/aragorn
[14:38:04] Determined aragorn version is 001002 from 'ARAGORN v1.2.38 Dean Laslett'
[14:38:04] Looking for 'barrnap' - found /media/red/Wolbachia_phylogeny_new/.snakemake/conda/8cd680523f41e5449a78b29be8f1b505/bin/barrnap
[14:38:04] Determined barrnap version is 000009 from 'barrnap 0.9'
[14:38:04] Looking for 'blastp' - found /media/red/Wolbachia_phylogeny_new/.snakemake/conda/8cd680523f41e5449a78b29be8f1b505/bin/blastp
[14:38:05] Determined blastp version is 002012 from 'blastp: 2.12.0+'
[14:38:05] Looking for 'cmpress' - found /media/red/Wolbachia_phylogeny_new/.snakemake/conda/8cd680523f41e5449a78b29be8f1b505/bin/cmpress
[14:38:05] Determined cmpress version is 001001 from '# INFERNAL 1.1.4 (Dec 2020)'
[14:38:05] Looking for 'cmscan' - found /media/red/Wolbachia_phylogeny_new/.snakemake/conda/8cd680523f41e5449a78b29be8f1b505/bin/cmscan
[14:38:05] Determined cmscan version is 001001 from '# INFERNAL 1.1.4 (Dec 2020)'
[14:38:05] Looking for 'egrep' - found /bin/egrep
[14:38:05] Looking for 'find' - found /usr/bin/find
[14:38:05] Looking for 'grep' - found /bin/grep
[14:38:05] Looking for 'hmmpress' - found /media/red/Wolbachia_phylogeny_new/.snakemake/conda/8cd680523f41e5449a78b29be8f1b505/bin/hmmpress
[14:38:05] Determined hmmpress version is 003003 from '# HMMER 3.3.2 (Nov 2020); http://hmmer.org/'
[14:38:05] Looking for 'hmmscan' - found /media/red/Wolbachia_phylogeny_new/.snakemake/conda/8cd680523f41e5449a78b29be8f1b505/bin/hmmscan
[14:38:05] Determined hmmscan version is 003003 from '# HMMER 3.3.2 (Nov 2020); http://hmmer.org/'
[14:38:05] Looking for 'java' - found /media/red/Wolbachia_phylogeny_new/.snakemake/conda/8cd680523f41e5449a78b29be8f1b505/bin/java
[14:38:05] Looking for 'makeblastdb' - found /media/red/Wolbachia_phylogeny_new/.snakemake/conda/8cd680523f41e5449a78b29be8f1b505/bin/makeblastdb
[14:38:07] Determined makeblastdb version is 002012 from 'makeblastdb: 2.12.0+'
[14:38:07] Looking for 'minced' - found /media/red/Wolbachia_phylogeny_new/.snakemake/conda/8cd680523f41e5449a78b29be8f1b505/bin/minced
[14:38:07] Determined minced version is 004002 from 'minced 0.4.2'
[14:38:07] Looking for 'parallel' - found /media/red/Wolbachia_phylogeny_new/.snakemake/conda/8cd680523f41e5449a78b29be8f1b505/bin/parallel
[14:38:07] Determined parallel version is 20211022 from 'GNU parallel 20211022'
[14:38:07] Looking for 'prodigal' - found /media/red/Wolbachia_phylogeny_new/.snakemake/conda/8cd680523f41e5449a78b29be8f1b505/bin/prodigal
[14:38:07] Determined prodigal version is 002006 from 'Prodigal V2.6.3: February, 2016'
[14:38:07] Looking for 'prokka-genbank_to_fasta_db' - found /media/red/Wolbachia_phylogeny_new/.snakemake/conda/8cd680523f41e5449a78b29be8f1b505/bin/prokka-genbank_to_fasta_db
[14:38:07] Looking for 'sed' - found /bin/sed
[14:38:07] Looking for 'tbl2asn' - found /media/red/Wolbachia_phylogeny_new/.snakemake/conda/8cd680523f41e5449a78b29be8f1b505/bin/tbl2asn
[14:38:07] Determined tbl2asn version is 025007 from 'tbl2asn 25.7   arguments:'
[14:38:07] Using genetic code table 11.
[14:38:07] Loading and checking input file: genome_fastas/wLbra.fas
[14:38:07] Wrote 41 contigs totalling 1046149 bp.
[14:38:07] Predicting tRNAs and tmRNAs
[14:38:07] Running: aragorn -l -gc11  -w annotation\/wLbra\/wLbra\.fna
[14:38:07] 1 tRNA-Arg c[30351,30424] 35 (ccg)
[14:38:07] 2 tRNA-Gly [66390,66463] 34 (gcc)
[14:38:07] 1 tRNA-Met [25368,25441] 34 (cat)
[14:38:07] 2 tRNA-Arg c[47794,47868] 36 (acg)
[14:38:07] 3 tRNA-Gln c[79609,79683] 33 (ttg)
[14:38:07] 1 tRNA-Ser [7111,7199] 35 (tga)
[14:38:07] 2 tRNA-Tyr [30541,30624] 36 (gta)
[14:38:07] 3 tRNA-Gly [30628,30700] 34 (tcc)
[14:38:07] 4 tRNA-Trp [31967,32040] 34 (cca)
[14:38:07] 5 tmRNA* [44553,44884] 194,241 ANDNFAAENNVAVAA*
[14:38:07] 6 tRNA-Ser [68033,68121] 36 (gga)
[14:38:07] 7 tRNA-Cys [79083,79155] 34 (gca)
[14:38:07] 1 tRNA-Arg c[62357,62431] 35 (tct)
[14:38:07] 1 tRNA-Leu [14161,14248] 35 (gag)
[14:38:07] 1 tRNA-Phe c[6589,6662] 34 (gaa)
[14:38:07] 2 tRNA-Asp [12238,12312] 35 (gtc)
[14:38:07] 3 tRNA-Leu [20174,20260] 35 (taa)
[14:38:07] 1 tRNA-Ile [13161,13235] 35 (gat)
[14:38:07] 2 tRNA-Arg c[42294,42369] 35 (cct)
[14:38:07] 1 tRNA-Leu [5577,5660] 34 (caa)
[14:38:07] 1 tRNA-Leu [34326,34408] 35 (tag)
[14:38:07] 1 tRNA-His [5171,5246] 34 (gtg)
[14:38:07] 1 tRNA-Pro [14588,14663] 36 (tgg)
[14:38:07] 1 tRNA-Thr [2483,2555] 34 (tgt)
[14:38:07] 2 tRNA-Asn [4589,4660] 33 (gtt)
[14:38:07] 3 tRNA-Asn [8135,8207] 33 (gtt)
[14:38:07] 4 tRNA-Val c[12560,12633] 34 (gac)
[14:38:07] 1 tRNA-Met c[11618,11693] 35 (cat)
[14:38:07] 1 tRNA-Val [11198,11270] 34 (tac)
[14:38:07] 1 tRNA-Lys c[1668,1741] 34 (ttt)
[14:38:07] 1 tRNA-Thr [1861,1935] 35 (ggt)
[14:38:07] 2 tRNA-Ser [8245,8336] 35 (gct)
[14:38:07] Found 32 tRNAs
[14:38:07] Predicting Ribosomal RNAs
[14:38:07] Running Barrnap with 8 threads
[14:38:08] 1 WQMO01000008.1 22844 23S ribosomal RNA
[14:38:08] 2 WQMO01000008.1 25700 5S ribosomal RNA
[14:38:08] 3 WQMO01000013.1 8079 16S ribosomal RNA
[14:38:08] Found 3 rRNAs
[14:38:08] Skipping ncRNA search, enable with --rfam if desired.
[14:38:08] Total of 34 tRNA + rRNA features
[14:38:08] Searching for CRISPR repeats
[14:38:08] Found 0 CRISPRs
[14:38:08] Predicting coding sequences
[14:38:08] Contigs total 1046149 bp, so using single mode
[14:38:08] Running: prodigal -i annotation\/wLbra\/wLbra\.fna -c -m -g 11 -p single -f sco -q
[14:38:09] Excluding CDS which overlaps existing RNA (tRNA) at WQMO01000002.1:24076..25368 on + strand
[14:38:09] Excluding CDS which overlaps existing RNA (tRNA) at WQMO01000002.1:79674..80009 on - strand
[14:38:09] Excluding CDS which overlaps existing RNA (tRNA) at WQMO01000006.1:14204..15361 on + strand
[14:38:09] Excluding CDS which overlaps existing RNA (rRNA) at WQMO01000013.1:9225..9476 on + strand
[14:38:09] Found 1000 CDS
[14:38:09] Connecting features back to sequences
[14:38:09] Not using genus-specific database. Try --usegenus to enable it.
[14:38:09] Annotating CDS, please be patient.
[14:38:09] Will use 8 CPUs for similarity searching.
[14:38:09] There are still 1000 unannotated CDS left (started with 1000)
[14:38:09] Will use blast to search against /media/red/Wolbachia_phylogeny_new/.snakemake/conda/8cd680523f41e5449a78b29be8f1b505/db/kingdom/Bacteria/IS with 8 CPUs
[14:38:09] Running: cat annotation\/wLbra\/wLbra\.IS\.tmp\.93117\.faa | parallel --gnu --plain -j 8 --block 15515 --recstart '>' --pipe blastp -query - -db /media/red/Wolbachia_phylogeny_new/.snakemake/conda/8cd680523f41e5449a78b29be8f1b505/db/kingdom/Bacteria/IS -evalue 1e-30 -qcov_hsp_perc 90 -num_threads 1 -num_descriptions 1 -num_alignments 1 -seg no > annotation\/wLbra\/wLbra\.IS\.tmp\.93117\.blast 2> /dev/null
[14:38:45] Deleting unwanted file: annotation/wLbra/wLbra.IS.tmp.93117.faa
[14:38:45] Deleting unwanted file: annotation/wLbra/wLbra.IS.tmp.93117.blast
[14:38:45] There are still 996 unannotated CDS left (started with 1000)
[14:38:45] Will use blast to search against /media/red/Wolbachia_phylogeny_new/.snakemake/conda/8cd680523f41e5449a78b29be8f1b505/db/kingdom/Bacteria/AMR with 8 CPUs
[14:38:45] Running: cat annotation\/wLbra\/wLbra\.AMR\.tmp\.93117\.faa | parallel --gnu --plain -j 8 --block 15485 --recstart '>' --pipe blastp -query - -db /media/red/Wolbachia_phylogeny_new/.snakemake/conda/8cd680523f41e5449a78b29be8f1b505/db/kingdom/Bacteria/AMR -evalue 9.99999999999999e-301 -qcov_hsp_perc 90 -num_threads 1 -num_descriptions 1 -num_alignments 1 -seg no > annotation\/wLbra\/wLbra\.AMR\.tmp\.93117\.blast 2> /dev/null
[14:39:20] Deleting unwanted file: annotation/wLbra/wLbra.AMR.tmp.93117.faa
[14:39:20] Deleting unwanted file: annotation/wLbra/wLbra.AMR.tmp.93117.blast
[14:39:20] There are still 996 unannotated CDS left (started with 1000)
[14:39:20] Will use blast to search against /media/red/Wolbachia_phylogeny_new/.snakemake/conda/8cd680523f41e5449a78b29be8f1b505/db/kingdom/Bacteria/sprot with 8 CPUs
[14:39:20] Running: cat annotation\/wLbra\/wLbra\.sprot\.tmp\.93117\.faa | parallel --gnu --plain -j 8 --block 15485 --recstart '>' --pipe blastp -query - -db /media/red/Wolbachia_phylogeny_new/.snakemake/conda/8cd680523f41e5449a78b29be8f1b505/db/kingdom/Bacteria/sprot -evalue 1e-09 -qcov_hsp_perc 80 -num_threads 1 -num_descriptions 1 -num_alignments 1 -seg no > annotation\/wLbra\/wLbra\.sprot\.tmp\.93117\.blast 2> /dev/null
[14:39:55] Modify product: Uncharacterized zinc protease Rv2782c => putative zinc protease
[14:39:55] Modify product: Probable peptidoglycan D,D-transpeptidase FtsI => putative peptidoglycan D,D-transpeptidase FtsI
[14:39:55] Modify product: Uncharacterized HIT-like protein HP_0404 => putative HIT-like protein
[14:39:55] Modify product: Probable murein peptide carboxypeptidase => putative murein peptide carboxypeptidase
[14:39:55] Modify product: Uncharacterized ABC transporter ATP-binding protein TM_0288 => putative ABC transporter ATP-binding protein
[14:39:55] Modify product: UPF0176 protein lpg2838 => hypothetical protein
[14:39:55] Modify product: Probable lipid II flippase MurJ => putative lipid II flippase MurJ
[14:39:55] Modify product: Bifunctional protein FolD => Bifunctional protein FolD protein
[14:39:55] Modify product: Probable UbiX-like flavin prenyltransferase => putative UbiX-like flavin prenyltransferase
[14:39:55] Modify product: UPF0053 protein HI_0107 => hypothetical protein
[14:39:55] Modify product: Cytochrome b561 homolog 2 => Cytochrome b561 
[14:39:55] Modify product: Probable protein kinase UbiB => putative protein kinase UbiB
[14:39:55] Modify product: UPF0053 inner membrane protein YoaE => hypothetical protein
[14:39:55] Modify product: Probable transcriptional regulatory protein aq_1575 => putative transcriptional regulatory protein
[14:39:55] Modify product: Uncharacterized zinc protease Rv2782c => putative zinc protease
[14:39:55] Cleaned 15 /product names
[14:39:55] Deleting unwanted file: annotation/wLbra/wLbra.sprot.tmp.93117.faa
[14:39:55] Deleting unwanted file: annotation/wLbra/wLbra.sprot.tmp.93117.blast
[14:39:55] There are still 555 unannotated CDS left (started with 1000)
[14:39:55] Will use hmmer3 to search against /media/red/Wolbachia_phylogeny_new/.snakemake/conda/8cd680523f41e5449a78b29be8f1b505/db/hmm/HAMAP.hmm with 8 CPUs
[14:39:55] Running: cat annotation\/wLbra\/wLbra\.HAMAP\.hmm\.tmp\.93117\.faa | parallel --gnu --plain -j 8 --block 5661 --recstart '>' --pipe hmmscan --noali --notextw --acc -E 1e-09 --cpu 1 /media/red/Wolbachia_phylogeny_new/.snakemake/conda/8cd680523f41e5449a78b29be8f1b505/db/hmm/HAMAP.hmm /dev/stdin > annotation\/wLbra\/wLbra\.HAMAP\.hmm\.tmp\.93117\.hmmer3 2> /dev/null
[14:40:00] Deleting unwanted file: annotation/wLbra/wLbra.HAMAP.hmm.tmp.93117.faa
[14:40:00] Deleting unwanted file: annotation/wLbra/wLbra.HAMAP.hmm.tmp.93117.hmmer3
[14:40:00] Labelling remaining 493 proteins as 'hypothetical protein'
[14:40:00] Possible /pseudo 'ATP synthase subunit b' at WQMO01000001.1 position 53452
[14:40:00] Possible /pseudo 'Carbamoyl-phosphate synthase large chain' at WQMO01000002.1 position 1277
[14:40:00] Possible /pseudo 'tRNA pseudouridine synthase B' at WQMO01000003.1 position 70989
[14:40:00] Possible /pseudo 'ATP-dependent Clp protease ATP-binding subunit ClpA' at WQMO01000003.1 position 76911
[14:40:00] Possible /pseudo 'ATP-dependent Clp protease ATP-binding subunit ClpA' at WQMO01000003.1 position 77608
[14:40:00] Possible /pseudo 'Arginine/agmatine antiporter' at WQMO01000004.1 position 47584
[14:40:00] Possible /pseudo 'Carbamoyl-phosphate synthase large chain' at WQMO01000007.1 position 52558
[14:40:00] Possible /pseudo '2,3-bisphosphoglycerate-independent phosphoglycerate mutase' at WQMO01000018.1 position 9085
[14:40:00] Found 452 unique /gene codes.
[14:40:00] Fixed 3 duplicate /gene - gpmI_1 gpmI_2 gpmI_3
[14:40:00] Fixed 2 duplicate /gene - dnaA_1 dnaA_2
[14:40:00] Fixed 5 duplicate /gene - carB_1 carB_2 carB_3 carB_4 carB_5
[14:40:00] Fixed 2 duplicate /gene - mrdB_1 mrdB_2
[14:40:00] Fixed 2 duplicate /gene - argD_1 argD_2
[14:40:00] Fixed 2 duplicate /gene - rnc_1 rnc_2
[14:40:00] Fixed 3 duplicate /gene - clpA_1 clpA_2 clpA_3
[14:40:00] Fixed 2 duplicate /gene - COQ3_1 COQ3_2
[14:40:00] Fixed 2 duplicate /gene - rnd_1 rnd_2
[14:40:00] Fixed 2 duplicate /gene - atpH_1 atpH_2
[14:40:00] Fixed 2 duplicate /gene - alsT_1 alsT_2
[14:40:00] Fixed 2 duplicate /gene - gltX_1 gltX_2
[14:40:00] Fixed 2 duplicate /gene - ndhB_1 ndhB_2
[14:40:00] Fixed 2 duplicate /gene - tufA_1 tufA_2
[14:40:00] Fixed 2 duplicate /gene - miaB_1 miaB_2
[14:40:00] Fixed 2 duplicate /gene - rcsC_1 rcsC_2
[14:40:00] Fixed 2 duplicate /gene - adiC_1 adiC_2
[14:40:00] Fixed 2 duplicate /gene - proP_1 proP_2
[14:40:00] Fixed 2 duplicate /gene - surA_1 surA_2
[14:40:00] Fixed 2 duplicate /gene - truB_1 truB_2
[14:40:00] Fixed 2 duplicate /gene - purL_1 purL_2
[14:40:00] Fixed 2 duplicate /gene - virB4_1 virB4_2
[14:40:00] Fixed 2 duplicate /gene - pyrD_1 pyrD_2
[14:40:00] Fixed 2 duplicate /gene - murC_1 murC_2
[14:40:00] Fixed 2 duplicate /gene - atpF_1 atpF_2
[14:40:00] Fixed 25 colliding /gene names.
[14:40:00] Adding /locus_tag identifiers
[14:40:00] Assigned 1035 locus_tags to CDS and RNA features.
[14:40:00] Writing outputs to annotation/wLbra/
[14:40:00] Generating annotation statistics file
[14:40:00] Generating Genbank and Sequin files
[14:40:00] Running: tbl2asn -V b -a r10k -l paired-ends -M n -N 1 -y 'Annotated using prokka 1.14.6 from https://github.com/tseemann/prokka' -Z annotation\/wLbra\/wLbra\.err -i annotation\/wLbra\/wLbra\.fsa 2> /dev/null
[14:40:02] Deleting unwanted file: annotation/wLbra/errorsummary.val
[14:40:02] Deleting unwanted file: annotation/wLbra/wLbra.dr
[14:40:02] Deleting unwanted file: annotation/wLbra/wLbra.fixedproducts
[14:40:02] Deleting unwanted file: annotation/wLbra/wLbra.ecn
[14:40:02] Deleting unwanted file: annotation/wLbra/wLbra.val
[14:40:02] Repairing broken .GBK output that tbl2asn produces...
[14:40:02] Running: sed 's/COORDINATES: profile/COORDINATES:profile/' < annotation\/wLbra\/wLbra\.gbf > annotation\/wLbra\/wLbra\.gbk
[14:40:02] Deleting unwanted file: annotation/wLbra/wLbra.gbf
[14:40:02] Output files:
[14:40:02] annotation/wLbra/wLbra.gff
[14:40:02] annotation/wLbra/wLbra.sqn
[14:40:02] annotation/wLbra/wLbra.gbk
[14:40:02] annotation/wLbra/wLbra.err
[14:40:02] annotation/wLbra/wLbra.faa
[14:40:02] annotation/wLbra/wLbra.tsv
[14:40:02] annotation/wLbra/wLbra.ffn
[14:40:02] annotation/wLbra/wLbra.txt
[14:40:02] annotation/wLbra/wLbra.fna
[14:40:02] annotation/wLbra/wLbra.tbl
[14:40:02] annotation/wLbra/wLbra.log
[14:40:02] annotation/wLbra/wLbra.fsa
[14:40:02] Annotation finished successfully.
[14:40:02] Walltime used: 1.97 minutes
[14:40:02] If you use this result please cite the Prokka paper:
[14:40:02] Seemann T (2014) Prokka: rapid prokaryotic genome annotation. Bioinformatics. 30(14):2068-9.
[14:40:02] Type 'prokka --citation' for more details.
[14:40:02] Thank you, come again.
