[14:31:21] This is prokka 1.14.6
[14:31:21] Written by Torsten Seemann <torsten.seemann@gmail.com>
[14:31:21] Homepage is https://github.com/tseemann/prokka
[14:31:21] Local time is Fri Mar  4 14:31:21 2022
[14:31:21] You are gerth
[14:31:21] Operating system is linux
[14:31:21] You have BioPerl 1.007002
[14:31:21] System has 64 cores.
[14:31:21] Will use maximum of 8 cores.
[14:31:21] Annotating as >>> Bacteria <<<
[14:31:21] Re-using existing --outdir annotation/wStri
[14:31:21] Using filename prefix: wStri.XXX
[14:31:21] Setting HMMER_NCPU=1
[14:31:21] Writing log to: annotation/wStri/wStri.log
[14:31:21] Command: /media/red/Wolbachia_phylogeny_new/.snakemake/conda/8cd680523f41e5449a78b29be8f1b505/bin/prokka --outdir annotation/wStri --force --prefix wStri --locustag wStri --cpus 8 --genus Wolbachia --species sp. --strain wStri genome_fastas/wStri.fas
[14:31:21] Appending to PATH: /media/red/Wolbachia_phylogeny_new/.snakemake/conda/8cd680523f41e5449a78b29be8f1b505/bin
[14:31:21] Looking for 'aragorn' - found /media/red/Wolbachia_phylogeny_new/.snakemake/conda/8cd680523f41e5449a78b29be8f1b505/bin/aragorn
[14:31:21] Determined aragorn version is 001002 from 'ARAGORN v1.2.38 Dean Laslett'
[14:31:21] Looking for 'barrnap' - found /media/red/Wolbachia_phylogeny_new/.snakemake/conda/8cd680523f41e5449a78b29be8f1b505/bin/barrnap
[14:31:21] Determined barrnap version is 000009 from 'barrnap 0.9'
[14:31:21] Looking for 'blastp' - found /media/red/Wolbachia_phylogeny_new/.snakemake/conda/8cd680523f41e5449a78b29be8f1b505/bin/blastp
[14:31:22] Determined blastp version is 002012 from 'blastp: 2.12.0+'
[14:31:22] Looking for 'cmpress' - found /media/red/Wolbachia_phylogeny_new/.snakemake/conda/8cd680523f41e5449a78b29be8f1b505/bin/cmpress
[14:31:22] Determined cmpress version is 001001 from '# INFERNAL 1.1.4 (Dec 2020)'
[14:31:22] Looking for 'cmscan' - found /media/red/Wolbachia_phylogeny_new/.snakemake/conda/8cd680523f41e5449a78b29be8f1b505/bin/cmscan
[14:31:22] Determined cmscan version is 001001 from '# INFERNAL 1.1.4 (Dec 2020)'
[14:31:22] Looking for 'egrep' - found /bin/egrep
[14:31:22] Looking for 'find' - found /usr/bin/find
[14:31:22] Looking for 'grep' - found /bin/grep
[14:31:22] Looking for 'hmmpress' - found /media/red/Wolbachia_phylogeny_new/.snakemake/conda/8cd680523f41e5449a78b29be8f1b505/bin/hmmpress
[14:31:22] Determined hmmpress version is 003003 from '# HMMER 3.3.2 (Nov 2020); http://hmmer.org/'
[14:31:22] Looking for 'hmmscan' - found /media/red/Wolbachia_phylogeny_new/.snakemake/conda/8cd680523f41e5449a78b29be8f1b505/bin/hmmscan
[14:31:22] Determined hmmscan version is 003003 from '# HMMER 3.3.2 (Nov 2020); http://hmmer.org/'
[14:31:22] Looking for 'java' - found /media/red/Wolbachia_phylogeny_new/.snakemake/conda/8cd680523f41e5449a78b29be8f1b505/bin/java
[14:31:22] Looking for 'makeblastdb' - found /media/red/Wolbachia_phylogeny_new/.snakemake/conda/8cd680523f41e5449a78b29be8f1b505/bin/makeblastdb
[14:31:23] Determined makeblastdb version is 002012 from 'makeblastdb: 2.12.0+'
[14:31:23] Looking for 'minced' - found /media/red/Wolbachia_phylogeny_new/.snakemake/conda/8cd680523f41e5449a78b29be8f1b505/bin/minced
[14:31:23] Determined minced version is 004002 from 'minced 0.4.2'
[14:31:23] Looking for 'parallel' - found /media/red/Wolbachia_phylogeny_new/.snakemake/conda/8cd680523f41e5449a78b29be8f1b505/bin/parallel
[14:31:23] Determined parallel version is 20211022 from 'GNU parallel 20211022'
[14:31:23] Looking for 'prodigal' - found /media/red/Wolbachia_phylogeny_new/.snakemake/conda/8cd680523f41e5449a78b29be8f1b505/bin/prodigal
[14:31:23] Determined prodigal version is 002006 from 'Prodigal V2.6.3: February, 2016'
[14:31:23] Looking for 'prokka-genbank_to_fasta_db' - found /media/red/Wolbachia_phylogeny_new/.snakemake/conda/8cd680523f41e5449a78b29be8f1b505/bin/prokka-genbank_to_fasta_db
[14:31:23] Looking for 'sed' - found /bin/sed
[14:31:23] Looking for 'tbl2asn' - found /media/red/Wolbachia_phylogeny_new/.snakemake/conda/8cd680523f41e5449a78b29be8f1b505/bin/tbl2asn
[14:31:23] Determined tbl2asn version is 025007 from 'tbl2asn 25.7   arguments:'
[14:31:23] Using genetic code table 11.
[14:31:23] Loading and checking input file: genome_fastas/wStri.fas
[14:31:23] Wrote 2 contigs totalling 1786382 bp.
[14:31:23] Predicting tRNAs and tmRNAs
[14:31:23] Running: aragorn -l -gc11  -w annotation\/wStri\/wStri\.fna
[14:31:24] 1 tRNA-Phe c[311655,311728] 34 (gaa)
[14:31:24] 2 tRNA-Thr [405306,405379] 34 (tgt)
[14:31:24] 3 tRNA-Leu c[446132,446215] 34 (caa)
[14:31:24] 4 tRNA-Asn [482777,482849] 33 (gtt)
[14:31:24] 5 tRNA-Leu c[532021,532103] 35 (tag)
[14:31:24] 6 tRNA-Trp [539109,539182] 34 (cca)
[14:31:24] 7 tRNA-His c[634551,634626] 34 (gtg)
[14:31:24] 8 tRNA-Met [655863,655935] 33 (cat)
[14:31:24] 9 tRNA-Gln c[664068,664140] 33 (ttg)
[14:31:24] 10 tRNA-Met c[673244,673320] 35 (cat)
[14:31:24] 11 tRNA-Gly [674538,674611] 34 (gcc)
[14:31:24] 12 tRNA-Ser [681762,681849] 35 (gga)
[14:31:24] 13 tRNA-Ser c[801611,801703] 36 (gct)
[14:31:24] 14 tRNA-Leu c[848996,849081] 35 (cag)
[14:31:24] 15 tRNA-Met [858489,858565] 35 (cat)
[14:31:24] 16 tRNA-Thr c[876189,876262] 34 (ggt)
[14:31:24] 17 tRNA-Arg c[915152,915227] 36 (ccg)
[14:31:24] 18 tRNA-Val c[925974,926046] 34 (tac)
[14:31:24] 19 tRNA-Pro c[933099,933174] 36 (tgg)
[14:31:24] 20 tRNA-Glu c[934023,934095] 34 (ttc)
[14:31:24] 21 tRNA-Ala c[973575,973650] 34 (tgc)
[14:31:24] 22 tRNA-Lys [973945,974018] 34 (ttt)
[14:31:24] 23 tRNA-Ser [979789,979874] 35 (tga)
[14:31:24] 24 tRNA-Arg c[1013584,1013659] 36 (tct)
[14:31:24] 25 tRNA-Cys [1080879,1080951] 34 (gca)
[14:31:24] 26 tRNA-Val [1113818,1113891] 34 (gac)
[14:31:24] 27 tRNA-Ile [1147840,1147916] 35 (gat)
[14:31:24] 28 tRNA-Tyr [1171163,1171247] 36 (gta)
[14:31:24] 29 tRNA-Gly [1171251,1171322] 33 (tcc)
[14:31:24] 30 tRNA-Asp c[1229280,1229356] 35 (gtc)
[14:31:24] 31 tRNA-Leu [1242691,1242778] 35 (gag)
[14:31:24] 32 tRNA-Leu c[1283996,1284082] 35 (taa)
[14:31:24] 33 tmRNA* [1393972,1394304] 195,242 ANDNFAAEDNVALAA*
[14:31:24] 34 tRNA-Arg [1521481,1521555] 35 (cct)
[14:31:24] 1 tRNA-Arg c[139694,139771] 36 (acg)
[14:31:24] Found 35 tRNAs
[14:31:24] Predicting Ribosomal RNAs
[14:31:24] Running Barrnap with 8 threads
[14:31:24] 1 MUIX01000001.1 1063342 16S ribosomal RNA
[14:31:24] 2 MUIX01000001.1 1155751 23S ribosomal RNA
[14:31:24] 3 MUIX01000001.1 1158587 5S ribosomal RNA
[14:31:24] Found 3 rRNAs
[14:31:24] Skipping ncRNA search, enable with --rfam if desired.
[14:31:24] Total of 37 tRNA + rRNA features
[14:31:24] Searching for CRISPR repeats
[14:31:25] Found 0 CRISPRs
[14:31:25] Predicting coding sequences
[14:31:25] Contigs total 1786382 bp, so using single mode
[14:31:25] Running: prodigal -i annotation\/wStri\/wStri\.fna -c -m -g 11 -p single -f sco -q
[14:31:27] Excluding CDS which overlaps existing RNA (tRNA) at MUIX01000001.1:654571..655863 on + strand
[14:31:27] Excluding CDS which overlaps existing RNA (tRNA) at MUIX01000001.1:664131..664466 on - strand
[14:31:27] Excluding CDS which overlaps existing RNA (rRNA) at MUIX01000001.1:1063778..1063900 on + strand
[14:31:27] Excluding CDS which overlaps existing RNA (rRNA) at MUIX01000001.1:1064488..1064739 on + strand
[14:31:27] Excluding CDS which overlaps existing RNA (rRNA) at MUIX01000001.1:1156581..1156853 on + strand
[14:31:27] Found 1747 CDS
[14:31:27] Connecting features back to sequences
[14:31:27] Not using genus-specific database. Try --usegenus to enable it.
[14:31:27] Annotating CDS, please be patient.
[14:31:27] Will use 8 CPUs for similarity searching.
[14:31:28] There are still 1747 unannotated CDS left (started with 1747)
[14:31:28] Will use blast to search against /media/red/Wolbachia_phylogeny_new/.snakemake/conda/8cd680523f41e5449a78b29be8f1b505/db/kingdom/Bacteria/IS with 8 CPUs
[14:31:28] Running: cat annotation\/wStri\/wStri\.IS\.tmp\.43468\.faa | parallel --gnu --plain -j 8 --block 32346 --recstart '>' --pipe blastp -query - -db /media/red/Wolbachia_phylogeny_new/.snakemake/conda/8cd680523f41e5449a78b29be8f1b505/db/kingdom/Bacteria/IS -evalue 1e-30 -qcov_hsp_perc 90 -num_threads 1 -num_descriptions 1 -num_alignments 1 -seg no > annotation\/wStri\/wStri\.IS\.tmp\.43468\.blast 2> /dev/null
[14:31:38] Deleting unwanted file: annotation/wStri/wStri.IS.tmp.43468.faa
[14:31:38] Deleting unwanted file: annotation/wStri/wStri.IS.tmp.43468.blast
[14:31:38] There are still 1682 unannotated CDS left (started with 1747)
[14:31:38] Will use blast to search against /media/red/Wolbachia_phylogeny_new/.snakemake/conda/8cd680523f41e5449a78b29be8f1b505/db/kingdom/Bacteria/AMR with 8 CPUs
[14:31:38] Running: cat annotation\/wStri\/wStri\.AMR\.tmp\.43468\.faa | parallel --gnu --plain -j 8 --block 31304 --recstart '>' --pipe blastp -query - -db /media/red/Wolbachia_phylogeny_new/.snakemake/conda/8cd680523f41e5449a78b29be8f1b505/db/kingdom/Bacteria/AMR -evalue 9.99999999999999e-301 -qcov_hsp_perc 90 -num_threads 1 -num_descriptions 1 -num_alignments 1 -seg no > annotation\/wStri\/wStri\.AMR\.tmp\.43468\.blast 2> /dev/null
[14:31:44] Deleting unwanted file: annotation/wStri/wStri.AMR.tmp.43468.faa
[14:31:44] Deleting unwanted file: annotation/wStri/wStri.AMR.tmp.43468.blast
[14:31:45] There are still 1682 unannotated CDS left (started with 1747)
[14:31:45] Will use blast to search against /media/red/Wolbachia_phylogeny_new/.snakemake/conda/8cd680523f41e5449a78b29be8f1b505/db/kingdom/Bacteria/sprot with 8 CPUs
[14:31:45] Running: cat annotation\/wStri\/wStri\.sprot\.tmp\.43468\.faa | parallel --gnu --plain -j 8 --block 31304 --recstart '>' --pipe blastp -query - -db /media/red/Wolbachia_phylogeny_new/.snakemake/conda/8cd680523f41e5449a78b29be8f1b505/db/kingdom/Bacteria/sprot -evalue 1e-09 -qcov_hsp_perc 80 -num_threads 1 -num_descriptions 1 -num_alignments 1 -seg no > annotation\/wStri\/wStri\.sprot\.tmp\.43468\.blast 2> /dev/null
[14:32:02] Modify product: UPF0758 protein => hypothetical protein
[14:32:02] Modify product: UPF0758 protein => hypothetical protein
[14:32:02] Modify product: Probable oxidoreductase CT_610 => putative oxidoreductase CT_610
[14:32:02] Modify product: UPF0053 protein HI_0107 => hypothetical protein
[14:32:02] Modify product: UPF0335 protein CCNA_03428 => hypothetical protein
[14:32:02] Modify product: Bifunctional protein FolD => Bifunctional protein FolD protein
[14:32:02] Modify product: UPF0758 protein => hypothetical protein
[14:32:02] Modify product: UPF0758 protein => hypothetical protein
[14:32:02] Modify product: Uncharacterized zinc protease Rv2782c => putative zinc protease
[14:32:02] Modify product: UPF0758 protein => hypothetical protein
[14:32:03] Modify product: UPF0053 inner membrane protein YoaE => hypothetical protein
[14:32:03] Modify product: Uncharacterized zinc protease Rv2782c => putative zinc protease
[14:32:03] Modify product: Uncharacterized zinc protease Rv2782c => putative zinc protease
[14:32:03] Modify product: Cytochrome b561 homolog 2 => Cytochrome b561 
[14:32:03] Modify product: Probable lipid II flippase MurJ => putative lipid II flippase MurJ
[14:32:03] Modify product: Probable murein peptide carboxypeptidase => putative murein peptide carboxypeptidase
[14:32:03] Modify product: UPF0176 protein lpg2838 => hypothetical protein
[14:32:03] Modify product: Uncharacterized oxidoreductase YciK => putative oxidoreductase YciK
[14:32:03] Modify product: Co-chaperone protein HscB homolog => Co-chaperone protein HscB 
[14:32:03] Modify product: Uncharacterized metal-dependent hydrolase YcfH => putative metal-dependent hydrolase YcfH
[14:32:03] Modify product: SCO1 protein homolog => SCO1 protein 
[14:32:03] Modify product: Probable protein kinase UbiB => putative protein kinase UbiB
[14:32:03] Modify product: UPF0758 protein => hypothetical protein
[14:32:03] Modify product: UPF0758 protein => hypothetical protein
[14:32:03] Modify product: Uncharacterized oxidoreductase Rv0945 => putative oxidoreductase
[14:32:04] Modify product: Uncharacterized protein RP812 => putative protein RP812
[14:32:04] Modify product: Probable transcriptional regulatory protein aq_1575 => putative transcriptional regulatory protein
[14:32:04] Modify product: Putative multidrug export ATP-binding/permease protein SAV1866 => Putative multidrug export ATP-binding/permease protein
[14:32:04] Modify product: UPF0758 protein => hypothetical protein
[14:32:04] Modify product: UPF0758 protein => hypothetical protein
[14:32:04] Cleaned 30 /product names
[14:32:04] Deleting unwanted file: annotation/wStri/wStri.sprot.tmp.43468.faa
[14:32:04] Deleting unwanted file: annotation/wStri/wStri.sprot.tmp.43468.blast
[14:32:04] There are still 1129 unannotated CDS left (started with 1747)
[14:32:04] Will use hmmer3 to search against /media/red/Wolbachia_phylogeny_new/.snakemake/conda/8cd680523f41e5449a78b29be8f1b505/db/hmm/HAMAP.hmm with 8 CPUs
[14:32:04] Running: cat annotation\/wStri\/wStri\.HAMAP\.hmm\.tmp\.43468\.faa | parallel --gnu --plain -j 8 --block 19231 --recstart '>' --pipe hmmscan --noali --notextw --acc -E 1e-09 --cpu 1 /media/red/Wolbachia_phylogeny_new/.snakemake/conda/8cd680523f41e5449a78b29be8f1b505/db/hmm/HAMAP.hmm /dev/stdin > annotation\/wStri\/wStri\.HAMAP\.hmm\.tmp\.43468\.hmmer3 2> /dev/null
[14:32:19] Deleting unwanted file: annotation/wStri/wStri.HAMAP.hmm.tmp.43468.faa
[14:32:19] Deleting unwanted file: annotation/wStri/wStri.HAMAP.hmm.tmp.43468.hmmer3
[14:32:19] Labelling remaining 1061 proteins as 'hypothetical protein'
[14:32:19] Possible /pseudo 'IS5 family transposase ISWpi1' at MUIX01000001.1 position 362103
[14:32:19] Possible /pseudo 'IS110 family transposase ISWen2' at MUIX01000001.1 position 370613
[14:32:19] Possible /pseudo 'IS3 family transposase ISCce4' at MUIX01000001.1 position 418145
[14:32:19] Possible /pseudo 'IS5 family transposase ISWpi1' at MUIX01000001.1 position 433717
[14:32:19] Possible /pseudo 'putative zinc protease' at MUIX01000001.1 position 452336
[14:32:19] Possible /pseudo 'ATP synthase subunit b' at MUIX01000001.1 position 599102
[14:32:19] Possible /pseudo 'IS110 family transposase ISWen2' at MUIX01000001.1 position 719332
[14:32:19] Possible /pseudo 'Arginine/agmatine antiporter' at MUIX01000001.1 position 790115
[14:32:19] Possible /pseudo 'Amino-acid carrier protein AlsT' at MUIX01000001.1 position 1118734
[14:32:19] Possible /pseudo 'Aminopyrimidine aminohydrolase' at MUIX01000001.1 position 1149937
[14:32:19] Possible /pseudo 'L-allo-threonine aldolase' at MUIX01000002.1 position 128176
[14:32:19] Found 521 unique /gene codes.
[14:32:19] Fixed 2 duplicate /gene - atpF_1 atpF_2
[14:32:19] Fixed 2 duplicate /gene - virB4_1 virB4_2
[14:32:19] Fixed 2 duplicate /gene - dnaA_1 dnaA_2
[14:32:19] Fixed 2 duplicate /gene - atpH_1 atpH_2
[14:32:19] Fixed 2 duplicate /gene - ltaA_1 ltaA_2
[14:32:19] Fixed 3 duplicate /gene - yhcG_1 yhcG_2 yhcG_3
[14:32:19] Fixed 3 duplicate /gene - rnhA_1 rnhA_2 rnhA_3
[14:32:19] Fixed 2 duplicate /gene - ankX_1 ankX_2
[14:32:19] Fixed 3 duplicate /gene - relG_1 relG_2 relG_3
[14:32:19] Fixed 2 duplicate /gene - tenA_1 tenA_2
[14:32:19] Fixed 4 duplicate /gene - mutL_1 mutL_2 mutL_3 mutL_4
[14:32:19] Fixed 2 duplicate /gene - glmU_1 glmU_2
[14:32:19] Fixed 2 duplicate /gene - rnd_1 rnd_2
[14:32:19] Fixed 3 duplicate /gene - alsT_1 alsT_2 alsT_3
[14:32:19] Fixed 12 duplicate /gene - ltrA_1 ltrA_2 ltrA_3 ltrA_4 ltrA_5 ltrA_6 ltrA_7 ltrA_8 ltrA_9 ltrA_10 ltrA_11 ltrA_12
[14:32:19] Fixed 2 duplicate /gene - murC_1 murC_2
[14:32:19] Fixed 2 duplicate /gene - COQ3_1 COQ3_2
[14:32:19] Fixed 4 duplicate /gene - pld_1 pld_2 pld_3 pld_4
[14:32:19] Fixed 3 duplicate /gene - ribN_1 ribN_2 ribN_3
[14:32:19] Fixed 2 duplicate /gene - surA_1 surA_2
[14:32:19] Fixed 4 duplicate /gene - dnaJ_1 dnaJ_2 dnaJ_3 dnaJ_4
[14:32:19] Fixed 3 duplicate /gene - smc_1 smc_2 smc_3
[14:32:19] Fixed 2 duplicate /gene - adiC_1 adiC_2
[14:32:19] Fixed 2 duplicate /gene - rcsC_1 rcsC_2
[14:32:19] Fixed 2 duplicate /gene - tufA_1 tufA_2
[14:32:19] Fixed 2 duplicate /gene - purL_1 purL_2
[14:32:19] Fixed 2 duplicate /gene - ftsH_1 ftsH_2
[14:32:19] Fixed 2 duplicate /gene - argD_1 argD_2
[14:32:19] Fixed 2 duplicate /gene - xerD_1 xerD_2
[14:32:19] Fixed 2 duplicate /gene - bioA_1 bioA_2
[14:32:19] Fixed 10 duplicate /gene - gpFI_1 gpFI_2 gpFI_3 gpFI_4 gpFI_5 gpFI_6 gpFI_7 gpFI_8 gpFI_9 gpFI_10
[14:32:19] Fixed 3 duplicate /gene - proP_1 proP_2 proP_3
[14:32:19] Fixed 32 colliding /gene names.
[14:32:19] Adding /locus_tag identifiers
[14:32:19] Assigned 1785 locus_tags to CDS and RNA features.
[14:32:19] Writing outputs to annotation/wStri/
[14:32:19] Generating annotation statistics file
[14:32:19] Generating Genbank and Sequin files
[14:32:19] Running: tbl2asn -V b -a r10k -l paired-ends -M n -N 1 -y 'Annotated using prokka 1.14.6 from https://github.com/tseemann/prokka' -Z annotation\/wStri\/wStri\.err -i annotation\/wStri\/wStri\.fsa 2> /dev/null
[14:32:22] Deleting unwanted file: annotation/wStri/errorsummary.val
[14:32:22] Deleting unwanted file: annotation/wStri/wStri.dr
[14:32:22] Deleting unwanted file: annotation/wStri/wStri.fixedproducts
[14:32:22] Deleting unwanted file: annotation/wStri/wStri.ecn
[14:32:22] Deleting unwanted file: annotation/wStri/wStri.val
[14:32:22] Repairing broken .GBK output that tbl2asn produces...
[14:32:22] Running: sed 's/COORDINATES: profile/COORDINATES:profile/' < annotation\/wStri\/wStri\.gbf > annotation\/wStri\/wStri\.gbk
[14:32:23] Deleting unwanted file: annotation/wStri/wStri.gbf
[14:32:23] Output files:
[14:32:23] annotation/wStri/wStri.fna
[14:32:23] annotation/wStri/wStri.log
[14:32:23] annotation/wStri/wStri.gff
[14:32:23] annotation/wStri/wStri.tsv
[14:32:23] annotation/wStri/wStri.err
[14:32:23] annotation/wStri/wStri.ffn
[14:32:23] annotation/wStri/wStri.txt
[14:32:23] annotation/wStri/wStri.fsa
[14:32:23] annotation/wStri/wStri.gbk
[14:32:23] annotation/wStri/wStri.faa
[14:32:23] annotation/wStri/wStri.sqn
[14:32:23] annotation/wStri/wStri.tbl
[14:32:23] Annotation finished successfully.
[14:32:23] Walltime used: 1.03 minutes
[14:32:23] If you use this result please cite the Prokka paper:
[14:32:23] Seemann T (2014) Prokka: rapid prokaryotic genome annotation. Bioinformatics. 30(14):2068-9.
[14:32:23] Type 'prokka --citation' for more details.
[14:32:23] Thank you, come again.
