[14:31:21] This is prokka 1.14.6
[14:31:21] Written by Torsten Seemann <torsten.seemann@gmail.com>
[14:31:21] Homepage is https://github.com/tseemann/prokka
[14:31:21] Local time is Fri Mar  4 14:31:21 2022
[14:31:21] You are gerth
[14:31:21] Operating system is linux
[14:31:21] You have BioPerl 1.007002
[14:31:21] System has 64 cores.
[14:31:21] Will use maximum of 8 cores.
[14:31:21] Annotating as >>> Bacteria <<<
[14:31:21] Re-using existing --outdir annotation/wLug
[14:31:21] Using filename prefix: wLug.XXX
[14:31:21] Setting HMMER_NCPU=1
[14:31:21] Writing log to: annotation/wLug/wLug.log
[14:31:21] Command: /media/red/Wolbachia_phylogeny_new/.snakemake/conda/8cd680523f41e5449a78b29be8f1b505/bin/prokka --outdir annotation/wLug --force --prefix wLug --locustag wLug --cpus 8 --genus Wolbachia --species sp. --strain wLug genome_fastas/wLug.fas
[14:31:21] Appending to PATH: /media/red/Wolbachia_phylogeny_new/.snakemake/conda/8cd680523f41e5449a78b29be8f1b505/bin
[14:31:21] Looking for 'aragorn' - found /media/red/Wolbachia_phylogeny_new/.snakemake/conda/8cd680523f41e5449a78b29be8f1b505/bin/aragorn
[14:31:21] Determined aragorn version is 001002 from 'ARAGORN v1.2.38 Dean Laslett'
[14:31:21] Looking for 'barrnap' - found /media/red/Wolbachia_phylogeny_new/.snakemake/conda/8cd680523f41e5449a78b29be8f1b505/bin/barrnap
[14:31:21] Determined barrnap version is 000009 from 'barrnap 0.9'
[14:31:21] Looking for 'blastp' - found /media/red/Wolbachia_phylogeny_new/.snakemake/conda/8cd680523f41e5449a78b29be8f1b505/bin/blastp
[14:31:22] Determined blastp version is 002012 from 'blastp: 2.12.0+'
[14:31:22] Looking for 'cmpress' - found /media/red/Wolbachia_phylogeny_new/.snakemake/conda/8cd680523f41e5449a78b29be8f1b505/bin/cmpress
[14:31:22] Determined cmpress version is 001001 from '# INFERNAL 1.1.4 (Dec 2020)'
[14:31:22] Looking for 'cmscan' - found /media/red/Wolbachia_phylogeny_new/.snakemake/conda/8cd680523f41e5449a78b29be8f1b505/bin/cmscan
[14:31:22] Determined cmscan version is 001001 from '# INFERNAL 1.1.4 (Dec 2020)'
[14:31:22] Looking for 'egrep' - found /bin/egrep
[14:31:22] Looking for 'find' - found /usr/bin/find
[14:31:22] Looking for 'grep' - found /bin/grep
[14:31:22] Looking for 'hmmpress' - found /media/red/Wolbachia_phylogeny_new/.snakemake/conda/8cd680523f41e5449a78b29be8f1b505/bin/hmmpress
[14:31:22] Determined hmmpress version is 003003 from '# HMMER 3.3.2 (Nov 2020); http://hmmer.org/'
[14:31:22] Looking for 'hmmscan' - found /media/red/Wolbachia_phylogeny_new/.snakemake/conda/8cd680523f41e5449a78b29be8f1b505/bin/hmmscan
[14:31:22] Determined hmmscan version is 003003 from '# HMMER 3.3.2 (Nov 2020); http://hmmer.org/'
[14:31:22] Looking for 'java' - found /media/red/Wolbachia_phylogeny_new/.snakemake/conda/8cd680523f41e5449a78b29be8f1b505/bin/java
[14:31:22] Looking for 'makeblastdb' - found /media/red/Wolbachia_phylogeny_new/.snakemake/conda/8cd680523f41e5449a78b29be8f1b505/bin/makeblastdb
[14:31:23] Determined makeblastdb version is 002012 from 'makeblastdb: 2.12.0+'
[14:31:23] Looking for 'minced' - found /media/red/Wolbachia_phylogeny_new/.snakemake/conda/8cd680523f41e5449a78b29be8f1b505/bin/minced
[14:31:23] Determined minced version is 004002 from 'minced 0.4.2'
[14:31:23] Looking for 'parallel' - found /media/red/Wolbachia_phylogeny_new/.snakemake/conda/8cd680523f41e5449a78b29be8f1b505/bin/parallel
[14:31:24] Determined parallel version is 20211022 from 'GNU parallel 20211022'
[14:31:24] Looking for 'prodigal' - found /media/red/Wolbachia_phylogeny_new/.snakemake/conda/8cd680523f41e5449a78b29be8f1b505/bin/prodigal
[14:31:24] Determined prodigal version is 002006 from 'Prodigal V2.6.3: February, 2016'
[14:31:24] Looking for 'prokka-genbank_to_fasta_db' - found /media/red/Wolbachia_phylogeny_new/.snakemake/conda/8cd680523f41e5449a78b29be8f1b505/bin/prokka-genbank_to_fasta_db
[14:31:24] Looking for 'sed' - found /bin/sed
[14:31:24] Looking for 'tbl2asn' - found /media/red/Wolbachia_phylogeny_new/.snakemake/conda/8cd680523f41e5449a78b29be8f1b505/bin/tbl2asn
[14:31:24] Determined tbl2asn version is 025007 from 'tbl2asn 25.7   arguments:'
[14:31:24] Using genetic code table 11.
[14:31:24] Loading and checking input file: genome_fastas/wLug.fas
[14:31:24] Wrote 2 contigs totalling 1542238 bp.
[14:31:24] Predicting tRNAs and tmRNAs
[14:31:24] Running: aragorn -l -gc11  -w annotation\/wLug\/wLug\.fna
[14:31:24] 1 tRNA-Leu c[14609,14691] 35 (tag)
[14:31:24] 2 tRNA-Trp [23553,23626] 34 (cca)
[14:31:24] 3 tRNA-His c[116266,116341] 34 (gtg)
[14:31:24] 4 tRNA-Met [136177,136249] 33 (cat)
[14:31:24] 5 tRNA-Gln c[140600,140672] 33 (ttg)
[14:31:24] 6 tRNA-Met c[148528,148604] 35 (cat)
[14:31:24] 7 tRNA-Gly [149826,149899] 34 (gcc)
[14:31:24] 8 tRNA-Ser [157511,157598] 35 (gga)
[14:31:24] 9 tRNA-Ser c[285565,285657] 36 (gct)
[14:31:24] 1 tRNA-Leu [115492,115578] 35 (taa)
[14:31:24] 2 tRNA-Leu c[160221,160308] 35 (gag)
[14:31:24] 3 tRNA-Asp [170839,170915] 35 (gtc)
[14:31:24] 4 tRNA-Phe [208532,208605] 34 (gaa)
[14:31:24] 5 tRNA-Gly c[246833,246904] 33 (tcc)
[14:31:24] 6 tRNA-Tyr c[246908,246992] 36 (gta)
[14:31:24] 7 tRNA-Ile c[277262,277338] 35 (gat)
[14:31:24] 8 tRNA-Val c[313096,313169] 34 (gac)
[14:31:24] 9 tRNA-Cys c[344269,344341] 34 (gca)
[14:31:24] 10 tRNA-Arg [407081,407156] 36 (tct)
[14:31:24] 11 tRNA-Ser c[442404,442489] 35 (tga)
[14:31:24] 12 tRNA-Lys c[448455,448528] 34 (ttt)
[14:31:24] 13 tRNA-Ala [448820,448895] 34 (tgc)
[14:31:24] 14 tRNA-Leu c[493615,493700] 35 (cag)
[14:31:24] 15 tRNA-Met [504502,504578] 35 (cat)
[14:31:24] 16 tRNA-Thr c[522110,522183] 34 (ggt)
[14:31:24] 17 tRNA-Arg c[563009,563084] 36 (ccg)
[14:31:24] 18 tRNA-Val c[574723,574795] 34 (tac)
[14:31:24] 19 tRNA-Pro c[581851,581926] 36 (tgg)
[14:31:24] 20 tRNA-Glu c[582775,582847] 34 (ttc)
[14:31:24] 21 tRNA-Asn c[697711,697783] 33 (gtt)
[14:31:24] 22 tRNA-Thr [750167,750240] 34 (tgt)
[14:31:24] 23 tRNA-Leu [759642,759725] 34 (caa)
[14:31:24] 24 tRNA-Arg [915792,915866] 35 (cct)
[14:31:24] 25 tmRNA* c[1046045,1046377] 195,242 ANDNFAAEDNVALAA*
[14:31:24] 26 tRNA-Arg [1066913,1066990] 36 (acg)
[14:31:24] Found 35 tRNAs
[14:31:24] Predicting Ribosomal RNAs
[14:31:24] Running Barrnap with 8 threads
[14:31:25] 1 NZ_MUIY01000001.1 266520 5S ribosomal RNA
[14:31:25] 2 NZ_MUIY01000001.1 266695 23S ribosomal RNA
[14:31:25] 3 NZ_MUIY01000001.1 361090 16S ribosomal RNA
[14:31:25] Found 3 rRNAs
[14:31:25] Skipping ncRNA search, enable with --rfam if desired.
[14:31:25] Total of 37 tRNA + rRNA features
[14:31:25] Searching for CRISPR repeats
[14:31:25] Found 0 CRISPRs
[14:31:25] Predicting coding sequences
[14:31:25] Contigs total 1542238 bp, so using single mode
[14:31:25] Running: prodigal -i annotation\/wLug\/wLug\.fna -c -m -g 11 -p single -f sco -q
[14:31:26] Excluding CDS which overlaps existing RNA (tRNA) at NZ_MUIY01000002.1:116262..116429 on - strand
[14:31:26] Excluding CDS which overlaps existing RNA (tRNA) at NZ_MUIY01000002.1:134885..136177 on + strand
[14:31:26] Excluding CDS which overlaps existing RNA (tRNA) at NZ_MUIY01000002.1:140663..140998 on - strand
[14:31:27] Excluding CDS which overlaps existing RNA (rRNA) at NZ_MUIY01000001.1:268347..268619 on - strand
[14:31:27] Excluding CDS which overlaps existing RNA (rRNA) at NZ_MUIY01000001.1:361192..361443 on - strand
[14:31:27] Found 1516 CDS
[14:31:27] Connecting features back to sequences
[14:31:27] Not using genus-specific database. Try --usegenus to enable it.
[14:31:27] Annotating CDS, please be patient.
[14:31:27] Will use 8 CPUs for similarity searching.
[14:31:28] There are still 1516 unannotated CDS left (started with 1516)
[14:31:28] Will use blast to search against /media/red/Wolbachia_phylogeny_new/.snakemake/conda/8cd680523f41e5449a78b29be8f1b505/db/kingdom/Bacteria/IS with 8 CPUs
[14:31:28] Running: cat annotation\/wLug\/wLug\.IS\.tmp\.43450\.faa | parallel --gnu --plain -j 8 --block 27651 --recstart '>' --pipe blastp -query - -db /media/red/Wolbachia_phylogeny_new/.snakemake/conda/8cd680523f41e5449a78b29be8f1b505/db/kingdom/Bacteria/IS -evalue 1e-30 -qcov_hsp_perc 90 -num_threads 1 -num_descriptions 1 -num_alignments 1 -seg no > annotation\/wLug\/wLug\.IS\.tmp\.43450\.blast 2> /dev/null
[14:31:35] Deleting unwanted file: annotation/wLug/wLug.IS.tmp.43450.faa
[14:31:35] Deleting unwanted file: annotation/wLug/wLug.IS.tmp.43450.blast
[14:31:35] There are still 1454 unannotated CDS left (started with 1516)
[14:31:35] Will use blast to search against /media/red/Wolbachia_phylogeny_new/.snakemake/conda/8cd680523f41e5449a78b29be8f1b505/db/kingdom/Bacteria/AMR with 8 CPUs
[14:31:35] Running: cat annotation\/wLug\/wLug\.AMR\.tmp\.43450\.faa | parallel --gnu --plain -j 8 --block 26859 --recstart '>' --pipe blastp -query - -db /media/red/Wolbachia_phylogeny_new/.snakemake/conda/8cd680523f41e5449a78b29be8f1b505/db/kingdom/Bacteria/AMR -evalue 9.99999999999999e-301 -qcov_hsp_perc 90 -num_threads 1 -num_descriptions 1 -num_alignments 1 -seg no > annotation\/wLug\/wLug\.AMR\.tmp\.43450\.blast 2> /dev/null
[14:31:40] Deleting unwanted file: annotation/wLug/wLug.AMR.tmp.43450.faa
[14:31:40] Deleting unwanted file: annotation/wLug/wLug.AMR.tmp.43450.blast
[14:31:41] There are still 1454 unannotated CDS left (started with 1516)
[14:31:41] Will use blast to search against /media/red/Wolbachia_phylogeny_new/.snakemake/conda/8cd680523f41e5449a78b29be8f1b505/db/kingdom/Bacteria/sprot with 8 CPUs
[14:31:41] Running: cat annotation\/wLug\/wLug\.sprot\.tmp\.43450\.faa | parallel --gnu --plain -j 8 --block 26859 --recstart '>' --pipe blastp -query - -db /media/red/Wolbachia_phylogeny_new/.snakemake/conda/8cd680523f41e5449a78b29be8f1b505/db/kingdom/Bacteria/sprot -evalue 1e-09 -qcov_hsp_perc 80 -num_threads 1 -num_descriptions 1 -num_alignments 1 -seg no > annotation\/wLug\/wLug\.sprot\.tmp\.43450\.blast 2> /dev/null
[14:31:57] Modify product: UPF0758 protein => hypothetical protein
[14:31:57] Modify product: UPF0758 protein => hypothetical protein
[14:31:57] Modify product: UPF0758 protein => hypothetical protein
[14:31:57] Modify product: UPF0758 protein => hypothetical protein
[14:31:57] Modify product: UPF0758 protein => hypothetical protein
[14:31:57] Modify product: Co-chaperone protein HscB homolog => Co-chaperone protein HscB 
[14:31:57] Modify product: SCO1 protein homolog => SCO1 protein 
[14:31:57] Modify product: Cytochrome b561 homolog 2 => Cytochrome b561 
[14:31:57] Modify product: Probable lipid II flippase MurJ => putative lipid II flippase MurJ
[14:31:57] Modify product: Probable murein peptide carboxypeptidase => putative murein peptide carboxypeptidase
[14:31:57] Modify product: Probable oxidoreductase CT_610 => putative oxidoreductase CT_610
[14:31:57] Modify product: UPF0053 protein HI_0107 => hypothetical protein
[14:31:57] Modify product: UPF0335 protein CCNA_03428 => hypothetical protein
[14:31:57] Modify product: Bifunctional protein FolD => Bifunctional protein FolD protein
[14:31:57] Modify product: UPF0176 protein lpg2838 => hypothetical protein
[14:31:57] Modify product: Probable transcriptional regulatory protein aq_1575 => putative transcriptional regulatory protein
[14:31:57] Modify product: Uncharacterized protein RP812 => putative protein RP812
[14:31:57] Modify product: Probable chromosome-partitioning protein ParB => putative chromosome-partitioning protein ParB
[14:31:57] Modify product: UPF0758 protein => hypothetical protein
[14:31:57] Modify product: Uncharacterized oxidoreductase YciK => putative oxidoreductase YciK
[14:31:57] Modify product: Uncharacterized HIT-like protein HP_0404 => putative HIT-like protein
[14:31:57] Modify product: Uncharacterized metal-dependent hydrolase YcfH => putative metal-dependent hydrolase YcfH
[14:31:57] Modify product: Uncharacterized zinc protease Rv2782c => putative zinc protease
[14:31:57] Modify product: Uncharacterized zinc protease Rv2782c => putative zinc protease
[14:31:57] Modify product: Uncharacterized zinc protease Rv2782c => putative zinc protease
[14:31:57] Modify product: UPF0758 protein => hypothetical protein
[14:31:57] Modify product: UPF0053 inner membrane protein YoaE => hypothetical protein
[14:31:58] Modify product: UPF0758 protein => hypothetical protein
[14:31:58] Modify product: UPF0758 protein => hypothetical protein
[14:31:58] Modify product: Putative multidrug export ATP-binding/permease protein SAV1866 => Putative multidrug export ATP-binding/permease protein
[14:31:58] Modify product: Probable protein kinase UbiB => putative protein kinase UbiB
[14:31:58] Cleaned 31 /product names
[14:31:58] Deleting unwanted file: annotation/wLug/wLug.sprot.tmp.43450.faa
[14:31:58] Deleting unwanted file: annotation/wLug/wLug.sprot.tmp.43450.blast
[14:31:58] There are still 921 unannotated CDS left (started with 1516)
[14:31:58] Will use hmmer3 to search against /media/red/Wolbachia_phylogeny_new/.snakemake/conda/8cd680523f41e5449a78b29be8f1b505/db/hmm/HAMAP.hmm with 8 CPUs
[14:31:58] Running: cat annotation\/wLug\/wLug\.HAMAP\.hmm\.tmp\.43450\.faa | parallel --gnu --plain -j 8 --block 15214 --recstart '>' --pipe hmmscan --noali --notextw --acc -E 1e-09 --cpu 1 /media/red/Wolbachia_phylogeny_new/.snakemake/conda/8cd680523f41e5449a78b29be8f1b505/db/hmm/HAMAP.hmm /dev/stdin > annotation\/wLug\/wLug\.HAMAP\.hmm\.tmp\.43450\.hmmer3 2> /dev/null
[14:32:08] Deleting unwanted file: annotation/wLug/wLug.HAMAP.hmm.tmp.43450.faa
[14:32:08] Deleting unwanted file: annotation/wLug/wLug.HAMAP.hmm.tmp.43450.hmmer3
[14:32:08] Labelling remaining 850 proteins as 'hypothetical protein'
[14:32:08] Possible /pseudo 'ATP synthase subunit b' at NZ_MUIY01000002.1 position 81834
[14:32:08] Possible /pseudo 'IS4 family transposase ISWen1' at NZ_MUIY01000002.1 position 177427
[14:32:08] Possible /pseudo 'Arginine/agmatine antiporter' at NZ_MUIY01000002.1 position 274066
[14:32:08] Possible /pseudo 'L-allo-threonine aldolase' at NZ_MUIY01000001.1 position 103630
[14:32:08] Possible /pseudo 'IS4 family transposase ISWen1' at NZ_MUIY01000001.1 position 180630
[14:32:08] Possible /pseudo 'IS4 family transposase ISWen1' at NZ_MUIY01000001.1 position 183524
[14:32:08] Possible /pseudo 'Aminopyrimidine aminohydrolase' at NZ_MUIY01000001.1 position 275289
[14:32:08] Possible /pseudo 'Amino-acid carrier protein AlsT' at NZ_MUIY01000001.1 position 308028
[14:32:08] Possible /pseudo 'IS630 family transposase ISWpi10' at NZ_MUIY01000001.1 position 429341
[14:32:08] Possible /pseudo 'IS4 family transposase ISWen1' at NZ_MUIY01000001.1 position 613258
[14:32:08] Possible /pseudo 'putative zinc protease' at NZ_MUIY01000001.1 position 730122
[14:32:08] Possible /pseudo 'IS4 family transposase ISWen1' at NZ_MUIY01000001.1 position 736070
[14:32:08] Possible /pseudo 'IS4 family transposase ISWen1' at NZ_MUIY01000001.1 position 836107
[14:32:08] Possible /pseudo 'IS4 family transposase ISWen1' at NZ_MUIY01000001.1 position 866526
[14:32:08] Found 520 unique /gene codes.
[14:32:08] Fixed 2 duplicate /gene - ltaA_1 ltaA_2
[14:32:08] Fixed 2 duplicate /gene - dnaA_1 dnaA_2
[14:32:08] Fixed 2 duplicate /gene - xerD_1 xerD_2
[14:32:08] Fixed 2 duplicate /gene - ribN_1 ribN_2
[14:32:08] Fixed 2 duplicate /gene - mutL_1 mutL_2
[14:32:08] Fixed 2 duplicate /gene - nusB_1 nusB_2
[14:32:08] Fixed 2 duplicate /gene - yhcG_1 yhcG_2
[14:32:08] Fixed 3 duplicate /gene - dnaJ_1 dnaJ_2 dnaJ_3
[14:32:08] Fixed 2 duplicate /gene - rpmH_1 rpmH_2
[14:32:08] Fixed 2 duplicate /gene - atpF_1 atpF_2
[14:32:08] Fixed 2 duplicate /gene - rnd_1 rnd_2
[14:32:08] Fixed 2 duplicate /gene - COQ3_1 COQ3_2
[14:32:08] Fixed 4 duplicate /gene - smc_1 smc_2 smc_3 smc_4
[14:32:08] Fixed 2 duplicate /gene - atpD_1 atpD_2
[14:32:08] Fixed 2 duplicate /gene - tenA_1 tenA_2
[14:32:08] Fixed 2 duplicate /gene - virB4_1 virB4_2
[14:32:08] Fixed 2 duplicate /gene - atpH_1 atpH_2
[14:32:08] Fixed 2 duplicate /gene - algA_1 algA_2
[14:32:08] Fixed 10 duplicate /gene - ltrA_1 ltrA_2 ltrA_3 ltrA_4 ltrA_5 ltrA_6 ltrA_7 ltrA_8 ltrA_9 ltrA_10
[14:32:08] Fixed 2 duplicate /gene - argD_1 argD_2
[14:32:08] Fixed 3 duplicate /gene - alsT_1 alsT_2 alsT_3
[14:32:08] Fixed 3 duplicate /gene - proP_1 proP_2 proP_3
[14:32:08] Fixed 5 duplicate /gene - ftsH_1 ftsH_2 ftsH_3 ftsH_4 ftsH_5
[14:32:08] Fixed 2 duplicate /gene - purL_1 purL_2
[14:32:08] Fixed 2 duplicate /gene - pld_1 pld_2
[14:32:08] Fixed 2 duplicate /gene - carB_1 carB_2
[14:32:08] Fixed 2 duplicate /gene - adiC_1 adiC_2
[14:32:08] Fixed 2 duplicate /gene - atpC_1 atpC_2
[14:32:08] Fixed 2 duplicate /gene - murC_1 murC_2
[14:32:08] Fixed 2 duplicate /gene - rcsC_1 rcsC_2
[14:32:08] Fixed 2 duplicate /gene - glmU_1 glmU_2
[14:32:08] Fixed 2 duplicate /gene - tufA_1 tufA_2
[14:32:08] Fixed 2 duplicate /gene - tnpA_1 tnpA_2
[14:32:08] Fixed 2 duplicate /gene - surA_1 surA_2
[14:32:08] Fixed 34 colliding /gene names.
[14:32:08] Adding /locus_tag identifiers
[14:32:08] Assigned 1554 locus_tags to CDS and RNA features.
[14:32:08] Writing outputs to annotation/wLug/
[14:32:09] Generating annotation statistics file
[14:32:09] Generating Genbank and Sequin files
[14:32:09] Running: tbl2asn -V b -a r10k -l paired-ends -M n -N 1 -y 'Annotated using prokka 1.14.6 from https://github.com/tseemann/prokka' -Z annotation\/wLug\/wLug\.err -i annotation\/wLug\/wLug\.fsa 2> /dev/null
[14:32:14] Deleting unwanted file: annotation/wLug/errorsummary.val
[14:32:14] Deleting unwanted file: annotation/wLug/wLug.dr
[14:32:14] Deleting unwanted file: annotation/wLug/wLug.fixedproducts
[14:32:14] Deleting unwanted file: annotation/wLug/wLug.ecn
[14:32:14] Deleting unwanted file: annotation/wLug/wLug.val
[14:32:14] Repairing broken .GBK output that tbl2asn produces...
[14:32:14] Running: sed 's/COORDINATES: profile/COORDINATES:profile/' < annotation\/wLug\/wLug\.gbf > annotation\/wLug\/wLug\.gbk
[14:32:14] Deleting unwanted file: annotation/wLug/wLug.gbf
[14:32:14] Output files:
[14:32:14] annotation/wLug/wLug.log
[14:32:14] annotation/wLug/wLug.fsa
[14:32:14] annotation/wLug/wLug.err
[14:32:14] annotation/wLug/wLug.tbl
[14:32:14] annotation/wLug/wLug.txt
[14:32:14] annotation/wLug/wLug.gbk
[14:32:14] annotation/wLug/wLug.faa
[14:32:14] annotation/wLug/wLug.gff
[14:32:14] annotation/wLug/wLug.ffn
[14:32:14] annotation/wLug/wLug.sqn
[14:32:14] annotation/wLug/wLug.tsv
[14:32:14] annotation/wLug/wLug.fna
[14:32:14] Annotation finished successfully.
[14:32:14] Walltime used: 0.88 minutes
[14:32:14] If you use this result please cite the Prokka paper:
[14:32:14] Seemann T (2014) Prokka: rapid prokaryotic genome annotation. Bioinformatics. 30(14):2068-9.
[14:32:14] Type 'prokka --citation' for more details.
[14:32:14] Share and enjoy!
