[14:31:21] This is prokka 1.14.6
[14:31:21] Written by Torsten Seemann <torsten.seemann@gmail.com>
[14:31:21] Homepage is https://github.com/tseemann/prokka
[14:31:21] Local time is Fri Mar  4 14:31:21 2022
[14:31:21] You are gerth
[14:31:21] Operating system is linux
[14:31:21] You have BioPerl 1.007002
[14:31:21] System has 64 cores.
[14:31:21] Will use maximum of 8 cores.
[14:31:21] Annotating as >>> Bacteria <<<
[14:31:21] Re-using existing --outdir annotation/wCfeT
[14:31:21] Using filename prefix: wCfeT.XXX
[14:31:21] Setting HMMER_NCPU=1
[14:31:21] Writing log to: annotation/wCfeT/wCfeT.log
[14:31:21] Command: /media/red/Wolbachia_phylogeny_new/.snakemake/conda/8cd680523f41e5449a78b29be8f1b505/bin/prokka --outdir annotation/wCfeT --force --prefix wCfeT --locustag wCfeT --cpus 8 --genus Wolbachia --species sp. --strain wCfeT genome_fastas/wCfeT.fas
[14:31:21] Appending to PATH: /media/red/Wolbachia_phylogeny_new/.snakemake/conda/8cd680523f41e5449a78b29be8f1b505/bin
[14:31:21] Looking for 'aragorn' - found /media/red/Wolbachia_phylogeny_new/.snakemake/conda/8cd680523f41e5449a78b29be8f1b505/bin/aragorn
[14:31:21] Determined aragorn version is 001002 from 'ARAGORN v1.2.38 Dean Laslett'
[14:31:21] Looking for 'barrnap' - found /media/red/Wolbachia_phylogeny_new/.snakemake/conda/8cd680523f41e5449a78b29be8f1b505/bin/barrnap
[14:31:21] Determined barrnap version is 000009 from 'barrnap 0.9'
[14:31:21] Looking for 'blastp' - found /media/red/Wolbachia_phylogeny_new/.snakemake/conda/8cd680523f41e5449a78b29be8f1b505/bin/blastp
[14:31:22] Determined blastp version is 002012 from 'blastp: 2.12.0+'
[14:31:22] Looking for 'cmpress' - found /media/red/Wolbachia_phylogeny_new/.snakemake/conda/8cd680523f41e5449a78b29be8f1b505/bin/cmpress
[14:31:22] Determined cmpress version is 001001 from '# INFERNAL 1.1.4 (Dec 2020)'
[14:31:22] Looking for 'cmscan' - found /media/red/Wolbachia_phylogeny_new/.snakemake/conda/8cd680523f41e5449a78b29be8f1b505/bin/cmscan
[14:31:22] Determined cmscan version is 001001 from '# INFERNAL 1.1.4 (Dec 2020)'
[14:31:22] Looking for 'egrep' - found /bin/egrep
[14:31:22] Looking for 'find' - found /usr/bin/find
[14:31:22] Looking for 'grep' - found /bin/grep
[14:31:22] Looking for 'hmmpress' - found /media/red/Wolbachia_phylogeny_new/.snakemake/conda/8cd680523f41e5449a78b29be8f1b505/bin/hmmpress
[14:31:22] Determined hmmpress version is 003003 from '# HMMER 3.3.2 (Nov 2020); http://hmmer.org/'
[14:31:22] Looking for 'hmmscan' - found /media/red/Wolbachia_phylogeny_new/.snakemake/conda/8cd680523f41e5449a78b29be8f1b505/bin/hmmscan
[14:31:22] Determined hmmscan version is 003003 from '# HMMER 3.3.2 (Nov 2020); http://hmmer.org/'
[14:31:22] Looking for 'java' - found /media/red/Wolbachia_phylogeny_new/.snakemake/conda/8cd680523f41e5449a78b29be8f1b505/bin/java
[14:31:22] Looking for 'makeblastdb' - found /media/red/Wolbachia_phylogeny_new/.snakemake/conda/8cd680523f41e5449a78b29be8f1b505/bin/makeblastdb
[14:31:23] Determined makeblastdb version is 002012 from 'makeblastdb: 2.12.0+'
[14:31:23] Looking for 'minced' - found /media/red/Wolbachia_phylogeny_new/.snakemake/conda/8cd680523f41e5449a78b29be8f1b505/bin/minced
[14:31:23] Determined minced version is 004002 from 'minced 0.4.2'
[14:31:23] Looking for 'parallel' - found /media/red/Wolbachia_phylogeny_new/.snakemake/conda/8cd680523f41e5449a78b29be8f1b505/bin/parallel
[14:31:23] Determined parallel version is 20211022 from 'GNU parallel 20211022'
[14:31:23] Looking for 'prodigal' - found /media/red/Wolbachia_phylogeny_new/.snakemake/conda/8cd680523f41e5449a78b29be8f1b505/bin/prodigal
[14:31:23] Determined prodigal version is 002006 from 'Prodigal V2.6.3: February, 2016'
[14:31:23] Looking for 'prokka-genbank_to_fasta_db' - found /media/red/Wolbachia_phylogeny_new/.snakemake/conda/8cd680523f41e5449a78b29be8f1b505/bin/prokka-genbank_to_fasta_db
[14:31:23] Looking for 'sed' - found /bin/sed
[14:31:23] Looking for 'tbl2asn' - found /media/red/Wolbachia_phylogeny_new/.snakemake/conda/8cd680523f41e5449a78b29be8f1b505/bin/tbl2asn
[14:31:23] Determined tbl2asn version is 025007 from 'tbl2asn 25.7   arguments:'
[14:31:23] Using genetic code table 11.
[14:31:23] Loading and checking input file: genome_fastas/wCfeT.fas
[14:31:23] Wrote 1 contigs totalling 1495538 bp.
[14:31:23] Predicting tRNAs and tmRNAs
[14:31:23] Running: aragorn -l -gc11  -w annotation\/wCfeT\/wCfeT\.fna
[14:31:23] 1 tRNA-Val c[671,744] 34 (gac)
[14:31:23] 2 tRNA-Leu c[27367,27453] 35 (gag)
[14:31:23] 3 tRNA-Ile [37965,38041] 35 (gat)
[14:31:23] 4 tRNA-Tyr [127874,127958] 36 (gta)
[14:31:23] 5 tRNA-Gly [127962,128033] 33 (tcc)
[14:31:23] 6 tRNA-Arg [153981,154058] 36 (acg)
[14:31:23] 7 tRNA-Thr c[208888,208961] 34 (ggt)
[14:31:23] 8 tRNA-Ser c[305479,305569] 35 (tga)
[14:31:23] 9 tRNA-Asn [333982,334054] 33 (gtt)
[14:31:23] 10 tRNA-Asp c[401448,401524] 35 (gtc)
[14:31:23] 11 tRNA-Arg [507613,507687] 35 (ccg)
[14:31:23] 12 tRNA-Phe c[597654,597728] 34 (gaa)
[14:31:23] 13 tRNA-Leu c[623922,624004] 35 (tag)
[14:31:23] 14 tRNA-Glu c[642042,642114] 34 (ttc)
[14:31:23] 15 tRNA-Cys c[668135,668207] 34 (gca)
[14:31:23] 16 tRNA-Pro c[710111,710187] 35 (tgg)
[14:31:23] 17 tRNA-Gly [715246,715321] 34 (gcc)
[14:31:23] 18 tRNA-Trp c[729971,730044] 34 (cca)
[14:31:23] 19 tRNA-Ser [752967,753057] 35 (gga)
[14:31:23] 20 tRNA-Arg [828276,828352] 35 (cct)
[14:31:23] 21 tRNA-Leu c[838056,838141] 35 (cag)
[14:31:23] 22 tRNA-Ser [851355,851448] 35 (gct)
[14:31:23] 23 tRNA-Ala [934232,934307] 34 (tgc)
[14:31:23] 24 tRNA-Met [981104,981180] 35 (cat)
[14:31:23] 25 tRNA-Met c[989625,989701] 35 (cat)
[14:31:23] 26 tRNA-Gln [1011434,1011508] 33 (ttg)
[14:31:23] 27 tRNA-Arg c[1061494,1061568] 35 (tct)
[14:31:23] 28 tRNA-Thr c[1137048,1137121] 34 (tgt)
[14:31:23] 29 tRNA-His [1150340,1150415] 34 (gtg)
[14:31:23] 30 tRNA-Lys [1258956,1259029] 34 (ttt)
[14:31:23] 31 tmRNA* c[1302972,1303312] 203,250 ANDNFAAEDNVAFAA*
[14:31:23] 32 tRNA-Leu [1308413,1308499] 35 (taa)
[14:31:23] 33 tRNA-Leu c[1342647,1342730] 34 (caa)
[14:31:23] 34 tRNA-Val [1385636,1385711] 34 (tac)
[14:31:23] 35 tRNA-Met c[1481242,1481317] 34 (cat)
[14:31:23] Found 35 tRNAs
[14:31:23] Predicting Ribosomal RNAs
[14:31:23] Running Barrnap with 8 threads
[14:31:24] 1 NZ_CP051156.1 1031548 16S ribosomal RNA
[14:31:24] 2 NZ_CP051156.1 1045868 5S ribosomal RNA
[14:31:24] 3 NZ_CP051156.1 1046033 23S ribosomal RNA
[14:31:24] Found 3 rRNAs
[14:31:24] Skipping ncRNA search, enable with --rfam if desired.
[14:31:24] Total of 37 tRNA + rRNA features
[14:31:24] Searching for CRISPR repeats
[14:31:24] Found 0 CRISPRs
[14:31:24] Predicting coding sequences
[14:31:24] Contigs total 1495538 bp, so using single mode
[14:31:24] Running: prodigal -i annotation\/wCfeT\/wCfeT\.fna -c -m -g 11 -p single -f sco -q
[14:31:26] Excluding CDS which overlaps existing RNA (tRNA) at NZ_CP051156.1:37712..37987 on + strand
[14:31:27] Excluding CDS which overlaps existing RNA (tRNA) at NZ_CP051156.1:1011090..1011443 on + strand
[14:31:27] Excluding CDS which overlaps existing RNA (rRNA) at NZ_CP051156.1:1047686..1047958 on - strand
[14:31:27] Excluding CDS which overlaps existing RNA (tRNA) at NZ_CP051156.1:1150296..1150478 on - strand
[14:31:27] Excluding CDS which overlaps existing RNA (tRNA) at NZ_CP051156.1:1308490..1308720 on + strand
[14:31:27] Excluding CDS which overlaps existing RNA (tRNA) at NZ_CP051156.1:1481317..1482609 on - strand
[14:31:27] Found 1519 CDS
[14:31:27] Connecting features back to sequences
[14:31:27] Not using genus-specific database. Try --usegenus to enable it.
[14:31:27] Annotating CDS, please be patient.
[14:31:27] Will use 8 CPUs for similarity searching.
[14:31:27] There are still 1519 unannotated CDS left (started with 1519)
[14:31:27] Will use blast to search against /media/red/Wolbachia_phylogeny_new/.snakemake/conda/8cd680523f41e5449a78b29be8f1b505/db/kingdom/Bacteria/IS with 8 CPUs
[14:31:27] Running: cat annotation\/wCfeT\/wCfeT\.IS\.tmp\.43477\.faa | parallel --gnu --plain -j 8 --block 28278 --recstart '>' --pipe blastp -query - -db /media/red/Wolbachia_phylogeny_new/.snakemake/conda/8cd680523f41e5449a78b29be8f1b505/db/kingdom/Bacteria/IS -evalue 1e-30 -qcov_hsp_perc 90 -num_threads 1 -num_descriptions 1 -num_alignments 1 -seg no > annotation\/wCfeT\/wCfeT\.IS\.tmp\.43477\.blast 2> /dev/null
[14:31:37] Deleting unwanted file: annotation/wCfeT/wCfeT.IS.tmp.43477.faa
[14:31:37] Deleting unwanted file: annotation/wCfeT/wCfeT.IS.tmp.43477.blast
[14:31:37] There are still 1289 unannotated CDS left (started with 1519)
[14:31:37] Will use blast to search against /media/red/Wolbachia_phylogeny_new/.snakemake/conda/8cd680523f41e5449a78b29be8f1b505/db/kingdom/Bacteria/AMR with 8 CPUs
[14:31:37] Running: cat annotation\/wCfeT\/wCfeT\.AMR\.tmp\.43477\.faa | parallel --gnu --plain -j 8 --block 23651 --recstart '>' --pipe blastp -query - -db /media/red/Wolbachia_phylogeny_new/.snakemake/conda/8cd680523f41e5449a78b29be8f1b505/db/kingdom/Bacteria/AMR -evalue 9.99999999999999e-301 -qcov_hsp_perc 90 -num_threads 1 -num_descriptions 1 -num_alignments 1 -seg no > annotation\/wCfeT\/wCfeT\.AMR\.tmp\.43477\.blast 2> /dev/null
[14:31:42] Deleting unwanted file: annotation/wCfeT/wCfeT.AMR.tmp.43477.faa
[14:31:42] Deleting unwanted file: annotation/wCfeT/wCfeT.AMR.tmp.43477.blast
[14:31:43] There are still 1289 unannotated CDS left (started with 1519)
[14:31:43] Will use blast to search against /media/red/Wolbachia_phylogeny_new/.snakemake/conda/8cd680523f41e5449a78b29be8f1b505/db/kingdom/Bacteria/sprot with 8 CPUs
[14:31:43] Running: cat annotation\/wCfeT\/wCfeT\.sprot\.tmp\.43477\.faa | parallel --gnu --plain -j 8 --block 23651 --recstart '>' --pipe blastp -query - -db /media/red/Wolbachia_phylogeny_new/.snakemake/conda/8cd680523f41e5449a78b29be8f1b505/db/kingdom/Bacteria/sprot -evalue 1e-09 -qcov_hsp_perc 80 -num_threads 1 -num_descriptions 1 -num_alignments 1 -seg no > annotation\/wCfeT\/wCfeT\.sprot\.tmp\.43477\.blast 2> /dev/null
[14:31:58] Modify product: Probable peptidoglycan glycosyltransferase FtsW => putative peptidoglycan glycosyltransferase FtsW
[14:31:58] Modify product: Uncharacterized metal-dependent hydrolase YcfH => putative metal-dependent hydrolase YcfH
[14:31:58] Modify product: Probable chromosome-partitioning protein ParB => putative chromosome-partitioning protein ParB
[14:31:58] Modify product: Putative multidrug export ATP-binding/permease protein SAV1866 => Putative multidrug export ATP-binding/permease protein
[14:31:58] Modify product: Uncharacterized ABC transporter ATP-binding protein TM_0288 => putative ABC transporter ATP-binding protein
[14:31:58] Modify product: Uncharacterized HIT-like protein HP_0404 => putative HIT-like protein
[14:31:58] Modify product: Probable peptidoglycan D,D-transpeptidase FtsI => putative peptidoglycan D,D-transpeptidase FtsI
[14:31:58] Modify product: Uncharacterized zinc protease Rv2782c => putative zinc protease
[14:31:58] Modify product: Cytochrome b561 homolog 2 => Cytochrome b561 
[14:31:58] Modify product: Uncharacterized zinc protease Rv2782c => putative zinc protease
[14:31:58] Modify product: Probable lipid II flippase MurJ => putative lipid II flippase MurJ
[14:31:58] Modify product: Bifunctional protein FolD => Bifunctional protein FolD protein
[14:31:58] Modify product: UPF0053 protein HI_0107 => hypothetical protein
[14:31:58] Modify product: Putative transport protein Rv0205 => Putative transport protein
[14:31:58] Modify product: Co-chaperone protein HscB homolog => Co-chaperone protein HscB 
[14:31:58] Modify product: Putative multidrug export ATP-binding/permease protein SAV1866 => Putative multidrug export ATP-binding/permease protein
[14:31:58] Modify product: Probable adenylyltransferase/sulfurtransferase MoeZ => putative adenylyltransferase/sulfurtransferase MoeZ
[14:31:59] Modify product: UPF0176 protein lpg2838 => hypothetical protein
[14:31:59] Modify product: UPF0758 protein => hypothetical protein
[14:31:59] Modify product: Probable ribonucleotide transport ATP-binding protein mkl => putative ribonucleotide transport ATP-binding protein mkl
[14:31:59] Modify product: Uncharacterized oxidoreductase YciK => putative oxidoreductase YciK
[14:31:59] Modify product: UPF0053 inner membrane protein YoaE => hypothetical protein
[14:31:59] Modify product: UPF0758 protein => hypothetical protein
[14:31:59] Modify product: Probable transcriptional regulatory protein aq_1575 => putative transcriptional regulatory protein
[14:31:59] Cleaned 24 /product names
[14:31:59] Deleting unwanted file: annotation/wCfeT/wCfeT.sprot.tmp.43477.faa
[14:31:59] Deleting unwanted file: annotation/wCfeT/wCfeT.sprot.tmp.43477.blast
[14:31:59] There are still 772 unannotated CDS left (started with 1519)
[14:31:59] Will use hmmer3 to search against /media/red/Wolbachia_phylogeny_new/.snakemake/conda/8cd680523f41e5449a78b29be8f1b505/db/hmm/HAMAP.hmm with 8 CPUs
[14:31:59] Running: cat annotation\/wCfeT\/wCfeT\.HAMAP\.hmm\.tmp\.43477\.faa | parallel --gnu --plain -j 8 --block 12255 --recstart '>' --pipe hmmscan --noali --notextw --acc -E 1e-09 --cpu 1 /media/red/Wolbachia_phylogeny_new/.snakemake/conda/8cd680523f41e5449a78b29be8f1b505/db/hmm/HAMAP.hmm /dev/stdin > annotation\/wCfeT\/wCfeT\.HAMAP\.hmm\.tmp\.43477\.hmmer3 2> /dev/null
[14:32:08] Deleting unwanted file: annotation/wCfeT/wCfeT.HAMAP.hmm.tmp.43477.faa
[14:32:08] Deleting unwanted file: annotation/wCfeT/wCfeT.HAMAP.hmm.tmp.43477.hmmer3
[14:32:08] Labelling remaining 707 proteins as 'hypothetical protein'
[14:32:08] Possible /pseudo 'IS66 family transposase ISWen3' at NZ_CP051156.1 position 10345
[14:32:08] Possible /pseudo 'IS66 family transposase ISWen3' at NZ_CP051156.1 position 41140
[14:32:08] Possible /pseudo 'IS66 family transposase ISWen3' at NZ_CP051156.1 position 76240
[14:32:08] Possible /pseudo 'IS66 family transposase ISWen3' at NZ_CP051156.1 position 91296
[14:32:08] Possible /pseudo 'IS110 family transposase ISWpi13' at NZ_CP051156.1 position 213056
[14:32:08] Possible /pseudo 'IS66 family transposase ISWen3' at NZ_CP051156.1 position 288231
[14:32:08] Possible /pseudo 'Amino-acid carrier protein AlsT' at NZ_CP051156.1 position 354471
[14:32:08] Possible /pseudo 'IS66 family transposase ISWen3' at NZ_CP051156.1 position 400952
[14:32:08] Possible /pseudo 'IS66 family transposase ISWen3' at NZ_CP051156.1 position 480541
[14:32:08] Possible /pseudo 'IS66 family transposase ISWen3' at NZ_CP051156.1 position 505500
[14:32:08] Possible /pseudo 'Swarming motility protein SwrC' at NZ_CP051156.1 position 531825
[14:32:08] Possible /pseudo 'IS66 family transposase ISWen3' at NZ_CP051156.1 position 539160
[14:32:08] Possible /pseudo 'IS66 family transposase ISWen3' at NZ_CP051156.1 position 573038
[14:32:08] Possible /pseudo 'IS66 family transposase ISWen3' at NZ_CP051156.1 position 595564
[14:32:08] Possible /pseudo 'IS66 family transposase ISWen3' at NZ_CP051156.1 position 599568
[14:32:08] Possible /pseudo 'IS66 family transposase ISWen3' at NZ_CP051156.1 position 630251
[14:32:08] Possible /pseudo 'IS66 family transposase ISWen3' at NZ_CP051156.1 position 638052
[14:32:08] Possible /pseudo 'IS66 family transposase ISWen3' at NZ_CP051156.1 position 647873
[14:32:08] Possible /pseudo 'IS66 family transposase ISWen3' at NZ_CP051156.1 position 744165
[14:32:08] Possible /pseudo 'IS66 family transposase ISWen3' at NZ_CP051156.1 position 762593
[14:32:08] Possible /pseudo 'IS66 family transposase ISWen3' at NZ_CP051156.1 position 795485
[14:32:08] Possible /pseudo 'IS66 family transposase ISWen3' at NZ_CP051156.1 position 813885
[14:32:08] Possible /pseudo 'IS66 family transposase ISWen3' at NZ_CP051156.1 position 814126
[14:32:08] Possible /pseudo 'IS66 family transposase ISWen3' at NZ_CP051156.1 position 842284
[14:32:08] Possible /pseudo 'IS66 family transposase ISWen3' at NZ_CP051156.1 position 843402
[14:32:08] Possible /pseudo 'IS66 family transposase ISWen3' at NZ_CP051156.1 position 861473
[14:32:08] Possible /pseudo 'IS66 family transposase ISWen3' at NZ_CP051156.1 position 878091
[14:32:08] Possible /pseudo 'IS66 family transposase ISWen3' at NZ_CP051156.1 position 899319
[14:32:08] Possible /pseudo 'IS66 family transposase ISWen3' at NZ_CP051156.1 position 899644
[14:32:08] Possible /pseudo 'Guanidinium exporter' at NZ_CP051156.1 position 904184
[14:32:08] Possible /pseudo 'S-adenosylmethionine synthase' at NZ_CP051156.1 position 928821
[14:32:08] Possible /pseudo 'Aminopyrimidine aminohydrolase' at NZ_CP051156.1 position 931537
[14:32:08] Possible /pseudo 'IS66 family transposase ISWen3' at NZ_CP051156.1 position 945078
[14:32:08] Possible /pseudo 'IS66 family transposase ISWen3' at NZ_CP051156.1 position 1000539
[14:32:08] Possible /pseudo 'IS66 family transposase ISWen3' at NZ_CP051156.1 position 1062824
[14:32:08] Possible /pseudo 'IS66 family transposase ISWen3' at NZ_CP051156.1 position 1087812
[14:32:08] Possible /pseudo 'IS66 family transposase ISWen3' at NZ_CP051156.1 position 1161329
[14:32:08] Possible /pseudo 'IS66 family transposase ISWen3' at NZ_CP051156.1 position 1180866
[14:32:08] Possible /pseudo 'IS66 family transposase ISWen3' at NZ_CP051156.1 position 1201427
[14:32:08] Possible /pseudo '5-methyltetrahydropteroyltriglutamate--homocysteine methyltransferase' at NZ_CP051156.1 position 1231509
[14:32:08] Possible /pseudo '5-methyltetrahydropteroyltriglutamate--homocysteine methyltransferase' at NZ_CP051156.1 position 1232220
[14:32:08] Possible /pseudo '5-methyltetrahydropteroyltriglutamate--homocysteine methyltransferase' at NZ_CP051156.1 position 1232852
[14:32:08] Possible /pseudo 'IS66 family transposase ISWen3' at NZ_CP051156.1 position 1296989
[14:32:08] Possible /pseudo 'IS66 family transposase ISWen3' at NZ_CP051156.1 position 1304855
[14:32:08] Possible /pseudo 'IS66 family transposase ISWen3' at NZ_CP051156.1 position 1309736
[14:32:08] Possible /pseudo 'IS66 family transposase ISWen3' at NZ_CP051156.1 position 1316323
[14:32:08] Possible /pseudo 'IS66 family transposase ISWen3' at NZ_CP051156.1 position 1326364
[14:32:08] Possible /pseudo 'IS66 family transposase ISWen3' at NZ_CP051156.1 position 1341335
[14:32:08] Possible /pseudo 'IS66 family transposase ISWen3' at NZ_CP051156.1 position 1358788
[14:32:08] Possible /pseudo 'IS66 family transposase ISWen3' at NZ_CP051156.1 position 1383655
[14:32:08] Possible /pseudo 'IS110 family transposase ISWpi13' at NZ_CP051156.1 position 1443346
[14:32:08] Possible /pseudo 'IS66 family transposase ISWen3' at NZ_CP051156.1 position 1455639
[14:32:08] Possible /pseudo 'IS66 family transposase ISWen3' at NZ_CP051156.1 position 1494708
[14:32:08] Found 521 unique /gene codes.
[14:32:08] Fixed 2 duplicate /gene - ruvB_1 ruvB_2
[14:32:08] Fixed 2 duplicate /gene - dnaA_1 dnaA_2
[14:32:08] Fixed 3 duplicate /gene - atpH_1 atpH_2 atpH_3
[14:32:08] Fixed 2 duplicate /gene - surA_1 surA_2
[14:32:08] Fixed 2 duplicate /gene - gdx_1 gdx_2
[14:32:08] Fixed 3 duplicate /gene - alsT_1 alsT_2 alsT_3
[14:32:08] Fixed 5 duplicate /gene - metE_1 metE_2 metE_3 metE_4 metE_5
[14:32:08] Fixed 2 duplicate /gene - metK_1 metK_2
[14:32:08] Fixed 2 duplicate /gene - atpF_1 atpF_2
[14:32:08] Fixed 2 duplicate /gene - smc_1 smc_2
[14:32:08] Fixed 2 duplicate /gene - purL_1 purL_2
[14:32:08] Fixed 2 duplicate /gene - iscA_1 iscA_2
[14:32:08] Fixed 3 duplicate /gene - ligA_1 ligA_2 ligA_3
[14:32:08] Fixed 2 duplicate /gene - virB4_1 virB4_2
[14:32:08] Fixed 2 duplicate /gene - COQ3_1 COQ3_2
[14:32:08] Fixed 2 duplicate /gene - iscS_1 iscS_2
[14:32:08] Fixed 3 duplicate /gene - proP_1 proP_2 proP_3
[14:32:08] Fixed 2 duplicate /gene - thiE_1 thiE_2
[14:32:08] Fixed 2 duplicate /gene - rnd_1 rnd_2
[14:32:08] Fixed 2 duplicate /gene - atpB_1 atpB_2
[14:32:08] Fixed 2 duplicate /gene - ftsH_1 ftsH_2
[14:32:08] Fixed 2 duplicate /gene - mutL_1 mutL_2
[14:32:08] Fixed 2 duplicate /gene - tufA_1 tufA_2
[14:32:08] Fixed 2 duplicate /gene - xerD_1 xerD_2
[14:32:08] Fixed 3 duplicate /gene - tenA_1 tenA_2 tenA_3
[14:32:08] Fixed 2 duplicate /gene - iscU_1 iscU_2
[14:32:08] Fixed 2 duplicate /gene - rcsC_1 rcsC_2
[14:32:08] Fixed 2 duplicate /gene - swrC_1 swrC_2
[14:32:08] Fixed 28 colliding /gene names.
[14:32:08] Adding /locus_tag identifiers
[14:32:08] Assigned 1557 locus_tags to CDS and RNA features.
[14:32:08] Writing outputs to annotation/wCfeT/
[14:32:10] Generating annotation statistics file
[14:32:10] Generating Genbank and Sequin files
[14:32:10] Running: tbl2asn -V b -a r10k -l paired-ends -M n -N 1 -y 'Annotated using prokka 1.14.6 from https://github.com/tseemann/prokka' -Z annotation\/wCfeT\/wCfeT\.err -i annotation\/wCfeT\/wCfeT\.fsa 2> /dev/null
[14:32:14] Deleting unwanted file: annotation/wCfeT/errorsummary.val
[14:32:14] Deleting unwanted file: annotation/wCfeT/wCfeT.dr
[14:32:14] Deleting unwanted file: annotation/wCfeT/wCfeT.fixedproducts
[14:32:14] Deleting unwanted file: annotation/wCfeT/wCfeT.ecn
[14:32:14] Deleting unwanted file: annotation/wCfeT/wCfeT.val
[14:32:14] Repairing broken .GBK output that tbl2asn produces...
[14:32:14] Running: sed 's/COORDINATES: profile/COORDINATES:profile/' < annotation\/wCfeT\/wCfeT\.gbf > annotation\/wCfeT\/wCfeT\.gbk
[14:32:14] Deleting unwanted file: annotation/wCfeT/wCfeT.gbf
[14:32:14] Output files:
[14:32:14] annotation/wCfeT/wCfeT.gbk
[14:32:14] annotation/wCfeT/wCfeT.gff
[14:32:14] annotation/wCfeT/wCfeT.tbl
[14:32:14] annotation/wCfeT/wCfeT.fna
[14:32:14] annotation/wCfeT/wCfeT.faa
[14:32:14] annotation/wCfeT/wCfeT.fsa
[14:32:14] annotation/wCfeT/wCfeT.tsv
[14:32:14] annotation/wCfeT/wCfeT.err
[14:32:14] annotation/wCfeT/wCfeT.log
[14:32:14] annotation/wCfeT/wCfeT.ffn
[14:32:14] annotation/wCfeT/wCfeT.sqn
[14:32:14] annotation/wCfeT/wCfeT.txt
[14:32:14] Annotation finished successfully.
[14:32:14] Walltime used: 0.88 minutes
[14:32:14] If you use this result please cite the Prokka paper:
[14:32:14] Seemann T (2014) Prokka: rapid prokaryotic genome annotation. Bioinformatics. 30(14):2068-9.
[14:32:14] Type 'prokka --citation' for more details.
[14:32:14] Share and enjoy!
