[14:31:21] This is prokka 1.14.6
[14:31:21] Written by Torsten Seemann <torsten.seemann@gmail.com>
[14:31:21] Homepage is https://github.com/tseemann/prokka
[14:31:21] Local time is Fri Mar  4 14:31:21 2022
[14:31:21] You are gerth
[14:31:21] Operating system is linux
[14:31:21] You have BioPerl 1.007002
[14:31:21] System has 64 cores.
[14:31:21] Will use maximum of 8 cores.
[14:31:21] Annotating as >>> Bacteria <<<
[14:31:21] Re-using existing --outdir annotation/Eru
[14:31:21] Using filename prefix: Eru.XXX
[14:31:21] Setting HMMER_NCPU=1
[14:31:21] Writing log to: annotation/Eru/Eru.log
[14:31:21] Command: /media/red/Wolbachia_phylogeny_new/.snakemake/conda/8cd680523f41e5449a78b29be8f1b505/bin/prokka --outdir annotation/Eru --force --prefix Eru --locustag Eru --cpus 8 --genus Wolbachia --species sp. --strain Eru genome_fastas/Eru.fas
[14:31:21] Appending to PATH: /media/red/Wolbachia_phylogeny_new/.snakemake/conda/8cd680523f41e5449a78b29be8f1b505/bin
[14:31:21] Looking for 'aragorn' - found /media/red/Wolbachia_phylogeny_new/.snakemake/conda/8cd680523f41e5449a78b29be8f1b505/bin/aragorn
[14:31:21] Determined aragorn version is 001002 from 'ARAGORN v1.2.38 Dean Laslett'
[14:31:21] Looking for 'barrnap' - found /media/red/Wolbachia_phylogeny_new/.snakemake/conda/8cd680523f41e5449a78b29be8f1b505/bin/barrnap
[14:31:21] Determined barrnap version is 000009 from 'barrnap 0.9'
[14:31:21] Looking for 'blastp' - found /media/red/Wolbachia_phylogeny_new/.snakemake/conda/8cd680523f41e5449a78b29be8f1b505/bin/blastp
[14:31:22] Determined blastp version is 002012 from 'blastp: 2.12.0+'
[14:31:22] Looking for 'cmpress' - found /media/red/Wolbachia_phylogeny_new/.snakemake/conda/8cd680523f41e5449a78b29be8f1b505/bin/cmpress
[14:31:22] Determined cmpress version is 001001 from '# INFERNAL 1.1.4 (Dec 2020)'
[14:31:22] Looking for 'cmscan' - found /media/red/Wolbachia_phylogeny_new/.snakemake/conda/8cd680523f41e5449a78b29be8f1b505/bin/cmscan
[14:31:22] Determined cmscan version is 001001 from '# INFERNAL 1.1.4 (Dec 2020)'
[14:31:22] Looking for 'egrep' - found /bin/egrep
[14:31:22] Looking for 'find' - found /usr/bin/find
[14:31:22] Looking for 'grep' - found /bin/grep
[14:31:22] Looking for 'hmmpress' - found /media/red/Wolbachia_phylogeny_new/.snakemake/conda/8cd680523f41e5449a78b29be8f1b505/bin/hmmpress
[14:31:22] Determined hmmpress version is 003003 from '# HMMER 3.3.2 (Nov 2020); http://hmmer.org/'
[14:31:22] Looking for 'hmmscan' - found /media/red/Wolbachia_phylogeny_new/.snakemake/conda/8cd680523f41e5449a78b29be8f1b505/bin/hmmscan
[14:31:22] Determined hmmscan version is 003003 from '# HMMER 3.3.2 (Nov 2020); http://hmmer.org/'
[14:31:22] Looking for 'java' - found /media/red/Wolbachia_phylogeny_new/.snakemake/conda/8cd680523f41e5449a78b29be8f1b505/bin/java
[14:31:22] Looking for 'makeblastdb' - found /media/red/Wolbachia_phylogeny_new/.snakemake/conda/8cd680523f41e5449a78b29be8f1b505/bin/makeblastdb
[14:31:23] Determined makeblastdb version is 002012 from 'makeblastdb: 2.12.0+'
[14:31:23] Looking for 'minced' - found /media/red/Wolbachia_phylogeny_new/.snakemake/conda/8cd680523f41e5449a78b29be8f1b505/bin/minced
[14:31:23] Determined minced version is 004002 from 'minced 0.4.2'
[14:31:23] Looking for 'parallel' - found /media/red/Wolbachia_phylogeny_new/.snakemake/conda/8cd680523f41e5449a78b29be8f1b505/bin/parallel
[14:31:23] Determined parallel version is 20211022 from 'GNU parallel 20211022'
[14:31:23] Looking for 'prodigal' - found /media/red/Wolbachia_phylogeny_new/.snakemake/conda/8cd680523f41e5449a78b29be8f1b505/bin/prodigal
[14:31:23] Determined prodigal version is 002006 from 'Prodigal V2.6.3: February, 2016'
[14:31:23] Looking for 'prokka-genbank_to_fasta_db' - found /media/red/Wolbachia_phylogeny_new/.snakemake/conda/8cd680523f41e5449a78b29be8f1b505/bin/prokka-genbank_to_fasta_db
[14:31:23] Looking for 'sed' - found /bin/sed
[14:31:23] Looking for 'tbl2asn' - found /media/red/Wolbachia_phylogeny_new/.snakemake/conda/8cd680523f41e5449a78b29be8f1b505/bin/tbl2asn
[14:31:23] Determined tbl2asn version is 025007 from 'tbl2asn 25.7   arguments:'
[14:31:23] Using genetic code table 11.
[14:31:23] Loading and checking input file: genome_fastas/Eru.fas
[14:31:23] Wrote 1 contigs totalling 1516355 bp.
[14:31:23] Predicting tRNAs and tmRNAs
[14:31:23] Running: aragorn -l -gc11  -w annotation\/Eru\/Eru\.fna
[14:31:23] 1 tRNA-Arg [11530,11606] 35 (tct)
[14:31:23] 2 tRNA-Gln c[14325,14399] 33 (ttg)
[14:31:23] 3 tRNA-Leu c[38776,38865] 35 (gag)
[14:31:23] 4 tRNA-Val [64275,64349] 35 (gac)
[14:31:23] 5 tRNA-Lys [89797,89870] 34 (ttt)
[14:31:23] 6 tRNA-Cys c[96172,96245] 35 (gca)
[14:31:23] 7 tRNA-Leu c[175654,175742] 36 (cag)
[14:31:23] 8 tRNA-Pro [190207,190285] 37 (ggg)
[14:31:23] 9 tRNA-Ser c[190984,191072] 35 (tga)
[14:31:23] 10 tRNA-Ala [224163,224236] 34 (tgc)
[14:31:23] 11 tRNA-Trp [284300,284376] 35 (cca)
[14:31:23] 12 tRNA-Arg [298338,298413] 36 (cct)
[14:31:23] 13 tRNA-Leu c[334549,334634] 34 (taa)
[14:31:23] 14 tRNA-Lys [341296,341369] 34 (ctt)
[14:31:23] 15 tRNA-Leu [341561,341643] 35 (tag)
[14:31:23] 16 tRNA-Met [348491,348565] 35 (cat)
[14:31:23] 17 tRNA-Gly [423750,423823] 34 (gcc)
[14:31:23] 18 tRNA-Asp [505327,505401] 35 (gtc)
[14:31:23] 19 tmRNA* c[594690,595037] 195,257 ANDNFVSANDNNSTANLVAA*
[14:31:23] 20 tRNA-Asn c[595130,595203] 34 (gtt)
[14:31:23] 21 tRNA-Phe c[599802,599875] 34 (gaa)
[14:31:23] 22 tRNA-Arg c[610974,611048] 35 (acg)
[14:31:23] 23 tRNA-Met [659731,659806] 35 (cat)
[14:31:23] 24 tRNA-Met [672998,673072] 35 (cat)
[14:31:23] 25 tRNA-Ser [689068,689159] 35 (gct)
[14:31:23] 26 tRNA-Thr [707168,707242] 35 (tgt)
[14:31:23] 27 tRNA-Thr c[745709,745780] 33 (ggt)
[14:31:23] 28 tRNA-Leu c[787451,787535] 35 (caa)
[14:31:23] 29 tRNA-Ile c[823104,823180] 35 (gat)
[14:31:23] 30 tRNA-Pro c[841324,841400] 35 (tgg)
[14:31:23] 31 tRNA-Arg c[905280,905353] 34 (ccg)
[14:31:23] 32 tRNA-Glu c[975332,975405] 35 (ttc)
[14:31:23] 33 tRNA-Gly c[1023861,1023932] 33 (tcc)
[14:31:23] 34 tRNA-Tyr c[1023940,1024023] 35 (gta)
[14:31:23] 35 tRNA-Val c[1139242,1139315] 34 (tac)
[14:31:23] 36 tRNA-His c[1302588,1302664] 35 (gtg)
[14:31:23] 37 tRNA-Ser [1443332,1443421] 35 (gga)
[14:31:23] Found 37 tRNAs
[14:31:23] Predicting Ribosomal RNAs
[14:31:23] Running Barrnap with 8 threads
[14:31:24] 1 Eru 326941 16S ribosomal RNA
[14:31:24] 2 Eru 1283573 5S ribosomal RNA
[14:31:24] 3 Eru 1283759 23S ribosomal RNA
[14:31:24] Found 3 rRNAs
[14:31:24] Skipping ncRNA search, enable with --rfam if desired.
[14:31:24] Total of 39 tRNA + rRNA features
[14:31:24] Searching for CRISPR repeats
[14:31:24] Found 0 CRISPRs
[14:31:24] Predicting coding sequences
[14:31:24] Contigs total 1516355 bp, so using single mode
[14:31:24] Running: prodigal -i annotation\/Eru\/Eru\.fna -c -m -g 11 -p single -f sco -q
[14:31:26] Excluding CDS which overlaps existing RNA (tRNA) at Eru:14324..14566 on + strand
[14:31:26] Excluding CDS which overlaps existing RNA (tRNA) at Eru:189848..190216 on + strand
[14:31:26] Excluding CDS which overlaps existing RNA (rRNA) at Eru:327380..327502 on + strand
[14:31:26] Excluding CDS which overlaps existing RNA (tRNA) at Eru:341567..341677 on + strand
[14:31:26] Excluding CDS which overlaps existing RNA (tRNA) at Eru:348365..348529 on + strand
[14:31:26] Excluding CDS which overlaps existing RNA (tRNA) at Eru:673031..673861 on - strand
[14:31:26] Excluding CDS which overlaps existing RNA (tRNA) at Eru:1139175..1139396 on - strand
[14:31:26] Found 961 CDS
[14:31:26] Connecting features back to sequences
[14:31:26] Not using genus-specific database. Try --usegenus to enable it.
[14:31:26] Annotating CDS, please be patient.
[14:31:26] Will use 8 CPUs for similarity searching.
[14:31:26] There are still 961 unannotated CDS left (started with 961)
[14:31:26] Will use blast to search against /media/red/Wolbachia_phylogeny_new/.snakemake/conda/8cd680523f41e5449a78b29be8f1b505/db/kingdom/Bacteria/IS with 8 CPUs
[14:31:26] Running: cat annotation\/Eru\/Eru\.IS\.tmp\.43441\.faa | parallel --gnu --plain -j 8 --block 20142 --recstart '>' --pipe blastp -query - -db /media/red/Wolbachia_phylogeny_new/.snakemake/conda/8cd680523f41e5449a78b29be8f1b505/db/kingdom/Bacteria/IS -evalue 1e-30 -qcov_hsp_perc 90 -num_threads 1 -num_descriptions 1 -num_alignments 1 -seg no > annotation\/Eru\/Eru\.IS\.tmp\.43441\.blast 2> /dev/null
[14:31:32] Deleting unwanted file: annotation/Eru/Eru.IS.tmp.43441.faa
[14:31:32] Deleting unwanted file: annotation/Eru/Eru.IS.tmp.43441.blast
[14:31:32] There are still 961 unannotated CDS left (started with 961)
[14:31:32] Will use blast to search against /media/red/Wolbachia_phylogeny_new/.snakemake/conda/8cd680523f41e5449a78b29be8f1b505/db/kingdom/Bacteria/AMR with 8 CPUs
[14:31:32] Running: cat annotation\/Eru\/Eru\.AMR\.tmp\.43441\.faa | parallel --gnu --plain -j 8 --block 20142 --recstart '>' --pipe blastp -query - -db /media/red/Wolbachia_phylogeny_new/.snakemake/conda/8cd680523f41e5449a78b29be8f1b505/db/kingdom/Bacteria/AMR -evalue 9.99999999999999e-301 -qcov_hsp_perc 90 -num_threads 1 -num_descriptions 1 -num_alignments 1 -seg no > annotation\/Eru\/Eru\.AMR\.tmp\.43441\.blast 2> /dev/null
[14:31:36] Deleting unwanted file: annotation/Eru/Eru.AMR.tmp.43441.faa
[14:31:36] Deleting unwanted file: annotation/Eru/Eru.AMR.tmp.43441.blast
[14:31:37] There are still 961 unannotated CDS left (started with 961)
[14:31:37] Will use blast to search against /media/red/Wolbachia_phylogeny_new/.snakemake/conda/8cd680523f41e5449a78b29be8f1b505/db/kingdom/Bacteria/sprot with 8 CPUs
[14:31:37] Running: cat annotation\/Eru\/Eru\.sprot\.tmp\.43441\.faa | parallel --gnu --plain -j 8 --block 20142 --recstart '>' --pipe blastp -query - -db /media/red/Wolbachia_phylogeny_new/.snakemake/conda/8cd680523f41e5449a78b29be8f1b505/db/kingdom/Bacteria/sprot -evalue 1e-09 -qcov_hsp_perc 80 -num_threads 1 -num_descriptions 1 -num_alignments 1 -seg no > annotation\/Eru\/Eru\.sprot\.tmp\.43441\.blast 2> /dev/null
[14:31:49] Modify product: Uncharacterized metal-dependent hydrolase YcfH => putative metal-dependent hydrolase YcfH
[14:31:49] Modify product: Probable protein kinase UbiB => putative protein kinase UbiB
[14:31:49] Modify product: UPF0434 protein NMA0874 => hypothetical protein
[14:31:49] Modify product: Cytochrome b561 homolog 2 => Cytochrome b561 
[14:31:49] Modify product: Probable transcriptional regulatory protein aq_1575 => putative transcriptional regulatory protein
[14:31:49] Modify product: Putative transport protein Rv0205 => Putative transport protein
[14:31:49] Modify product: UPF0176 protein lpg2838 => hypothetical protein
[14:31:49] Modify product: UPF0053 protein HI_0107 => hypothetical protein
[14:31:49] Modify product: Probable ribonucleotide transport ATP-binding protein mkl => putative ribonucleotide transport ATP-binding protein mkl
[14:31:49] Modify product: Co-chaperone protein HscB homolog => Co-chaperone protein HscB 
[14:31:49] Modify product: Probable GTP-binding protein EngB => putative GTP-binding protein EngB
[14:31:49] Modify product: UPF0053 inner membrane protein YoaE => hypothetical protein
[14:31:49] Modify product: Uncharacterized oxidoreductase YciK => putative oxidoreductase YciK
[14:31:49] Modify product: UPF0758 protein => hypothetical protein
[14:31:49] Modify product: Bifunctional protein FolD => Bifunctional protein FolD protein
[14:31:49] Modify product: Putative multidrug export ATP-binding/permease protein SAV1866 => Putative multidrug export ATP-binding/permease protein
[14:31:49] Modify product: Uncharacterized protein RP812 => putative protein RP812
[14:31:49] Modify product: Uncharacterized zinc protease Rv2782c => putative zinc protease
[14:31:50] Modify product: Uncharacterized zinc protease Rv2782c => putative zinc protease
[14:31:50] Modify product: Uncharacterized zinc protease Rv2782c => putative zinc protease
[14:31:50] Modify product: Probable chromosome-partitioning protein ParB => putative chromosome-partitioning protein ParB
[14:31:50] Cleaned 21 /product names
[14:31:50] Deleting unwanted file: annotation/Eru/Eru.sprot.tmp.43441.faa
[14:31:50] Deleting unwanted file: annotation/Eru/Eru.sprot.tmp.43441.blast
[14:31:50] There are still 450 unannotated CDS left (started with 961)
[14:31:50] Will use hmmer3 to search against /media/red/Wolbachia_phylogeny_new/.snakemake/conda/8cd680523f41e5449a78b29be8f1b505/db/hmm/HAMAP.hmm with 8 CPUs
[14:31:50] Running: cat annotation\/Eru\/Eru\.HAMAP\.hmm\.tmp\.43441\.faa | parallel --gnu --plain -j 8 --block 9114 --recstart '>' --pipe hmmscan --noali --notextw --acc -E 1e-09 --cpu 1 /media/red/Wolbachia_phylogeny_new/.snakemake/conda/8cd680523f41e5449a78b29be8f1b505/db/hmm/HAMAP.hmm /dev/stdin > annotation\/Eru\/Eru\.HAMAP\.hmm\.tmp\.43441\.hmmer3 2> /dev/null
[14:31:53] Deleting unwanted file: annotation/Eru/Eru.HAMAP.hmm.tmp.43441.faa
[14:31:53] Deleting unwanted file: annotation/Eru/Eru.HAMAP.hmm.tmp.43441.hmmer3
[14:31:53] Labelling remaining 377 proteins as 'hypothetical protein'
[14:31:53] Possible /pseudo 'Exodeoxyribonuclease 7 large subunit' at Eru position 48722
[14:31:53] Possible /pseudo 'Exodeoxyribonuclease 7 large subunit' at Eru position 48925
[14:31:53] Possible /pseudo 'Cysteine desulfurase IscS' at Eru position 721640
[14:31:53] Possible /pseudo 'tRNA-specific adenosine deaminase' at Eru position 983373
[14:31:53] Possible /pseudo 'Dihydropteroate synthase' at Eru position 1051496
[14:31:53] Possible /pseudo 'putative zinc protease' at Eru position 1394507
[14:31:53] Possible /pseudo 'Major surface antigen 4' at Eru position 1476408
[14:31:53] Possible /pseudo 'Major surface antigen 4' at Eru position 1481525
[14:31:53] Possible /pseudo 'Major surface antigen 4' at Eru position 1482345
[14:31:53] Possible /pseudo 'Major surface antigen 4' at Eru position 1483255
[14:31:53] Possible /pseudo 'Major surface antigen 4' at Eru position 1489006
[14:31:53] Possible /pseudo 'Major surface antigen 4' at Eru position 1490227
[14:31:53] Possible /pseudo 'Major surface antigen 4' at Eru position 1492706
[14:31:53] Found 523 unique /gene codes.
[14:31:53] Fixed 2 duplicate /gene - atpH_1 atpH_2
[14:31:53] Fixed 2 duplicate /gene - tufA_1 tufA_2
[14:31:53] Fixed 2 duplicate /gene - erpA_1 erpA_2
[14:31:53] Fixed 2 duplicate /gene - polA_1 polA_2
[14:31:53] Fixed 2 duplicate /gene - mrpA_1 mrpA_2
[14:31:53] Fixed 2 duplicate /gene - mdh_1 mdh_2
[14:31:53] Fixed 12 duplicate /gene - msp4_1 msp4_2 msp4_3 msp4_4 msp4_5 msp4_6 msp4_7 msp4_8 msp4_9 msp4_10 msp4_11 msp4_12
[14:31:53] Fixed 2 duplicate /gene - carB_1 carB_2
[14:31:53] Fixed 2 duplicate /gene - rho_1 rho_2
[14:31:53] Fixed 2 duplicate /gene - ruvB_1 ruvB_2
[14:31:53] Fixed 2 duplicate /gene - folP_1 folP_2
[14:31:53] Fixed 2 duplicate /gene - purL_1 purL_2
[14:31:53] Fixed 2 duplicate /gene - dnaA_1 dnaA_2
[14:31:53] Fixed 2 duplicate /gene - gltX_1 gltX_2
[14:31:53] Fixed 2 duplicate /gene - pyrH_1 pyrH_2
[14:31:53] Fixed 3 duplicate /gene - xseA_1 xseA_2 xseA_3
[14:31:53] Fixed 2 duplicate /gene - rnd_1 rnd_2
[14:31:53] Fixed 2 duplicate /gene - tadA_1 tadA_2
[14:31:53] Fixed 2 duplicate /gene - iscS_1 iscS_2
[14:31:53] Fixed 3 duplicate /gene - proP_1 proP_2 proP_3
[14:31:53] Fixed 2 duplicate /gene - virB4_1 virB4_2
[14:31:53] Fixed 2 duplicate /gene - nuoH_1 nuoH_2
[14:31:53] Fixed 2 duplicate /gene - xerD_1 xerD_2
[14:31:53] Fixed 23 colliding /gene names.
[14:31:53] Adding /locus_tag identifiers
[14:31:53] Assigned 1001 locus_tags to CDS and RNA features.
[14:31:53] Writing outputs to annotation/Eru/
[14:31:54] Generating annotation statistics file
[14:31:54] Generating Genbank and Sequin files
[14:31:54] Running: tbl2asn -V b -a r10k -l paired-ends -M n -N 1 -y 'Annotated using prokka 1.14.6 from https://github.com/tseemann/prokka' -Z annotation\/Eru\/Eru\.err -i annotation\/Eru\/Eru\.fsa 2> /dev/null
[14:31:56] Deleting unwanted file: annotation/Eru/errorsummary.val
[14:31:56] Deleting unwanted file: annotation/Eru/Eru.dr
[14:31:56] Deleting unwanted file: annotation/Eru/Eru.fixedproducts
[14:31:56] Deleting unwanted file: annotation/Eru/Eru.ecn
[14:31:56] Deleting unwanted file: annotation/Eru/Eru.val
[14:31:56] Repairing broken .GBK output that tbl2asn produces...
[14:31:56] Running: sed 's/COORDINATES: profile/COORDINATES:profile/' < annotation\/Eru\/Eru\.gbf > annotation\/Eru\/Eru\.gbk
[14:31:56] Deleting unwanted file: annotation/Eru/Eru.gbf
[14:31:56] Output files:
[14:31:56] annotation/Eru/Eru.fna
[14:31:56] annotation/Eru/Eru.gbk
[14:31:56] annotation/Eru/Eru.gff
[14:31:56] annotation/Eru/Eru.sqn
[14:31:56] annotation/Eru/Eru.ffn
[14:31:56] annotation/Eru/Eru.fsa
[14:31:56] annotation/Eru/Eru.log
[14:31:56] annotation/Eru/Eru.err
[14:31:56] annotation/Eru/Eru.tsv
[14:31:56] annotation/Eru/Eru.faa
[14:31:56] annotation/Eru/Eru.txt
[14:31:56] annotation/Eru/Eru.tbl
[14:31:56] Annotation finished successfully.
[14:31:56] Walltime used: 0.58 minutes
[14:31:56] If you use this result please cite the Prokka paper:
[14:31:56] Seemann T (2014) Prokka: rapid prokaryotic genome annotation. Bioinformatics. 30(14):2068-9.
[14:31:56] Type 'prokka --citation' for more details.
[14:31:56] Share and enjoy!
