[14:37:59] This is prokka 1.14.6
[14:37:59] Written by Torsten Seemann <torsten.seemann@gmail.com>
[14:37:59] Homepage is https://github.com/tseemann/prokka
[14:37:59] Local time is Fri Mar  4 14:37:59 2022
[14:37:59] You are gerth
[14:37:59] Operating system is linux
[14:37:59] You have BioPerl 1.007002
[14:37:59] System has 64 cores.
[14:37:59] Will use maximum of 8 cores.
[14:37:59] Annotating as >>> Bacteria <<<
[14:37:59] Re-using existing --outdir annotation/wMhie
[14:37:59] Using filename prefix: wMhie.XXX
[14:37:59] Setting HMMER_NCPU=1
[14:37:59] Writing log to: annotation/wMhie/wMhie.log
[14:37:59] Command: /media/red/Wolbachia_phylogeny_new/.snakemake/conda/8cd680523f41e5449a78b29be8f1b505/bin/prokka --outdir annotation/wMhie --force --prefix wMhie --locustag wMhie --cpus 8 --genus Wolbachia --species sp. --strain wMhie genome_fastas/wMhie.fas
[14:37:59] Appending to PATH: /media/red/Wolbachia_phylogeny_new/.snakemake/conda/8cd680523f41e5449a78b29be8f1b505/bin
[14:37:59] Looking for 'aragorn' - found /media/red/Wolbachia_phylogeny_new/.snakemake/conda/8cd680523f41e5449a78b29be8f1b505/bin/aragorn
[14:37:59] Determined aragorn version is 001002 from 'ARAGORN v1.2.38 Dean Laslett'
[14:37:59] Looking for 'barrnap' - found /media/red/Wolbachia_phylogeny_new/.snakemake/conda/8cd680523f41e5449a78b29be8f1b505/bin/barrnap
[14:37:59] Determined barrnap version is 000009 from 'barrnap 0.9'
[14:37:59] Looking for 'blastp' - found /media/red/Wolbachia_phylogeny_new/.snakemake/conda/8cd680523f41e5449a78b29be8f1b505/bin/blastp
[14:38:00] Determined blastp version is 002012 from 'blastp: 2.12.0+'
[14:38:00] Looking for 'cmpress' - found /media/red/Wolbachia_phylogeny_new/.snakemake/conda/8cd680523f41e5449a78b29be8f1b505/bin/cmpress
[14:38:00] Determined cmpress version is 001001 from '# INFERNAL 1.1.4 (Dec 2020)'
[14:38:00] Looking for 'cmscan' - found /media/red/Wolbachia_phylogeny_new/.snakemake/conda/8cd680523f41e5449a78b29be8f1b505/bin/cmscan
[14:38:00] Determined cmscan version is 001001 from '# INFERNAL 1.1.4 (Dec 2020)'
[14:38:00] Looking for 'egrep' - found /bin/egrep
[14:38:00] Looking for 'find' - found /usr/bin/find
[14:38:00] Looking for 'grep' - found /bin/grep
[14:38:00] Looking for 'hmmpress' - found /media/red/Wolbachia_phylogeny_new/.snakemake/conda/8cd680523f41e5449a78b29be8f1b505/bin/hmmpress
[14:38:00] Determined hmmpress version is 003003 from '# HMMER 3.3.2 (Nov 2020); http://hmmer.org/'
[14:38:00] Looking for 'hmmscan' - found /media/red/Wolbachia_phylogeny_new/.snakemake/conda/8cd680523f41e5449a78b29be8f1b505/bin/hmmscan
[14:38:00] Determined hmmscan version is 003003 from '# HMMER 3.3.2 (Nov 2020); http://hmmer.org/'
[14:38:00] Looking for 'java' - found /media/red/Wolbachia_phylogeny_new/.snakemake/conda/8cd680523f41e5449a78b29be8f1b505/bin/java
[14:38:00] Looking for 'makeblastdb' - found /media/red/Wolbachia_phylogeny_new/.snakemake/conda/8cd680523f41e5449a78b29be8f1b505/bin/makeblastdb
[14:38:01] Determined makeblastdb version is 002012 from 'makeblastdb: 2.12.0+'
[14:38:01] Looking for 'minced' - found /media/red/Wolbachia_phylogeny_new/.snakemake/conda/8cd680523f41e5449a78b29be8f1b505/bin/minced
[14:38:01] Determined minced version is 004002 from 'minced 0.4.2'
[14:38:01] Looking for 'parallel' - found /media/red/Wolbachia_phylogeny_new/.snakemake/conda/8cd680523f41e5449a78b29be8f1b505/bin/parallel
[14:38:02] Determined parallel version is 20211022 from 'GNU parallel 20211022'
[14:38:02] Looking for 'prodigal' - found /media/red/Wolbachia_phylogeny_new/.snakemake/conda/8cd680523f41e5449a78b29be8f1b505/bin/prodigal
[14:38:02] Determined prodigal version is 002006 from 'Prodigal V2.6.3: February, 2016'
[14:38:02] Looking for 'prokka-genbank_to_fasta_db' - found /media/red/Wolbachia_phylogeny_new/.snakemake/conda/8cd680523f41e5449a78b29be8f1b505/bin/prokka-genbank_to_fasta_db
[14:38:02] Looking for 'sed' - found /bin/sed
[14:38:02] Looking for 'tbl2asn' - found /media/red/Wolbachia_phylogeny_new/.snakemake/conda/8cd680523f41e5449a78b29be8f1b505/bin/tbl2asn
[14:38:02] Determined tbl2asn version is 025007 from 'tbl2asn 25.7   arguments:'
[14:38:02] Using genetic code table 11.
[14:38:02] Loading and checking input file: genome_fastas/wMhie.fas
[14:38:02] Wrote 208 contigs totalling 1025329 bp.
[14:38:02] Predicting tRNAs and tmRNAs
[14:38:02] Running: aragorn -l -gc11  -w annotation\/wMhie\/wMhie\.fna
[14:38:02] 1 tRNA-Met [6507,6582] 34 (cat)
[14:38:02] 1 tRNA-Leu [8300,8383] 34 (caa)
[14:38:02] 1 tRNA-Arg [6563,6638] 36 (ccg)
[14:38:02] 1 tRNA-Leu [5822,5909] 35 (gag)
[14:38:02] 1 tRNA-Leu c[9566,9648] 35 (tag)
[14:38:02] 1 tRNA-Tyr [6943,7027] 36 (gta)
[14:38:02] 2 tRNA-Gly [7031,7103] 34 (tcc)
[14:38:02] 1 tRNA-Trp c[12083,12156] 34 (cca)
[14:38:02] 1 tRNA-Thr [7901,7974] 34 (ggt)
[14:38:02] 1 tRNA-Arg [7736,7812] 35 (tct)
[14:38:02] 1 tRNA-Asp c[1825,1899] 35 (gtc)
[14:38:02] 2 tRNA-Phe [7693,7766] 34 (gaa)
[14:38:02] 1 tRNA-Ser [4780,4871] 35 (gct)
[14:38:02] 1 tmRNA* [3134,3465] 194,241 ANNNFAADSNVALAA*
[14:38:02] 1 tRNA-Ala c[2098,2173] 34 (tgc)
[14:38:02] 1 tRNA-Met [1460,1534] 35 (cat)
[14:38:02] 1 tRNA-Gly c[698,771] 34 (gcc)
[14:38:02] 2 tRNA-Met [2007,2082] 35 (cat)
[14:38:02] 1 tRNA-Ser [3844,3933] 36 (tga)
[14:38:02] 1 tRNA-His [4168,4243] 34 (gtg)
[14:38:02] 1 tRNA-Gln [3591,3665] 33 (ttg)
[14:38:02] 1 tRNA-Leu [2447,2531] 35 (cag)
[14:38:02] 1 tRNA-Pro c[3116,3189] 35 (tgg)
[14:38:02] 1 tRNA-Asn c[387,459] 33 (gtt)
[14:38:02] 1 tRNA-Val [580,654] 35 (gac)
[14:38:02] 1 tRNA-Ser [362,450] 36 (gga)
[14:38:02] 1 tRNA-Arg [651,726] 36 (acg)
[14:38:02] 1 tRNA-Val [1979,2054] 34 (tac)
[14:38:02] 1 tRNA-Thr c[637,710] 34 (tgt)
[14:38:02] 1 tRNA-Glu c[1454,1528] 34 (ttc)
[14:38:02] 1 tRNA-Leu c[1228,1314] 35 (taa)
[14:38:02] Found 31 tRNAs
[14:38:02] Predicting Ribosomal RNAs
[14:38:02] Running Barrnap with 8 threads
[14:38:03] 1 WQMP01000008.1 7327 5S ribosomal RNA (partial)
[14:38:03] 2 WQMP01000008.1 7480 23S ribosomal RNA
[14:38:03] 3 WQMP01000029.1 4379 16S ribosomal RNA
[14:38:03] Found 3 rRNAs
[14:38:03] Skipping ncRNA search, enable with --rfam if desired.
[14:38:03] Total of 33 tRNA + rRNA features
[14:38:03] Searching for CRISPR repeats
[14:38:03] Found 0 CRISPRs
[14:38:03] Predicting coding sequences
[14:38:03] Contigs total 1025329 bp, so using single mode
[14:38:03] Running: prodigal -i annotation\/wMhie\/wMhie\.fna -c -m -g 11 -p single -f sco -q
[14:38:04] Excluding CDS which overlaps existing RNA (tRNA) at WQMP01000003.1:5215..6507 on + strand
[14:38:04] Excluding CDS which overlaps existing RNA (tRNA) at WQMP01000004.1:8314..9012 on + strand
[14:38:04] Excluding CDS which overlaps existing RNA (tRNA) at WQMP01000007.1:5865..7022 on + strand
[14:38:04] Excluding CDS which overlaps existing RNA (tRNA) at WQMP01000011.1:9541..9642 on - strand
[14:38:04] Excluding CDS which overlaps existing RNA (tRNA) at WQMP01000023.1:7877..8011 on + strand
[14:38:04] Excluding CDS which overlaps existing RNA (tRNA) at WQMP01000026.1:6879..7817 on - strand
[14:38:04] Excluding CDS which overlaps existing RNA (rRNA) at WQMP01000029.1:4815..4937 on + strand
[14:38:04] Excluding CDS which overlaps existing RNA (tRNA) at WQMP01000074.1:3851..3961 on + strand
[14:38:04] Excluding CDS which overlaps existing RNA (tRNA) at WQMP01000077.1:3265..3600 on + strand
[14:38:04] Found 990 CDS
[14:38:04] Connecting features back to sequences
[14:38:04] Not using genus-specific database. Try --usegenus to enable it.
[14:38:04] Annotating CDS, please be patient.
[14:38:04] Will use 8 CPUs for similarity searching.
[14:38:04] There are still 990 unannotated CDS left (started with 990)
[14:38:04] Will use blast to search against /media/red/Wolbachia_phylogeny_new/.snakemake/conda/8cd680523f41e5449a78b29be8f1b505/db/kingdom/Bacteria/IS with 8 CPUs
[14:38:04] Running: cat annotation\/wMhie\/wMhie\.IS\.tmp\.91990\.faa | parallel --gnu --plain -j 8 --block 17117 --recstart '>' --pipe blastp -query - -db /media/red/Wolbachia_phylogeny_new/.snakemake/conda/8cd680523f41e5449a78b29be8f1b505/db/kingdom/Bacteria/IS -evalue 1e-30 -qcov_hsp_perc 90 -num_threads 1 -num_descriptions 1 -num_alignments 1 -seg no > annotation\/wMhie\/wMhie\.IS\.tmp\.91990\.blast 2> /dev/null
[14:38:10] Deleting unwanted file: annotation/wMhie/wMhie.IS.tmp.91990.faa
[14:38:10] Deleting unwanted file: annotation/wMhie/wMhie.IS.tmp.91990.blast
[14:38:10] There are still 987 unannotated CDS left (started with 990)
[14:38:10] Will use blast to search against /media/red/Wolbachia_phylogeny_new/.snakemake/conda/8cd680523f41e5449a78b29be8f1b505/db/kingdom/Bacteria/AMR with 8 CPUs
[14:38:10] Running: cat annotation\/wMhie\/wMhie\.AMR\.tmp\.91990\.faa | parallel --gnu --plain -j 8 --block 17089 --recstart '>' --pipe blastp -query - -db /media/red/Wolbachia_phylogeny_new/.snakemake/conda/8cd680523f41e5449a78b29be8f1b505/db/kingdom/Bacteria/AMR -evalue 9.99999999999999e-301 -qcov_hsp_perc 90 -num_threads 1 -num_descriptions 1 -num_alignments 1 -seg no > annotation\/wMhie\/wMhie\.AMR\.tmp\.91990\.blast 2> /dev/null
[14:38:15] Deleting unwanted file: annotation/wMhie/wMhie.AMR.tmp.91990.faa
[14:38:15] Deleting unwanted file: annotation/wMhie/wMhie.AMR.tmp.91990.blast
[14:38:15] There are still 987 unannotated CDS left (started with 990)
[14:38:15] Will use blast to search against /media/red/Wolbachia_phylogeny_new/.snakemake/conda/8cd680523f41e5449a78b29be8f1b505/db/kingdom/Bacteria/sprot with 8 CPUs
[14:38:15] Running: cat annotation\/wMhie\/wMhie\.sprot\.tmp\.91990\.faa | parallel --gnu --plain -j 8 --block 17089 --recstart '>' --pipe blastp -query - -db /media/red/Wolbachia_phylogeny_new/.snakemake/conda/8cd680523f41e5449a78b29be8f1b505/db/kingdom/Bacteria/sprot -evalue 1e-09 -qcov_hsp_perc 80 -num_threads 1 -num_descriptions 1 -num_alignments 1 -seg no > annotation\/wMhie\/wMhie\.sprot\.tmp\.91990\.blast 2> /dev/null
[14:38:56] Modify product: Uncharacterized metal-dependent hydrolase YcfH => putative metal-dependent hydrolase YcfH
[14:38:56] Modify product: Uncharacterized HIT-like protein HP_0404 => putative HIT-like protein
[14:38:56] Modify product: UPF0053 protein HI_0107 => hypothetical protein
[14:38:56] Modify product: UPF0335 protein CCNA_03428 => hypothetical protein
[14:38:56] Modify product: Bifunctional protein FolD => Bifunctional protein FolD protein
[14:38:56] Modify product: SCO1 protein homolog => SCO1 protein 
[14:38:56] Modify product: UPF0758 protein => hypothetical protein
[14:38:56] Modify product: Probable GTP-binding protein EngB => putative GTP-binding protein EngB
[14:38:56] Modify product: Uncharacterized oxidoreductase YciK => putative oxidoreductase YciK
[14:38:56] Modify product: Uncharacterized ABC transporter ATP-binding protein TM_0288 => putative ABC transporter ATP-binding protein
[14:38:56] Modify product: Uncharacterized protein RP812 => putative protein RP812
[14:38:56] Modify product: Co-chaperone protein HscB homolog => Co-chaperone protein HscB 
[14:38:56] Modify product: Probable peptidoglycan D,D-transpeptidase FtsI => putative peptidoglycan D,D-transpeptidase FtsI
[14:38:56] Modify product: Probable peptidoglycan D,D-transpeptidase FtsI => putative peptidoglycan D,D-transpeptidase FtsI
[14:38:56] Modify product: Probable lipid II flippase MurJ => putative lipid II flippase MurJ
[14:38:56] Modify product: Uncharacterized ABC transporter ATP-binding protein TM_0288 => putative ABC transporter ATP-binding protein
[14:38:56] Modify product: Probable peptidoglycan glycosyltransferase FtsW => putative peptidoglycan glycosyltransferase FtsW
[14:38:56] Modify product: Probable protein kinase UbiB => putative protein kinase UbiB
[14:38:56] Modify product: Probable oxidoreductase CT_610 => putative oxidoreductase CT_610
[14:38:56] Modify product: Probable ribonucleotide transport ATP-binding protein mkl => putative ribonucleotide transport ATP-binding protein mkl
[14:38:56] Modify product: Probable chromosome-partitioning protein ParB => putative chromosome-partitioning protein ParB
[14:38:56] Modify product: Probable transcriptional regulatory protein aq_1575 => putative transcriptional regulatory protein
[14:38:56] Modify product: Uncharacterized zinc protease Rv2782c => putative zinc protease
[14:38:56] Modify product: Uncharacterized zinc protease Rv2782c => putative zinc protease
[14:38:56] Modify product: UPF0053 inner membrane protein YoaE => hypothetical protein
[14:38:56] Cleaned 25 /product names
[14:38:56] Deleting unwanted file: annotation/wMhie/wMhie.sprot.tmp.91990.faa
[14:38:56] Deleting unwanted file: annotation/wMhie/wMhie.sprot.tmp.91990.blast
[14:38:56] There are still 514 unannotated CDS left (started with 990)
[14:38:56] Will use hmmer3 to search against /media/red/Wolbachia_phylogeny_new/.snakemake/conda/8cd680523f41e5449a78b29be8f1b505/db/hmm/HAMAP.hmm with 8 CPUs
[14:38:56] Running: cat annotation\/wMhie\/wMhie\.HAMAP\.hmm\.tmp\.91990\.faa | parallel --gnu --plain -j 8 --block 6872 --recstart '>' --pipe hmmscan --noali --notextw --acc -E 1e-09 --cpu 1 /media/red/Wolbachia_phylogeny_new/.snakemake/conda/8cd680523f41e5449a78b29be8f1b505/db/hmm/HAMAP.hmm /dev/stdin > annotation\/wMhie\/wMhie\.HAMAP\.hmm\.tmp\.91990\.hmmer3 2> /dev/null
[14:39:00] Deleting unwanted file: annotation/wMhie/wMhie.HAMAP.hmm.tmp.91990.faa
[14:39:00] Deleting unwanted file: annotation/wMhie/wMhie.HAMAP.hmm.tmp.91990.hmmer3
[14:39:00] Labelling remaining 463 proteins as 'hypothetical protein'
[14:39:00] Possible /pseudo 'ATP synthase subunit b' at WQMP01000021.1 position 1867
[14:39:00] Possible /pseudo 'Amino-acid carrier protein AlsT' at WQMP01000034.1 position 6248
[14:39:00] Possible /pseudo 'putative peptidoglycan D,D-transpeptidase FtsI' at WQMP01000107.1 position 2308
[14:39:00] Found 480 unique /gene codes.
[14:39:00] Fixed 2 duplicate /gene - COQ3_1 COQ3_2
[14:39:00] Fixed 2 duplicate /gene - metG_1 metG_2
[14:39:00] Fixed 3 duplicate /gene - proP_1 proP_2 proP_3
[14:39:00] Fixed 2 duplicate /gene - alsT_1 alsT_2
[14:39:00] Fixed 2 duplicate /gene - ftsI_1 ftsI_2
[14:39:00] Fixed 2 duplicate /gene - atpF_1 atpF_2
[14:39:00] Fixed 2 duplicate /gene - rcsC_1 rcsC_2
[14:39:00] Fixed 2 duplicate /gene - virB4_1 virB4_2
[14:39:00] Fixed 2 duplicate /gene - adiC_1 adiC_2
[14:39:00] Fixed 2 duplicate /gene - surA_1 surA_2
[14:39:00] Fixed 2 duplicate /gene - argD_1 argD_2
[14:39:00] Fixed 2 duplicate /gene - ndhB_1 ndhB_2
[14:39:00] Fixed 2 duplicate /gene - dnaG_1 dnaG_2
[14:39:00] Fixed 2 duplicate /gene - atpH_1 atpH_2
[14:39:00] Fixed 2 duplicate /gene - purL_1 purL_2
[14:39:00] Fixed 2 duplicate /gene - rnd_1 rnd_2
[14:39:00] Fixed 2 duplicate /gene - dnaA_1 dnaA_2
[14:39:00] Fixed 2 duplicate /gene - smc_1 smc_2
[14:39:00] Fixed 18 colliding /gene names.
[14:39:00] Adding /locus_tag identifiers
[14:39:00] Assigned 1024 locus_tags to CDS and RNA features.
[14:39:00] Writing outputs to annotation/wMhie/
[14:39:00] Generating annotation statistics file
[14:39:00] Generating Genbank and Sequin files
[14:39:00] Running: tbl2asn -V b -a r10k -l paired-ends -M n -N 1 -y 'Annotated using prokka 1.14.6 from https://github.com/tseemann/prokka' -Z annotation\/wMhie\/wMhie\.err -i annotation\/wMhie\/wMhie\.fsa 2> /dev/null
[14:39:02] Deleting unwanted file: annotation/wMhie/errorsummary.val
[14:39:02] Deleting unwanted file: annotation/wMhie/wMhie.dr
[14:39:02] Deleting unwanted file: annotation/wMhie/wMhie.fixedproducts
[14:39:02] Deleting unwanted file: annotation/wMhie/wMhie.ecn
[14:39:02] Deleting unwanted file: annotation/wMhie/wMhie.val
[14:39:02] Repairing broken .GBK output that tbl2asn produces...
[14:39:02] Running: sed 's/COORDINATES: profile/COORDINATES:profile/' < annotation\/wMhie\/wMhie\.gbf > annotation\/wMhie\/wMhie\.gbk
[14:39:02] Deleting unwanted file: annotation/wMhie/wMhie.gbf
[14:39:02] Output files:
[14:39:02] annotation/wMhie/wMhie.tbl
[14:39:02] annotation/wMhie/wMhie.txt
[14:39:02] annotation/wMhie/wMhie.ffn
[14:39:02] annotation/wMhie/wMhie.fsa
[14:39:02] annotation/wMhie/wMhie.gbk
[14:39:02] annotation/wMhie/wMhie.faa
[14:39:02] annotation/wMhie/wMhie.fna
[14:39:02] annotation/wMhie/wMhie.tsv
[14:39:02] annotation/wMhie/wMhie.err
[14:39:02] annotation/wMhie/wMhie.sqn
[14:39:02] annotation/wMhie/wMhie.gff
[14:39:02] annotation/wMhie/wMhie.log
[14:39:02] Annotation finished successfully.
[14:39:02] Walltime used: 1.05 minutes
[14:39:02] If you use this result please cite the Prokka paper:
[14:39:02] Seemann T (2014) Prokka: rapid prokaryotic genome annotation. Bioinformatics. 30(14):2068-9.
[14:39:02] Type 'prokka --citation' for more details.
[14:39:02] Share and enjoy!
