[14:37:19] This is prokka 1.14.6
[14:37:19] Written by Torsten Seemann <torsten.seemann@gmail.com>
[14:37:19] Homepage is https://github.com/tseemann/prokka
[14:37:19] Local time is Fri Mar  4 14:37:19 2022
[14:37:19] You are gerth
[14:37:19] Operating system is linux
[14:37:19] You have BioPerl 1.007002
[14:37:19] System has 64 cores.
[14:37:19] Will use maximum of 8 cores.
[14:37:19] Annotating as >>> Bacteria <<<
[14:37:19] Re-using existing --outdir annotation/wDacA
[14:37:19] Using filename prefix: wDacA.XXX
[14:37:19] Setting HMMER_NCPU=1
[14:37:19] Writing log to: annotation/wDacA/wDacA.log
[14:37:19] Command: /media/red/Wolbachia_phylogeny_new/.snakemake/conda/8cd680523f41e5449a78b29be8f1b505/bin/prokka --outdir annotation/wDacA --force --prefix wDacA --locustag wDacA --cpus 8 --genus Wolbachia --species sp. --strain wDacA genome_fastas/wDacA.fas
[14:37:19] Appending to PATH: /media/red/Wolbachia_phylogeny_new/.snakemake/conda/8cd680523f41e5449a78b29be8f1b505/bin
[14:37:19] Looking for 'aragorn' - found /media/red/Wolbachia_phylogeny_new/.snakemake/conda/8cd680523f41e5449a78b29be8f1b505/bin/aragorn
[14:37:19] Determined aragorn version is 001002 from 'ARAGORN v1.2.38 Dean Laslett'
[14:37:19] Looking for 'barrnap' - found /media/red/Wolbachia_phylogeny_new/.snakemake/conda/8cd680523f41e5449a78b29be8f1b505/bin/barrnap
[14:37:19] Determined barrnap version is 000009 from 'barrnap 0.9'
[14:37:19] Looking for 'blastp' - found /media/red/Wolbachia_phylogeny_new/.snakemake/conda/8cd680523f41e5449a78b29be8f1b505/bin/blastp
[14:37:21] Determined blastp version is 002012 from 'blastp: 2.12.0+'
[14:37:21] Looking for 'cmpress' - found /media/red/Wolbachia_phylogeny_new/.snakemake/conda/8cd680523f41e5449a78b29be8f1b505/bin/cmpress
[14:37:21] Determined cmpress version is 001001 from '# INFERNAL 1.1.4 (Dec 2020)'
[14:37:21] Looking for 'cmscan' - found /media/red/Wolbachia_phylogeny_new/.snakemake/conda/8cd680523f41e5449a78b29be8f1b505/bin/cmscan
[14:37:21] Determined cmscan version is 001001 from '# INFERNAL 1.1.4 (Dec 2020)'
[14:37:21] Looking for 'egrep' - found /bin/egrep
[14:37:21] Looking for 'find' - found /usr/bin/find
[14:37:21] Looking for 'grep' - found /bin/grep
[14:37:21] Looking for 'hmmpress' - found /media/red/Wolbachia_phylogeny_new/.snakemake/conda/8cd680523f41e5449a78b29be8f1b505/bin/hmmpress
[14:37:21] Determined hmmpress version is 003003 from '# HMMER 3.3.2 (Nov 2020); http://hmmer.org/'
[14:37:21] Looking for 'hmmscan' - found /media/red/Wolbachia_phylogeny_new/.snakemake/conda/8cd680523f41e5449a78b29be8f1b505/bin/hmmscan
[14:37:21] Determined hmmscan version is 003003 from '# HMMER 3.3.2 (Nov 2020); http://hmmer.org/'
[14:37:21] Looking for 'java' - found /media/red/Wolbachia_phylogeny_new/.snakemake/conda/8cd680523f41e5449a78b29be8f1b505/bin/java
[14:37:21] Looking for 'makeblastdb' - found /media/red/Wolbachia_phylogeny_new/.snakemake/conda/8cd680523f41e5449a78b29be8f1b505/bin/makeblastdb
[14:37:22] Determined makeblastdb version is 002012 from 'makeblastdb: 2.12.0+'
[14:37:22] Looking for 'minced' - found /media/red/Wolbachia_phylogeny_new/.snakemake/conda/8cd680523f41e5449a78b29be8f1b505/bin/minced
[14:37:22] Determined minced version is 004002 from 'minced 0.4.2'
[14:37:22] Looking for 'parallel' - found /media/red/Wolbachia_phylogeny_new/.snakemake/conda/8cd680523f41e5449a78b29be8f1b505/bin/parallel
[14:37:22] Determined parallel version is 20211022 from 'GNU parallel 20211022'
[14:37:22] Looking for 'prodigal' - found /media/red/Wolbachia_phylogeny_new/.snakemake/conda/8cd680523f41e5449a78b29be8f1b505/bin/prodigal
[14:37:22] Determined prodigal version is 002006 from 'Prodigal V2.6.3: February, 2016'
[14:37:22] Looking for 'prokka-genbank_to_fasta_db' - found /media/red/Wolbachia_phylogeny_new/.snakemake/conda/8cd680523f41e5449a78b29be8f1b505/bin/prokka-genbank_to_fasta_db
[14:37:22] Looking for 'sed' - found /bin/sed
[14:37:22] Looking for 'tbl2asn' - found /media/red/Wolbachia_phylogeny_new/.snakemake/conda/8cd680523f41e5449a78b29be8f1b505/bin/tbl2asn
[14:37:22] Determined tbl2asn version is 025007 from 'tbl2asn 25.7   arguments:'
[14:37:22] Using genetic code table 11.
[14:37:22] Loading and checking input file: genome_fastas/wDacA.fas
[14:37:22] Wrote 157 contigs totalling 1170639 bp.
[14:37:22] Predicting tRNAs and tmRNAs
[14:37:22] Running: aragorn -l -gc11  -w annotation\/wDacA\/wDacA\.fna
[14:37:23] 1 tRNA-Met [892,968] 35 (cat)
[14:37:23] 1 tRNA-Ser [800,888] 35 (tga)
[14:37:23] 1 tRNA-Lys [349,424] 34 (ttt)
[14:37:23] 1 tRNA-Val c[372,444] 34 (tac)
[14:37:23] 1 tRNA-Leu c[10222,10304] 35 (tag)
[14:37:23] 1 tRNA-Cys c[33010,33082] 34 (gca)
[14:37:23] 1 tRNA-Ser c[14998,15090] 36 (gct)
[14:37:23] 1 tRNA-Leu c[1556,1639] 34 (caa)
[14:37:23] 1 tRNA-His [28011,28086] 34 (gtg)
[14:37:23] 1 tRNA-Pro [625,700] 36 (tgg)
[14:37:23] 1 tRNA-Ser c[4072,4159] 35 (gga)
[14:37:23] 1 tRNA-Leu [12481,12568] 35 (gag)
[14:37:23] 2 tRNA-Arg [28951,29025] 35 (ccg)
[14:37:23] 1 tRNA-Gly c[4149,4222] 34 (gcc)
[14:37:23] 2 tRNA-Met [5513,5589] 35 (cat)
[14:37:23] 1 tRNA-Trp [68,141] 34 (cca)
[14:37:23] 1 tmRNA* [6357,6688] 194,241 ANDNFAAEDNVAIAA*
[14:37:23] 1 tRNA-Phe c[4153,4226] 34 (gaa)
[14:37:23] 2 tRNA-Asp [10008,10084] 35 (gtc)
[14:37:23] 1 tRNA-Val c[6443,6516] 34 (gac)
[14:37:23] 1 tRNA-Arg [2573,2650] 36 (acg)
[14:37:23] 1 tRNA-Arg c[260,336] 35 (cct)
[14:37:23] 1 tRNA-Glu c[9417,9489] 34 (ttc)
[14:37:23] 1 tRNA-Gln [8785,8859] 33 (ttg)
[14:37:23] 1 tRNA-Arg [3008,3082] 35 (tct)
[14:37:23] 1 tRNA-Thr [8053,8126] 34 (tgt)
[14:37:23] 1 tRNA-Met [4906,4979] 34 (cat)
[14:37:23] 1 tRNA-Thr c[5730,5803] 34 (ggt)
[14:37:23] 1 tRNA-Leu [5171,5257] 35 (taa)
[14:37:23] 1 tRNA-Ile [1282,1358] 35 (gat)
[14:37:23] 1 tRNA-Asn c[4025,4097] 33 (gtt)
[14:37:23] 1 tRNA-Leu [2423,2508] 35 (cag)
[14:37:23] Found 32 tRNAs
[14:37:23] Predicting Ribosomal RNAs
[14:37:23] Running Barrnap with 8 threads
[14:37:23] 1 LSYX01000105.1 126 5S ribosomal RNA
[14:37:23] 2 LSYX01000109.1 1 16S ribosomal RNA (partial)
[14:37:23] Found 2 rRNAs
[14:37:23] Skipping ncRNA search, enable with --rfam if desired.
[14:37:23] Total of 33 tRNA + rRNA features
[14:37:23] Searching for CRISPR repeats
[14:37:23] Found 0 CRISPRs
[14:37:23] Predicting coding sequences
[14:37:23] Contigs total 1170639 bp, so using single mode
[14:37:23] Running: prodigal -i annotation\/wDacA\/wDacA\.fna -c -m -g 11 -p single -f sco -q
[14:37:24] Excluding CDS which overlaps existing RNA (tRNA) at LSYX01000035.1:515..928 on - strand
[14:37:24] Excluding CDS which overlaps existing RNA (tRNA) at LSYX01000066.1:10140..10298 on - strand
[14:37:24] Excluding CDS which overlaps existing RNA (tRNA) at LSYX01000102.1:8528..8794 on + strand
[14:37:24] Excluding CDS which overlaps existing RNA (tRNA) at LSYX01000106.1:3614..4906 on + strand
[14:37:24] Excluding CDS which overlaps existing RNA (rRNA) at LSYX01000109.1:496..747 on + strand
[14:37:25] Excluding CDS which overlaps existing RNA (tRNA) at LSYX01000140.1:2481..3062 on + strand
[14:37:25] Found 1136 CDS
[14:37:25] Connecting features back to sequences
[14:37:25] Not using genus-specific database. Try --usegenus to enable it.
[14:37:25] Annotating CDS, please be patient.
[14:37:25] Will use 8 CPUs for similarity searching.
[14:37:25] There are still 1136 unannotated CDS left (started with 1136)
[14:37:25] Will use blast to search against /media/red/Wolbachia_phylogeny_new/.snakemake/conda/8cd680523f41e5449a78b29be8f1b505/db/kingdom/Bacteria/IS with 8 CPUs
[14:37:25] Running: cat annotation\/wDacA\/wDacA\.IS\.tmp\.86548\.faa | parallel --gnu --plain -j 8 --block 20120 --recstart '>' --pipe blastp -query - -db /media/red/Wolbachia_phylogeny_new/.snakemake/conda/8cd680523f41e5449a78b29be8f1b505/db/kingdom/Bacteria/IS -evalue 1e-30 -qcov_hsp_perc 90 -num_threads 1 -num_descriptions 1 -num_alignments 1 -seg no > annotation\/wDacA\/wDacA\.IS\.tmp\.86548\.blast 2> /dev/null
[14:37:32] Deleting unwanted file: annotation/wDacA/wDacA.IS.tmp.86548.faa
[14:37:32] Deleting unwanted file: annotation/wDacA/wDacA.IS.tmp.86548.blast
[14:37:32] There are still 1081 unannotated CDS left (started with 1136)
[14:37:32] Will use blast to search against /media/red/Wolbachia_phylogeny_new/.snakemake/conda/8cd680523f41e5449a78b29be8f1b505/db/kingdom/Bacteria/AMR with 8 CPUs
[14:37:32] Running: cat annotation\/wDacA\/wDacA\.AMR\.tmp\.86548\.faa | parallel --gnu --plain -j 8 --block 19494 --recstart '>' --pipe blastp -query - -db /media/red/Wolbachia_phylogeny_new/.snakemake/conda/8cd680523f41e5449a78b29be8f1b505/db/kingdom/Bacteria/AMR -evalue 9.99999999999999e-301 -qcov_hsp_perc 90 -num_threads 1 -num_descriptions 1 -num_alignments 1 -seg no > annotation\/wDacA\/wDacA\.AMR\.tmp\.86548\.blast 2> /dev/null
[14:37:38] Deleting unwanted file: annotation/wDacA/wDacA.AMR.tmp.86548.faa
[14:37:38] Deleting unwanted file: annotation/wDacA/wDacA.AMR.tmp.86548.blast
[14:37:38] There are still 1081 unannotated CDS left (started with 1136)
[14:37:38] Will use blast to search against /media/red/Wolbachia_phylogeny_new/.snakemake/conda/8cd680523f41e5449a78b29be8f1b505/db/kingdom/Bacteria/sprot with 8 CPUs
[14:37:38] Running: cat annotation\/wDacA\/wDacA\.sprot\.tmp\.86548\.faa | parallel --gnu --plain -j 8 --block 19494 --recstart '>' --pipe blastp -query - -db /media/red/Wolbachia_phylogeny_new/.snakemake/conda/8cd680523f41e5449a78b29be8f1b505/db/kingdom/Bacteria/sprot -evalue 1e-09 -qcov_hsp_perc 80 -num_threads 1 -num_descriptions 1 -num_alignments 1 -seg no > annotation\/wDacA\/wDacA\.sprot\.tmp\.86548\.blast 2> /dev/null
[14:37:51] Modify product: Uncharacterized oxidoreductase YciK => putative oxidoreductase YciK
[14:37:51] Modify product: UPF0758 protein => hypothetical protein
[14:37:51] Modify product: Probable chromosome-partitioning protein ParB => putative chromosome-partitioning protein ParB
[14:37:51] Modify product: Putative multidrug export ATP-binding/permease protein SAV1866 => Putative multidrug export ATP-binding/permease protein
[14:37:51] Modify product: SCO1 protein homolog => SCO1 protein 
[14:37:51] Modify product: Probable protein kinase UbiB => putative protein kinase UbiB
[14:37:51] Modify product: UPF0053 inner membrane protein YoaE => hypothetical protein
[14:37:51] Modify product: Uncharacterized zinc protease Rv2782c => putative zinc protease
[14:37:51] Modify product: Probable ribonucleotide transport ATP-binding protein mkl => putative ribonucleotide transport ATP-binding protein mkl
[14:37:51] Modify product: Probable lipid II flippase MurJ => putative lipid II flippase MurJ
[14:37:51] Modify product: Probable oxidoreductase CT_610 => putative oxidoreductase CT_610
[14:37:52] Modify product: Cytochrome b561 homolog 2 => Cytochrome b561 
[14:37:52] Modify product: Bifunctional protein FolD => Bifunctional protein FolD protein
[14:37:52] Modify product: UPF0335 protein CCNA_03428 => hypothetical protein
[14:37:52] Modify product: UPF0053 protein HI_0107 => hypothetical protein
[14:37:52] Modify product: UPF0758 protein => hypothetical protein
[14:37:52] Modify product: UPF0176 protein lpg2838 => hypothetical protein
[14:37:52] Modify product: Probable peptidoglycan glycosyltransferase FtsW => putative peptidoglycan glycosyltransferase FtsW
[14:37:52] Modify product: Uncharacterized ABC transporter ATP-binding protein TM_0288 => putative ABC transporter ATP-binding protein
[14:37:52] Modify product: Probable GTP-binding protein EngB => putative GTP-binding protein EngB
[14:37:52] Modify product: Probable transcriptional regulatory protein aq_1575 => putative transcriptional regulatory protein
[14:37:52] Modify product: Uncharacterized protein RP812 => putative protein RP812
[14:37:52] Modify product: Uncharacterized zinc protease Rv2782c => putative zinc protease
[14:37:52] Modify product: Uncharacterized zinc protease Rv2782c => putative zinc protease
[14:37:52] Modify product: Uncharacterized HIT-like protein HP_0404 => putative HIT-like protein
[14:37:52] Modify product: Uncharacterized metal-dependent hydrolase YcfH => putative metal-dependent hydrolase YcfH
[14:37:52] Cleaned 26 /product names
[14:37:52] Deleting unwanted file: annotation/wDacA/wDacA.sprot.tmp.86548.faa
[14:37:52] Deleting unwanted file: annotation/wDacA/wDacA.sprot.tmp.86548.blast
[14:37:52] There are still 598 unannotated CDS left (started with 1136)
[14:37:52] Will use hmmer3 to search against /media/red/Wolbachia_phylogeny_new/.snakemake/conda/8cd680523f41e5449a78b29be8f1b505/db/hmm/HAMAP.hmm with 8 CPUs
[14:37:52] Running: cat annotation\/wDacA\/wDacA\.HAMAP\.hmm\.tmp\.86548\.faa | parallel --gnu --plain -j 8 --block 9103 --recstart '>' --pipe hmmscan --noali --notextw --acc -E 1e-09 --cpu 1 /media/red/Wolbachia_phylogeny_new/.snakemake/conda/8cd680523f41e5449a78b29be8f1b505/db/hmm/HAMAP.hmm /dev/stdin > annotation\/wDacA\/wDacA\.HAMAP\.hmm\.tmp\.86548\.hmmer3 2> /dev/null
[14:37:56] Deleting unwanted file: annotation/wDacA/wDacA.HAMAP.hmm.tmp.86548.faa
[14:37:56] Deleting unwanted file: annotation/wDacA/wDacA.HAMAP.hmm.tmp.86548.hmmer3
[14:37:56] Labelling remaining 534 proteins as 'hypothetical protein'
[14:37:56] Possible /pseudo 'Guanidinium exporter' at LSYX01000073.1 position 14180
[14:37:56] Possible /pseudo 'putative zinc protease' at LSYX01000117.1 position 4412
[14:37:56] Found 496 unique /gene codes.
[14:37:56] Fixed 2 duplicate /gene - atpD_1 atpD_2
[14:37:56] Fixed 2 duplicate /gene - purL_1 purL_2
[14:37:56] Fixed 2 duplicate /gene - iscS_1 iscS_2
[14:37:56] Fixed 3 duplicate /gene - dnaJ_1 dnaJ_2 dnaJ_3
[14:37:56] Fixed 2 duplicate /gene - proP_1 proP_2
[14:37:56] Fixed 3 duplicate /gene - yhcG_1 yhcG_2 yhcG_3
[14:37:56] Fixed 2 duplicate /gene - tadA_1 tadA_2
[14:37:56] Fixed 2 duplicate /gene - COQ3_1 COQ3_2
[14:37:56] Fixed 2 duplicate /gene - smc_1 smc_2
[14:37:56] Fixed 2 duplicate /gene - tenA_1 tenA_2
[14:37:56] Fixed 2 duplicate /gene - gdx_1 gdx_2
[14:37:56] Fixed 2 duplicate /gene - prfA_1 prfA_2
[14:37:56] Fixed 2 duplicate /gene - virB4_1 virB4_2
[14:37:56] Fixed 2 duplicate /gene - rnd_1 rnd_2
[14:37:56] Fixed 2 duplicate /gene - surA_1 surA_2
[14:37:56] Fixed 2 duplicate /gene - mutL_1 mutL_2
[14:37:56] Fixed 2 duplicate /gene - alsT_1 alsT_2
[14:37:56] Fixed 2 duplicate /gene - rcsC_1 rcsC_2
[14:37:56] Fixed 2 duplicate /gene - argD_1 argD_2
[14:37:56] Fixed 2 duplicate /gene - atpG_1 atpG_2
[14:37:56] Fixed 20 colliding /gene names.
[14:37:56] Adding /locus_tag identifiers
[14:37:56] Assigned 1170 locus_tags to CDS and RNA features.
[14:37:56] Writing outputs to annotation/wDacA/
[14:37:57] Generating annotation statistics file
[14:37:57] Generating Genbank and Sequin files
[14:37:57] Running: tbl2asn -V b -a r10k -l paired-ends -M n -N 1 -y 'Annotated using prokka 1.14.6 from https://github.com/tseemann/prokka' -Z annotation\/wDacA\/wDacA\.err -i annotation\/wDacA\/wDacA\.fsa 2> /dev/null
[14:37:58] Deleting unwanted file: annotation/wDacA/errorsummary.val
[14:37:58] Deleting unwanted file: annotation/wDacA/wDacA.dr
[14:37:58] Deleting unwanted file: annotation/wDacA/wDacA.fixedproducts
[14:37:58] Deleting unwanted file: annotation/wDacA/wDacA.ecn
[14:37:58] Deleting unwanted file: annotation/wDacA/wDacA.val
[14:37:58] Repairing broken .GBK output that tbl2asn produces...
[14:37:58] Running: sed 's/COORDINATES: profile/COORDINATES:profile/' < annotation\/wDacA\/wDacA\.gbf > annotation\/wDacA\/wDacA\.gbk
[14:37:58] Deleting unwanted file: annotation/wDacA/wDacA.gbf
[14:37:58] Output files:
[14:37:58] annotation/wDacA/wDacA.fna
[14:37:58] annotation/wDacA/wDacA.gbk
[14:37:58] annotation/wDacA/wDacA.log
[14:37:58] annotation/wDacA/wDacA.tsv
[14:37:58] annotation/wDacA/wDacA.ffn
[14:37:58] annotation/wDacA/wDacA.err
[14:37:58] annotation/wDacA/wDacA.txt
[14:37:58] annotation/wDacA/wDacA.sqn
[14:37:58] annotation/wDacA/wDacA.fsa
[14:37:58] annotation/wDacA/wDacA.tbl
[14:37:58] annotation/wDacA/wDacA.faa
[14:37:58] annotation/wDacA/wDacA.gff
[14:37:58] Annotation finished successfully.
[14:37:58] Walltime used: 0.65 minutes
[14:37:58] If you use this result please cite the Prokka paper:
[14:37:58] Seemann T (2014) Prokka: rapid prokaryotic genome annotation. Bioinformatics. 30(14):2068-9.
[14:37:58] Type 'prokka --citation' for more details.
[14:37:58] Share and enjoy!
