[14:34:44] This is prokka 1.14.6
[14:34:44] Written by Torsten Seemann <torsten.seemann@gmail.com>
[14:34:44] Homepage is https://github.com/tseemann/prokka
[14:34:44] Local time is Fri Mar  4 14:34:44 2022
[14:34:44] You are gerth
[14:34:44] Operating system is linux
[14:34:44] You have BioPerl 1.007002
[14:34:44] System has 64 cores.
[14:34:44] Will use maximum of 8 cores.
[14:34:44] Annotating as >>> Bacteria <<<
[14:34:44] Re-using existing --outdir annotation/wNca
[14:34:44] Using filename prefix: wNca.XXX
[14:34:44] Setting HMMER_NCPU=1
[14:34:44] Writing log to: annotation/wNca/wNca.log
[14:34:44] Command: /media/red/Wolbachia_phylogeny_new/.snakemake/conda/8cd680523f41e5449a78b29be8f1b505/bin/prokka --outdir annotation/wNca --force --prefix wNca --locustag wNca --cpus 8 --genus Wolbachia --species sp. --strain wNca genome_fastas/wNca.fas
[14:34:44] Appending to PATH: /media/red/Wolbachia_phylogeny_new/.snakemake/conda/8cd680523f41e5449a78b29be8f1b505/bin
[14:34:44] Looking for 'aragorn' - found /media/red/Wolbachia_phylogeny_new/.snakemake/conda/8cd680523f41e5449a78b29be8f1b505/bin/aragorn
[14:34:44] Determined aragorn version is 001002 from 'ARAGORN v1.2.38 Dean Laslett'
[14:34:44] Looking for 'barrnap' - found /media/red/Wolbachia_phylogeny_new/.snakemake/conda/8cd680523f41e5449a78b29be8f1b505/bin/barrnap
[14:34:44] Determined barrnap version is 000009 from 'barrnap 0.9'
[14:34:44] Looking for 'blastp' - found /media/red/Wolbachia_phylogeny_new/.snakemake/conda/8cd680523f41e5449a78b29be8f1b505/bin/blastp
[14:34:45] Determined blastp version is 002012 from 'blastp: 2.12.0+'
[14:34:45] Looking for 'cmpress' - found /media/red/Wolbachia_phylogeny_new/.snakemake/conda/8cd680523f41e5449a78b29be8f1b505/bin/cmpress
[14:34:45] Determined cmpress version is 001001 from '# INFERNAL 1.1.4 (Dec 2020)'
[14:34:45] Looking for 'cmscan' - found /media/red/Wolbachia_phylogeny_new/.snakemake/conda/8cd680523f41e5449a78b29be8f1b505/bin/cmscan
[14:34:45] Determined cmscan version is 001001 from '# INFERNAL 1.1.4 (Dec 2020)'
[14:34:45] Looking for 'egrep' - found /bin/egrep
[14:34:45] Looking for 'find' - found /usr/bin/find
[14:34:45] Looking for 'grep' - found /bin/grep
[14:34:45] Looking for 'hmmpress' - found /media/red/Wolbachia_phylogeny_new/.snakemake/conda/8cd680523f41e5449a78b29be8f1b505/bin/hmmpress
[14:34:45] Determined hmmpress version is 003003 from '# HMMER 3.3.2 (Nov 2020); http://hmmer.org/'
[14:34:45] Looking for 'hmmscan' - found /media/red/Wolbachia_phylogeny_new/.snakemake/conda/8cd680523f41e5449a78b29be8f1b505/bin/hmmscan
[14:34:45] Determined hmmscan version is 003003 from '# HMMER 3.3.2 (Nov 2020); http://hmmer.org/'
[14:34:45] Looking for 'java' - found /media/red/Wolbachia_phylogeny_new/.snakemake/conda/8cd680523f41e5449a78b29be8f1b505/bin/java
[14:34:45] Looking for 'makeblastdb' - found /media/red/Wolbachia_phylogeny_new/.snakemake/conda/8cd680523f41e5449a78b29be8f1b505/bin/makeblastdb
[14:35:17] Determined makeblastdb version is 002012 from 'makeblastdb: 2.12.0+'
[14:35:17] Looking for 'minced' - found /media/red/Wolbachia_phylogeny_new/.snakemake/conda/8cd680523f41e5449a78b29be8f1b505/bin/minced
[14:35:18] Determined minced version is 004002 from 'minced 0.4.2'
[14:35:18] Looking for 'parallel' - found /media/red/Wolbachia_phylogeny_new/.snakemake/conda/8cd680523f41e5449a78b29be8f1b505/bin/parallel
[14:35:18] Determined parallel version is 20211022 from 'GNU parallel 20211022'
[14:35:18] Looking for 'prodigal' - found /media/red/Wolbachia_phylogeny_new/.snakemake/conda/8cd680523f41e5449a78b29be8f1b505/bin/prodigal
[14:35:18] Determined prodigal version is 002006 from 'Prodigal V2.6.3: February, 2016'
[14:35:18] Looking for 'prokka-genbank_to_fasta_db' - found /media/red/Wolbachia_phylogeny_new/.snakemake/conda/8cd680523f41e5449a78b29be8f1b505/bin/prokka-genbank_to_fasta_db
[14:35:18] Looking for 'sed' - found /bin/sed
[14:35:18] Looking for 'tbl2asn' - found /media/red/Wolbachia_phylogeny_new/.snakemake/conda/8cd680523f41e5449a78b29be8f1b505/bin/tbl2asn
[14:35:18] Determined tbl2asn version is 025007 from 'tbl2asn 25.7   arguments:'
[14:35:18] Using genetic code table 11.
[14:35:18] Loading and checking input file: genome_fastas/wNca.fas
[14:35:18] Wrote 153 contigs totalling 1284621 bp.
[14:35:18] Predicting tRNAs and tmRNAs
[14:35:18] Running: aragorn -l -gc11  -w annotation\/wNca\/wNca\.fna
[14:35:18] 1 tRNA-Glu [8034,8108] 34 (ttc)
[14:35:18] 1 tRNA-Arg [10392,10465] 35 (cct)
[14:35:18] 2 tRNA-Gln c[17745,17819] 33 (ttg)
[14:35:18] 1 tRNA-Ser [4456,4547] 35 (gct)
[14:35:18] 1 tRNA-Met [16608,16681] 34 (cat)
[14:35:18] 1 tRNA-Arg [6414,6488] 35 (tct)
[14:35:18] 1 tRNA-Trp [127,200] 34 (cca)
[14:35:18] 1 tRNA-Ala c[14785,14860] 34 (tgc)
[14:35:18] 1 tmRNA* c[8074,8405] 194,241 ANDNFAAEDNVAVAA*
[14:35:18] 1 tRNA-Val [3830,3902] 34 (tac)
[14:35:18] 2 tRNA-Ser c[10660,10748] 35 (tga)
[14:35:18] 1 tRNA-Val c[2273,2347] 35 (gac)
[14:35:18] 1 tRNA-Leu [5330,5412] 35 (tag)
[14:35:18] 1 tRNA-Thr [11298,11371] 34 (tgt)
[14:35:18] 1 tRNA-Leu [3859,3946] 35 (gag)
[14:35:18] 1 tRNA-Leu c[7582,7668] 35 (taa)
[14:35:18] 1 tRNA-Arg c[3472,3546] 35 (ccg)
[14:35:18] 1 tRNA-Arg c[9794,9868] 36 (acg)
[14:35:18] 1 tRNA-Phe c[1586,1659] 34 (gaa)
[14:35:18] 2 tRNA-Asp [7185,7259] 35 (gtc)
[14:35:18] 1 tRNA-Pro [3399,3475] 35 (tgg)
[14:35:18] 1 tRNA-Leu c[1272,1357] 35 (cag)
[14:35:18] 1 tRNA-Ser c[2586,2674] 36 (gga)
[14:35:18] 1 tRNA-Thr [3246,3319] 34 (ggt)
[14:35:18] 1 tRNA-Met c[4553,4629] 35 (cat)
[14:35:18] 2 tRNA-Gly [5884,5957] 34 (gcc)
[14:35:18] 1 tRNA-Ile c[4300,4376] 35 (gat)
[14:35:18] 1 tRNA-Met c[168,244] 35 (cat)
[14:35:18] 1 tRNA-Cys [3590,3662] 34 (gca)
[14:35:18] 1 tRNA-Lys [226,300] 35 (ttt)
[14:35:18] 1 tRNA-Leu [1806,1889] 34 (caa)
[14:35:18] 1 tRNA-Asn c[1743,1815] 33 (gtt)
[14:35:18] 1 tRNA-Tyr [1626,1709] 36 (gta)
[14:35:18] 2 tRNA-Gly [1713,1785] 34 (tcc)
[14:35:18] Found 34 tRNAs
[14:35:18] Predicting Ribosomal RNAs
[14:35:18] Running Barrnap with 8 threads
[14:35:19] 1 NODE_1349 6951 16S ribosomal RNA
[14:35:19] 2 NODE_1846 8389 5S ribosomal RNA (partial)
[14:35:19] 3 NODE_1846 8552 23S ribosomal RNA
[14:35:19] Found 3 rRNAs
[14:35:19] Skipping ncRNA search, enable with --rfam if desired.
[14:35:19] Total of 36 tRNA + rRNA features
[14:35:19] Searching for CRISPR repeats
[14:35:19] Found 0 CRISPRs
[14:35:19] Predicting coding sequences
[14:35:19] Contigs total 1284621 bp, so using single mode
[14:35:19] Running: prodigal -i annotation\/wNca\/wNca\.fna -c -m -g 11 -p single -f sco -q
[14:35:20] Excluding CDS which overlaps existing RNA (tRNA) at NODE_1571:15256..16617 on + strand
[14:35:20] Excluding CDS which overlaps existing RNA (tRNA) at NODE_2260:10638..10742 on - strand
[14:35:20] Excluding CDS which overlaps existing RNA (tRNA) at NODE_4564:3237..3353 on + strand
[14:35:20] Excluding CDS which overlaps existing RNA (tRNA) at NODE_5793:208..2370 on + strand
[14:35:20] Found 1197 CDS
[14:35:20] Connecting features back to sequences
[14:35:20] Not using genus-specific database. Try --usegenus to enable it.
[14:35:20] Annotating CDS, please be patient.
[14:35:20] Will use 8 CPUs for similarity searching.
[14:35:20] There are still 1197 unannotated CDS left (started with 1197)
[14:35:20] Will use blast to search against /media/red/Wolbachia_phylogeny_new/.snakemake/conda/8cd680523f41e5449a78b29be8f1b505/db/kingdom/Bacteria/IS with 8 CPUs
[14:35:20] Running: cat annotation\/wNca\/wNca\.IS\.tmp\.72288\.faa | parallel --gnu --plain -j 8 --block 22482 --recstart '>' --pipe blastp -query - -db /media/red/Wolbachia_phylogeny_new/.snakemake/conda/8cd680523f41e5449a78b29be8f1b505/db/kingdom/Bacteria/IS -evalue 1e-30 -qcov_hsp_perc 90 -num_threads 1 -num_descriptions 1 -num_alignments 1 -seg no > annotation\/wNca\/wNca\.IS\.tmp\.72288\.blast 2> /dev/null
[14:35:55] Deleting unwanted file: annotation/wNca/wNca.IS.tmp.72288.faa
[14:35:55] Deleting unwanted file: annotation/wNca/wNca.IS.tmp.72288.blast
[14:35:55] There are still 1186 unannotated CDS left (started with 1197)
[14:35:55] Will use blast to search against /media/red/Wolbachia_phylogeny_new/.snakemake/conda/8cd680523f41e5449a78b29be8f1b505/db/kingdom/Bacteria/AMR with 8 CPUs
[14:35:55] Running: cat annotation\/wNca\/wNca\.AMR\.tmp\.72288\.faa | parallel --gnu --plain -j 8 --block 22340 --recstart '>' --pipe blastp -query - -db /media/red/Wolbachia_phylogeny_new/.snakemake/conda/8cd680523f41e5449a78b29be8f1b505/db/kingdom/Bacteria/AMR -evalue 9.99999999999999e-301 -qcov_hsp_perc 90 -num_threads 1 -num_descriptions 1 -num_alignments 1 -seg no > annotation\/wNca\/wNca\.AMR\.tmp\.72288\.blast 2> /dev/null
[14:36:29] Deleting unwanted file: annotation/wNca/wNca.AMR.tmp.72288.faa
[14:36:29] Deleting unwanted file: annotation/wNca/wNca.AMR.tmp.72288.blast
[14:36:30] There are still 1186 unannotated CDS left (started with 1197)
[14:36:30] Will use blast to search against /media/red/Wolbachia_phylogeny_new/.snakemake/conda/8cd680523f41e5449a78b29be8f1b505/db/kingdom/Bacteria/sprot with 8 CPUs
[14:36:30] Running: cat annotation\/wNca\/wNca\.sprot\.tmp\.72288\.faa | parallel --gnu --plain -j 8 --block 22340 --recstart '>' --pipe blastp -query - -db /media/red/Wolbachia_phylogeny_new/.snakemake/conda/8cd680523f41e5449a78b29be8f1b505/db/kingdom/Bacteria/sprot -evalue 1e-09 -qcov_hsp_perc 80 -num_threads 1 -num_descriptions 1 -num_alignments 1 -seg no > annotation\/wNca\/wNca\.sprot\.tmp\.72288\.blast 2> /dev/null
[14:37:12] Modify product: Probable chromosome-partitioning protein ParB => putative chromosome-partitioning protein ParB
[14:37:12] Modify product: Uncharacterized protein RP812 => putative protein RP812
[14:37:12] Modify product: Probable transcriptional regulatory protein aq_1575 => putative transcriptional regulatory protein
[14:37:12] Modify product: UPF0758 protein => hypothetical protein
[14:37:12] Modify product: Uncharacterized HIT-like protein HP_0404 => putative HIT-like protein
[14:37:12] Modify product: Uncharacterized metal-dependent hydrolase YcfH => putative metal-dependent hydrolase YcfH
[14:37:12] Modify product: GTP-binding protein TypA/BipA homolog => GTP-binding protein TypA/BipA 
[14:37:12] Modify product: Probable murein peptide carboxypeptidase => putative murein peptide carboxypeptidase
[14:37:12] Modify product: Uncharacterized zinc protease Rv2782c => putative zinc protease
[14:37:12] Modify product: Uncharacterized zinc protease Rv2782c => putative zinc protease
[14:37:12] Modify product: Cytochrome b561 homolog 2 => Cytochrome b561 
[14:37:12] Modify product: Putative multidrug export ATP-binding/permease protein SAV1866 => Putative multidrug export ATP-binding/permease protein
[14:37:12] Modify product: Uncharacterized oxidoreductase YciK => putative oxidoreductase YciK
[14:37:12] Modify product: Bifunctional protein FolD => Bifunctional protein FolD protein
[14:37:12] Modify product: UPF0335 protein CCNA_03428 => hypothetical protein
[14:37:12] Modify product: UPF0053 protein HI_0107 => hypothetical protein
[14:37:12] Modify product: Probable oxidoreductase CT_610 => putative oxidoreductase CT_610
[14:37:12] Modify product: UPF0053 inner membrane protein YoaE => hypothetical protein
[14:37:12] Modify product: Probable lipid II flippase MurJ => putative lipid II flippase MurJ
[14:37:12] Modify product: Probable protein kinase UbiB => putative protein kinase UbiB
[14:37:12] Modify product: UPF0176 protein lpg2838 => hypothetical protein
[14:37:12] Modify product: Uncharacterized zinc protease Rv2782c => putative zinc protease
[14:37:12] Modify product: Probable peptidoglycan D,D-transpeptidase FtsI => putative peptidoglycan D,D-transpeptidase FtsI
[14:37:12] Modify product: Co-chaperone protein HscB homolog => Co-chaperone protein HscB 
[14:37:12] Modify product: Uncharacterized protein NMB0459 => putative protein
[14:37:12] Modify product: UPF0758 protein => hypothetical protein
[14:37:12] Modify product: Probable peptidoglycan glycosyltransferase FtsW => putative peptidoglycan glycosyltransferase FtsW
[14:37:13] Modify product: Putative multidrug export ATP-binding/permease protein SAV1866 => Putative multidrug export ATP-binding/permease protein
[14:37:13] Modify product: UPF0758 protein => hypothetical protein
[14:37:13] Modify product: Probable ribonucleotide transport ATP-binding protein mkl => putative ribonucleotide transport ATP-binding protein mkl
[14:37:13] Modify product: SCO1 protein homolog => SCO1 protein 
[14:37:13] Cleaned 31 /product names
[14:37:13] Deleting unwanted file: annotation/wNca/wNca.sprot.tmp.72288.faa
[14:37:13] Deleting unwanted file: annotation/wNca/wNca.sprot.tmp.72288.blast
[14:37:13] There are still 678 unannotated CDS left (started with 1197)
[14:37:13] Will use hmmer3 to search against /media/red/Wolbachia_phylogeny_new/.snakemake/conda/8cd680523f41e5449a78b29be8f1b505/db/hmm/HAMAP.hmm with 8 CPUs
[14:37:13] Running: cat annotation\/wNca\/wNca\.HAMAP\.hmm\.tmp\.72288\.faa | parallel --gnu --plain -j 8 --block 11169 --recstart '>' --pipe hmmscan --noali --notextw --acc -E 1e-09 --cpu 1 /media/red/Wolbachia_phylogeny_new/.snakemake/conda/8cd680523f41e5449a78b29be8f1b505/db/hmm/HAMAP.hmm /dev/stdin > annotation\/wNca\/wNca\.HAMAP\.hmm\.tmp\.72288\.hmmer3 2> /dev/null
[14:37:18] Deleting unwanted file: annotation/wNca/wNca.HAMAP.hmm.tmp.72288.faa
[14:37:18] Deleting unwanted file: annotation/wNca/wNca.HAMAP.hmm.tmp.72288.hmmer3
[14:37:18] Labelling remaining 617 proteins as 'hypothetical protein'
[14:37:18] Possible /pseudo 'putative zinc protease' at NODE_1354 position 14740
[14:37:18] Possible /pseudo 'ATP synthase subunit b' at NODE_1436 position 1819
[14:37:18] Possible /pseudo 'DNA mismatch repair protein MutL' at NODE_1623 position 624
[14:37:18] Possible /pseudo 'DNA ligase' at NODE_1623 position 16042
[14:37:18] Possible /pseudo 'Arginine/agmatine antiporter' at NODE_1648 position 1914
[14:37:18] Possible /pseudo 'Amino-acid carrier protein AlsT' at NODE_2001 position 11629
[14:37:18] Possible /pseudo 'ATP-dependent zinc metalloprotease FtsH' at NODE_2461 position 2180
[14:37:18] Possible /pseudo 'ATP-dependent zinc metalloprotease FtsH' at NODE_2461 position 3569
[14:37:18] Possible /pseudo 'DNA ligase' at NODE_2484 position 10228
[14:37:18] Possible /pseudo 'DNA ligase' at NODE_2484 position 10784
[14:37:18] Possible /pseudo 'DNA ligase' at NODE_2484 position 11100
[14:37:18] Possible /pseudo 'IS110 family transposase ISWpi13' at NODE_4052 position 955
[14:37:18] Possible /pseudo 'Aminopyrimidine aminohydrolase' at NODE_4936 position 2285
[14:37:18] Found 507 unique /gene codes.
[14:37:18] Fixed 7 duplicate /gene - ligA_1 ligA_2 ligA_3 ligA_4 ligA_5 ligA_6 ligA_7
[14:37:18] Fixed 3 duplicate /gene - ftsH_1 ftsH_2 ftsH_3
[14:37:18] Fixed 2 duplicate /gene - truB_1 truB_2
[14:37:18] Fixed 2 duplicate /gene - proP_1 proP_2
[14:37:18] Fixed 2 duplicate /gene - atpF_1 atpF_2
[14:37:18] Fixed 2 duplicate /gene - ankX_1 ankX_2
[14:37:18] Fixed 2 duplicate /gene - smc_1 smc_2
[14:37:18] Fixed 2 duplicate /gene - purL_1 purL_2
[14:37:18] Fixed 3 duplicate /gene - mutL_1 mutL_2 mutL_3
[14:37:18] Fixed 2 duplicate /gene - COQ3_1 COQ3_2
[14:37:18] Fixed 2 duplicate /gene - dnaA_1 dnaA_2
[14:37:18] Fixed 2 duplicate /gene - dnaJ_1 dnaJ_2
[14:37:18] Fixed 2 duplicate /gene - relG_1 relG_2
[14:37:18] Fixed 2 duplicate /gene - rcsC_1 rcsC_2
[14:37:18] Fixed 2 duplicate /gene - surA_1 surA_2
[14:37:18] Fixed 2 duplicate /gene - tenA_1 tenA_2
[14:37:18] Fixed 2 duplicate /gene - atpH_1 atpH_2
[14:37:18] Fixed 2 duplicate /gene - pld_1 pld_2
[14:37:18] Fixed 3 duplicate /gene - alsT_1 alsT_2 alsT_3
[14:37:18] Fixed 2 duplicate /gene - adiC_1 adiC_2
[14:37:18] Fixed 2 duplicate /gene - virB4_1 virB4_2
[14:37:18] Fixed 2 duplicate /gene - argD_1 argD_2
[14:37:18] Fixed 2 duplicate /gene - rnd_1 rnd_2
[14:37:18] Fixed 23 colliding /gene names.
[14:37:18] Adding /locus_tag identifiers
[14:37:18] Assigned 1234 locus_tags to CDS and RNA features.
[14:37:18] Writing outputs to annotation/wNca/
[14:37:19] Generating annotation statistics file
[14:37:19] Generating Genbank and Sequin files
[14:37:19] Running: tbl2asn -V b -a r10k -l paired-ends -M n -N 1 -y 'Annotated using prokka 1.14.6 from https://github.com/tseemann/prokka' -Z annotation\/wNca\/wNca\.err -i annotation\/wNca\/wNca\.fsa 2> /dev/null
[14:37:21] Deleting unwanted file: annotation/wNca/errorsummary.val
[14:37:21] Deleting unwanted file: annotation/wNca/wNca.dr
[14:37:21] Deleting unwanted file: annotation/wNca/wNca.fixedproducts
[14:37:21] Deleting unwanted file: annotation/wNca/wNca.ecn
[14:37:21] Deleting unwanted file: annotation/wNca/wNca.val
[14:37:21] Repairing broken .GBK output that tbl2asn produces...
[14:37:21] Running: sed 's/COORDINATES: profile/COORDINATES:profile/' < annotation\/wNca\/wNca\.gbf > annotation\/wNca\/wNca\.gbk
[14:37:21] Deleting unwanted file: annotation/wNca/wNca.gbf
[14:37:21] Output files:
[14:37:21] annotation/wNca/wNca.fsa
[14:37:21] annotation/wNca/wNca.gff
[14:37:21] annotation/wNca/wNca.tbl
[14:37:21] annotation/wNca/wNca.gbk
[14:37:21] annotation/wNca/wNca.fna
[14:37:21] annotation/wNca/wNca.sqn
[14:37:21] annotation/wNca/wNca.ffn
[14:37:21] annotation/wNca/wNca.log
[14:37:21] annotation/wNca/wNca.tsv
[14:37:21] annotation/wNca/wNca.txt
[14:37:21] annotation/wNca/wNca.err
[14:37:21] annotation/wNca/wNca.faa
[14:37:21] Annotation finished successfully.
[14:37:21] Walltime used: 2.62 minutes
[14:37:21] If you use this result please cite the Prokka paper:
[14:37:21] Seemann T (2014) Prokka: rapid prokaryotic genome annotation. Bioinformatics. 30(14):2068-9.
[14:37:21] Type 'prokka --citation' for more details.
[14:37:21] Share and enjoy!
