[14:37:40] This is prokka 1.14.6
[14:37:40] Written by Torsten Seemann <torsten.seemann@gmail.com>
[14:37:40] Homepage is https://github.com/tseemann/prokka
[14:37:40] Local time is Fri Mar  4 14:37:40 2022
[14:37:40] You are gerth
[14:37:40] Operating system is linux
[14:37:40] You have BioPerl 1.007002
[14:37:40] System has 64 cores.
[14:37:40] Will use maximum of 8 cores.
[14:37:40] Annotating as >>> Bacteria <<<
[14:37:40] Re-using existing --outdir annotation/wTpre
[14:37:40] Using filename prefix: wTpre.XXX
[14:37:40] Setting HMMER_NCPU=1
[14:37:40] Writing log to: annotation/wTpre/wTpre.log
[14:37:40] Command: /media/red/Wolbachia_phylogeny_new/.snakemake/conda/8cd680523f41e5449a78b29be8f1b505/bin/prokka --outdir annotation/wTpre --force --prefix wTpre --locustag wTpre --cpus 8 --genus Wolbachia --species sp. --strain wTpre genome_fastas/wTpre.fas
[14:37:40] Appending to PATH: /media/red/Wolbachia_phylogeny_new/.snakemake/conda/8cd680523f41e5449a78b29be8f1b505/bin
[14:37:40] Looking for 'aragorn' - found /media/red/Wolbachia_phylogeny_new/.snakemake/conda/8cd680523f41e5449a78b29be8f1b505/bin/aragorn
[14:37:40] Determined aragorn version is 001002 from 'ARAGORN v1.2.38 Dean Laslett'
[14:37:40] Looking for 'barrnap' - found /media/red/Wolbachia_phylogeny_new/.snakemake/conda/8cd680523f41e5449a78b29be8f1b505/bin/barrnap
[14:37:40] Determined barrnap version is 000009 from 'barrnap 0.9'
[14:37:40] Looking for 'blastp' - found /media/red/Wolbachia_phylogeny_new/.snakemake/conda/8cd680523f41e5449a78b29be8f1b505/bin/blastp
[14:37:41] Determined blastp version is 002012 from 'blastp: 2.12.0+'
[14:37:41] Looking for 'cmpress' - found /media/red/Wolbachia_phylogeny_new/.snakemake/conda/8cd680523f41e5449a78b29be8f1b505/bin/cmpress
[14:37:41] Determined cmpress version is 001001 from '# INFERNAL 1.1.4 (Dec 2020)'
[14:37:41] Looking for 'cmscan' - found /media/red/Wolbachia_phylogeny_new/.snakemake/conda/8cd680523f41e5449a78b29be8f1b505/bin/cmscan
[14:37:41] Determined cmscan version is 001001 from '# INFERNAL 1.1.4 (Dec 2020)'
[14:37:41] Looking for 'egrep' - found /bin/egrep
[14:37:41] Looking for 'find' - found /usr/bin/find
[14:37:41] Looking for 'grep' - found /bin/grep
[14:37:41] Looking for 'hmmpress' - found /media/red/Wolbachia_phylogeny_new/.snakemake/conda/8cd680523f41e5449a78b29be8f1b505/bin/hmmpress
[14:37:41] Determined hmmpress version is 003003 from '# HMMER 3.3.2 (Nov 2020); http://hmmer.org/'
[14:37:41] Looking for 'hmmscan' - found /media/red/Wolbachia_phylogeny_new/.snakemake/conda/8cd680523f41e5449a78b29be8f1b505/bin/hmmscan
[14:37:41] Determined hmmscan version is 003003 from '# HMMER 3.3.2 (Nov 2020); http://hmmer.org/'
[14:37:41] Looking for 'java' - found /media/red/Wolbachia_phylogeny_new/.snakemake/conda/8cd680523f41e5449a78b29be8f1b505/bin/java
[14:37:41] Looking for 'makeblastdb' - found /media/red/Wolbachia_phylogeny_new/.snakemake/conda/8cd680523f41e5449a78b29be8f1b505/bin/makeblastdb
[14:37:42] Determined makeblastdb version is 002012 from 'makeblastdb: 2.12.0+'
[14:37:42] Looking for 'minced' - found /media/red/Wolbachia_phylogeny_new/.snakemake/conda/8cd680523f41e5449a78b29be8f1b505/bin/minced
[14:37:43] Determined minced version is 004002 from 'minced 0.4.2'
[14:37:43] Looking for 'parallel' - found /media/red/Wolbachia_phylogeny_new/.snakemake/conda/8cd680523f41e5449a78b29be8f1b505/bin/parallel
[14:37:43] Determined parallel version is 20211022 from 'GNU parallel 20211022'
[14:37:43] Looking for 'prodigal' - found /media/red/Wolbachia_phylogeny_new/.snakemake/conda/8cd680523f41e5449a78b29be8f1b505/bin/prodigal
[14:37:43] Determined prodigal version is 002006 from 'Prodigal V2.6.3: February, 2016'
[14:37:43] Looking for 'prokka-genbank_to_fasta_db' - found /media/red/Wolbachia_phylogeny_new/.snakemake/conda/8cd680523f41e5449a78b29be8f1b505/bin/prokka-genbank_to_fasta_db
[14:37:43] Looking for 'sed' - found /bin/sed
[14:37:43] Looking for 'tbl2asn' - found /media/red/Wolbachia_phylogeny_new/.snakemake/conda/8cd680523f41e5449a78b29be8f1b505/bin/tbl2asn
[14:37:43] Determined tbl2asn version is 025007 from 'tbl2asn 25.7   arguments:'
[14:37:43] Using genetic code table 11.
[14:37:43] Loading and checking input file: genome_fastas/wTpre.fas
[14:37:43] Wrote 1 contigs totalling 1133809 bp.
[14:37:43] Predicting tRNAs and tmRNAs
[14:37:43] Running: aragorn -l -gc11  -w annotation\/wTpre\/wTpre\.fna
[14:37:43] 1 tRNA-Asn c[9277,9349] 33 (gtt)
[14:37:43] 2 tRNA-Arg [200518,200592] 35 (cct)
[14:37:43] 3 tRNA-Leu [212843,212930] 35 (gag)
[14:37:43] 4 tRNA-Asp c[238276,238352] 35 (gtc)
[14:37:43] 5 tRNA-Phe [257610,257683] 34 (gaa)
[14:37:43] 6 tRNA-Leu [311016,311099] 34 (caa)
[14:37:43] 7 tmRNA* c[387805,388137] 195,242 ANDNFAAEDNVALAA*
[14:37:43] 8 tRNA-Arg [405278,405355] 36 (acg)
[14:37:43] 9 tRNA-Leu [414214,414300] 35 (taa)
[14:37:43] 10 tRNA-Gly c[484506,484577] 33 (tcc)
[14:37:43] 11 tRNA-Tyr c[484580,484663] 36 (gta)
[14:37:43] 12 tRNA-Ile c[507379,507454] 35 (gat)
[14:37:43] 13 tRNA-Val c[540481,540555] 35 (gac)
[14:37:43] 14 tRNA-Cys c[571267,571339] 34 (gca)
[14:37:43] 15 tRNA-Arg c[641170,641245] 36 (tct)
[14:37:43] 16 tRNA-Ser c[664588,664676] 35 (tga)
[14:37:43] 17 tRNA-Lys c[670576,670649] 34 (ttt)
[14:37:43] 18 tRNA-Ala [670949,671023] 34 (tgc)
[14:37:43] 19 tRNA-Ser [716150,716242] 36 (gct)
[14:37:43] 20 tRNA-Arg [725640,725715] 36 (ccg)
[14:37:43] 21 tRNA-Thr [783612,783686] 35 (ggt)
[14:37:43] 22 tRNA-Met c[804042,804117] 35 (cat)
[14:37:43] 23 tRNA-Met c[804197,804272] 35 (cat)
[14:37:43] 24 tRNA-Leu c[844164,844249] 35 (cag)
[14:37:43] 25 tRNA-Val c[850153,850225] 34 (tac)
[14:37:43] 26 tRNA-Pro c[857278,857353] 36 (tgg)
[14:37:43] 27 tRNA-Glu c[858203,858275] 34 (ttc)
[14:37:43] 28 tRNA-Met c[883474,883550] 35 (cat)
[14:37:43] 29 tRNA-Gly [884768,884841] 34 (gcc)
[14:37:43] 30 tRNA-Ser [891998,892085] 35 (gga)
[14:37:43] 31 tRNA-Gln [940119,940191] 33 (ttg)
[14:37:43] 32 tRNA-Met c[944538,944610] 33 (cat)
[14:37:43] 33 tRNA-His [961764,961839] 34 (gtg)
[14:37:43] 34 tRNA-Leu c[1056038,1056120] 35 (tag)
[14:37:43] 35 tRNA-Trp [1064575,1064648] 34 (cca)
[14:37:43] 36 tRNA-Thr [1090826,1090899] 34 (tgt)
[14:37:43] Found 36 tRNAs
[14:37:43] Predicting Ribosomal RNAs
[14:37:43] Running Barrnap with 8 threads
[14:37:44] 1 CM003641.1 496613 5S ribosomal RNA
[14:37:44] 2 CM003641.1 496788 23S ribosomal RNA
[14:37:44] 3 CM003641.1 586877 16S ribosomal RNA
[14:37:44] Found 3 rRNAs
[14:37:44] Skipping ncRNA search, enable with --rfam if desired.
[14:37:44] Total of 38 tRNA + rRNA features
[14:37:44] Searching for CRISPR repeats
[14:37:44] Found 0 CRISPRs
[14:37:44] Predicting coding sequences
[14:37:44] Contigs total 1133809 bp, so using single mode
[14:37:44] Running: prodigal -i annotation\/wTpre\/wTpre\.fna -c -m -g 11 -p single -f sco -q
[14:37:46] Excluding CDS which overlaps existing RNA (rRNA) at CM003641.1:586979..587230 on - strand
[14:37:46] Excluding CDS which overlaps existing RNA (rRNA) at CM003641.1:587818..587940 on - strand
[14:37:46] Excluding CDS which overlaps existing RNA (tRNA) at CM003641.1:664512..664670 on - strand
[14:37:46] Excluding CDS which overlaps existing RNA (tRNA) at CM003641.1:783583..783732 on + strand
[14:37:46] Excluding CDS which overlaps existing RNA (tRNA) at CM003641.1:939883..940128 on + strand
[14:37:46] Excluding CDS which overlaps existing RNA (tRNA) at CM003641.1:944610..945902 on - strand
[14:37:46] Found 1252 CDS
[14:37:46] Connecting features back to sequences
[14:37:46] Not using genus-specific database. Try --usegenus to enable it.
[14:37:46] Annotating CDS, please be patient.
[14:37:46] Will use 8 CPUs for similarity searching.
[14:37:46] There are still 1252 unannotated CDS left (started with 1252)
[14:37:46] Will use blast to search against /media/red/Wolbachia_phylogeny_new/.snakemake/conda/8cd680523f41e5449a78b29be8f1b505/db/kingdom/Bacteria/IS with 8 CPUs
[14:37:46] Running: cat annotation\/wTpre\/wTpre\.IS\.tmp\.89462\.faa | parallel --gnu --plain -j 8 --block 19067 --recstart '>' --pipe blastp -query - -db /media/red/Wolbachia_phylogeny_new/.snakemake/conda/8cd680523f41e5449a78b29be8f1b505/db/kingdom/Bacteria/IS -evalue 1e-30 -qcov_hsp_perc 90 -num_threads 1 -num_descriptions 1 -num_alignments 1 -seg no > annotation\/wTpre\/wTpre\.IS\.tmp\.89462\.blast 2> /dev/null
[14:39:20] Deleting unwanted file: annotation/wTpre/wTpre.IS.tmp.89462.faa
[14:39:20] Deleting unwanted file: annotation/wTpre/wTpre.IS.tmp.89462.blast
[14:39:21] There are still 1236 unannotated CDS left (started with 1252)
[14:39:21] Will use blast to search against /media/red/Wolbachia_phylogeny_new/.snakemake/conda/8cd680523f41e5449a78b29be8f1b505/db/kingdom/Bacteria/AMR with 8 CPUs
[14:39:21] Running: cat annotation\/wTpre\/wTpre\.AMR\.tmp\.89462\.faa | parallel --gnu --plain -j 8 --block 18931 --recstart '>' --pipe blastp -query - -db /media/red/Wolbachia_phylogeny_new/.snakemake/conda/8cd680523f41e5449a78b29be8f1b505/db/kingdom/Bacteria/AMR -evalue 9.99999999999999e-301 -qcov_hsp_perc 90 -num_threads 1 -num_descriptions 1 -num_alignments 1 -seg no > annotation\/wTpre\/wTpre\.AMR\.tmp\.89462\.blast 2> /dev/null
[14:39:56] Deleting unwanted file: annotation/wTpre/wTpre.AMR.tmp.89462.faa
[14:39:56] Deleting unwanted file: annotation/wTpre/wTpre.AMR.tmp.89462.blast
[14:39:57] There are still 1236 unannotated CDS left (started with 1252)
[14:39:57] Will use blast to search against /media/red/Wolbachia_phylogeny_new/.snakemake/conda/8cd680523f41e5449a78b29be8f1b505/db/kingdom/Bacteria/sprot with 8 CPUs
[14:39:57] Running: cat annotation\/wTpre\/wTpre\.sprot\.tmp\.89462\.faa | parallel --gnu --plain -j 8 --block 18931 --recstart '>' --pipe blastp -query - -db /media/red/Wolbachia_phylogeny_new/.snakemake/conda/8cd680523f41e5449a78b29be8f1b505/db/kingdom/Bacteria/sprot -evalue 1e-09 -qcov_hsp_perc 80 -num_threads 1 -num_descriptions 1 -num_alignments 1 -seg no > annotation\/wTpre\/wTpre\.sprot\.tmp\.89462\.blast 2> /dev/null
[14:40:08] Modify product: Probable protein kinase UbiB => putative protein kinase UbiB
[14:40:08] Modify product: SCO1 protein homolog => SCO1 protein 
[14:40:08] Modify product: Uncharacterized zinc protease Rv2782c => putative zinc protease
[14:40:08] Modify product: UPF0053 inner membrane protein YoaE => hypothetical protein
[14:40:09] Modify product: Co-chaperone protein HscB homolog => Co-chaperone protein HscB 
[14:40:09] Modify product: Putative multidrug export ATP-binding/permease protein SAV1866 => Putative multidrug export ATP-binding/permease protein
[14:40:09] Modify product: Probable transcriptional regulatory protein aq_1575 => putative transcriptional regulatory protein
[14:40:09] Modify product: Uncharacterized protein RP812 => putative protein RP812
[14:40:09] Modify product: UPF0758 protein => hypothetical protein
[14:40:09] Modify product: Uncharacterized metal-dependent hydrolase YcfH => putative metal-dependent hydrolase YcfH
[14:40:09] Modify product: Probable ribonucleotide transport ATP-binding protein mkl => putative ribonucleotide transport ATP-binding protein mkl
[14:40:09] Modify product: Uncharacterized oxidoreductase YciK => putative oxidoreductase YciK
[14:40:09] Modify product: Probable oxidoreductase CT_610 => putative oxidoreductase CT_610
[14:40:09] Modify product: Probable chromosome-partitioning protein ParB => putative chromosome-partitioning protein ParB
[14:40:09] Modify product: UPF0176 protein lpg2838 => hypothetical protein
[14:40:09] Modify product: Bifunctional protein FolD => Bifunctional protein FolD protein
[14:40:09] Modify product: UPF0335 protein CCNA_03428 => hypothetical protein
[14:40:09] Modify product: UPF0053 protein HI_0107 => hypothetical protein
[14:40:09] Modify product: Uncharacterized zinc protease Rv2782c => putative zinc protease
[14:40:09] Modify product: UPF0758 protein => hypothetical protein
[14:40:09] Modify product: UPF0758 protein => hypothetical protein
[14:40:09] Modify product: Probable murein peptide carboxypeptidase => putative murein peptide carboxypeptidase
[14:40:09] Modify product: Probable lipid II flippase MurJ => putative lipid II flippase MurJ
[14:40:09] Modify product: Cytochrome b561 homolog 2 => Cytochrome b561 
[14:40:09] Cleaned 24 /product names
[14:40:09] Deleting unwanted file: annotation/wTpre/wTpre.sprot.tmp.89462.faa
[14:40:09] Deleting unwanted file: annotation/wTpre/wTpre.sprot.tmp.89462.blast
[14:40:09] There are still 751 unannotated CDS left (started with 1252)
[14:40:09] Will use hmmer3 to search against /media/red/Wolbachia_phylogeny_new/.snakemake/conda/8cd680523f41e5449a78b29be8f1b505/db/hmm/HAMAP.hmm with 8 CPUs
[14:40:09] Running: cat annotation\/wTpre\/wTpre\.HAMAP\.hmm\.tmp\.89462\.faa | parallel --gnu --plain -j 8 --block 8425 --recstart '>' --pipe hmmscan --noali --notextw --acc -E 1e-09 --cpu 1 /media/red/Wolbachia_phylogeny_new/.snakemake/conda/8cd680523f41e5449a78b29be8f1b505/db/hmm/HAMAP.hmm /dev/stdin > annotation\/wTpre\/wTpre\.HAMAP\.hmm\.tmp\.89462\.hmmer3 2> /dev/null
[14:40:14] Deleting unwanted file: annotation/wTpre/wTpre.HAMAP.hmm.tmp.89462.faa
[14:40:14] Deleting unwanted file: annotation/wTpre/wTpre.HAMAP.hmm.tmp.89462.hmmer3
[14:40:14] Labelling remaining 686 proteins as 'hypothetical protein'
[14:40:14] Possible /pseudo 'Trk system potassium uptake protein TrkG' at CM003641.1 position 244659
[14:40:14] Possible /pseudo 'S-adenosylmethionine synthase' at CM003641.1 position 506838
[14:40:14] Possible /pseudo 'Amino-acid carrier protein AlsT' at CM003641.1 position 535342
[14:40:14] Possible /pseudo 'Arginine/agmatine antiporter' at CM003641.1 position 901206
[14:40:14] Possible /pseudo 'ATP synthase subunit b' at CM003641.1 position 995830
[14:40:15] Found 497 unique /gene codes.
[14:40:15] Fixed 3 duplicate /gene - mutL_1 mutL_2 mutL_3
[14:40:15] Fixed 2 duplicate /gene - atpH_1 atpH_2
[14:40:15] Fixed 3 duplicate /gene - alsT_1 alsT_2 alsT_3
[14:40:15] Fixed 2 duplicate /gene - xerD_1 xerD_2
[14:40:15] Fixed 2 duplicate /gene - metK_1 metK_2
[14:40:15] Fixed 2 duplicate /gene - tufA_1 tufA_2
[14:40:15] Fixed 2 duplicate /gene - rnd_1 rnd_2
[14:40:15] Fixed 2 duplicate /gene - adiC_1 adiC_2
[14:40:15] Fixed 2 duplicate /gene - COQ3_1 COQ3_2
[14:40:15] Fixed 2 duplicate /gene - atpF_1 atpF_2
[14:40:15] Fixed 2 duplicate /gene - rcsC_1 rcsC_2
[14:40:15] Fixed 3 duplicate /gene - proP_1 proP_2 proP_3
[14:40:15] Fixed 2 duplicate /gene - purL_1 purL_2
[14:40:15] Fixed 2 duplicate /gene - murC_1 murC_2
[14:40:15] Fixed 2 duplicate /gene - mdtL_1 mdtL_2
[14:40:15] Fixed 2 duplicate /gene - ftsH_1 ftsH_2
[14:40:15] Fixed 2 duplicate /gene - dnaA_1 dnaA_2
[14:40:15] Fixed 2 duplicate /gene - tadA_1 tadA_2
[14:40:15] Fixed 2 duplicate /gene - argD_1 argD_2
[14:40:15] Fixed 2 duplicate /gene - gltX1_1 gltX1_2
[14:40:15] Fixed 2 duplicate /gene - surA_1 surA_2
[14:40:15] Fixed 2 duplicate /gene - trkG_1 trkG_2
[14:40:15] Fixed 2 duplicate /gene - virB4_1 virB4_2
[14:40:15] Fixed 23 colliding /gene names.
[14:40:15] Adding /locus_tag identifiers
[14:40:15] Assigned 1291 locus_tags to CDS and RNA features.
[14:40:15] Writing outputs to annotation/wTpre/
[14:40:15] Generating annotation statistics file
[14:40:15] Generating Genbank and Sequin files
[14:40:15] Running: tbl2asn -V b -a r10k -l paired-ends -M n -N 1 -y 'Annotated using prokka 1.14.6 from https://github.com/tseemann/prokka' -Z annotation\/wTpre\/wTpre\.err -i annotation\/wTpre\/wTpre\.fsa 2> /dev/null
[14:40:17] Deleting unwanted file: annotation/wTpre/errorsummary.val
[14:40:17] Deleting unwanted file: annotation/wTpre/wTpre.dr
[14:40:17] Deleting unwanted file: annotation/wTpre/wTpre.fixedproducts
[14:40:17] Deleting unwanted file: annotation/wTpre/wTpre.ecn
[14:40:17] Deleting unwanted file: annotation/wTpre/wTpre.val
[14:40:17] Repairing broken .GBK output that tbl2asn produces...
[14:40:17] Running: sed 's/COORDINATES: profile/COORDINATES:profile/' < annotation\/wTpre\/wTpre\.gbf > annotation\/wTpre\/wTpre\.gbk
[14:40:17] Deleting unwanted file: annotation/wTpre/wTpre.gbf
[14:40:17] Output files:
[14:40:17] annotation/wTpre/wTpre.fna
[14:40:17] annotation/wTpre/wTpre.fsa
[14:40:17] annotation/wTpre/wTpre.err
[14:40:17] annotation/wTpre/wTpre.faa
[14:40:17] annotation/wTpre/wTpre.ffn
[14:40:17] annotation/wTpre/wTpre.gff
[14:40:17] annotation/wTpre/wTpre.txt
[14:40:17] annotation/wTpre/wTpre.gbk
[14:40:17] annotation/wTpre/wTpre.tbl
[14:40:17] annotation/wTpre/wTpre.tsv
[14:40:17] annotation/wTpre/wTpre.sqn
[14:40:17] annotation/wTpre/wTpre.log
[14:40:17] Annotation finished successfully.
[14:40:17] Walltime used: 2.62 minutes
[14:40:17] If you use this result please cite the Prokka paper:
[14:40:17] Seemann T (2014) Prokka: rapid prokaryotic genome annotation. Bioinformatics. 30(14):2068-9.
[14:40:17] Type 'prokka --citation' for more details.
[14:40:17] Share and enjoy!
