[10:07:51] This is prokka 1.14.6
[10:07:51] Written by Torsten Seemann <torsten.seemann@gmail.com>
[10:07:51] Homepage is https://github.com/tseemann/prokka
[10:07:51] Local time is Wed Mar 30 10:07:51 2022
[10:07:51] You are gerth
[10:07:51] Operating system is linux
[10:07:51] You have BioPerl 1.007002
[10:07:51] System has 64 cores.
[10:07:51] Will use maximum of 8 cores.
[10:07:51] Annotating as >>> Bacteria <<<
[10:07:51] Re-using existing --outdir annotation/wDi
[10:07:51] Using filename prefix: wDi.XXX
[10:07:51] Setting HMMER_NCPU=1
[10:07:51] Writing log to: annotation/wDi/wDi.log
[10:07:51] Command: /media/red/Wolbachia_phylogeny_new/.snakemake/conda/8cd680523f41e5449a78b29be8f1b505/bin/prokka --outdir annotation/wDi --force --prefix wDi --locustag wDi --cpus 8 --genus Wolbachia --species sp. --strain wDi genome_fastas/wDi.fas
[10:07:51] Appending to PATH: /media/red/Wolbachia_phylogeny_new/.snakemake/conda/8cd680523f41e5449a78b29be8f1b505/bin
[10:07:51] Looking for 'aragorn' - found /media/red/Wolbachia_phylogeny_new/.snakemake/conda/8cd680523f41e5449a78b29be8f1b505/bin/aragorn
[10:07:51] Determined aragorn version is 001002 from 'ARAGORN v1.2.38 Dean Laslett'
[10:07:51] Looking for 'barrnap' - found /media/red/Wolbachia_phylogeny_new/.snakemake/conda/8cd680523f41e5449a78b29be8f1b505/bin/barrnap
[10:07:51] Determined barrnap version is 000009 from 'barrnap 0.9'
[10:07:51] Looking for 'blastp' - found /media/red/Wolbachia_phylogeny_new/.snakemake/conda/8cd680523f41e5449a78b29be8f1b505/bin/blastp
[10:07:52] Determined blastp version is 002012 from 'blastp: 2.12.0+'
[10:07:52] Looking for 'cmpress' - found /media/red/Wolbachia_phylogeny_new/.snakemake/conda/8cd680523f41e5449a78b29be8f1b505/bin/cmpress
[10:07:52] Determined cmpress version is 001001 from '# INFERNAL 1.1.4 (Dec 2020)'
[10:07:52] Looking for 'cmscan' - found /media/red/Wolbachia_phylogeny_new/.snakemake/conda/8cd680523f41e5449a78b29be8f1b505/bin/cmscan
[10:07:52] Determined cmscan version is 001001 from '# INFERNAL 1.1.4 (Dec 2020)'
[10:07:52] Looking for 'egrep' - found /bin/egrep
[10:07:52] Looking for 'find' - found /usr/bin/find
[10:07:52] Looking for 'grep' - found /bin/grep
[10:07:52] Looking for 'hmmpress' - found /media/red/Wolbachia_phylogeny_new/.snakemake/conda/8cd680523f41e5449a78b29be8f1b505/bin/hmmpress
[10:07:52] Determined hmmpress version is 003003 from '# HMMER 3.3.2 (Nov 2020); http://hmmer.org/'
[10:07:52] Looking for 'hmmscan' - found /media/red/Wolbachia_phylogeny_new/.snakemake/conda/8cd680523f41e5449a78b29be8f1b505/bin/hmmscan
[10:07:52] Determined hmmscan version is 003003 from '# HMMER 3.3.2 (Nov 2020); http://hmmer.org/'
[10:07:52] Looking for 'java' - found /media/red/Wolbachia_phylogeny_new/.snakemake/conda/8cd680523f41e5449a78b29be8f1b505/bin/java
[10:07:52] Looking for 'makeblastdb' - found /media/red/Wolbachia_phylogeny_new/.snakemake/conda/8cd680523f41e5449a78b29be8f1b505/bin/makeblastdb
[10:07:52] Determined makeblastdb version is 002012 from 'makeblastdb: 2.12.0+'
[10:07:52] Looking for 'minced' - found /media/red/Wolbachia_phylogeny_new/.snakemake/conda/8cd680523f41e5449a78b29be8f1b505/bin/minced
[10:07:52] Determined minced version is 004002 from 'minced 0.4.2'
[10:07:52] Looking for 'parallel' - found /media/red/Wolbachia_phylogeny_new/.snakemake/conda/8cd680523f41e5449a78b29be8f1b505/bin/parallel
[10:07:52] Determined parallel version is 20211022 from 'GNU parallel 20211022'
[10:07:52] Looking for 'prodigal' - found /media/red/Wolbachia_phylogeny_new/.snakemake/conda/8cd680523f41e5449a78b29be8f1b505/bin/prodigal
[10:07:52] Determined prodigal version is 002006 from 'Prodigal V2.6.3: February, 2016'
[10:07:52] Looking for 'prokka-genbank_to_fasta_db' - found /media/red/Wolbachia_phylogeny_new/.snakemake/conda/8cd680523f41e5449a78b29be8f1b505/bin/prokka-genbank_to_fasta_db
[10:07:52] Looking for 'sed' - found /bin/sed
[10:07:52] Looking for 'tbl2asn' - found /media/red/Wolbachia_phylogeny_new/.snakemake/conda/8cd680523f41e5449a78b29be8f1b505/bin/tbl2asn
[10:07:52] Determined tbl2asn version is 025007 from 'tbl2asn 25.7   arguments:'
[10:07:52] Using genetic code table 11.
[10:07:52] Loading and checking input file: genome_fastas/wDi.fas
[10:07:53] Wrote 1 contigs totalling 1528786 bp.
[10:07:53] Predicting tRNAs and tmRNAs
[10:07:53] Running: aragorn -l -gc11  -w annotation\/wDi\/wDi\.fna
[10:07:53] 1 tmRNA* c[145087,145419] 195,242 ANDNFAAEDNVALAA*
[10:07:53] 2 tRNA-Arg [167240,167317] 36 (acg)
[10:07:53] 3 tRNA-Arg c[396936,397010] 35 (cct)
[10:07:53] 4 tRNA-Leu c[576258,576341] 34 (caa)
[10:07:53] 5 tRNA-Asn [618974,619046] 33 (gtt)
[10:07:53] 6 tRNA-Leu c[670021,670103] 35 (tag)
[10:07:53] 7 tRNA-Trp [677121,677194] 34 (cca)
[10:07:53] 8 tRNA-His c[782858,782933] 34 (gtg)
[10:07:53] 9 tRNA-Met [802801,802873] 33 (cat)
[10:07:53] 10 tRNA-Gln c[807223,807295] 33 (ttg)
[10:07:53] 11 tRNA-Met c[815159,815235] 35 (cat)
[10:07:53] 12 tRNA-Gly [816456,816529] 34 (gcc)
[10:07:53] 13 tRNA-Ser [823648,823735] 35 (gga)
[10:07:53] 14 tRNA-Ser c[945700,945792] 36 (gct)
[10:07:53] 15 tRNA-Leu c[994040,994125] 35 (cag)
[10:07:53] 16 tRNA-Met [1005874,1005950] 35 (cat)
[10:07:53] 17 tRNA-Met c[1010790,1010866] 35 (cat)
[10:07:53] 18 tRNA-Met [1012537,1012613] 35 (cat)
[10:07:53] 19 tRNA-Thr c[1030456,1030529] 34 (ggt)
[10:07:53] 20 tRNA-Arg c[1076859,1076934] 36 (ccg)
[10:07:53] 21 tRNA-Val c[1087696,1087768] 34 (tac)
[10:07:53] 22 tRNA-Pro c[1094822,1094897] 36 (tgg)
[10:07:53] 23 tRNA-Glu c[1095746,1095818] 34 (ttc)
[10:07:53] 24 tRNA-Ser c[1127017,1127105] 35 (tga)
[10:07:53] 25 tRNA-Lys c[1132864,1132937] 34 (ttt)
[10:07:53] 26 tRNA-Ala [1133232,1133307] 34 (tgc)
[10:07:53] 27 tRNA-Arg c[1171858,1171933] 36 (tct)
[10:07:53] 28 tRNA-Cys [1234277,1234349] 34 (gca)
[10:07:53] 29 tRNA-Val [1267373,1267446] 34 (gac)
[10:07:53] 30 tRNA-Ile [1301665,1301741] 35 (gat)
[10:07:53] 31 tRNA-Tyr [1324430,1324514] 36 (gta)
[10:07:53] 32 tRNA-Gly [1324518,1324589] 33 (tcc)
[10:07:53] 33 tRNA-Asp c[1378539,1378615] 35 (gtc)
[10:07:53] 34 tRNA-Leu [1388502,1388589] 35 (gag)
[10:07:53] 35 tRNA-Leu c[1444977,1445063] 35 (taa)
[10:07:53] Found 35 tRNAs
[10:07:53] Predicting Ribosomal RNAs
[10:07:53] Running Barrnap with 8 threads
[10:07:53] 1 CP048819.1 1217220 16S ribosomal RNA
[10:07:53] 2 CP048819.1 1309531 23S ribosomal RNA
[10:07:53] 3 CP048819.1 1312360 5S ribosomal RNA
[10:07:53] Found 3 rRNAs
[10:07:53] Skipping ncRNA search, enable with --rfam if desired.
[10:07:53] Total of 37 tRNA + rRNA features
[10:07:53] Searching for CRISPR repeats
[10:07:54] Found 0 CRISPRs
[10:07:54] Predicting coding sequences
[10:07:54] Contigs total 1528786 bp, so using single mode
[10:07:54] Running: prodigal -i annotation\/wDi\/wDi\.fna -c -m -g 11 -p single -f sco -q
[10:07:56] Excluding CDS which overlaps existing RNA (tRNA) at CP048819.1:801509..802810 on + strand
[10:07:56] Excluding CDS which overlaps existing RNA (tRNA) at CP048819.1:807286..807621 on - strand
[10:07:56] Excluding CDS which overlaps existing RNA (rRNA) at CP048819.1:1218366..1218617 on + strand
[10:07:56] Excluding CDS which overlaps existing RNA (rRNA) at CP048819.1:1310361..1310633 on + strand
[10:07:56] Found 1461 CDS
[10:07:56] Connecting features back to sequences
[10:07:56] Not using genus-specific database. Try --usegenus to enable it.
[10:07:56] Annotating CDS, please be patient.
[10:07:56] Will use 8 CPUs for similarity searching.
[10:07:56] There are still 1461 unannotated CDS left (started with 1461)
[10:07:56] Will use blast to search against /media/red/Wolbachia_phylogeny_new/.snakemake/conda/8cd680523f41e5449a78b29be8f1b505/db/kingdom/Bacteria/IS with 8 CPUs
[10:07:56] Running: cat annotation\/wDi\/wDi\.IS\.tmp\.7683\.faa | parallel --gnu --plain -j 8 --block 28053 --recstart '>' --pipe blastp -query - -db /media/red/Wolbachia_phylogeny_new/.snakemake/conda/8cd680523f41e5449a78b29be8f1b505/db/kingdom/Bacteria/IS -evalue 1e-30 -qcov_hsp_perc 90 -num_threads 1 -num_descriptions 1 -num_alignments 1 -seg no > annotation\/wDi\/wDi\.IS\.tmp\.7683\.blast 2> /dev/null
[10:08:02] Deleting unwanted file: annotation/wDi/wDi.IS.tmp.7683.faa
[10:08:02] Deleting unwanted file: annotation/wDi/wDi.IS.tmp.7683.blast
[10:08:03] There are still 1345 unannotated CDS left (started with 1461)
[10:08:03] Will use blast to search against /media/red/Wolbachia_phylogeny_new/.snakemake/conda/8cd680523f41e5449a78b29be8f1b505/db/kingdom/Bacteria/AMR with 8 CPUs
[10:08:03] Running: cat annotation\/wDi\/wDi\.AMR\.tmp\.7683\.faa | parallel --gnu --plain -j 8 --block 25976 --recstart '>' --pipe blastp -query - -db /media/red/Wolbachia_phylogeny_new/.snakemake/conda/8cd680523f41e5449a78b29be8f1b505/db/kingdom/Bacteria/AMR -evalue 9.99999999999999e-301 -qcov_hsp_perc 90 -num_threads 1 -num_descriptions 1 -num_alignments 1 -seg no > annotation\/wDi\/wDi\.AMR\.tmp\.7683\.blast 2> /dev/null
[10:08:07] Deleting unwanted file: annotation/wDi/wDi.AMR.tmp.7683.faa
[10:08:07] Deleting unwanted file: annotation/wDi/wDi.AMR.tmp.7683.blast
[10:08:07] There are still 1345 unannotated CDS left (started with 1461)
[10:08:07] Will use blast to search against /media/red/Wolbachia_phylogeny_new/.snakemake/conda/8cd680523f41e5449a78b29be8f1b505/db/kingdom/Bacteria/sprot with 8 CPUs
[10:08:07] Running: cat annotation\/wDi\/wDi\.sprot\.tmp\.7683\.faa | parallel --gnu --plain -j 8 --block 25976 --recstart '>' --pipe blastp -query - -db /media/red/Wolbachia_phylogeny_new/.snakemake/conda/8cd680523f41e5449a78b29be8f1b505/db/kingdom/Bacteria/sprot -evalue 1e-09 -qcov_hsp_perc 80 -num_threads 1 -num_descriptions 1 -num_alignments 1 -seg no > annotation\/wDi\/wDi\.sprot\.tmp\.7683\.blast 2> /dev/null
[10:08:20] Modify product: UPF0758 protein => hypothetical protein
[10:08:20] Modify product: UPF0758 protein => hypothetical protein
[10:08:20] Modify product: UPF0758 protein => hypothetical protein
[10:08:20] Modify product: Uncharacterized zinc protease Rv2782c => putative zinc protease
[10:08:20] Modify product: Uncharacterized zinc protease Rv2782c => putative zinc protease
[10:08:20] Modify product: UPF0758 protein => hypothetical protein
[10:08:20] Modify product: Cytochrome b561 homolog 2 => Cytochrome b561 
[10:08:20] Modify product: UPF0758 protein => hypothetical protein
[10:08:20] Modify product: UPF0758 protein => hypothetical protein
[10:08:20] Modify product: Uncharacterized zinc protease Rv2782c => putative zinc protease
[10:08:20] Modify product: UPF0758 protein => hypothetical protein
[10:08:20] Modify product: Probable protein kinase UbiB => putative protein kinase UbiB
[10:08:20] Modify product: Probable lipid II flippase MurJ => putative lipid II flippase MurJ
[10:08:20] Modify product: Probable murein peptide carboxypeptidase => putative murein peptide carboxypeptidase
[10:08:20] Modify product: Probable oxidoreductase CT_610 => putative oxidoreductase CT_610
[10:08:20] Modify product: UPF0053 protein HI_0107 => hypothetical protein
[10:08:20] Modify product: UPF0335 protein CCNA_03428 => hypothetical protein
[10:08:20] Modify product: Bifunctional protein FolD => Bifunctional protein FolD protein
[10:08:20] Modify product: UPF0176 protein lpg2838 => hypothetical protein
[10:08:20] Modify product: UPF0176 protein lpg2838 => hypothetical protein
[10:08:20] Modify product: Uncharacterized oxidoreductase YciK => putative oxidoreductase YciK
[10:08:21] Modify product: Uncharacterized metal-dependent hydrolase YcfH => putative metal-dependent hydrolase YcfH
[10:08:21] Modify product: Uncharacterized HIT-like protein HP_0404 => putative HIT-like protein
[10:08:21] Modify product: SCO1 protein homolog => SCO1 protein 
[10:08:21] Modify product: Uncharacterized protein RP812 => putative protein RP812
[10:08:21] Modify product: Probable transcriptional regulatory protein aq_1575 => putative transcriptional regulatory protein
[10:08:21] Modify product: Putative multidrug export ATP-binding/permease protein SAV1866 => Putative multidrug export ATP-binding/permease protein
[10:08:21] Modify product: Co-chaperone protein HscB homolog => Co-chaperone protein HscB 
[10:08:21] Cleaned 28 /product names
[10:08:21] Deleting unwanted file: annotation/wDi/wDi.sprot.tmp.7683.faa
[10:08:21] Deleting unwanted file: annotation/wDi/wDi.sprot.tmp.7683.blast
[10:08:21] There are still 837 unannotated CDS left (started with 1461)
[10:08:21] Will use hmmer3 to search against /media/red/Wolbachia_phylogeny_new/.snakemake/conda/8cd680523f41e5449a78b29be8f1b505/db/hmm/HAMAP.hmm with 8 CPUs
[10:08:21] Running: cat annotation\/wDi\/wDi\.HAMAP\.hmm\.tmp\.7683\.faa | parallel --gnu --plain -j 8 --block 15064 --recstart '>' --pipe hmmscan --noali --notextw --acc -E 1e-09 --cpu 1 /media/red/Wolbachia_phylogeny_new/.snakemake/conda/8cd680523f41e5449a78b29be8f1b505/db/hmm/HAMAP.hmm /dev/stdin > annotation\/wDi\/wDi\.HAMAP\.hmm\.tmp\.7683\.hmmer3 2> /dev/null
[10:08:29] Deleting unwanted file: annotation/wDi/wDi.HAMAP.hmm.tmp.7683.faa
[10:08:29] Deleting unwanted file: annotation/wDi/wDi.HAMAP.hmm.tmp.7683.hmmer3
[10:08:29] Labelling remaining 762 proteins as 'hypothetical protein'
[10:08:29] Possible /pseudo 'IS982 family transposase ISWpi16' at CP048819.1 position 14977
[10:08:29] Possible /pseudo 'Chaperone protein DnaK' at CP048819.1 position 85194
[10:08:29] Possible /pseudo 'Chaperone protein DnaK' at CP048819.1 position 85592
[10:08:29] Possible /pseudo 'Chaperone protein DnaK' at CP048819.1 position 85720
[10:08:29] Possible /pseudo 'Chaperone protein DnaK' at CP048819.1 position 86102
[10:08:29] Possible /pseudo 'UDP-N-acetylmuramoyl-L-alanyl-D-glutamate--2,6-diaminopimelate ligase' at CP048819.1 position 89464
[10:08:29] Possible /pseudo 'IS481 family transposase ISWpi2' at CP048819.1 position 177731
[10:08:29] Possible /pseudo 'IS256 family transposase ISWpi15' at CP048819.1 position 248182
[10:08:29] Possible /pseudo 'IS110 family transposase ISWpi13' at CP048819.1 position 287528
[10:08:29] Possible /pseudo 'IS110 family transposase ISWpi13' at CP048819.1 position 289148
[10:08:29] Possible /pseudo 'IS110 family transposase ISWpi13' at CP048819.1 position 290768
[10:08:29] Possible /pseudo 'IS110 family transposase ISWpi13' at CP048819.1 position 292389
[10:08:29] Possible /pseudo 'IS110 family transposase ISWpi13' at CP048819.1 position 293333
[10:08:29] Possible /pseudo 'IS110 family transposase ISWpi13' at CP048819.1 position 294123
[10:08:29] Possible /pseudo 'IS110 family transposase ISWpi13' at CP048819.1 position 295742
[10:08:29] Possible /pseudo 'IS110 family transposase ISWpi13' at CP048819.1 position 298948
[10:08:29] Possible /pseudo 'IS256 family transposase ISWpi15' at CP048819.1 position 328295
[10:08:29] Possible /pseudo 'IS481 family transposase ISWpi2' at CP048819.1 position 383202
[10:08:29] Possible /pseudo 'IS481 family transposase ISWpi2' at CP048819.1 position 521859
[10:08:29] Possible /pseudo 'IS982 family transposase ISWpi16' at CP048819.1 position 537006
[10:08:29] Possible /pseudo 'putative zinc protease' at CP048819.1 position 582464
[10:08:29] Possible /pseudo 'IS982 family transposase ISWpi16' at CP048819.1 position 585130
[10:08:29] Possible /pseudo 'IS982 family transposase ISWpi16' at CP048819.1 position 612784
[10:08:29] Possible /pseudo 'tRNA-dihydrouridine synthase B' at CP048819.1 position 691456
[10:08:29] Possible /pseudo 'tRNA-dihydrouridine synthase B' at CP048819.1 position 691727
[10:08:29] Possible /pseudo 'DNA-directed RNA polymerase subunit beta'' at CP048819.1 position 693542
[10:08:29] Possible /pseudo 'DNA-directed RNA polymerase subunit beta'' at CP048819.1 position 694839
[10:08:29] Possible /pseudo 'DNA-directed RNA polymerase subunit beta'' at CP048819.1 position 696195
[10:08:29] Possible /pseudo 'IS982 family transposase ISWpi16' at CP048819.1 position 727413
[10:08:29] Possible /pseudo 'ATP synthase subunit b' at CP048819.1 position 744405
[10:08:29] Possible /pseudo 'DNA ligase' at CP048819.1 position 835530
[10:08:29] Possible /pseudo 'IS982 family transposase ISWpi16' at CP048819.1 position 838735
[10:08:29] Possible /pseudo 'IS982 family transposase ISWpi16' at CP048819.1 position 848625
[10:08:29] Possible /pseudo 'Arginine/agmatine antiporter' at CP048819.1 position 927188
[10:08:29] Possible /pseudo 'N5-carboxyaminoimidazole ribonucleotide synthase' at CP048819.1 position 936771
[10:08:29] Possible /pseudo 'N5-carboxyaminoimidazole ribonucleotide synthase' at CP048819.1 position 937088
[10:08:29] Possible /pseudo 'IS4 family transposase ISLpn5' at CP048819.1 position 1042813
[10:08:29] Possible /pseudo 'IS4 family transposase ISLpn5' at CP048819.1 position 1043028
[10:08:29] Possible /pseudo 'IS982 family transposase ISWpi16' at CP048819.1 position 1112579
[10:08:29] Possible /pseudo 'IS982 family transposase ISWpi16' at CP048819.1 position 1153070
[10:08:29] Possible /pseudo 'IS982 family transposase ISWpi16' at CP048819.1 position 1180514
[10:08:29] Possible /pseudo 'IS982 family transposase ISWpi16' at CP048819.1 position 1199896
[10:08:29] Possible /pseudo 'IS982 family transposase ISWpi16' at CP048819.1 position 1253477
[10:08:29] Possible /pseudo 'Amino-acid carrier protein AlsT' at CP048819.1 position 1272344
[10:08:29] Possible /pseudo 'Aminopyrimidine aminohydrolase' at CP048819.1 position 1303722
[10:08:29] Possible /pseudo 'IS982 family transposase ISWpi16' at CP048819.1 position 1411736
[10:08:29] Possible /pseudo 'UvrABC system protein A' at CP048819.1 position 1414417
[10:08:29] Possible /pseudo 'ATP-dependent zinc metalloprotease FtsH' at CP048819.1 position 1431593
[10:08:29] Found 486 unique /gene codes.
[10:08:29] Fixed 4 duplicate /gene - rpoC_1 rpoC_2 rpoC_3 rpoC_4
[10:08:29] Fixed 2 duplicate /gene - tufA_1 tufA_2
[10:08:29] Fixed 2 duplicate /gene - ligA_1 ligA_2
[10:08:29] Fixed 2 duplicate /gene - acm_1 acm_2
[10:08:29] Fixed 4 duplicate /gene - purK_1 purK_2 purK_3 purK_4
[10:08:29] Fixed 2 duplicate /gene - purL_1 purL_2
[10:08:29] Fixed 6 duplicate /gene - dnaK_1 dnaK_2 dnaK_3 dnaK_4 dnaK_5 dnaK_6
[10:08:29] Fixed 2 duplicate /gene - rcsC_1 rcsC_2
[10:08:29] Fixed 2 duplicate /gene - adiC_1 adiC_2
[10:08:29] Fixed 3 duplicate /gene - murE_1 murE_2 murE_3
[10:08:29] Fixed 2 duplicate /gene - kefC_1 kefC_2
[10:08:29] Fixed 4 duplicate /gene - dnaJ_1 dnaJ_2 dnaJ_3 dnaJ_4
[10:08:29] Fixed 5 duplicate /gene - ftsH_1 ftsH_2 ftsH_3 ftsH_4 ftsH_5
[10:08:29] Fixed 2 duplicate /gene - rne_1 rne_2
[10:08:29] Fixed 3 duplicate /gene - mutL_1 mutL_2 mutL_3
[10:08:29] Fixed 2 duplicate /gene - capV_1 capV_2
[10:08:29] Fixed 2 duplicate /gene - bfmBAB_1 bfmBAB_2
[10:08:29] Fixed 2 duplicate /gene - virB4_1 virB4_2
[10:08:29] Fixed 2 duplicate /gene - COQ3_1 COQ3_2
[10:08:29] Fixed 2 duplicate /gene - yhcG_1 yhcG_2
[10:08:29] Fixed 2 duplicate /gene - tadA_1 tadA_2
[10:08:29] Fixed 3 duplicate /gene - alsT_1 alsT_2 alsT_3
[10:08:29] Fixed 5 duplicate /gene - smc_1 smc_2 smc_3 smc_4 smc_5
[10:08:29] Fixed 3 duplicate /gene - uvrA_1 uvrA_2 uvrA_3
[10:08:29] Fixed 3 duplicate /gene - proP_1 proP_2 proP_3
[10:08:29] Fixed 2 duplicate /gene - atpF_1 atpF_2
[10:08:29] Fixed 2 duplicate /gene - kefB_1 kefB_2
[10:08:29] Fixed 3 duplicate /gene - aar_1 aar_2 aar_3
[10:08:29] Fixed 2 duplicate /gene - atpH_1 atpH_2
[10:08:29] Fixed 2 duplicate /gene - tmk_1 tmk_2
[10:08:29] Fixed 2 duplicate /gene - argD_1 argD_2
[10:08:29] Fixed 2 duplicate /gene - dnaA_1 dnaA_2
[10:08:29] Fixed 3 duplicate /gene - apaG_1 apaG_2 apaG_3
[10:08:29] Fixed 2 duplicate /gene - rnd_1 rnd_2
[10:08:29] Fixed 2 duplicate /gene - gpFI_1 gpFI_2
[10:08:29] Fixed 4 duplicate /gene - dusB_1 dusB_2 dusB_3 dusB_4
[10:08:29] Fixed 2 duplicate /gene - rplS_1 rplS_2
[10:08:29] Fixed 2 duplicate /gene - tenA_1 tenA_2
[10:08:29] Fixed 2 duplicate /gene - bolA_1 bolA_2
[10:08:29] Fixed 2 duplicate /gene - rnhA_1 rnhA_2
[10:08:29] Fixed 40 colliding /gene names.
[10:08:29] Adding /locus_tag identifiers
[10:08:29] Assigned 1499 locus_tags to CDS and RNA features.
[10:08:29] Writing outputs to annotation/wDi/
[10:08:29] Generating annotation statistics file
[10:08:29] Generating Genbank and Sequin files
[10:08:29] Running: tbl2asn -V b -a r10k -l paired-ends -M n -N 1 -y 'Annotated using prokka 1.14.6 from https://github.com/tseemann/prokka' -Z annotation\/wDi\/wDi\.err -i annotation\/wDi\/wDi\.fsa 2> /dev/null
[10:08:31] Deleting unwanted file: annotation/wDi/errorsummary.val
[10:08:31] Deleting unwanted file: annotation/wDi/wDi.dr
[10:08:31] Deleting unwanted file: annotation/wDi/wDi.fixedproducts
[10:08:31] Deleting unwanted file: annotation/wDi/wDi.ecn
[10:08:31] Deleting unwanted file: annotation/wDi/wDi.val
[10:08:31] Repairing broken .GBK output that tbl2asn produces...
[10:08:31] Running: sed 's/COORDINATES: profile/COORDINATES:profile/' < annotation\/wDi\/wDi\.gbf > annotation\/wDi\/wDi\.gbk
[10:08:31] Deleting unwanted file: annotation/wDi/wDi.gbf
[10:08:32] Output files:
[10:08:32] annotation/wDi/wDi.fsa
[10:08:32] annotation/wDi/wDi.tbl
[10:08:32] annotation/wDi/wDi.faa
[10:08:32] annotation/wDi/wDi.ffn
[10:08:32] annotation/wDi/wDi.err
[10:08:32] annotation/wDi/wDi.txt
[10:08:32] annotation/wDi/wDi.gff
[10:08:32] annotation/wDi/wDi.log
[10:08:32] annotation/wDi/wDi.sqn
[10:08:32] annotation/wDi/wDi.tsv
[10:08:32] annotation/wDi/wDi.gbk
[10:08:32] annotation/wDi/wDi.fna
[10:08:32] Annotation finished successfully.
[10:08:32] Walltime used: 0.68 minutes
[10:08:32] If you use this result please cite the Prokka paper:
[10:08:32] Seemann T (2014) Prokka: rapid prokaryotic genome annotation. Bioinformatics. 30(14):2068-9.
[10:08:32] Type 'prokka --citation' for more details.
[10:08:32] Share and enjoy!
