[14:35:21] This is prokka 1.14.6
[14:35:21] Written by Torsten Seemann <torsten.seemann@gmail.com>
[14:35:21] Homepage is https://github.com/tseemann/prokka
[14:35:21] Local time is Fri Mar  4 14:35:21 2022
[14:35:21] You are gerth
[14:35:21] Operating system is linux
[14:35:21] You have BioPerl 1.007002
[14:35:21] System has 64 cores.
[14:35:21] Will use maximum of 8 cores.
[14:35:21] Annotating as >>> Bacteria <<<
[14:35:21] Re-using existing --outdir annotation/wOc
[14:35:21] Using filename prefix: wOc.XXX
[14:35:21] Setting HMMER_NCPU=1
[14:35:21] Writing log to: annotation/wOc/wOc.log
[14:35:21] Command: /media/red/Wolbachia_phylogeny_new/.snakemake/conda/8cd680523f41e5449a78b29be8f1b505/bin/prokka --outdir annotation/wOc --force --prefix wOc --locustag wOc --cpus 8 --genus Wolbachia --species sp. --strain wOc genome_fastas/wOc.fas
[14:35:21] Appending to PATH: /media/red/Wolbachia_phylogeny_new/.snakemake/conda/8cd680523f41e5449a78b29be8f1b505/bin
[14:35:21] Looking for 'aragorn' - found /media/red/Wolbachia_phylogeny_new/.snakemake/conda/8cd680523f41e5449a78b29be8f1b505/bin/aragorn
[14:35:21] Determined aragorn version is 001002 from 'ARAGORN v1.2.38 Dean Laslett'
[14:35:21] Looking for 'barrnap' - found /media/red/Wolbachia_phylogeny_new/.snakemake/conda/8cd680523f41e5449a78b29be8f1b505/bin/barrnap
[14:35:22] Determined barrnap version is 000009 from 'barrnap 0.9'
[14:35:22] Looking for 'blastp' - found /media/red/Wolbachia_phylogeny_new/.snakemake/conda/8cd680523f41e5449a78b29be8f1b505/bin/blastp
[14:35:23] Determined blastp version is 002012 from 'blastp: 2.12.0+'
[14:35:23] Looking for 'cmpress' - found /media/red/Wolbachia_phylogeny_new/.snakemake/conda/8cd680523f41e5449a78b29be8f1b505/bin/cmpress
[14:35:23] Determined cmpress version is 001001 from '# INFERNAL 1.1.4 (Dec 2020)'
[14:35:23] Looking for 'cmscan' - found /media/red/Wolbachia_phylogeny_new/.snakemake/conda/8cd680523f41e5449a78b29be8f1b505/bin/cmscan
[14:35:23] Determined cmscan version is 001001 from '# INFERNAL 1.1.4 (Dec 2020)'
[14:35:23] Looking for 'egrep' - found /bin/egrep
[14:35:23] Looking for 'find' - found /usr/bin/find
[14:35:23] Looking for 'grep' - found /bin/grep
[14:35:23] Looking for 'hmmpress' - found /media/red/Wolbachia_phylogeny_new/.snakemake/conda/8cd680523f41e5449a78b29be8f1b505/bin/hmmpress
[14:35:23] Determined hmmpress version is 003003 from '# HMMER 3.3.2 (Nov 2020); http://hmmer.org/'
[14:35:23] Looking for 'hmmscan' - found /media/red/Wolbachia_phylogeny_new/.snakemake/conda/8cd680523f41e5449a78b29be8f1b505/bin/hmmscan
[14:35:23] Determined hmmscan version is 003003 from '# HMMER 3.3.2 (Nov 2020); http://hmmer.org/'
[14:35:23] Looking for 'java' - found /media/red/Wolbachia_phylogeny_new/.snakemake/conda/8cd680523f41e5449a78b29be8f1b505/bin/java
[14:35:23] Looking for 'makeblastdb' - found /media/red/Wolbachia_phylogeny_new/.snakemake/conda/8cd680523f41e5449a78b29be8f1b505/bin/makeblastdb
[14:35:24] Determined makeblastdb version is 002012 from 'makeblastdb: 2.12.0+'
[14:35:24] Looking for 'minced' - found /media/red/Wolbachia_phylogeny_new/.snakemake/conda/8cd680523f41e5449a78b29be8f1b505/bin/minced
[14:35:24] Determined minced version is 004002 from 'minced 0.4.2'
[14:35:24] Looking for 'parallel' - found /media/red/Wolbachia_phylogeny_new/.snakemake/conda/8cd680523f41e5449a78b29be8f1b505/bin/parallel
[14:35:24] Determined parallel version is 20211022 from 'GNU parallel 20211022'
[14:35:24] Looking for 'prodigal' - found /media/red/Wolbachia_phylogeny_new/.snakemake/conda/8cd680523f41e5449a78b29be8f1b505/bin/prodigal
[14:35:24] Determined prodigal version is 002006 from 'Prodigal V2.6.3: February, 2016'
[14:35:24] Looking for 'prokka-genbank_to_fasta_db' - found /media/red/Wolbachia_phylogeny_new/.snakemake/conda/8cd680523f41e5449a78b29be8f1b505/bin/prokka-genbank_to_fasta_db
[14:35:24] Looking for 'sed' - found /bin/sed
[14:35:24] Looking for 'tbl2asn' - found /media/red/Wolbachia_phylogeny_new/.snakemake/conda/8cd680523f41e5449a78b29be8f1b505/bin/tbl2asn
[14:35:24] Determined tbl2asn version is 025007 from 'tbl2asn 25.7   arguments:'
[14:35:24] Using genetic code table 11.
[14:35:24] Loading and checking input file: genome_fastas/wOc.fas
[14:35:24] Wrote 140 contigs totalling 1302577 bp.
[14:35:24] Predicting tRNAs and tmRNAs
[14:35:24] Running: aragorn -l -gc11  -w annotation\/wOc\/wOc\.fna
[14:35:24] 1 tRNA-Met c[11578,11651] 34 (cat)
[14:35:24] 1 tRNA-Ser [9408,9499] 35 (gct)
[14:35:24] 1 tRNA-Leu [19557,19643] 35 (taa)
[14:35:24] 1 tRNA-His c[12148,12223] 34 (gtg)
[14:35:24] 1 tRNA-Trp [95,168] 34 (cca)
[14:35:24] 1 tRNA-Ile c[7710,7786] 35 (gat)
[14:35:24] 1 tRNA-Ser c[4566,4654] 36 (gga)
[14:35:24] 1 tmRNA* c[12830,13161] 194,241 ANDNFAADRNVVLAA*
[14:35:24] 1 tRNA-Thr c[1860,1933] 34 (ggt)
[14:35:24] 1 tRNA-Glu [285,357] 34 (ttc)
[14:35:24] 1 tRNA-Gly c[7410,7482] 34 (tcc)
[14:35:24] 2 tRNA-Tyr c[7486,7570] 36 (gta)
[14:35:24] 1 tRNA-Pro c[14397,14472] 36 (tgg)
[14:35:24] 1 tRNA-Gln c[1480,1554] 33 (ttg)
[14:35:24] 1 tRNA-Val c[5769,5844] 34 (tac)
[14:35:24] 1 tRNA-Asp c[506,580] 35 (gtc)
[14:35:24] 2 tRNA-Phe [6009,6083] 34 (gaa)
[14:35:24] 1 tRNA-Asn c[1796,1868] 33 (gtt)
[14:35:24] 1 tRNA-Thr c[1550,1623] 34 (tgt)
[14:35:24] 1 tRNA-Arg c[546,619] 35 (cct)
[14:35:24] 1 tRNA-Asn [3940,4012] 33 (gtt)
[14:35:24] 1 tRNA-Lys [11012,11085] 34 (ttt)
[14:35:24] 1 tRNA-Met c[9255,9329] 35 (cat)
[14:35:24] 1 tRNA-Ala [12483,12558] 34 (tgc)
[14:35:24] 1 tRNA-Arg [3257,3332] 36 (acg)
[14:35:24] 1 tRNA-Leu [1776,1863] 35 (gag)
[14:35:24] 1 tRNA-Ser [7628,7717] 36 (tga)
[14:35:24] 1 tRNA-Arg [6820,6895] 36 (ccg)
[14:35:24] 1 tRNA-Leu [6714,6798] 35 (cag)
[14:35:24] 1 tRNA-Arg c[314,390] 35 (tct)
[14:35:24] 1 tRNA-Val c[1467,1541] 35 (gac)
[14:35:24] 1 tRNA-Met c[2250,2325] 35 (cat)
[14:35:24] 2 tRNA-Gly [3563,3636] 34 (gcc)
[14:35:24] 1 tRNA-Cys [3468,3540] 34 (gca)
[14:35:24] 1 tRNA-Leu c[767,850] 34 (caa)
[14:35:24] 1 tRNA-Leu c[5995,6077] 35 (tag)
[14:35:24] Found 36 tRNAs
[14:35:24] Predicting Ribosomal RNAs
[14:35:24] Running Barrnap with 8 threads
[14:35:25] 1 wOc_42 10126 16S ribosomal RNA
[14:35:25] 2 wOc_9 9663 23S ribosomal RNA
[14:35:25] 3 wOc_9 12516 5S ribosomal RNA
[14:35:25] Found 3 rRNAs
[14:35:25] Skipping ncRNA search, enable with --rfam if desired.
[14:35:25] Total of 38 tRNA + rRNA features
[14:35:25] Searching for CRISPR repeats
[14:35:25] Found 0 CRISPRs
[14:35:25] Predicting coding sequences
[14:35:25] Contigs total 1302577 bp, so using single mode
[14:35:25] Running: prodigal -i annotation\/wOc\/wOc\.fna -c -m -g 11 -p single -f sco -q
[14:35:26] Excluding CDS which overlaps existing RNA (tRNA) at wOc_37:11651..12943 on - strand
[14:35:26] Excluding CDS which overlaps existing RNA (tRNA) at wOc_75:1545..1880 on - strand
[14:35:26] Excluding CDS which overlaps existing RNA (rRNA) at wOc_42:11067..11189 on - strand
[14:35:26] Excluding CDS which overlaps existing RNA (tRNA) at wOc_30:9293..9889 on + strand
[14:35:26] Excluding CDS which overlaps existing RNA (tRNA) at wOc_53:1819..2976 on + strand
[14:35:26] Excluding CDS which overlaps existing RNA (tRNA) at wOc_113:138..836 on - strand
[14:35:26] Excluding CDS which overlaps existing RNA (tRNA) at wOc_17:5928..6071 on - strand
[14:35:26] Found 1217 CDS
[14:35:26] Connecting features back to sequences
[14:35:26] Not using genus-specific database. Try --usegenus to enable it.
[14:35:26] Annotating CDS, please be patient.
[14:35:26] Will use 8 CPUs for similarity searching.
[14:35:27] There are still 1217 unannotated CDS left (started with 1217)
[14:35:27] Will use blast to search against /media/red/Wolbachia_phylogeny_new/.snakemake/conda/8cd680523f41e5449a78b29be8f1b505/db/kingdom/Bacteria/IS with 8 CPUs
[14:35:27] Running: cat annotation\/wOc\/wOc\.IS\.tmp\.74309\.faa | parallel --gnu --plain -j 8 --block 22958 --recstart '>' --pipe blastp -query - -db /media/red/Wolbachia_phylogeny_new/.snakemake/conda/8cd680523f41e5449a78b29be8f1b505/db/kingdom/Bacteria/IS -evalue 1e-30 -qcov_hsp_perc 90 -num_threads 1 -num_descriptions 1 -num_alignments 1 -seg no > annotation\/wOc\/wOc\.IS\.tmp\.74309\.blast 2> /dev/null
[14:35:32] Deleting unwanted file: annotation/wOc/wOc.IS.tmp.74309.faa
[14:35:32] Deleting unwanted file: annotation/wOc/wOc.IS.tmp.74309.blast
[14:35:33] There are still 1211 unannotated CDS left (started with 1217)
[14:35:33] Will use blast to search against /media/red/Wolbachia_phylogeny_new/.snakemake/conda/8cd680523f41e5449a78b29be8f1b505/db/kingdom/Bacteria/AMR with 8 CPUs
[14:35:33] Running: cat annotation\/wOc\/wOc\.AMR\.tmp\.74309\.faa | parallel --gnu --plain -j 8 --block 22879 --recstart '>' --pipe blastp -query - -db /media/red/Wolbachia_phylogeny_new/.snakemake/conda/8cd680523f41e5449a78b29be8f1b505/db/kingdom/Bacteria/AMR -evalue 9.99999999999999e-301 -qcov_hsp_perc 90 -num_threads 1 -num_descriptions 1 -num_alignments 1 -seg no > annotation\/wOc\/wOc\.AMR\.tmp\.74309\.blast 2> /dev/null
[14:35:38] Deleting unwanted file: annotation/wOc/wOc.AMR.tmp.74309.faa
[14:35:38] Deleting unwanted file: annotation/wOc/wOc.AMR.tmp.74309.blast
[14:35:38] There are still 1211 unannotated CDS left (started with 1217)
[14:35:38] Will use blast to search against /media/red/Wolbachia_phylogeny_new/.snakemake/conda/8cd680523f41e5449a78b29be8f1b505/db/kingdom/Bacteria/sprot with 8 CPUs
[14:35:38] Running: cat annotation\/wOc\/wOc\.sprot\.tmp\.74309\.faa | parallel --gnu --plain -j 8 --block 22879 --recstart '>' --pipe blastp -query - -db /media/red/Wolbachia_phylogeny_new/.snakemake/conda/8cd680523f41e5449a78b29be8f1b505/db/kingdom/Bacteria/sprot -evalue 1e-09 -qcov_hsp_perc 80 -num_threads 1 -num_descriptions 1 -num_alignments 1 -seg no > annotation\/wOc\/wOc\.sprot\.tmp\.74309\.blast 2> /dev/null
[14:36:30] Modify product: Probable peptidoglycan glycosyltransferase FtsW => putative peptidoglycan glycosyltransferase FtsW
[14:36:30] Modify product: Uncharacterized protein NMB0459 => putative protein
[14:36:30] Modify product: SCO1 protein homolog => SCO1 protein 
[14:36:30] Modify product: Probable protein kinase UbiB => putative protein kinase UbiB
[14:36:30] Modify product: Probable GTP-binding protein EngB => putative GTP-binding protein EngB
[14:36:30] Modify product: Probable oxidoreductase CT_610 => putative oxidoreductase CT_610
[14:36:30] Modify product: UPF0758 protein => hypothetical protein
[14:36:30] Modify product: UPF0053 protein HI_0107 => hypothetical protein
[14:36:30] Modify product: UPF0335 protein CCNA_03428 => hypothetical protein
[14:36:30] Modify product: Bifunctional protein FolD => Bifunctional protein FolD protein
[14:36:30] Modify product: Uncharacterized oxidoreductase YciK => putative oxidoreductase YciK
[14:36:30] Modify product: UPF0176 protein lpg2838 => hypothetical protein
[14:36:30] Modify product: Uncharacterized zinc protease Rv2782c => putative zinc protease
[14:36:30] Modify product: UPF0053 inner membrane protein YoaE => hypothetical protein
[14:36:30] Modify product: UPF0758 protein => hypothetical protein
[14:36:30] Modify product: Uncharacterized protein RP812 => putative protein RP812
[14:36:30] Modify product: Putative multidrug export ATP-binding/permease protein SAV1866 => Putative multidrug export ATP-binding/permease protein
[14:36:30] Modify product: Cytochrome b561 homolog 2 => Cytochrome b561 
[14:36:30] Modify product: Probable ribonucleotide transport ATP-binding protein mkl => putative ribonucleotide transport ATP-binding protein mkl
[14:36:30] Modify product: UPF0758 protein => hypothetical protein
[14:36:30] Modify product: Probable peptidoglycan D,D-transpeptidase FtsI => putative peptidoglycan D,D-transpeptidase FtsI
[14:36:30] Modify product: Uncharacterized zinc protease Rv2782c => putative zinc protease
[14:36:30] Modify product: Putative multidrug export ATP-binding/permease protein SAV1866 => Putative multidrug export ATP-binding/permease protein
[14:36:30] Modify product: Uncharacterized HIT-like protein HP_0404 => putative HIT-like protein
[14:36:30] Modify product: Uncharacterized metal-dependent hydrolase YcfH => putative metal-dependent hydrolase YcfH
[14:36:30] Modify product: Probable chromosome-partitioning protein ParB => putative chromosome-partitioning protein ParB
[14:36:30] Modify product: Probable transcriptional regulatory protein aq_1575 => putative transcriptional regulatory protein
[14:36:30] Modify product: Co-chaperone protein HscB homolog => Co-chaperone protein HscB 
[14:36:30] Modify product: Probable lipid II flippase MurJ => putative lipid II flippase MurJ
[14:36:30] Cleaned 29 /product names
[14:36:30] Deleting unwanted file: annotation/wOc/wOc.sprot.tmp.74309.faa
[14:36:30] Deleting unwanted file: annotation/wOc/wOc.sprot.tmp.74309.blast
[14:36:31] There are still 693 unannotated CDS left (started with 1217)
[14:36:31] Will use hmmer3 to search against /media/red/Wolbachia_phylogeny_new/.snakemake/conda/8cd680523f41e5449a78b29be8f1b505/db/hmm/HAMAP.hmm with 8 CPUs
[14:36:31] Running: cat annotation\/wOc\/wOc\.HAMAP\.hmm\.tmp\.74309\.faa | parallel --gnu --plain -j 8 --block 11513 --recstart '>' --pipe hmmscan --noali --notextw --acc -E 1e-09 --cpu 1 /media/red/Wolbachia_phylogeny_new/.snakemake/conda/8cd680523f41e5449a78b29be8f1b505/db/hmm/HAMAP.hmm /dev/stdin > annotation\/wOc\/wOc\.HAMAP\.hmm\.tmp\.74309\.hmmer3 2> /dev/null
[14:36:36] Deleting unwanted file: annotation/wOc/wOc.HAMAP.hmm.tmp.74309.faa
[14:36:36] Deleting unwanted file: annotation/wOc/wOc.HAMAP.hmm.tmp.74309.hmmer3
[14:36:36] Labelling remaining 626 proteins as 'hypothetical protein'
[14:36:36] Possible /pseudo 'DNA mismatch repair protein MutL' at wOc_1 position 17927
[14:36:36] Possible /pseudo 'Outer membrane protein assembly factor BamA' at wOc_4 position 6025
[14:36:36] Possible /pseudo 'Aminopyrimidine aminohydrolase' at wOc_64 position 5668
[14:36:36] Possible /pseudo 'Cytochrome bd-II ubiquinol oxidase subunit 1' at wOc_73 position 4340
[14:36:36] Possible /pseudo 'Arginine/agmatine antiporter' at wOc_40 position 5014
[14:36:36] Possible /pseudo 'Protein translocase subunit SecA' at wOc_41 position 2614
[14:36:36] Possible /pseudo 'ATP synthase subunit b' at wOc_43 position 4619
[14:36:36] Possible /pseudo 'Competence protein ComM' at wOc_32 position 7805
[14:36:36] Possible /pseudo 'Glutathione-regulated potassium-efflux system protein KefC' at wOc_39 position 1513
[14:36:36] Possible /pseudo 'Group II intron-encoded protein LtrA' at wOc_46 position 10281
[14:36:36] Possible /pseudo 'Protein translocase subunit SecA' at wOc_7 position 17114
[14:36:36] Possible /pseudo 'Amino-acid carrier protein AlsT' at wOc_80 position 4467
[14:36:36] Found 510 unique /gene codes.
[14:36:36] Fixed 2 duplicate /gene - ybhL_1 ybhL_2
[14:36:36] Fixed 2 duplicate /gene - comM_1 comM_2
[14:36:36] Fixed 3 duplicate /gene - alsT_1 alsT_2 alsT_3
[14:36:36] Fixed 2 duplicate /gene - bamA_1 bamA_2
[14:36:36] Fixed 4 duplicate /gene - smc_1 smc_2 smc_3 smc_4
[14:36:36] Fixed 2 duplicate /gene - argS_1 argS_2
[14:36:36] Fixed 2 duplicate /gene - argD_1 argD_2
[14:36:36] Fixed 2 duplicate /gene - ndhB_1 ndhB_2
[14:36:36] Fixed 2 duplicate /gene - kefC_1 kefC_2
[14:36:36] Fixed 2 duplicate /gene - ftsH_1 ftsH_2
[14:36:36] Fixed 2 duplicate /gene - ltrA_1 ltrA_2
[14:36:36] Fixed 2 duplicate /gene - atpF_1 atpF_2
[14:36:36] Fixed 2 duplicate /gene - adiC_1 adiC_2
[14:36:36] Fixed 3 duplicate /gene - proP_1 proP_2 proP_3
[14:36:36] Fixed 2 duplicate /gene - COQ3_1 COQ3_2
[14:36:36] Fixed 2 duplicate /gene - rnhA_1 rnhA_2
[14:36:36] Fixed 2 duplicate /gene - surA_1 surA_2
[14:36:36] Fixed 2 duplicate /gene - tenA_1 tenA_2
[14:36:36] Fixed 5 duplicate /gene - mutL_1 mutL_2 mutL_3 mutL_4 mutL_5
[14:36:36] Fixed 2 duplicate /gene - rnd_1 rnd_2
[14:36:36] Fixed 2 duplicate /gene - rcsC_1 rcsC_2
[14:36:36] Fixed 4 duplicate /gene - ligA_1 ligA_2 ligA_3 ligA_4
[14:36:36] Fixed 2 duplicate /gene - purL_1 purL_2
[14:36:36] Fixed 2 duplicate /gene - appC_1 appC_2
[14:36:36] Fixed 2 duplicate /gene - atpH_1 atpH_2
[14:36:36] Fixed 2 duplicate /gene - rluC_1 rluC_2
[14:36:36] Fixed 2 duplicate /gene - virB4_1 virB4_2
[14:36:36] Fixed 2 duplicate /gene - dnaJ_1 dnaJ_2
[14:36:36] Fixed 2 duplicate /gene - dnaA_1 dnaA_2
[14:36:36] Fixed 2 duplicate /gene - gpsA_1 gpsA_2
[14:36:36] Fixed 2 duplicate /gene - gpFI_1 gpFI_2
[14:36:36] Fixed 8 duplicate /gene - secA_1 secA_2 secA_3 secA_4 secA_5 secA_6 secA_7 secA_8
[14:36:36] Fixed 32 colliding /gene names.
[14:36:36] Adding /locus_tag identifiers
[14:36:36] Assigned 1256 locus_tags to CDS and RNA features.
[14:36:36] Writing outputs to annotation/wOc/
[14:36:37] Generating annotation statistics file
[14:36:37] Generating Genbank and Sequin files
[14:36:37] Running: tbl2asn -V b -a r10k -l paired-ends -M n -N 1 -y 'Annotated using prokka 1.14.6 from https://github.com/tseemann/prokka' -Z annotation\/wOc\/wOc\.err -i annotation\/wOc\/wOc\.fsa 2> /dev/null
[14:36:39] Deleting unwanted file: annotation/wOc/errorsummary.val
[14:36:39] Deleting unwanted file: annotation/wOc/wOc.dr
[14:36:39] Deleting unwanted file: annotation/wOc/wOc.fixedproducts
[14:36:39] Deleting unwanted file: annotation/wOc/wOc.ecn
[14:36:39] Deleting unwanted file: annotation/wOc/wOc.val
[14:36:39] Repairing broken .GBK output that tbl2asn produces...
[14:36:39] Running: sed 's/COORDINATES: profile/COORDINATES:profile/' < annotation\/wOc\/wOc\.gbf > annotation\/wOc\/wOc\.gbk
[14:36:39] Deleting unwanted file: annotation/wOc/wOc.gbf
[14:36:39] Output files:
[14:36:39] annotation/wOc/wOc.tsv
[14:36:39] annotation/wOc/wOc.tbl
[14:36:39] annotation/wOc/wOc.faa
[14:36:39] annotation/wOc/wOc.err
[14:36:39] annotation/wOc/wOc.gff
[14:36:39] annotation/wOc/wOc.txt
[14:36:39] annotation/wOc/wOc.log
[14:36:39] annotation/wOc/wOc.fsa
[14:36:39] annotation/wOc/wOc.gbk
[14:36:39] annotation/wOc/wOc.ffn
[14:36:39] annotation/wOc/wOc.fna
[14:36:39] annotation/wOc/wOc.sqn
[14:36:39] Annotation finished successfully.
[14:36:39] Walltime used: 1.30 minutes
[14:36:39] If you use this result please cite the Prokka paper:
[14:36:39] Seemann T (2014) Prokka: rapid prokaryotic genome annotation. Bioinformatics. 30(14):2068-9.
[14:36:39] Type 'prokka --citation' for more details.
[14:36:39] Thank you, come again.
