[14:31:21] This is prokka 1.14.6
[14:31:21] Written by Torsten Seemann <torsten.seemann@gmail.com>
[14:31:21] Homepage is https://github.com/tseemann/prokka
[14:31:21] Local time is Fri Mar  4 14:31:21 2022
[14:31:21] You are gerth
[14:31:21] Operating system is linux
[14:31:21] You have BioPerl 1.007002
[14:31:21] System has 64 cores.
[14:31:21] Will use maximum of 8 cores.
[14:31:21] Annotating as >>> Bacteria <<<
[14:31:21] Re-using existing --outdir annotation/wDacB
[14:31:21] Using filename prefix: wDacB.XXX
[14:31:21] Setting HMMER_NCPU=1
[14:31:21] Writing log to: annotation/wDacB/wDacB.log
[14:31:21] Command: /media/red/Wolbachia_phylogeny_new/.snakemake/conda/8cd680523f41e5449a78b29be8f1b505/bin/prokka --outdir annotation/wDacB --force --prefix wDacB --locustag wDacB --cpus 8 --genus Wolbachia --species sp. --strain wDacB genome_fastas/wDacB.fas
[14:31:21] Appending to PATH: /media/red/Wolbachia_phylogeny_new/.snakemake/conda/8cd680523f41e5449a78b29be8f1b505/bin
[14:31:21] Looking for 'aragorn' - found /media/red/Wolbachia_phylogeny_new/.snakemake/conda/8cd680523f41e5449a78b29be8f1b505/bin/aragorn
[14:31:21] Determined aragorn version is 001002 from 'ARAGORN v1.2.38 Dean Laslett'
[14:31:21] Looking for 'barrnap' - found /media/red/Wolbachia_phylogeny_new/.snakemake/conda/8cd680523f41e5449a78b29be8f1b505/bin/barrnap
[14:31:21] Determined barrnap version is 000009 from 'barrnap 0.9'
[14:31:21] Looking for 'blastp' - found /media/red/Wolbachia_phylogeny_new/.snakemake/conda/8cd680523f41e5449a78b29be8f1b505/bin/blastp
[14:31:22] Determined blastp version is 002012 from 'blastp: 2.12.0+'
[14:31:22] Looking for 'cmpress' - found /media/red/Wolbachia_phylogeny_new/.snakemake/conda/8cd680523f41e5449a78b29be8f1b505/bin/cmpress
[14:31:22] Determined cmpress version is 001001 from '# INFERNAL 1.1.4 (Dec 2020)'
[14:31:22] Looking for 'cmscan' - found /media/red/Wolbachia_phylogeny_new/.snakemake/conda/8cd680523f41e5449a78b29be8f1b505/bin/cmscan
[14:31:22] Determined cmscan version is 001001 from '# INFERNAL 1.1.4 (Dec 2020)'
[14:31:22] Looking for 'egrep' - found /bin/egrep
[14:31:22] Looking for 'find' - found /usr/bin/find
[14:31:22] Looking for 'grep' - found /bin/grep
[14:31:22] Looking for 'hmmpress' - found /media/red/Wolbachia_phylogeny_new/.snakemake/conda/8cd680523f41e5449a78b29be8f1b505/bin/hmmpress
[14:31:22] Determined hmmpress version is 003003 from '# HMMER 3.3.2 (Nov 2020); http://hmmer.org/'
[14:31:22] Looking for 'hmmscan' - found /media/red/Wolbachia_phylogeny_new/.snakemake/conda/8cd680523f41e5449a78b29be8f1b505/bin/hmmscan
[14:31:22] Determined hmmscan version is 003003 from '# HMMER 3.3.2 (Nov 2020); http://hmmer.org/'
[14:31:22] Looking for 'java' - found /media/red/Wolbachia_phylogeny_new/.snakemake/conda/8cd680523f41e5449a78b29be8f1b505/bin/java
[14:31:22] Looking for 'makeblastdb' - found /media/red/Wolbachia_phylogeny_new/.snakemake/conda/8cd680523f41e5449a78b29be8f1b505/bin/makeblastdb
[14:31:23] Determined makeblastdb version is 002012 from 'makeblastdb: 2.12.0+'
[14:31:23] Looking for 'minced' - found /media/red/Wolbachia_phylogeny_new/.snakemake/conda/8cd680523f41e5449a78b29be8f1b505/bin/minced
[14:31:23] Determined minced version is 004002 from 'minced 0.4.2'
[14:31:23] Looking for 'parallel' - found /media/red/Wolbachia_phylogeny_new/.snakemake/conda/8cd680523f41e5449a78b29be8f1b505/bin/parallel
[14:31:23] Determined parallel version is 20211022 from 'GNU parallel 20211022'
[14:31:23] Looking for 'prodigal' - found /media/red/Wolbachia_phylogeny_new/.snakemake/conda/8cd680523f41e5449a78b29be8f1b505/bin/prodigal
[14:31:23] Determined prodigal version is 002006 from 'Prodigal V2.6.3: February, 2016'
[14:31:23] Looking for 'prokka-genbank_to_fasta_db' - found /media/red/Wolbachia_phylogeny_new/.snakemake/conda/8cd680523f41e5449a78b29be8f1b505/bin/prokka-genbank_to_fasta_db
[14:31:23] Looking for 'sed' - found /bin/sed
[14:31:23] Looking for 'tbl2asn' - found /media/red/Wolbachia_phylogeny_new/.snakemake/conda/8cd680523f41e5449a78b29be8f1b505/bin/tbl2asn
[14:31:23] Determined tbl2asn version is 025007 from 'tbl2asn 25.7   arguments:'
[14:31:23] Using genetic code table 11.
[14:31:23] Loading and checking input file: genome_fastas/wDacB.fas
[14:31:23] Wrote 198 contigs totalling 1497749 bp.
[14:31:23] Predicting tRNAs and tmRNAs
[14:31:23] Running: aragorn -l -gc11  -w annotation\/wDacB\/wDacB\.fna
[14:31:23] 1 tmRNA* c[19916,20248] 195,242 ANDNFAAEDNVALAA*
[14:31:23] 1 tRNA-Arg c[1837,1912] 36 (ccg)
[14:31:23] 1 tRNA-Gly c[21953,22026] 34 (gcc)
[14:31:23] 2 tRNA-Met [23252,23328] 35 (cat)
[14:31:23] 1 tRNA-Ser c[1423,1510] 35 (gga)
[14:31:23] 1 tRNA-Trp [72,145] 34 (cca)
[14:31:23] 1 tRNA-Thr [123,196] 34 (tgt)
[14:31:23] 1 tRNA-Asp c[3384,3460] 35 (gtc)
[14:31:23] 1 tRNA-Leu [3106,3192] 35 (taa)
[14:31:23] 1 tRNA-Arg c[14218,14293] 36 (tct)
[14:31:23] 2 tRNA-Pro c[51398,51473] 36 (tgg)
[14:31:23] 3 tRNA-Glu c[52322,52395] 35 (ttc)
[14:31:23] 1 tRNA-Tyr [1930,2012] 35 (gta)
[14:31:23] 2 tRNA-Gly [2017,2088] 33 (tcc)
[14:31:23] 1 tRNA-Leu c[9069,9151] 35 (tag)
[14:31:23] 1 tRNA-Ser c[562,647] 35 (tga)
[14:31:23] 1 tRNA-Leu [3383,3466] 34 (caa)
[14:31:23] 1 tRNA-Gly c[26789,26860] 33 (tcc)
[14:31:23] 2 tRNA-Tyr c[26864,26947] 36 (gta)
[14:31:23] 1 tRNA-Leu c[4521,4606] 35 (cag)
[14:31:23] 1 tRNA-Ala c[5723,5798] 34 (tgc)
[14:31:23] 2 tRNA-Lys [6098,6171] 34 (ttt)
[14:31:23] 1 tRNA-Phe c[2560,2633] 34 (gaa)
[14:31:23] 1 tRNA-His c[7860,7935] 34 (gtg)
[14:31:23] 2 tRNA-Met [24030,24102] 33 (cat)
[14:31:23] 3 tRNA-Gln c[28454,28526] 33 (ttg)
[14:31:23] 1 tRNA-Cys [41560,41632] 34 (gca)
[14:31:23] 1 tRNA-Asn [16534,16606] 33 (gtt)
[14:31:23] 1 tRNA-Ala c[720,795] 34 (tgc)
[14:31:23] 2 tRNA-Lys [1095,1168] 34 (ttt)
[14:31:23] 3 tRNA-Ser [7130,7215] 35 (tga)
[14:31:23] 1 tRNA-Thr [18739,18812] 34 (ggt)
[14:31:23] 1 tRNA-Arg c[13087,13164] 36 (acg)
[14:31:23] 1 tRNA-Ser [12157,12249] 36 (gct)
[14:31:23] 1 tRNA-Met c[27393,27469] 35 (cat)
[14:31:23] 1 tRNA-Arg c[162,236] 35 (cct)
[14:31:23] 1 tRNA-Val c[4196,4268] 34 (tac)
[14:31:23] 1 tRNA-Ile c[11242,11318] 35 (gat)
[14:31:23] 1 tRNA-Leu [1941,2028] 35 (gag)
[14:31:23] 1 tRNA-Val c[10254,10327] 34 (gac)
[14:31:23] Found 40 tRNAs
[14:31:23] Predicting Ribosomal RNAs
[14:31:23] Running Barrnap with 8 threads
[14:31:24] 1 LSYY01000126.1 24528 16S ribosomal RNA
[14:31:24] 2 LSYY01000171.1 477 5S ribosomal RNA
[14:31:24] 3 LSYY01000171.1 651 23S ribosomal RNA
[14:31:24] Found 3 rRNAs
[14:31:24] Skipping ncRNA search, enable with --rfam if desired.
[14:31:24] Total of 42 tRNA + rRNA features
[14:31:24] Searching for CRISPR repeats
[14:31:24] Found 0 CRISPRs
[14:31:24] Predicting coding sequences
[14:31:24] Contigs total 1497749 bp, so using single mode
[14:31:24] Running: prodigal -i annotation\/wDacB\/wDacB\.fna -c -m -g 11 -p single -f sco -q
[14:31:25] Excluding CDS which overlaps existing RNA (tRNA) at LSYY01000123.1:22738..24030 on + strand
[14:31:25] Excluding CDS which overlaps existing RNA (tRNA) at LSYY01000123.1:28517..28852 on - strand
[14:31:25] Excluding CDS which overlaps existing RNA (rRNA) at LSYY01000126.1:25674..25925 on + strand
[14:31:26] Excluding CDS which overlaps existing RNA (rRNA) at LSYY01000171.1:2304..2576 on - strand
[14:31:26] Found 1585 CDS
[14:31:26] Connecting features back to sequences
[14:31:26] Not using genus-specific database. Try --usegenus to enable it.
[14:31:26] Annotating CDS, please be patient.
[14:31:26] Will use 8 CPUs for similarity searching.
[14:31:26] There are still 1585 unannotated CDS left (started with 1585)
[14:31:26] Will use blast to search against /media/red/Wolbachia_phylogeny_new/.snakemake/conda/8cd680523f41e5449a78b29be8f1b505/db/kingdom/Bacteria/IS with 8 CPUs
[14:31:26] Running: cat annotation\/wDacB\/wDacB\.IS\.tmp\.43495\.faa | parallel --gnu --plain -j 8 --block 26039 --recstart '>' --pipe blastp -query - -db /media/red/Wolbachia_phylogeny_new/.snakemake/conda/8cd680523f41e5449a78b29be8f1b505/db/kingdom/Bacteria/IS -evalue 1e-30 -qcov_hsp_perc 90 -num_threads 1 -num_descriptions 1 -num_alignments 1 -seg no > annotation\/wDacB\/wDacB\.IS\.tmp\.43495\.blast 2> /dev/null
[14:32:03] Deleting unwanted file: annotation/wDacB/wDacB.IS.tmp.43495.faa
[14:32:03] Deleting unwanted file: annotation/wDacB/wDacB.IS.tmp.43495.blast
[14:32:03] There are still 1312 unannotated CDS left (started with 1585)
[14:32:03] Will use blast to search against /media/red/Wolbachia_phylogeny_new/.snakemake/conda/8cd680523f41e5449a78b29be8f1b505/db/kingdom/Bacteria/AMR with 8 CPUs
[14:32:03] Running: cat annotation\/wDacB\/wDacB\.AMR\.tmp\.43495\.faa | parallel --gnu --plain -j 8 --block 22846 --recstart '>' --pipe blastp -query - -db /media/red/Wolbachia_phylogeny_new/.snakemake/conda/8cd680523f41e5449a78b29be8f1b505/db/kingdom/Bacteria/AMR -evalue 9.99999999999999e-301 -qcov_hsp_perc 90 -num_threads 1 -num_descriptions 1 -num_alignments 1 -seg no > annotation\/wDacB\/wDacB\.AMR\.tmp\.43495\.blast 2> /dev/null
[14:32:37] Deleting unwanted file: annotation/wDacB/wDacB.AMR.tmp.43495.faa
[14:32:37] Deleting unwanted file: annotation/wDacB/wDacB.AMR.tmp.43495.blast
[14:32:37] There are still 1312 unannotated CDS left (started with 1585)
[14:32:37] Will use blast to search against /media/red/Wolbachia_phylogeny_new/.snakemake/conda/8cd680523f41e5449a78b29be8f1b505/db/kingdom/Bacteria/sprot with 8 CPUs
[14:32:37] Running: cat annotation\/wDacB\/wDacB\.sprot\.tmp\.43495\.faa | parallel --gnu --plain -j 8 --block 22846 --recstart '>' --pipe blastp -query - -db /media/red/Wolbachia_phylogeny_new/.snakemake/conda/8cd680523f41e5449a78b29be8f1b505/db/kingdom/Bacteria/sprot -evalue 1e-09 -qcov_hsp_perc 80 -num_threads 1 -num_descriptions 1 -num_alignments 1 -seg no > annotation\/wDacB\/wDacB\.sprot\.tmp\.43495\.blast 2> /dev/null
[14:32:49] Modify product: Uncharacterized zinc protease Rv2782c => putative zinc protease
[14:32:49] Modify product: Uncharacterized zinc protease Rv2782c => putative zinc protease
[14:32:49] Modify product: Putative multidrug export ATP-binding/permease protein SAV1866 => Putative multidrug export ATP-binding/permease protein
[14:32:49] Modify product: UPF0758 protein => hypothetical protein
[14:32:49] Modify product: Uncharacterized zinc protease Rv2782c => putative zinc protease
[14:32:49] Modify product: Probable transcriptional regulatory protein aq_1575 => putative transcriptional regulatory protein
[14:32:49] Modify product: Uncharacterized protein RP812 => putative protein RP812
[14:32:49] Modify product: Bifunctional protein FolD => Bifunctional protein FolD protein
[14:32:49] Modify product: UPF0335 protein CCNA_03428 => hypothetical protein
[14:32:49] Modify product: UPF0053 protein HI_0107 => hypothetical protein
[14:32:49] Modify product: Uncharacterized oxidoreductase YciK => putative oxidoreductase YciK
[14:32:50] Modify product: Uncharacterized oxidoreductase Rv0945 => putative oxidoreductase
[14:32:50] Modify product: UPF0176 protein lpg2838 => hypothetical protein
[14:32:50] Modify product: Co-chaperone protein HscB homolog => Co-chaperone protein HscB 
[14:32:50] Modify product: Uncharacterized metal-dependent hydrolase YcfH => putative metal-dependent hydrolase YcfH
[14:32:50] Modify product: Probable ribonucleotide transport ATP-binding protein mkl => putative ribonucleotide transport ATP-binding protein mkl
[14:32:50] Modify product: Probable lipid II flippase MurJ => putative lipid II flippase MurJ
[14:32:50] Modify product: Probable murein peptide carboxypeptidase => putative murein peptide carboxypeptidase
[14:32:50] Modify product: UPF0053 protein HI_0107 => hypothetical protein
[14:32:50] Modify product: UPF0335 protein CCNA_03428 => hypothetical protein
[14:32:50] Modify product: Bifunctional protein FolD => Bifunctional protein FolD protein
[14:32:50] Modify product: Cytochrome b561 homolog 2 => Cytochrome b561 
[14:32:50] Modify product: Probable protein kinase UbiB => putative protein kinase UbiB
[14:32:50] Modify product: SCO1 protein homolog => SCO1 protein 
[14:32:50] Modify product: UPF0053 inner membrane protein YoaE => hypothetical protein
[14:32:50] Modify product: Probable chromosome-partitioning protein ParB => putative chromosome-partitioning protein ParB
[14:32:50] Modify product: Probable oxidoreductase CT_610 => putative oxidoreductase CT_610
[14:32:50] Modify product: UPF0758 protein => hypothetical protein
[14:32:50] Cleaned 28 /product names
[14:32:50] Deleting unwanted file: annotation/wDacB/wDacB.sprot.tmp.43495.faa
[14:32:50] Deleting unwanted file: annotation/wDacB/wDacB.sprot.tmp.43495.blast
[14:32:50] There are still 745 unannotated CDS left (started with 1585)
[14:32:50] Will use hmmer3 to search against /media/red/Wolbachia_phylogeny_new/.snakemake/conda/8cd680523f41e5449a78b29be8f1b505/db/hmm/HAMAP.hmm with 8 CPUs
[14:32:50] Running: cat annotation\/wDacB\/wDacB\.HAMAP\.hmm\.tmp\.43495\.faa | parallel --gnu --plain -j 8 --block 10926 --recstart '>' --pipe hmmscan --noali --notextw --acc -E 1e-09 --cpu 1 /media/red/Wolbachia_phylogeny_new/.snakemake/conda/8cd680523f41e5449a78b29be8f1b505/db/hmm/HAMAP.hmm /dev/stdin > annotation\/wDacB\/wDacB\.HAMAP\.hmm\.tmp\.43495\.hmmer3 2> /dev/null
[14:32:55] Deleting unwanted file: annotation/wDacB/wDacB.HAMAP.hmm.tmp.43495.faa
[14:32:55] Deleting unwanted file: annotation/wDacB/wDacB.HAMAP.hmm.tmp.43495.hmmer3
[14:32:55] Labelling remaining 662 proteins as 'hypothetical protein'
[14:32:55] Possible /pseudo 'IS256 family transposase ISWpi15' at LSYY01000001.1 position 9292
[14:32:55] Possible /pseudo 'IS630 family transposase ISWpi10' at LSYY01000001.1 position 20938
[14:32:55] Possible /pseudo 'IS630 family transposase ISWpi10' at LSYY01000001.1 position 36409
[14:32:55] Possible /pseudo 'IS630 family transposase ISWpi10' at LSYY01000002.1 position 5906
[14:32:55] Possible /pseudo 'putative zinc protease' at LSYY01000002.1 position 10301
[14:32:55] Possible /pseudo 'IS630 family transposase ISWpi10' at LSYY01000013.1 position 3515
[14:32:55] Possible /pseudo 'IS481 family transposase ISWpi2' at LSYY01000023.1 position 7757
[14:32:55] Possible /pseudo 'Arginine/agmatine antiporter' at LSYY01000031.1 position 7348
[14:32:55] Possible /pseudo 'IS630 family transposase ISWpi10' at LSYY01000034.1 position 5728
[14:32:55] Possible /pseudo 'IS630 family transposase ISWpi10' at LSYY01000067.1 position 3467
[14:32:55] Possible /pseudo 'IS630 family transposase ISWpi10' at LSYY01000078.1 position 34630
[14:32:55] Possible /pseudo 'IS630 family transposase ISWpi10' at LSYY01000078.1 position 45446
[14:32:55] Possible /pseudo 'DNA polymerase III subunit alpha' at LSYY01000088.1 position 2074
[14:32:55] Possible /pseudo 'UvrABC system protein A' at LSYY01000089.1 position 2573
[14:32:55] Possible /pseudo 'UvrABC system protein A' at LSYY01000089.1 position 2716
[14:32:55] Possible /pseudo 'IS630 family transposase ISWpi10' at LSYY01000089.1 position 4039
[14:32:55] Possible /pseudo 'IS110 family transposase ISWpi12' at LSYY01000094.1 position 860
[14:32:55] Possible /pseudo 'SsrA-binding protein' at LSYY01000100.1 position 5624
[14:32:55] Possible /pseudo 'IS630 family transposase ISWpi10' at LSYY01000111.1 position 4496
[14:32:55] Possible /pseudo 'IS256 family transposase ISWpi15' at LSYY01000112.1 position 10652
[14:32:55] Possible /pseudo 'IS630 family transposase ISWpi10' at LSYY01000112.1 position 11803
[14:32:55] Possible /pseudo 'IS256 family transposase ISWpi15' at LSYY01000115.1 position 1067
[14:32:55] Possible /pseudo 'IS630 family transposase ISWpi10' at LSYY01000116.1 position 3262
[14:32:55] Possible /pseudo 'IS630 family transposase ISWpi10' at LSYY01000116.1 position 32799
[14:32:55] Possible /pseudo 'IS630 family transposase ISWpi10' at LSYY01000117.1 position 1797
[14:32:55] Possible /pseudo 'IS630 family transposase ISWpi10' at LSYY01000117.1 position 7019
[14:32:55] Possible /pseudo 'IS630 family transposase ISWpi10' at LSYY01000118.1 position 15508
[14:32:55] Possible /pseudo 'IS630 family transposase ISWpi10' at LSYY01000119.1 position 5833
[14:32:55] Possible /pseudo 'IS630 family transposase ISWpi10' at LSYY01000119.1 position 7409
[14:32:55] Possible /pseudo 'IS630 family transposase ISWpi10' at LSYY01000119.1 position 13658
[14:32:55] Possible /pseudo 'IS630 family transposase ISWpi10' at LSYY01000119.1 position 22769
[14:32:55] Possible /pseudo 'IS630 family transposase ISWpi11' at LSYY01000120.1 position 3635
[14:32:55] Possible /pseudo 'IS630 family transposase ISWpi10' at LSYY01000120.1 position 4864
[14:32:55] Possible /pseudo 'IS630 family transposase ISWpi10' at LSYY01000124.1 position 2917
[14:32:55] Possible /pseudo 'IS630 family transposase ISWpi10' at LSYY01000126.1 position 4356
[14:32:55] Possible /pseudo 'IS630 family transposase ISWpi10' at LSYY01000126.1 position 12353
[14:32:55] Possible /pseudo 'IS630 family transposase ISWpi10' at LSYY01000126.1 position 16764
[14:32:55] Possible /pseudo 'Bifunctional protein PutA' at LSYY01000126.1 position 52094
[14:32:55] Possible /pseudo 'IS256 family transposase ISWpi15' at LSYY01000127.1 position 3087
[14:32:55] Possible /pseudo 'IS630 family transposase ISWpi10' at LSYY01000128.1 position 3549
[14:32:55] Possible /pseudo 'IS256 family transposase ISWpi15' at LSYY01000134.1 position 11583
[14:32:55] Possible /pseudo 'IS630 family transposase ISWpi10' at LSYY01000134.1 position 12734
[14:32:55] Possible /pseudo 'IS256 family transposase ISWpi15' at LSYY01000134.1 position 14377
[14:32:55] Possible /pseudo 'tRNA modification GTPase MnmE' at LSYY01000136.1 position 6069
[14:32:55] Possible /pseudo 'tRNA modification GTPase MnmE' at LSYY01000136.1 position 6295
[14:32:55] Possible /pseudo 'tRNA modification GTPase MnmE' at LSYY01000136.1 position 6723
[14:32:55] Possible /pseudo 'IS630 family transposase ISWpi10' at LSYY01000138.1 position 3435
[14:32:55] Possible /pseudo 'IS481 family transposase ISWpi2' at LSYY01000142.1 position 26707
[14:32:55] Possible /pseudo 'IS630 family transposase ISWpi10' at LSYY01000142.1 position 27726
[14:32:55] Possible /pseudo 'IS256 family transposase ISWpi15' at LSYY01000142.1 position 28811
[14:32:55] Possible /pseudo 'L-allo-threonine aldolase' at LSYY01000142.1 position 39495
[14:32:55] Possible /pseudo 'IS630 family transposase ISWpi10' at LSYY01000145.1 position 5014
[14:32:55] Possible /pseudo 'NADH-quinone oxidoreductase subunit M' at LSYY01000149.1 position 4365
[14:32:55] Possible /pseudo 'IS630 family transposase ISWpi10' at LSYY01000150.1 position 3633
[14:32:55] Possible /pseudo 'DNA topoisomerase 1' at LSYY01000150.1 position 6318
[14:32:55] Possible /pseudo 'IS630 family transposase ISWpi10' at LSYY01000150.1 position 7641
[14:32:55] Possible /pseudo 'IS630 family transposase ISWpi10' at LSYY01000150.1 position 12507
[14:32:55] Possible /pseudo 'IS630 family transposase ISWpi10' at LSYY01000151.1 position 4697
[14:32:55] Possible /pseudo 'IS630 family transposase ISWpi10' at LSYY01000152.1 position 3475
[14:32:55] Possible /pseudo 'IS630 family transposase ISWpi10' at LSYY01000152.1 position 6131
[14:32:55] Possible /pseudo 'ATP-dependent zinc metalloprotease FtsH' at LSYY01000153.1 position 2908
[14:32:55] Possible /pseudo 'Acetylornithine aminotransferase' at LSYY01000155.1 position 8243
[14:32:55] Possible /pseudo 'IS630 family transposase ISWpi10' at LSYY01000155.1 position 12773
[14:32:55] Possible /pseudo 'ATP synthase subunit b' at LSYY01000156.1 position 6485
[14:32:55] Possible /pseudo 'IS630 family transposase ISWpi10' at LSYY01000157.1 position 1010
[14:32:55] Possible /pseudo 'IS630 family transposase ISWpi10' at LSYY01000158.1 position 3612
[14:32:55] Possible /pseudo 'IS481 family transposase ISWpi2' at LSYY01000158.1 position 5064
[14:32:55] Possible /pseudo 'IS630 family transposase ISWpi10' at LSYY01000158.1 position 6680
[14:32:55] Possible /pseudo 'DNA mismatch repair protein MutL' at LSYY01000159.1 position 491
[14:32:55] Possible /pseudo 'IS256 family transposase ISWpi15' at LSYY01000159.1 position 2613
[14:32:55] Possible /pseudo 'IS630 family transposase ISWpi10' at LSYY01000159.1 position 3764
[14:32:55] Possible /pseudo 'Peptide chain release factor 1' at LSYY01000160.1 position 661
[14:32:55] Possible /pseudo 'IS630 family transposase ISWpi10' at LSYY01000160.1 position 7114
[14:32:55] Possible /pseudo 'IS630 family transposase ISWpi10' at LSYY01000160.1 position 12698
[14:32:55] Possible /pseudo 'IS630 family transposase ISWpi10' at LSYY01000161.1 position 1182
[14:32:55] Possible /pseudo 'IS630 family transposase ISWpi10' at LSYY01000161.1 position 3092
[14:32:55] Possible /pseudo 'IS630 family transposase ISWpi10' at LSYY01000161.1 position 5914
[14:32:55] Possible /pseudo 'IS630 family transposase ISWpi10' at LSYY01000161.1 position 8840
[14:32:55] Possible /pseudo 'Chaperone protein ClpB' at LSYY01000162.1 position 3632
[14:32:55] Possible /pseudo 'Chaperone protein ClpB' at LSYY01000162.1 position 3862
[14:32:55] Possible /pseudo 'IS630 family transposase ISWpi10' at LSYY01000162.1 position 28702
[14:32:55] Possible /pseudo 'IS630 family transposase ISWpi10' at LSYY01000162.1 position 30735
[14:32:55] Possible /pseudo 'IS630 family transposase ISWpi10' at LSYY01000162.1 position 31006
[14:32:55] Possible /pseudo 'IS630 family transposase ISWpi10' at LSYY01000162.1 position 39283
[14:32:55] Possible /pseudo 'IS630 family transposase ISWpi10' at LSYY01000162.1 position 42223
[14:32:55] Possible /pseudo 'IS630 family transposase ISWpi10' at LSYY01000163.1 position 3416
[14:32:55] Possible /pseudo 'IS630 family transposase ISWpi10' at LSYY01000163.1 position 5266
[14:32:55] Possible /pseudo 'IS630 family transposase ISWpi10' at LSYY01000164.1 position 1604
[14:32:55] Possible /pseudo 'IS630 family transposase ISWpi10' at LSYY01000165.1 position 1357
[14:32:55] Possible /pseudo 'Fumarate hydratase class II' at LSYY01000165.1 position 2610
[14:32:55] Possible /pseudo 'IS630 family transposase ISWpi10' at LSYY01000165.1 position 9204
[14:32:55] Possible /pseudo 'IS630 family transposase ISWpi10' at LSYY01000166.1 position 22525
[14:32:55] Possible /pseudo 'IS630 family transposase ISWpi10' at LSYY01000167.1 position 6845
[14:32:55] Possible /pseudo 'IS630 family transposase ISWpi10' at LSYY01000167.1 position 7395
[14:32:55] Possible /pseudo 'Aminopyrimidine aminohydrolase' at LSYY01000171.1 position 9260
[14:32:55] Possible /pseudo 'IS630 family transposase ISWpi10' at LSYY01000171.1 position 13542
[14:32:55] Possible /pseudo 'IS630 family transposase ISWpi10' at LSYY01000172.1 position 1301
[14:32:55] Possible /pseudo 'IS481 family transposase ISWpi2' at LSYY01000172.1 position 2424
[14:32:55] Possible /pseudo 'IS630 family transposase ISWpi10' at LSYY01000173.1 position 3800
[14:32:55] Possible /pseudo 'L-allo-threonine aldolase' at LSYY01000175.1 position 9817
[14:32:55] Possible /pseudo 'Amidophosphoribosyltransferase' at LSYY01000177.1 position 938
[14:32:55] Possible /pseudo 'IS630 family transposase ISWpi10' at LSYY01000177.1 position 2161
[14:32:55] Possible /pseudo 'Amino-acid carrier protein AlsT' at LSYY01000188.1 position 4214
[14:32:55] Possible /pseudo 'IS630 family transposase ISWpi10' at LSYY01000188.1 position 8647
[14:32:55] Found 508 unique /gene codes.
[14:32:55] Fixed 2 duplicate /gene - rnd_1 rnd_2
[14:32:55] Fixed 2 duplicate /gene - pksC_1 pksC_2
[14:32:55] Fixed 3 duplicate /gene - glmU_1 glmU_2 glmU_3
[14:32:55] Fixed 3 duplicate /gene - coaE_1 coaE_2 coaE_3
[14:32:55] Fixed 2 duplicate /gene - smpB_1 smpB_2
[14:32:55] Fixed 2 duplicate /gene - galE_1 galE_2
[14:32:55] Fixed 2 duplicate /gene - pyrG_1 pyrG_2
[14:32:55] Fixed 4 duplicate /gene - uvrA_1 uvrA_2 uvrA_3 uvrA_4
[14:32:55] Fixed 2 duplicate /gene - ruvB_1 ruvB_2
[14:32:55] Fixed 2 duplicate /gene - tsf_1 tsf_2
[14:32:55] Fixed 2 duplicate /gene - gph_1 gph_2
[14:32:55] Fixed 2 duplicate /gene - argS_1 argS_2
[14:32:55] Fixed 2 duplicate /gene - ribE_1 ribE_2
[14:32:55] Fixed 2 duplicate /gene - ccmA_1 ccmA_2
[14:32:55] Fixed 2 duplicate /gene - xerD_1 xerD_2
[14:32:55] Fixed 2 duplicate /gene - rcsC_1 rcsC_2
[14:32:55] Fixed 3 duplicate /gene - rkpK_1 rkpK_2 rkpK_3
[14:32:55] Fixed 5 duplicate /gene - mnmE_1 mnmE_2 mnmE_3 mnmE_4 mnmE_5
[14:32:55] Fixed 2 duplicate /gene - btuD_1 btuD_2
[14:32:55] Fixed 4 duplicate /gene - ltaA_1 ltaA_2 ltaA_3 ltaA_4
[14:32:55] Fixed 2 duplicate /gene - ubiX_1 ubiX_2
[14:32:55] Fixed 2 duplicate /gene - surA_1 surA_2
[14:32:55] Fixed 2 duplicate /gene - mshA_1 mshA_2
[14:32:55] Fixed 2 duplicate /gene - adiC_1 adiC_2
[14:32:55] Fixed 2 duplicate /gene - sphX_1 sphX_2
[14:32:55] Fixed 2 duplicate /gene - ywqF_1 ywqF_2
[14:32:55] Fixed 3 duplicate /gene - algC_1 algC_2 algC_3
[14:32:55] Fixed 4 duplicate /gene - argD_1 argD_2 argD_3 argD_4
[14:32:55] Fixed 3 duplicate /gene - ribN_1 ribN_2 ribN_3
[14:32:55] Fixed 2 duplicate /gene - fumC_1 fumC_2
[14:32:55] Fixed 2 duplicate /gene - murC_1 murC_2
[14:32:55] Fixed 2 duplicate /gene - frr_1 frr_2
[14:32:55] Fixed 2 duplicate /gene - secD_1 secD_2
[14:32:55] Fixed 2 duplicate /gene - atpF_1 atpF_2
[14:32:55] Fixed 2 duplicate /gene - hemH_1 hemH_2
[14:32:55] Fixed 2 duplicate /gene - pheS_1 pheS_2
[14:32:55] Fixed 2 duplicate /gene - nuoM_1 nuoM_2
[14:32:55] Fixed 2 duplicate /gene - hslU_1 hslU_2
[14:32:55] Fixed 2 duplicate /gene - OSGEPL1_1 OSGEPL1_2
[14:32:55] Fixed 3 duplicate /gene - COQ3_1 COQ3_2 COQ3_3
[14:32:55] Fixed 2 duplicate /gene - yrdA_1 yrdA_2
[14:32:55] Fixed 2 duplicate /gene - trpS_1 trpS_2
[14:32:55] Fixed 2 duplicate /gene - putA_1 putA_2
[14:32:55] Fixed 3 duplicate /gene - glpT_1 glpT_2 glpT_3
[14:32:55] Fixed 2 duplicate /gene - atpH_1 atpH_2
[14:32:55] Fixed 2 duplicate /gene - ndk_1 ndk_2
[14:32:55] Fixed 6 duplicate /gene - mutL_1 mutL_2 mutL_3 mutL_4 mutL_5 mutL_6
[14:32:55] Fixed 2 duplicate /gene - dnaA_1 dnaA_2
[14:32:55] Fixed 2 duplicate /gene - purL_1 purL_2
[14:32:55] Fixed 2 duplicate /gene - infB_1 infB_2
[14:32:55] Fixed 2 duplicate /gene - nusA_1 nusA_2
[14:32:55] Fixed 2 duplicate /gene - fucA_1 fucA_2
[14:32:55] Fixed 2 duplicate /gene - hslV_1 hslV_2
[14:32:55] Fixed 2 duplicate /gene - gpmI_1 gpmI_2
[14:32:55] Fixed 2 duplicate /gene - rpmE_1 rpmE_2
[14:32:55] Fixed 2 duplicate /gene - pdxJ_1 pdxJ_2
[14:32:55] Fixed 3 duplicate /gene - proP_1 proP_2 proP_3
[14:32:55] Fixed 5 duplicate /gene - clpB_1 clpB_2 clpB_3 clpB_4 clpB_5
[14:32:55] Fixed 3 duplicate /gene - alsT_1 alsT_2 alsT_3
[14:32:55] Fixed 2 duplicate /gene - hemB_1 hemB_2
[14:32:55] Fixed 2 duplicate /gene - dsbB_1 dsbB_2
[14:32:55] Fixed 2 duplicate /gene - pyrH_1 pyrH_2
[14:32:55] Fixed 2 duplicate /gene - folD_1 folD_2
[14:32:55] Fixed 3 duplicate /gene - ftsH_1 ftsH_2 ftsH_3
[14:32:55] Fixed 2 duplicate /gene - tufA_1 tufA_2
[14:32:55] Fixed 2 duplicate /gene - carA_1 carA_2
[14:32:55] Fixed 2 duplicate /gene - truB_1 truB_2
[14:32:55] Fixed 3 duplicate /gene - rnhA_1 rnhA_2 rnhA_3
[14:32:55] Fixed 2 duplicate /gene - prfA_1 prfA_2
[14:32:55] Fixed 2 duplicate /gene - tenA_1 tenA_2
[14:32:55] Fixed 2 duplicate /gene - dacF_1 dacF_2
[14:32:55] Fixed 3 duplicate /gene - topA_1 topA_2 topA_3
[14:32:55] Fixed 2 duplicate /gene - nadK_1 nadK_2
[14:32:55] Fixed 2 duplicate /gene - nuoL_1 nuoL_2
[14:32:55] Fixed 3 duplicate /gene - dnaE1_1 dnaE1_2 dnaE1_3
[14:32:55] Fixed 2 duplicate /gene - purF_1 purF_2
[14:32:55] Fixed 2 duplicate /gene - uvrC_1 uvrC_2
[14:32:55] Fixed 2 duplicate /gene - grpE_1 grpE_2
[14:32:55] Fixed 2 duplicate /gene - ndhB_1 ndhB_2
[14:32:55] Fixed 2 duplicate /gene - virB4_1 virB4_2
[14:32:55] Fixed 2 duplicate /gene - dnaG_1 dnaG_2
[14:32:55] Fixed 2 duplicate /gene - lysS_1 lysS_2
[14:32:55] Fixed 82 colliding /gene names.
[14:32:55] Adding /locus_tag identifiers
[14:32:55] Assigned 1628 locus_tags to CDS and RNA features.
[14:32:55] Writing outputs to annotation/wDacB/
[14:32:56] Generating annotation statistics file
[14:32:56] Generating Genbank and Sequin files
[14:32:56] Running: tbl2asn -V b -a r10k -l paired-ends -M n -N 1 -y 'Annotated using prokka 1.14.6 from https://github.com/tseemann/prokka' -Z annotation\/wDacB\/wDacB\.err -i annotation\/wDacB\/wDacB\.fsa 2> /dev/null
[14:32:59] Deleting unwanted file: annotation/wDacB/errorsummary.val
[14:32:59] Deleting unwanted file: annotation/wDacB/wDacB.dr
[14:32:59] Deleting unwanted file: annotation/wDacB/wDacB.fixedproducts
[14:32:59] Deleting unwanted file: annotation/wDacB/wDacB.ecn
[14:32:59] Deleting unwanted file: annotation/wDacB/wDacB.val
[14:32:59] Repairing broken .GBK output that tbl2asn produces...
[14:32:59] Running: sed 's/COORDINATES: profile/COORDINATES:profile/' < annotation\/wDacB\/wDacB\.gbf > annotation\/wDacB\/wDacB\.gbk
[14:32:59] Deleting unwanted file: annotation/wDacB/wDacB.gbf
[14:32:59] Output files:
[14:32:59] annotation/wDacB/wDacB.sqn
[14:32:59] annotation/wDacB/wDacB.fsa
[14:32:59] annotation/wDacB/wDacB.gbk
[14:32:59] annotation/wDacB/wDacB.fna
[14:32:59] annotation/wDacB/wDacB.ffn
[14:32:59] annotation/wDacB/wDacB.tbl
[14:32:59] annotation/wDacB/wDacB.gff
[14:32:59] annotation/wDacB/wDacB.tsv
[14:32:59] annotation/wDacB/wDacB.txt
[14:32:59] annotation/wDacB/wDacB.log
[14:32:59] annotation/wDacB/wDacB.err
[14:32:59] annotation/wDacB/wDacB.faa
[14:32:59] Annotation finished successfully.
[14:32:59] Walltime used: 1.63 minutes
[14:32:59] If you use this result please cite the Prokka paper:
[14:32:59] Seemann T (2014) Prokka: rapid prokaryotic genome annotation. Bioinformatics. 30(14):2068-9.
[14:32:59] Type 'prokka --citation' for more details.
[14:32:59] Thank you, come again.
