[14:39:18] This is prokka 1.14.6
[14:39:18] Written by Torsten Seemann <torsten.seemann@gmail.com>
[14:39:18] Homepage is https://github.com/tseemann/prokka
[14:39:18] Local time is Fri Mar  4 14:39:18 2022
[14:39:18] You are gerth
[14:39:18] Operating system is linux
[14:39:18] You have BioPerl 1.007002
[14:39:18] System has 64 cores.
[14:39:18] Will use maximum of 8 cores.
[14:39:18] Annotating as >>> Bacteria <<<
[14:39:18] Re-using existing --outdir annotation/wOo
[14:39:18] Using filename prefix: wOo.XXX
[14:39:18] Setting HMMER_NCPU=1
[14:39:18] Writing log to: annotation/wOo/wOo.log
[14:39:18] Command: /media/red/Wolbachia_phylogeny_new/.snakemake/conda/8cd680523f41e5449a78b29be8f1b505/bin/prokka --outdir annotation/wOo --force --prefix wOo --locustag wOo --cpus 8 --genus Wolbachia --species sp. --strain wOo genome_fastas/wOo.fas
[14:39:18] Appending to PATH: /media/red/Wolbachia_phylogeny_new/.snakemake/conda/8cd680523f41e5449a78b29be8f1b505/bin
[14:39:18] Looking for 'aragorn' - found /media/red/Wolbachia_phylogeny_new/.snakemake/conda/8cd680523f41e5449a78b29be8f1b505/bin/aragorn
[14:39:18] Determined aragorn version is 001002 from 'ARAGORN v1.2.38 Dean Laslett'
[14:39:18] Looking for 'barrnap' - found /media/red/Wolbachia_phylogeny_new/.snakemake/conda/8cd680523f41e5449a78b29be8f1b505/bin/barrnap
[14:39:18] Determined barrnap version is 000009 from 'barrnap 0.9'
[14:39:18] Looking for 'blastp' - found /media/red/Wolbachia_phylogeny_new/.snakemake/conda/8cd680523f41e5449a78b29be8f1b505/bin/blastp
[14:39:19] Determined blastp version is 002012 from 'blastp: 2.12.0+'
[14:39:19] Looking for 'cmpress' - found /media/red/Wolbachia_phylogeny_new/.snakemake/conda/8cd680523f41e5449a78b29be8f1b505/bin/cmpress
[14:39:19] Determined cmpress version is 001001 from '# INFERNAL 1.1.4 (Dec 2020)'
[14:39:19] Looking for 'cmscan' - found /media/red/Wolbachia_phylogeny_new/.snakemake/conda/8cd680523f41e5449a78b29be8f1b505/bin/cmscan
[14:39:19] Determined cmscan version is 001001 from '# INFERNAL 1.1.4 (Dec 2020)'
[14:39:19] Looking for 'egrep' - found /bin/egrep
[14:39:19] Looking for 'find' - found /usr/bin/find
[14:39:19] Looking for 'grep' - found /bin/grep
[14:39:19] Looking for 'hmmpress' - found /media/red/Wolbachia_phylogeny_new/.snakemake/conda/8cd680523f41e5449a78b29be8f1b505/bin/hmmpress
[14:39:19] Determined hmmpress version is 003003 from '# HMMER 3.3.2 (Nov 2020); http://hmmer.org/'
[14:39:19] Looking for 'hmmscan' - found /media/red/Wolbachia_phylogeny_new/.snakemake/conda/8cd680523f41e5449a78b29be8f1b505/bin/hmmscan
[14:39:19] Determined hmmscan version is 003003 from '# HMMER 3.3.2 (Nov 2020); http://hmmer.org/'
[14:39:19] Looking for 'java' - found /media/red/Wolbachia_phylogeny_new/.snakemake/conda/8cd680523f41e5449a78b29be8f1b505/bin/java
[14:39:19] Looking for 'makeblastdb' - found /media/red/Wolbachia_phylogeny_new/.snakemake/conda/8cd680523f41e5449a78b29be8f1b505/bin/makeblastdb
[14:39:20] Determined makeblastdb version is 002012 from 'makeblastdb: 2.12.0+'
[14:39:20] Looking for 'minced' - found /media/red/Wolbachia_phylogeny_new/.snakemake/conda/8cd680523f41e5449a78b29be8f1b505/bin/minced
[14:39:20] Determined minced version is 004002 from 'minced 0.4.2'
[14:39:20] Looking for 'parallel' - found /media/red/Wolbachia_phylogeny_new/.snakemake/conda/8cd680523f41e5449a78b29be8f1b505/bin/parallel
[14:39:20] Determined parallel version is 20211022 from 'GNU parallel 20211022'
[14:39:20] Looking for 'prodigal' - found /media/red/Wolbachia_phylogeny_new/.snakemake/conda/8cd680523f41e5449a78b29be8f1b505/bin/prodigal
[14:39:20] Determined prodigal version is 002006 from 'Prodigal V2.6.3: February, 2016'
[14:39:20] Looking for 'prokka-genbank_to_fasta_db' - found /media/red/Wolbachia_phylogeny_new/.snakemake/conda/8cd680523f41e5449a78b29be8f1b505/bin/prokka-genbank_to_fasta_db
[14:39:20] Looking for 'sed' - found /bin/sed
[14:39:20] Looking for 'tbl2asn' - found /media/red/Wolbachia_phylogeny_new/.snakemake/conda/8cd680523f41e5449a78b29be8f1b505/bin/tbl2asn
[14:39:20] Determined tbl2asn version is 025007 from 'tbl2asn 25.7   arguments:'
[14:39:20] Using genetic code table 11.
[14:39:20] Loading and checking input file: genome_fastas/wOo.fas
[14:39:20] Wrote 1 contigs totalling 957990 bp.
[14:39:20] Predicting tRNAs and tmRNAs
[14:39:20] Running: aragorn -l -gc11  -w annotation\/wOo\/wOo\.fna
[14:39:21] 1 tRNA-Ser c[15036,15128] 36 (gct)
[14:39:21] 2 tRNA-Asn [21504,21578] 34 (gtt)
[14:39:21] 3 tRNA-Thr c[38444,38517] 35 (tgt)
[14:39:21] 4 tRNA-Arg c[57559,57635] 35 (cct)
[14:39:21] 5 tRNA-Ser c[90592,90681] 36 (gga)
[14:39:21] 6 tRNA-Trp [139860,139933] 34 (cca)
[14:39:21] 7 tRNA-His [172245,172318] 34 (gtg)
[14:39:21] 8 tRNA-Met [190041,190115] 35 (cat)
[14:39:21] 9 tRNA-Thr [192509,192582] 34 (ggt)
[14:39:21] 10 tRNA-Pro [215967,216044] 36 (tgg)
[14:39:21] 11 tRNA-Met c[219767,219842] 35 (cat)
[14:39:21] 12 tRNA-Gly [221093,221166] 34 (gcc)
[14:39:21] 13 tRNA-Val c[276690,276762] 34 (tac)
[14:39:21] 14 tRNA-Ser [283164,283253] 36 (tga)
[14:39:21] 15 tRNA-Ala c[318362,318436] 35 (tgc)
[14:39:21] 16 tRNA-Lys [318598,318670] 34 (ttt)
[14:39:21] 17 tRNA-Val c[343576,343649] 34 (gac)
[14:39:21] 18 tmRNA* [364608,364937] 189,239 ANDNFAANGNVVALVA*
[14:39:21] 19 tRNA-Glu [433535,433608] 35 (ttc)
[14:39:21] 20 tRNA-Cys c[436426,436497] 34 (gca)
[14:39:21] 21 tRNA-Arg c[523253,523327] 36 (acg)
[14:39:21] 22 tRNA-Leu c[542110,542193] 34 (caa)
[14:39:21] 23 tRNA-Gln c[557938,558012] 33 (ttg)
[14:39:21] 24 tRNA-Leu c[572774,572859] 35 (cag)
[14:39:21] 25 tRNA-Leu c[633885,633971] 35 (taa)
[14:39:21] 26 tRNA-Leu c[658876,658963] 35 (gag)
[14:39:21] 27 tRNA-Arg c[697558,697633] 36 (tct)
[14:39:21] 28 tRNA-Arg c[757690,757765] 36 (ccg)
[14:39:21] 29 tRNA-Ile c[812002,812078] 35 (gat)
[14:39:21] 30 tRNA-Met c[824879,824952] 34 (cat)
[14:39:21] 31 tRNA-Leu c[856214,856296] 35 (tag)
[14:39:21] 32 tRNA-Phe c[898254,898327] 34 (gaa)
[14:39:21] 33 tRNA-Asp [903979,904053] 35 (gtc)
[14:39:21] 34 tRNA-Gly c[942490,942562] 34 (tcc)
[14:39:21] 35 tRNA-Tyr c[942566,942650] 36 (gta)
[14:39:21] Found 35 tRNAs
[14:39:21] Predicting Ribosomal RNAs
[14:39:21] Running Barrnap with 8 threads
[14:39:21] 1 wOo 72970 5S ribosomal RNA (partial)
[14:39:21] 2 wOo 73124 23S ribosomal RNA
[14:39:21] 3 wOo 920632 16S ribosomal RNA
[14:39:21] Found 3 rRNAs
[14:39:21] Skipping ncRNA search, enable with --rfam if desired.
[14:39:21] Total of 37 tRNA + rRNA features
[14:39:21] Searching for CRISPR repeats
[14:39:22] Found 0 CRISPRs
[14:39:22] Predicting coding sequences
[14:39:22] Contigs total 957990 bp, so using single mode
[14:39:22] Running: prodigal -i annotation\/wOo\/wOo\.fna -c -m -g 11 -p single -f sco -q
[14:39:23] Excluding CDS which overlaps existing RNA (tRNA) at wOo:824915..826246 on - strand
[14:39:23] Excluding CDS which overlaps existing RNA (tRNA) at wOo:898196..898342 on - strand
[14:39:23] Excluding CDS which overlaps existing RNA (rRNA) at wOo:921573..921695 on - strand
[14:39:23] Found 797 CDS
[14:39:23] Connecting features back to sequences
[14:39:23] Not using genus-specific database. Try --usegenus to enable it.
[14:39:23] Annotating CDS, please be patient.
[14:39:23] Will use 8 CPUs for similarity searching.
[14:39:23] There are still 797 unannotated CDS left (started with 797)
[14:39:23] Will use blast to search against /media/red/Wolbachia_phylogeny_new/.snakemake/conda/8cd680523f41e5449a78b29be8f1b505/db/kingdom/Bacteria/IS with 8 CPUs
[14:39:23] Running: cat annotation\/wOo\/wOo\.IS\.tmp\.99040\.faa | parallel --gnu --plain -j 8 --block 14123 --recstart '>' --pipe blastp -query - -db /media/red/Wolbachia_phylogeny_new/.snakemake/conda/8cd680523f41e5449a78b29be8f1b505/db/kingdom/Bacteria/IS -evalue 1e-30 -qcov_hsp_perc 90 -num_threads 1 -num_descriptions 1 -num_alignments 1 -seg no > annotation\/wOo\/wOo\.IS\.tmp\.99040\.blast 2> /dev/null
[14:39:28] Deleting unwanted file: annotation/wOo/wOo.IS.tmp.99040.faa
[14:39:28] Deleting unwanted file: annotation/wOo/wOo.IS.tmp.99040.blast
[14:39:28] There are still 797 unannotated CDS left (started with 797)
[14:39:28] Will use blast to search against /media/red/Wolbachia_phylogeny_new/.snakemake/conda/8cd680523f41e5449a78b29be8f1b505/db/kingdom/Bacteria/AMR with 8 CPUs
[14:39:28] Running: cat annotation\/wOo\/wOo\.AMR\.tmp\.99040\.faa | parallel --gnu --plain -j 8 --block 14123 --recstart '>' --pipe blastp -query - -db /media/red/Wolbachia_phylogeny_new/.snakemake/conda/8cd680523f41e5449a78b29be8f1b505/db/kingdom/Bacteria/AMR -evalue 9.99999999999999e-301 -qcov_hsp_perc 90 -num_threads 1 -num_descriptions 1 -num_alignments 1 -seg no > annotation\/wOo\/wOo\.AMR\.tmp\.99040\.blast 2> /dev/null
[14:40:01] Deleting unwanted file: annotation/wOo/wOo.AMR.tmp.99040.faa
[14:40:01] Deleting unwanted file: annotation/wOo/wOo.AMR.tmp.99040.blast
[14:40:01] There are still 797 unannotated CDS left (started with 797)
[14:40:01] Will use blast to search against /media/red/Wolbachia_phylogeny_new/.snakemake/conda/8cd680523f41e5449a78b29be8f1b505/db/kingdom/Bacteria/sprot with 8 CPUs
[14:40:01] Running: cat annotation\/wOo\/wOo\.sprot\.tmp\.99040\.faa | parallel --gnu --plain -j 8 --block 14123 --recstart '>' --pipe blastp -query - -db /media/red/Wolbachia_phylogeny_new/.snakemake/conda/8cd680523f41e5449a78b29be8f1b505/db/kingdom/Bacteria/sprot -evalue 1e-09 -qcov_hsp_perc 80 -num_threads 1 -num_descriptions 1 -num_alignments 1 -seg no > annotation\/wOo\/wOo\.sprot\.tmp\.99040\.blast 2> /dev/null
[14:40:10] Modify product: UPF0053 inner membrane protein YoaE => hypothetical protein
[14:40:10] Modify product: Uncharacterized zinc protease Rv2782c => putative zinc protease
[14:40:10] Modify product: Probable GTP-binding protein EngB => putative GTP-binding protein EngB
[14:40:10] Modify product: UPF0053 protein HI_0107 => hypothetical protein
[14:40:10] Modify product: Bifunctional protein FolD => Bifunctional protein FolD protein
[14:40:11] Modify product: UPF0176 protein lpg2838 => hypothetical protein
[14:40:11] Modify product: Uncharacterized zinc protease Rv2782c => putative zinc protease
[14:40:11] Modify product: Cytochrome b561 homolog 2 => Cytochrome b561 
[14:40:11] Modify product: GTP-binding protein TypA/BipA homolog => GTP-binding protein TypA/BipA 
[14:40:11] Modify product: Probable transcriptional regulatory protein aq_1575 => putative transcriptional regulatory protein
[14:40:11] Modify product: Uncharacterized protein RP812 => putative protein RP812
[14:40:11] Modify product: Probable protein kinase UbiB => putative protein kinase UbiB
[14:40:11] Modify product: Uncharacterized metal-dependent hydrolase YcfH => putative metal-dependent hydrolase YcfH
[14:40:11] Modify product: Uncharacterized HIT-like protein HP_0404 => putative HIT-like protein
[14:40:11] Modify product: Uncharacterized oxidoreductase YciK => putative oxidoreductase YciK
[14:40:11] Modify product: SCO1 protein homolog => SCO1 protein 
[14:40:11] Modify product: Uncharacterized ABC transporter ATP-binding protein TM_0288 => putative ABC transporter ATP-binding protein
[14:40:11] Cleaned 17 /product names
[14:40:11] Deleting unwanted file: annotation/wOo/wOo.sprot.tmp.99040.faa
[14:40:11] Deleting unwanted file: annotation/wOo/wOo.sprot.tmp.99040.blast
[14:40:11] There are still 364 unannotated CDS left (started with 797)
[14:40:11] Will use hmmer3 to search against /media/red/Wolbachia_phylogeny_new/.snakemake/conda/8cd680523f41e5449a78b29be8f1b505/db/hmm/HAMAP.hmm with 8 CPUs
[14:40:11] Running: cat annotation\/wOo\/wOo\.HAMAP\.hmm\.tmp\.99040\.faa | parallel --gnu --plain -j 8 --block 4500 --recstart '>' --pipe hmmscan --noali --notextw --acc -E 1e-09 --cpu 1 /media/red/Wolbachia_phylogeny_new/.snakemake/conda/8cd680523f41e5449a78b29be8f1b505/db/hmm/HAMAP.hmm /dev/stdin > annotation\/wOo\/wOo\.HAMAP\.hmm\.tmp\.99040\.hmmer3 2> /dev/null
[14:40:14] Deleting unwanted file: annotation/wOo/wOo.HAMAP.hmm.tmp.99040.faa
[14:40:14] Deleting unwanted file: annotation/wOo/wOo.HAMAP.hmm.tmp.99040.hmmer3
[14:40:14] Labelling remaining 310 proteins as 'hypothetical protein'
[14:40:14] Possible /pseudo 'Pyridoxine 5'-phosphate synthase' at wOo position 5081
[14:40:14] Possible /pseudo 'Acetylornithine/succinyldiaminopimelate aminotransferase' at wOo position 262721
[14:40:14] Possible /pseudo 'Arginine/agmatine antiporter' at wOo position 298995
[14:40:14] Possible /pseudo 'Bifunctional riboflavin kinase/FMN adenylyltransferase' at wOo position 397688
[14:40:14] Possible /pseudo 'Response regulator PleD' at wOo position 622982
[14:40:14] Possible /pseudo 'Protein translocase subunit SecY' at wOo position 931239
[14:40:14] Found 450 unique /gene codes.
[14:40:14] Fixed 2 duplicate /gene - surA_1 surA_2
[14:40:14] Fixed 2 duplicate /gene - carB_1 carB_2
[14:40:14] Fixed 2 duplicate /gene - pleD_1 pleD_2
[14:40:14] Fixed 2 duplicate /gene - rnd_1 rnd_2
[14:40:14] Fixed 2 duplicate /gene - virB4_1 virB4_2
[14:40:14] Fixed 2 duplicate /gene - purL_1 purL_2
[14:40:14] Fixed 2 duplicate /gene - pdxJ_1 pdxJ_2
[14:40:14] Fixed 2 duplicate /gene - dnaA_1 dnaA_2
[14:40:14] Fixed 2 duplicate /gene - secY_1 secY_2
[14:40:14] Fixed 2 duplicate /gene - tufA_1 tufA_2
[14:40:14] Fixed 2 duplicate /gene - alsT_1 alsT_2
[14:40:14] Fixed 2 duplicate /gene - atpH_1 atpH_2
[14:40:14] Fixed 2 duplicate /gene - erpA_1 erpA_2
[14:40:14] Fixed 2 duplicate /gene - adiC_1 adiC_2
[14:40:14] Fixed 2 duplicate /gene - virB9_1 virB9_2
[14:40:14] Fixed 2 duplicate /gene - ribF_1 ribF_2
[14:40:14] Fixed 2 duplicate /gene - argD_1 argD_2
[14:40:14] Fixed 17 colliding /gene names.
[14:40:14] Adding /locus_tag identifiers
[14:40:14] Assigned 835 locus_tags to CDS and RNA features.
[14:40:14] Writing outputs to annotation/wOo/
[14:40:15] Generating annotation statistics file
[14:40:15] Generating Genbank and Sequin files
[14:40:15] Running: tbl2asn -V b -a r10k -l paired-ends -M n -N 1 -y 'Annotated using prokka 1.14.6 from https://github.com/tseemann/prokka' -Z annotation\/wOo\/wOo\.err -i annotation\/wOo\/wOo\.fsa 2> /dev/null
[14:40:16] Deleting unwanted file: annotation/wOo/errorsummary.val
[14:40:16] Deleting unwanted file: annotation/wOo/wOo.dr
[14:40:16] Deleting unwanted file: annotation/wOo/wOo.fixedproducts
[14:40:16] Deleting unwanted file: annotation/wOo/wOo.ecn
[14:40:16] Deleting unwanted file: annotation/wOo/wOo.val
[14:40:16] Repairing broken .GBK output that tbl2asn produces...
[14:40:16] Running: sed 's/COORDINATES: profile/COORDINATES:profile/' < annotation\/wOo\/wOo\.gbf > annotation\/wOo\/wOo\.gbk
[14:40:16] Deleting unwanted file: annotation/wOo/wOo.gbf
[14:40:16] Output files:
[14:40:16] annotation/wOo/wOo.fsa
[14:40:16] annotation/wOo/wOo.gff
[14:40:16] annotation/wOo/wOo.log
[14:40:16] annotation/wOo/wOo.tbl
[14:40:16] annotation/wOo/wOo.ffn
[14:40:16] annotation/wOo/wOo.txt
[14:40:16] annotation/wOo/wOo.fna
[14:40:16] annotation/wOo/wOo.err
[14:40:16] annotation/wOo/wOo.sqn
[14:40:16] annotation/wOo/wOo.faa
[14:40:16] annotation/wOo/wOo.gbk
[14:40:16] annotation/wOo/wOo.tsv
[14:40:16] Annotation finished successfully.
[14:40:16] Walltime used: 0.97 minutes
[14:40:16] If you use this result please cite the Prokka paper:
[14:40:16] Seemann T (2014) Prokka: rapid prokaryotic genome annotation. Bioinformatics. 30(14):2068-9.
[14:40:16] Type 'prokka --citation' for more details.
[14:40:16] Thank you, come again.
