[14:38:30] This is prokka 1.14.6
[14:38:30] Written by Torsten Seemann <torsten.seemann@gmail.com>
[14:38:30] Homepage is https://github.com/tseemann/prokka
[14:38:30] Local time is Fri Mar  4 14:38:30 2022
[14:38:30] You are gerth
[14:38:30] Operating system is linux
[14:38:30] You have BioPerl 1.007002
[14:38:30] System has 64 cores.
[14:38:30] Will use maximum of 8 cores.
[14:38:30] Annotating as >>> Bacteria <<<
[14:38:30] Re-using existing --outdir annotation/wStur
[14:38:30] Using filename prefix: wStur.XXX
[14:38:30] Setting HMMER_NCPU=1
[14:38:30] Writing log to: annotation/wStur/wStur.log
[14:38:30] Command: /media/red/Wolbachia_phylogeny_new/.snakemake/conda/8cd680523f41e5449a78b29be8f1b505/bin/prokka --outdir annotation/wStur --force --prefix wStur --locustag wStur --cpus 8 --genus Wolbachia --species sp. --strain wStur genome_fastas/wStur.fas
[14:38:30] Appending to PATH: /media/red/Wolbachia_phylogeny_new/.snakemake/conda/8cd680523f41e5449a78b29be8f1b505/bin
[14:38:30] Looking for 'aragorn' - found /media/red/Wolbachia_phylogeny_new/.snakemake/conda/8cd680523f41e5449a78b29be8f1b505/bin/aragorn
[14:38:30] Determined aragorn version is 001002 from 'ARAGORN v1.2.38 Dean Laslett'
[14:38:30] Looking for 'barrnap' - found /media/red/Wolbachia_phylogeny_new/.snakemake/conda/8cd680523f41e5449a78b29be8f1b505/bin/barrnap
[14:38:30] Determined barrnap version is 000009 from 'barrnap 0.9'
[14:38:30] Looking for 'blastp' - found /media/red/Wolbachia_phylogeny_new/.snakemake/conda/8cd680523f41e5449a78b29be8f1b505/bin/blastp
[14:38:31] Determined blastp version is 002012 from 'blastp: 2.12.0+'
[14:38:31] Looking for 'cmpress' - found /media/red/Wolbachia_phylogeny_new/.snakemake/conda/8cd680523f41e5449a78b29be8f1b505/bin/cmpress
[14:38:31] Determined cmpress version is 001001 from '# INFERNAL 1.1.4 (Dec 2020)'
[14:38:31] Looking for 'cmscan' - found /media/red/Wolbachia_phylogeny_new/.snakemake/conda/8cd680523f41e5449a78b29be8f1b505/bin/cmscan
[14:38:31] Determined cmscan version is 001001 from '# INFERNAL 1.1.4 (Dec 2020)'
[14:38:31] Looking for 'egrep' - found /bin/egrep
[14:38:31] Looking for 'find' - found /usr/bin/find
[14:38:31] Looking for 'grep' - found /bin/grep
[14:38:31] Looking for 'hmmpress' - found /media/red/Wolbachia_phylogeny_new/.snakemake/conda/8cd680523f41e5449a78b29be8f1b505/bin/hmmpress
[14:38:31] Determined hmmpress version is 003003 from '# HMMER 3.3.2 (Nov 2020); http://hmmer.org/'
[14:38:31] Looking for 'hmmscan' - found /media/red/Wolbachia_phylogeny_new/.snakemake/conda/8cd680523f41e5449a78b29be8f1b505/bin/hmmscan
[14:38:31] Determined hmmscan version is 003003 from '# HMMER 3.3.2 (Nov 2020); http://hmmer.org/'
[14:38:31] Looking for 'java' - found /media/red/Wolbachia_phylogeny_new/.snakemake/conda/8cd680523f41e5449a78b29be8f1b505/bin/java
[14:38:31] Looking for 'makeblastdb' - found /media/red/Wolbachia_phylogeny_new/.snakemake/conda/8cd680523f41e5449a78b29be8f1b505/bin/makeblastdb
[14:38:32] Determined makeblastdb version is 002012 from 'makeblastdb: 2.12.0+'
[14:38:32] Looking for 'minced' - found /media/red/Wolbachia_phylogeny_new/.snakemake/conda/8cd680523f41e5449a78b29be8f1b505/bin/minced
[14:38:32] Determined minced version is 004002 from 'minced 0.4.2'
[14:38:32] Looking for 'parallel' - found /media/red/Wolbachia_phylogeny_new/.snakemake/conda/8cd680523f41e5449a78b29be8f1b505/bin/parallel
[14:38:32] Determined parallel version is 20211022 from 'GNU parallel 20211022'
[14:38:32] Looking for 'prodigal' - found /media/red/Wolbachia_phylogeny_new/.snakemake/conda/8cd680523f41e5449a78b29be8f1b505/bin/prodigal
[14:38:32] Determined prodigal version is 002006 from 'Prodigal V2.6.3: February, 2016'
[14:38:32] Looking for 'prokka-genbank_to_fasta_db' - found /media/red/Wolbachia_phylogeny_new/.snakemake/conda/8cd680523f41e5449a78b29be8f1b505/bin/prokka-genbank_to_fasta_db
[14:38:32] Looking for 'sed' - found /bin/sed
[14:38:32] Looking for 'tbl2asn' - found /media/red/Wolbachia_phylogeny_new/.snakemake/conda/8cd680523f41e5449a78b29be8f1b505/bin/tbl2asn
[14:38:32] Determined tbl2asn version is 025007 from 'tbl2asn 25.7   arguments:'
[14:38:32] Using genetic code table 11.
[14:38:32] Loading and checking input file: genome_fastas/wStur.fas
[14:38:32] Wrote 14 contigs totalling 1054444 bp.
[14:38:32] Predicting tRNAs and tmRNAs
[14:38:32] Running: aragorn -l -gc11  -w annotation\/wStur\/wStur\.fna
[14:38:33] 1 tRNA-Phe c[15133,15206] 34 (gaa)
[14:38:33] 2 tRNA-Asp [20781,20855] 35 (gtc)
[14:38:33] 3 tRNA-Met [64784,64858] 35 (cat)
[14:38:33] 4 tRNA-Thr [66483,66556] 34 (ggt)
[14:38:33] 5 tRNA-Ser [72953,73044] 35 (gct)
[14:38:33] 6 tRNA-Ile [140094,140170] 35 (gat)
[14:38:33] 7 tRNA-Arg c[203712,203786] 36 (acg)
[14:38:33] 8 tRNA-Gly c[229229,229301] 34 (tcc)
[14:38:33] 9 tRNA-Tyr c[229305,229388] 36 (gta)
[14:38:33] 10 tRNA-Pro [248451,248524] 35 (tgg)
[14:38:33] 11 tRNA-Gln [297141,297215] 33 (ttg)
[14:38:33] 12 tRNA-Met [308691,308766] 34 (cat)
[14:38:33] 1 tRNA-Asn c[18907,18981] 33 (gtt)
[14:38:33] 2 tRNA-Thr [30577,30650] 34 (tgt)
[14:38:33] 3 tRNA-Lys c[37959,38032] 34 (ttt)
[14:38:33] 4 tRNA-Ala [38304,38378] 34 (tgc)
[14:38:33] 5 tRNA-Arg c[125985,126059] 35 (tct)
[14:38:33] 6 tRNA-His c[139255,139330] 34 (gtg)
[14:38:33] 7 tRNA-Ser [171767,171855] 36 (gga)
[14:38:33] 8 tRNA-Cys c[197524,197596] 34 (gca)
[14:38:33] 9 tRNA-Arg [208804,208878] 35 (ccg)
[14:38:33] 10 tRNA-Val [249083,249155] 34 (tac)
[14:38:33] 1 tRNA-Val c[7623,7697] 35 (gac)
[14:38:33] 2 tRNA-Ser [15564,15652] 36 (tga)
[14:38:33] 3 tRNA-Gly c[198795,198868] 34 (gcc)
[14:38:33] 4 tRNA-Met [200132,200206] 35 (cat)
[14:38:33] 1 tRNA-Arg [31501,31577] 35 (cct)
[14:38:33] 2 tRNA-Glu [35630,35702] 34 (ttc)
[14:38:33] 3 tRNA-Leu [50049,50136] 35 (gag)
[14:38:33] 4 tRNA-Leu [88288,88371] 34 (caa)
[14:38:33] 1 tRNA-Trp [105,178] 34 (cca)
[14:38:33] 2 tmRNA* [38018,38349] 194,241 ANDNFAADGNVALAA*
[14:38:33] 3 tRNA-Leu c[76662,76744] 35 (tag)
[14:38:33] 1 tRNA-Leu c[19488,19574] 35 (taa)
[14:38:33] 1 tRNA-Leu [1623,1708] 35 (cag)
[14:38:33] Found 35 tRNAs
[14:38:33] Predicting Ribosomal RNAs
[14:38:33] Running Barrnap with 8 threads
[14:38:33] 1 NODE_14_length_625_cov_2.237828 20 5S ribosomal RNA
[14:38:33] 2 NODE_1_length_324030_cov_4.969646 1 16S ribosomal RNA (partial)
[14:38:33] 3 NODE_1_length_324030_cov_4.969646 274874 23S ribosomal RNA
[14:38:33] 4 NODE_1_length_324030_cov_4.969646 277726 5S ribosomal RNA
[14:38:33] 5 NODE_1_length_324030_cov_4.969646 323131 16S ribosomal RNA (partial)
[14:38:33] Found 5 rRNAs
[14:38:33] Skipping ncRNA search, enable with --rfam if desired.
[14:38:33] Total of 39 tRNA + rRNA features
[14:38:33] Searching for CRISPR repeats
[14:38:33] Found 0 CRISPRs
[14:38:33] Predicting coding sequences
[14:38:33] Contigs total 1054444 bp, so using single mode
[14:38:33] Running: prodigal -i annotation\/wStur\/wStur\.fna -c -m -g 11 -p single -f sco -q
[14:38:34] Excluding CDS which overlaps existing RNA (tRNA) at NODE_1_length_324030_cov_4.969646:66318..66581 on - strand
[14:38:34] Excluding CDS which overlaps existing RNA (tRNA) at NODE_1_length_324030_cov_4.969646:296815..297150 on + strand
[14:38:34] Excluding CDS which overlaps existing RNA (tRNA) at NODE_1_length_324030_cov_4.969646:307399..308691 on + strand
[14:38:35] Excluding CDS which overlaps existing RNA (tRNA) at NODE_6_length_56146_cov_5.517099:19266..19568 on - strand
[14:38:35] Found 1097 CDS
[14:38:35] Connecting features back to sequences
[14:38:35] Not using genus-specific database. Try --usegenus to enable it.
[14:38:35] Annotating CDS, please be patient.
[14:38:35] Will use 8 CPUs for similarity searching.
[14:38:35] There are still 1097 unannotated CDS left (started with 1097)
[14:38:35] Will use blast to search against /media/red/Wolbachia_phylogeny_new/.snakemake/conda/8cd680523f41e5449a78b29be8f1b505/db/kingdom/Bacteria/IS with 8 CPUs
[14:38:35] Running: cat annotation\/wStur\/wStur\.IS\.tmp\.95520\.faa | parallel --gnu --plain -j 8 --block 17738 --recstart '>' --pipe blastp -query - -db /media/red/Wolbachia_phylogeny_new/.snakemake/conda/8cd680523f41e5449a78b29be8f1b505/db/kingdom/Bacteria/IS -evalue 1e-30 -qcov_hsp_perc 90 -num_threads 1 -num_descriptions 1 -num_alignments 1 -seg no > annotation\/wStur\/wStur\.IS\.tmp\.95520\.blast 2> /dev/null
[14:39:40] Deleting unwanted file: annotation/wStur/wStur.IS.tmp.95520.faa
[14:39:40] Deleting unwanted file: annotation/wStur/wStur.IS.tmp.95520.blast
[14:39:41] There are still 1092 unannotated CDS left (started with 1097)
[14:39:41] Will use blast to search against /media/red/Wolbachia_phylogeny_new/.snakemake/conda/8cd680523f41e5449a78b29be8f1b505/db/kingdom/Bacteria/AMR with 8 CPUs
[14:39:41] Running: cat annotation\/wStur\/wStur\.AMR\.tmp\.95520\.faa | parallel --gnu --plain -j 8 --block 17703 --recstart '>' --pipe blastp -query - -db /media/red/Wolbachia_phylogeny_new/.snakemake/conda/8cd680523f41e5449a78b29be8f1b505/db/kingdom/Bacteria/AMR -evalue 9.99999999999999e-301 -qcov_hsp_perc 90 -num_threads 1 -num_descriptions 1 -num_alignments 1 -seg no > annotation\/wStur\/wStur\.AMR\.tmp\.95520\.blast 2> /dev/null
[14:39:46] Deleting unwanted file: annotation/wStur/wStur.AMR.tmp.95520.faa
[14:39:46] Deleting unwanted file: annotation/wStur/wStur.AMR.tmp.95520.blast
[14:39:46] There are still 1092 unannotated CDS left (started with 1097)
[14:39:46] Will use blast to search against /media/red/Wolbachia_phylogeny_new/.snakemake/conda/8cd680523f41e5449a78b29be8f1b505/db/kingdom/Bacteria/sprot with 8 CPUs
[14:39:46] Running: cat annotation\/wStur\/wStur\.sprot\.tmp\.95520\.faa | parallel --gnu --plain -j 8 --block 17703 --recstart '>' --pipe blastp -query - -db /media/red/Wolbachia_phylogeny_new/.snakemake/conda/8cd680523f41e5449a78b29be8f1b505/db/kingdom/Bacteria/sprot -evalue 1e-09 -qcov_hsp_perc 80 -num_threads 1 -num_descriptions 1 -num_alignments 1 -seg no > annotation\/wStur\/wStur\.sprot\.tmp\.95520\.blast 2> /dev/null
[14:40:25] Modify product: UPF0053 inner membrane protein YoaE => hypothetical protein
[14:40:25] Modify product: Uncharacterized zinc protease Rv2782c => putative zinc protease
[14:40:25] Modify product: Uncharacterized metal-dependent hydrolase YcfH => putative metal-dependent hydrolase YcfH
[14:40:25] Modify product: Uncharacterized HIT-like protein HP_0404 => putative HIT-like protein
[14:40:25] Modify product: Probable lipid II flippase MurJ => putative lipid II flippase MurJ
[14:40:25] Modify product: Uncharacterized ABC transporter ATP-binding protein TM_0288 => putative ABC transporter ATP-binding protein
[14:40:25] Modify product: Probable peptidoglycan D,D-transpeptidase FtsI => putative peptidoglycan D,D-transpeptidase FtsI
[14:40:25] Modify product: Uncharacterized oxidoreductase YciK => putative oxidoreductase YciK
[14:40:25] Modify product: Uncharacterized protein RP812 => putative protein RP812
[14:40:25] Modify product: Probable transcriptional regulatory protein aq_1575 => putative transcriptional regulatory protein
[14:40:25] Modify product: Uncharacterized zinc protease Rv2782c => putative zinc protease
[14:40:25] Modify product: Probable protein kinase UbiB => putative protein kinase UbiB
[14:40:25] Modify product: Bifunctional protein FolD => Bifunctional protein FolD protein
[14:40:25] Modify product: UPF0335 protein CCNA_03428 => hypothetical protein
[14:40:25] Modify product: UPF0053 protein HI_0107 => hypothetical protein
[14:40:25] Modify product: Probable murein peptide carboxypeptidase => putative murein peptide carboxypeptidase
[14:40:26] Modify product: UPF0176 protein lpg2838 => hypothetical protein
[14:40:26] Modify product: SCO1 protein homolog => SCO1 protein 
[14:40:26] Modify product: Co-chaperone protein HscB homolog => Co-chaperone protein HscB 
[14:40:26] Modify product: Probable ribonucleotide transport ATP-binding protein mkl => putative ribonucleotide transport ATP-binding protein mkl
[14:40:26] Modify product: Probable peptidoglycan glycosyltransferase FtsW => putative peptidoglycan glycosyltransferase FtsW
[14:40:26] Modify product: Uncharacterized ABC transporter ATP-binding protein TM_0288 => putative ABC transporter ATP-binding protein
[14:40:26] Modify product: Probable oxidoreductase CT_610 => putative oxidoreductase CT_610
[14:40:26] Modify product: Cytochrome b561 homolog 2 => Cytochrome b561 
[14:40:26] Cleaned 24 /product names
[14:40:26] Deleting unwanted file: annotation/wStur/wStur.sprot.tmp.95520.faa
[14:40:26] Deleting unwanted file: annotation/wStur/wStur.sprot.tmp.95520.blast
[14:40:26] There are still 610 unannotated CDS left (started with 1097)
[14:40:26] Will use hmmer3 to search against /media/red/Wolbachia_phylogeny_new/.snakemake/conda/8cd680523f41e5449a78b29be8f1b505/db/hmm/HAMAP.hmm with 8 CPUs
[14:40:26] Running: cat annotation\/wStur\/wStur\.HAMAP\.hmm\.tmp\.95520\.faa | parallel --gnu --plain -j 8 --block 6973 --recstart '>' --pipe hmmscan --noali --notextw --acc -E 1e-09 --cpu 1 /media/red/Wolbachia_phylogeny_new/.snakemake/conda/8cd680523f41e5449a78b29be8f1b505/db/hmm/HAMAP.hmm /dev/stdin > annotation\/wStur\/wStur\.HAMAP\.hmm\.tmp\.95520\.hmmer3 2> /dev/null
[14:40:30] Deleting unwanted file: annotation/wStur/wStur.HAMAP.hmm.tmp.95520.faa
[14:40:30] Deleting unwanted file: annotation/wStur/wStur.HAMAP.hmm.tmp.95520.hmmer3
[14:40:30] Labelling remaining 555 proteins as 'hypothetical protein'
[14:40:30] Possible /pseudo 'Aminopyrimidine aminohydrolase' at NODE_1_length_324030_cov_4.969646 position 142215
[14:40:30] Possible /pseudo 'Amino-acid carrier protein AlsT' at NODE_3_length_204172_cov_5.203115 position 3220
[14:40:30] Possible /pseudo 'Arginine/agmatine antiporter' at NODE_3_length_204172_cov_5.203115 position 30846
[14:40:30] Possible /pseudo 'IS256 family transposase ISWpi15' at NODE_9_length_1850_cov_6.218306 position 704
[14:40:30] Possible /pseudo 'IS256 family transposase ISWpi15' at NODE_9_length_1850_cov_6.218306 position 999
[14:40:30] Found 494 unique /gene codes.
[14:40:30] Fixed 2 duplicate /gene - xerD_1 xerD_2
[14:40:30] Fixed 2 duplicate /gene - rcsC_1 rcsC_2
[14:40:30] Fixed 2 duplicate /gene - proP_1 proP_2
[14:40:30] Fixed 2 duplicate /gene - dnaA_1 dnaA_2
[14:40:30] Fixed 2 duplicate /gene - COQ3_1 COQ3_2
[14:40:30] Fixed 2 duplicate /gene - rnd_1 rnd_2
[14:40:30] Fixed 2 duplicate /gene - surA_1 surA_2
[14:40:30] Fixed 2 duplicate /gene - argD_1 argD_2
[14:40:30] Fixed 2 duplicate /gene - atpH_1 atpH_2
[14:40:30] Fixed 2 duplicate /gene - carB_1 carB_2
[14:40:30] Fixed 2 duplicate /gene - purL_1 purL_2
[14:40:30] Fixed 2 duplicate /gene - virB4_1 virB4_2
[14:40:30] Fixed 2 duplicate /gene - adiC_1 adiC_2
[14:40:30] Fixed 2 duplicate /gene - ftsH_1 ftsH_2
[14:40:30] Fixed 2 duplicate /gene - tenA_1 tenA_2
[14:40:30] Fixed 2 duplicate /gene - ligA_1 ligA_2
[14:40:30] Fixed 3 duplicate /gene - alsT_1 alsT_2 alsT_3
[14:40:30] Fixed 17 colliding /gene names.
[14:40:30] Adding /locus_tag identifiers
[14:40:30] Assigned 1137 locus_tags to CDS and RNA features.
[14:40:30] Writing outputs to annotation/wStur/
[14:40:30] Generating annotation statistics file
[14:40:30] Generating Genbank and Sequin files
[14:40:30] Running: tbl2asn -V b -a r10k -l paired-ends -M n -N 1 -y 'Annotated using prokka 1.14.6 from https://github.com/tseemann/prokka' -Z annotation\/wStur\/wStur\.err -i annotation\/wStur\/wStur\.fsa 2> /dev/null
[14:40:32] Deleting unwanted file: annotation/wStur/errorsummary.val
[14:40:32] Deleting unwanted file: annotation/wStur/wStur.dr
[14:40:32] Deleting unwanted file: annotation/wStur/wStur.fixedproducts
[14:40:32] Deleting unwanted file: annotation/wStur/wStur.ecn
[14:40:32] Deleting unwanted file: annotation/wStur/wStur.val
[14:40:32] Repairing broken .GBK output that tbl2asn produces...
[14:40:32] Running: sed 's/COORDINATES: profile/COORDINATES:profile/' < annotation\/wStur\/wStur\.gbf > annotation\/wStur\/wStur\.gbk
[14:40:32] Deleting unwanted file: annotation/wStur/wStur.gbf
[14:40:32] Output files:
[14:40:32] annotation/wStur/wStur.fsa
[14:40:32] annotation/wStur/wStur.txt
[14:40:32] annotation/wStur/wStur.sqn
[14:40:32] annotation/wStur/wStur.fna
[14:40:32] annotation/wStur/wStur.err
[14:40:32] annotation/wStur/wStur.tbl
[14:40:32] annotation/wStur/wStur.faa
[14:40:32] annotation/wStur/wStur.tsv
[14:40:32] annotation/wStur/wStur.log
[14:40:32] annotation/wStur/wStur.gff
[14:40:32] annotation/wStur/wStur.gbk
[14:40:32] annotation/wStur/wStur.ffn
[14:40:32] Annotation finished successfully.
[14:40:32] Walltime used: 2.03 minutes
[14:40:32] If you use this result please cite the Prokka paper:
[14:40:32] Seemann T (2014) Prokka: rapid prokaryotic genome annotation. Bioinformatics. 30(14):2068-9.
[14:40:32] Type 'prokka --citation' for more details.
[14:40:32] Thank you, come again.
