[14:37:39] This is prokka 1.14.6
[14:37:39] Written by Torsten Seemann <torsten.seemann@gmail.com>
[14:37:39] Homepage is https://github.com/tseemann/prokka
[14:37:39] Local time is Fri Mar  4 14:37:39 2022
[14:37:39] You are gerth
[14:37:39] Operating system is linux
[14:37:39] You have BioPerl 1.007002
[14:37:39] System has 64 cores.
[14:37:39] Will use maximum of 8 cores.
[14:37:39] Annotating as >>> Bacteria <<<
[14:37:39] Re-using existing --outdir annotation/wVitB
[14:37:39] Using filename prefix: wVitB.XXX
[14:37:39] Setting HMMER_NCPU=1
[14:37:39] Writing log to: annotation/wVitB/wVitB.log
[14:37:39] Command: /media/red/Wolbachia_phylogeny_new/.snakemake/conda/8cd680523f41e5449a78b29be8f1b505/bin/prokka --outdir annotation/wVitB --force --prefix wVitB --locustag wVitB --cpus 8 --genus Wolbachia --species sp. --strain wVitB genome_fastas/wVitB.fas
[14:37:39] Appending to PATH: /media/red/Wolbachia_phylogeny_new/.snakemake/conda/8cd680523f41e5449a78b29be8f1b505/bin
[14:37:39] Looking for 'aragorn' - found /media/red/Wolbachia_phylogeny_new/.snakemake/conda/8cd680523f41e5449a78b29be8f1b505/bin/aragorn
[14:37:39] Determined aragorn version is 001002 from 'ARAGORN v1.2.38 Dean Laslett'
[14:37:39] Looking for 'barrnap' - found /media/red/Wolbachia_phylogeny_new/.snakemake/conda/8cd680523f41e5449a78b29be8f1b505/bin/barrnap
[14:37:39] Determined barrnap version is 000009 from 'barrnap 0.9'
[14:37:39] Looking for 'blastp' - found /media/red/Wolbachia_phylogeny_new/.snakemake/conda/8cd680523f41e5449a78b29be8f1b505/bin/blastp
[14:37:41] Determined blastp version is 002012 from 'blastp: 2.12.0+'
[14:37:41] Looking for 'cmpress' - found /media/red/Wolbachia_phylogeny_new/.snakemake/conda/8cd680523f41e5449a78b29be8f1b505/bin/cmpress
[14:37:41] Determined cmpress version is 001001 from '# INFERNAL 1.1.4 (Dec 2020)'
[14:37:41] Looking for 'cmscan' - found /media/red/Wolbachia_phylogeny_new/.snakemake/conda/8cd680523f41e5449a78b29be8f1b505/bin/cmscan
[14:37:41] Determined cmscan version is 001001 from '# INFERNAL 1.1.4 (Dec 2020)'
[14:37:41] Looking for 'egrep' - found /bin/egrep
[14:37:41] Looking for 'find' - found /usr/bin/find
[14:37:41] Looking for 'grep' - found /bin/grep
[14:37:41] Looking for 'hmmpress' - found /media/red/Wolbachia_phylogeny_new/.snakemake/conda/8cd680523f41e5449a78b29be8f1b505/bin/hmmpress
[14:37:41] Determined hmmpress version is 003003 from '# HMMER 3.3.2 (Nov 2020); http://hmmer.org/'
[14:37:41] Looking for 'hmmscan' - found /media/red/Wolbachia_phylogeny_new/.snakemake/conda/8cd680523f41e5449a78b29be8f1b505/bin/hmmscan
[14:37:41] Determined hmmscan version is 003003 from '# HMMER 3.3.2 (Nov 2020); http://hmmer.org/'
[14:37:41] Looking for 'java' - found /media/red/Wolbachia_phylogeny_new/.snakemake/conda/8cd680523f41e5449a78b29be8f1b505/bin/java
[14:37:41] Looking for 'makeblastdb' - found /media/red/Wolbachia_phylogeny_new/.snakemake/conda/8cd680523f41e5449a78b29be8f1b505/bin/makeblastdb
[14:37:42] Determined makeblastdb version is 002012 from 'makeblastdb: 2.12.0+'
[14:37:42] Looking for 'minced' - found /media/red/Wolbachia_phylogeny_new/.snakemake/conda/8cd680523f41e5449a78b29be8f1b505/bin/minced
[14:37:42] Determined minced version is 004002 from 'minced 0.4.2'
[14:37:42] Looking for 'parallel' - found /media/red/Wolbachia_phylogeny_new/.snakemake/conda/8cd680523f41e5449a78b29be8f1b505/bin/parallel
[14:37:42] Determined parallel version is 20211022 from 'GNU parallel 20211022'
[14:37:42] Looking for 'prodigal' - found /media/red/Wolbachia_phylogeny_new/.snakemake/conda/8cd680523f41e5449a78b29be8f1b505/bin/prodigal
[14:37:42] Determined prodigal version is 002006 from 'Prodigal V2.6.3: February, 2016'
[14:37:42] Looking for 'prokka-genbank_to_fasta_db' - found /media/red/Wolbachia_phylogeny_new/.snakemake/conda/8cd680523f41e5449a78b29be8f1b505/bin/prokka-genbank_to_fasta_db
[14:37:42] Looking for 'sed' - found /bin/sed
[14:37:42] Looking for 'tbl2asn' - found /media/red/Wolbachia_phylogeny_new/.snakemake/conda/8cd680523f41e5449a78b29be8f1b505/bin/tbl2asn
[14:37:42] Determined tbl2asn version is 025007 from 'tbl2asn 25.7   arguments:'
[14:37:42] Using genetic code table 11.
[14:37:42] Loading and checking input file: genome_fastas/wVitB.fas
[14:37:42] Wrote 426 contigs totalling 1107643 bp.
[14:37:42] Predicting tRNAs and tmRNAs
[14:37:42] Running: aragorn -l -gc11  -w annotation\/wVitB\/wVitB\.fna
[14:37:42] 1 tRNA-Phe c[2924,2997] 34 (gaa)
[14:37:42] 1 tRNA-Arg c[523,597] 35 (cct)
[14:37:42] 1 tRNA-Leu c[664,747] 34 (caa)
[14:37:42] 1 tmRNA* c[683,1015] 195,242 ANDNFAAEDNVALAA*
[14:37:42] 1 tRNA-Arg [4839,4916] 36 (acg)
[14:37:42] 1 tRNA-Thr [5152,5225] 34 (tgt)
[14:37:42] 1 tRNA-Gln c[1013,1085] 33 (ttg)
[14:37:42] 1 tRNA-Trp c[11734,11807] 34 (cca)
[14:37:42] 2 tRNA-Leu [18816,18898] 35 (tag)
[14:37:42] 1 tRNA-Met c[294,366] 33 (cat)
[14:37:42] 1 tRNA-Asn [126,198] 33 (gtt)
[14:37:42] 1 tRNA-Met c[200,276] 35 (cat)
[14:37:42] 2 tRNA-Gly [1493,1566] 34 (gcc)
[14:37:42] 1 tRNA-Ser [922,1009] 35 (gga)
[14:37:42] 1 tRNA-Ser [1703,1795] 36 (gct)
[14:37:42] 1 tRNA-Arg [5412,5487] 36 (ccg)
[14:37:42] 1 tRNA-Thr [7726,7800] 35 (ggt)
[14:37:42] 1 tRNA-Met c[172,248] 35 (cat)
[14:37:42] 1 tRNA-Leu c[285,370] 35 (cag)
[14:37:42] 1 tRNA-Val c[3772,3844] 34 (tac)
[14:37:42] 1 tRNA-Pro c[3823,3898] 36 (tgg)
[14:37:42] 2 tRNA-Glu c[4750,4822] 34 (ttc)
[14:37:43] 1 tRNA-Ala c[60,135] 34 (tgc)
[14:37:43] 2 tRNA-Lys [435,508] 34 (ttt)
[14:37:43] 1 tRNA-Ser [2073,2161] 35 (tga)
[14:37:43] 1 tRNA-Cys [1053,1125] 34 (gca)
[14:37:43] 1 tRNA-Val c[2359,2432] 34 (gac)
[14:37:43] 1 tRNA-Ile [918,994] 35 (gat)
[14:37:43] 1 tRNA-Tyr [4336,4419] 36 (gta)
[14:37:43] 2 tRNA-Gly [4423,4494] 33 (tcc)
[14:37:43] 1 tRNA-Asp c[4536,4612] 35 (gtc)
[14:37:43] 1 tRNA-Leu [1446,1533] 35 (gag)
[14:37:43] 1 tRNA-Arg [7428,7503] 36 (tct)
[14:37:43] 1 tRNA-Leu c[2199,2285] 35 (taa)
[14:37:43] 1 tRNA-Leu c[7477,7564] 35 (gag)
[14:37:43] 1 tRNA-Asn c[406,478] 33 (gtt)
[14:37:43] Found 36 tRNAs
[14:37:43] Predicting Ribosomal RNAs
[14:37:43] Running Barrnap with 8 threads
[14:37:43] 1 NZ_AERW01000274.1 5181 23S ribosomal RNA
[14:37:43] 2 NZ_AERW01000274.1 8010 5S ribosomal RNA
[14:37:43] 3 NZ_GL883637.1 2147 16S ribosomal RNA (partial)
[14:37:43] 4 NZ_GL883637.1 2927 16S ribosomal RNA (partial)
[14:37:43] 5 NZ_GL883658.1 1002 16S ribosomal RNA (partial)
[14:37:43] Found 5 rRNAs
[14:37:43] Skipping ncRNA search, enable with --rfam if desired.
[14:37:43] Total of 40 tRNA + rRNA features
[14:37:43] Searching for CRISPR repeats
[14:37:43] Found 0 CRISPRs
[14:37:43] Predicting coding sequences
[14:37:43] Contigs total 1107643 bp, so using single mode
[14:37:43] Running: prodigal -i annotation\/wVitB\/wVitB\.fna -c -m -g 11 -p single -f sco -q
[14:37:44] Excluding CDS which overlaps existing RNA (tRNA) at NZ_AERW01000126.1:1076..1411 on - strand
[14:37:44] Excluding CDS which overlaps existing RNA (tRNA) at NZ_AERW01000156.1:366..1658 on - strand
[14:37:44] Excluding CDS which overlaps existing RNA (tRNA) at NZ_AERW01000214.1:7697..7846 on + strand
[14:37:44] Excluding CDS which overlaps existing RNA (tRNA) at NZ_AERW01000246.1:2079..2192 on + strand
[14:37:44] Excluding CDS which overlaps existing RNA (rRNA) at NZ_GL883637.1:3280..3531 on + strand
[14:37:44] Excluding CDS which overlaps existing RNA (rRNA) at NZ_AERW01000274.1:6011..6283 on + strand
[14:37:44] Found 1015 CDS
[14:37:44] Connecting features back to sequences
[14:37:44] Not using genus-specific database. Try --usegenus to enable it.
[14:37:44] Annotating CDS, please be patient.
[14:37:44] Will use 8 CPUs for similarity searching.
[14:37:45] There are still 1015 unannotated CDS left (started with 1015)
[14:37:45] Will use blast to search against /media/red/Wolbachia_phylogeny_new/.snakemake/conda/8cd680523f41e5449a78b29be8f1b505/db/kingdom/Bacteria/IS with 8 CPUs
[14:37:45] Running: cat annotation\/wVitB\/wVitB\.IS\.tmp\.89437\.faa | parallel --gnu --plain -j 8 --block 18366 --recstart '>' --pipe blastp -query - -db /media/red/Wolbachia_phylogeny_new/.snakemake/conda/8cd680523f41e5449a78b29be8f1b505/db/kingdom/Bacteria/IS -evalue 1e-30 -qcov_hsp_perc 90 -num_threads 1 -num_descriptions 1 -num_alignments 1 -seg no > annotation\/wVitB\/wVitB\.IS\.tmp\.89437\.blast 2> /dev/null
[14:38:17] Deleting unwanted file: annotation/wVitB/wVitB.IS.tmp.89437.faa
[14:38:17] Deleting unwanted file: annotation/wVitB/wVitB.IS.tmp.89437.blast
[14:38:17] There are still 1014 unannotated CDS left (started with 1015)
[14:38:17] Will use blast to search against /media/red/Wolbachia_phylogeny_new/.snakemake/conda/8cd680523f41e5449a78b29be8f1b505/db/kingdom/Bacteria/AMR with 8 CPUs
[14:38:17] Running: cat annotation\/wVitB\/wVitB\.AMR\.tmp\.89437\.faa | parallel --gnu --plain -j 8 --block 18362 --recstart '>' --pipe blastp -query - -db /media/red/Wolbachia_phylogeny_new/.snakemake/conda/8cd680523f41e5449a78b29be8f1b505/db/kingdom/Bacteria/AMR -evalue 9.99999999999999e-301 -qcov_hsp_perc 90 -num_threads 1 -num_descriptions 1 -num_alignments 1 -seg no > annotation\/wVitB\/wVitB\.AMR\.tmp\.89437\.blast 2> /dev/null
[14:38:50] Deleting unwanted file: annotation/wVitB/wVitB.AMR.tmp.89437.faa
[14:38:50] Deleting unwanted file: annotation/wVitB/wVitB.AMR.tmp.89437.blast
[14:38:51] There are still 1014 unannotated CDS left (started with 1015)
[14:38:51] Will use blast to search against /media/red/Wolbachia_phylogeny_new/.snakemake/conda/8cd680523f41e5449a78b29be8f1b505/db/kingdom/Bacteria/sprot with 8 CPUs
[14:38:51] Running: cat annotation\/wVitB\/wVitB\.sprot\.tmp\.89437\.faa | parallel --gnu --plain -j 8 --block 18362 --recstart '>' --pipe blastp -query - -db /media/red/Wolbachia_phylogeny_new/.snakemake/conda/8cd680523f41e5449a78b29be8f1b505/db/kingdom/Bacteria/sprot -evalue 1e-09 -qcov_hsp_perc 80 -num_threads 1 -num_descriptions 1 -num_alignments 1 -seg no > annotation\/wVitB\/wVitB\.sprot\.tmp\.89437\.blast 2> /dev/null
[14:39:25] Modify product: UPF0758 protein => hypothetical protein
[14:39:25] Modify product: UPF0176 protein lpg2838 => hypothetical protein
[14:39:25] Modify product: UPF0053 inner membrane protein YoaE => hypothetical protein
[14:39:25] Modify product: Uncharacterized zinc protease Rv2782c => putative zinc protease
[14:39:25] Modify product: Uncharacterized zinc protease Rv2782c => putative zinc protease
[14:39:25] Modify product: Probable protein kinase UbiB => putative protein kinase UbiB
[14:39:25] Modify product: Probable chromosome-partitioning protein ParB => putative chromosome-partitioning protein ParB
[14:39:26] Modify product: Uncharacterized oxidoreductase Rv0945 => putative oxidoreductase
[14:39:26] Modify product: Uncharacterized metal-dependent hydrolase YcfH => putative metal-dependent hydrolase YcfH
[14:39:26] Modify product: SCO1 protein homolog => SCO1 protein 
[14:39:26] Modify product: Co-chaperone protein HscB homolog => Co-chaperone protein HscB 
[14:39:26] Modify product: Probable ribonucleotide transport ATP-binding protein mkl => putative ribonucleotide transport ATP-binding protein mkl
[14:39:26] Modify product: Uncharacterized protein RP812 => putative protein RP812
[14:39:26] Modify product: Probable transcriptional regulatory protein aq_1575 => putative transcriptional regulatory protein
[14:39:26] Modify product: Putative multidrug export ATP-binding/permease protein SAV1866 => Putative multidrug export ATP-binding/permease protein
[14:39:26] Modify product: UPF0758 protein => hypothetical protein
[14:39:26] Modify product: Uncharacterized oxidoreductase YciK => putative oxidoreductase YciK
[14:39:26] Modify product: Putative multidrug export ATP-binding/permease protein SAV1866 => Putative multidrug export ATP-binding/permease protein
[14:39:26] Modify product: Bifunctional protein FolD => Bifunctional protein FolD protein
[14:39:26] Modify product: UPF0335 protein CCNA_03428 => hypothetical protein
[14:39:26] Modify product: UPF0053 protein HI_0107 => hypothetical protein
[14:39:26] Modify product: Cytochrome b561 homolog 2 => Cytochrome b561 
[14:39:26] Modify product: Probable lipid II flippase MurJ => putative lipid II flippase MurJ
[14:39:26] Modify product: Probable murein peptide carboxypeptidase => putative murein peptide carboxypeptidase
[14:39:26] Cleaned 24 /product names
[14:39:26] Deleting unwanted file: annotation/wVitB/wVitB.sprot.tmp.89437.faa
[14:39:26] Deleting unwanted file: annotation/wVitB/wVitB.sprot.tmp.89437.blast
[14:39:26] There are still 520 unannotated CDS left (started with 1015)
[14:39:26] Will use hmmer3 to search against /media/red/Wolbachia_phylogeny_new/.snakemake/conda/8cd680523f41e5449a78b29be8f1b505/db/hmm/HAMAP.hmm with 8 CPUs
[14:39:26] Running: cat annotation\/wVitB\/wVitB\.HAMAP\.hmm\.tmp\.89437\.faa | parallel --gnu --plain -j 8 --block 7486 --recstart '>' --pipe hmmscan --noali --notextw --acc -E 1e-09 --cpu 1 /media/red/Wolbachia_phylogeny_new/.snakemake/conda/8cd680523f41e5449a78b29be8f1b505/db/hmm/HAMAP.hmm /dev/stdin > annotation\/wVitB\/wVitB\.HAMAP\.hmm\.tmp\.89437\.hmmer3 2> /dev/null
[14:39:30] Deleting unwanted file: annotation/wVitB/wVitB.HAMAP.hmm.tmp.89437.faa
[14:39:30] Deleting unwanted file: annotation/wVitB/wVitB.HAMAP.hmm.tmp.89437.hmmer3
[14:39:30] Labelling remaining 454 proteins as 'hypothetical protein'
[14:39:30] Possible /pseudo 'ATP synthase subunit b' at NZ_AERW01000143.1 position 7659
[14:39:30] Possible /pseudo 'Type IV secretion system protein virB4' at NZ_AERW01000147.1 position 2379
[14:39:30] Possible /pseudo 'Arginine/agmatine antiporter' at NZ_AERW01000169.1 position 8308
[14:39:30] Possible /pseudo 'Chaperone protein HtpG' at NZ_GL883631.1 position 1795
[14:39:30] Possible /pseudo 'Amino-acid carrier protein AlsT' at NZ_AERW01000261.1 position 12155
[14:39:30] Possible /pseudo 'L-allo-threonine aldolase' at NZ_AERW01000322.1 position 4446
[14:39:30] Possible /pseudo 'L-allo-threonine aldolase' at NZ_GL883647.1 position 1759
[14:39:30] Possible /pseudo 'L-allo-threonine aldolase' at NZ_GL883647.1 position 2468
[14:39:30] Found 500 unique /gene codes.
[14:39:30] Fixed 2 duplicate /gene - xerD_1 xerD_2
[14:39:30] Fixed 2 duplicate /gene - glpT_1 glpT_2
[14:39:30] Fixed 3 duplicate /gene - mutL_1 mutL_2 mutL_3
[14:39:30] Fixed 2 duplicate /gene - purL_1 purL_2
[14:39:30] Fixed 2 duplicate /gene - dnaA_1 dnaA_2
[14:39:30] Fixed 2 duplicate /gene - surA_1 surA_2
[14:39:30] Fixed 2 duplicate /gene - murC_1 murC_2
[14:39:30] Fixed 2 duplicate /gene - nuoI_1 nuoI_2
[14:39:30] Fixed 2 duplicate /gene - adiC_1 adiC_2
[14:39:30] Fixed 3 duplicate /gene - proP_1 proP_2 proP_3
[14:39:30] Fixed 2 duplicate /gene - ruvB_1 ruvB_2
[14:39:30] Fixed 2 duplicate /gene - atpH_1 atpH_2
[14:39:30] Fixed 2 duplicate /gene - argD_1 argD_2
[14:39:30] Fixed 2 duplicate /gene - rkpK_1 rkpK_2
[14:39:30] Fixed 3 duplicate /gene - htpG_1 htpG_2 htpG_3
[14:39:30] Fixed 3 duplicate /gene - alsT_1 alsT_2 alsT_3
[14:39:30] Fixed 2 duplicate /gene - ribN_1 ribN_2
[14:39:30] Fixed 2 duplicate /gene - ribBA_1 ribBA_2
[14:39:30] Fixed 5 duplicate /gene - ltaA_1 ltaA_2 ltaA_3 ltaA_4 ltaA_5
[14:39:30] Fixed 2 duplicate /gene - COQ3_1 COQ3_2
[14:39:30] Fixed 2 duplicate /gene - atpF_1 atpF_2
[14:39:30] Fixed 2 duplicate /gene - rcsC_1 rcsC_2
[14:39:30] Fixed 2 duplicate /gene - rnd_1 rnd_2
[14:39:30] Fixed 3 duplicate /gene - virB4_1 virB4_2 virB4_3
[14:39:30] Fixed 24 colliding /gene names.
[14:39:30] Adding /locus_tag identifiers
[14:39:30] Assigned 1056 locus_tags to CDS and RNA features.
[14:39:30] Writing outputs to annotation/wVitB/
[14:39:30] Generating annotation statistics file
[14:39:30] Generating Genbank and Sequin files
[14:39:30] Running: tbl2asn -V b -a r10k -l paired-ends -M n -N 1 -y 'Annotated using prokka 1.14.6 from https://github.com/tseemann/prokka' -Z annotation\/wVitB\/wVitB\.err -i annotation\/wVitB\/wVitB\.fsa 2> /dev/null
[14:39:33] Deleting unwanted file: annotation/wVitB/errorsummary.val
[14:39:33] Deleting unwanted file: annotation/wVitB/wVitB.dr
[14:39:33] Deleting unwanted file: annotation/wVitB/wVitB.fixedproducts
[14:39:33] Deleting unwanted file: annotation/wVitB/wVitB.ecn
[14:39:33] Deleting unwanted file: annotation/wVitB/wVitB.val
[14:39:33] Repairing broken .GBK output that tbl2asn produces...
[14:39:33] Running: sed 's/COORDINATES: profile/COORDINATES:profile/' < annotation\/wVitB\/wVitB\.gbf > annotation\/wVitB\/wVitB\.gbk
[14:39:33] Deleting unwanted file: annotation/wVitB/wVitB.gbf
[14:39:33] Output files:
[14:39:33] annotation/wVitB/wVitB.fsa
[14:39:33] annotation/wVitB/wVitB.sqn
[14:39:33] annotation/wVitB/wVitB.log
[14:39:33] annotation/wVitB/wVitB.faa
[14:39:33] annotation/wVitB/wVitB.tsv
[14:39:33] annotation/wVitB/wVitB.txt
[14:39:33] annotation/wVitB/wVitB.tbl
[14:39:33] annotation/wVitB/wVitB.gbk
[14:39:33] annotation/wVitB/wVitB.ffn
[14:39:33] annotation/wVitB/wVitB.err
[14:39:33] annotation/wVitB/wVitB.fna
[14:39:33] annotation/wVitB/wVitB.gff
[14:39:33] Annotation finished successfully.
[14:39:33] Walltime used: 1.90 minutes
[14:39:33] If you use this result please cite the Prokka paper:
[14:39:33] Seemann T (2014) Prokka: rapid prokaryotic genome annotation. Bioinformatics. 30(14):2068-9.
[14:39:33] Type 'prokka --citation' for more details.
[14:39:33] Thank you, come again.
