[14:32:14] This is prokka 1.14.6
[14:32:14] Written by Torsten Seemann <torsten.seemann@gmail.com>
[14:32:14] Homepage is https://github.com/tseemann/prokka
[14:32:14] Local time is Fri Mar  4 14:32:14 2022
[14:32:14] You are gerth
[14:32:14] Operating system is linux
[14:32:14] You have BioPerl 1.007002
[14:32:14] System has 64 cores.
[14:32:14] Will use maximum of 8 cores.
[14:32:14] Annotating as >>> Bacteria <<<
[14:32:14] Re-using existing --outdir annotation/wAlbB
[14:32:14] Using filename prefix: wAlbB.XXX
[14:32:14] Setting HMMER_NCPU=1
[14:32:14] Writing log to: annotation/wAlbB/wAlbB.log
[14:32:14] Command: /media/red/Wolbachia_phylogeny_new/.snakemake/conda/8cd680523f41e5449a78b29be8f1b505/bin/prokka --outdir annotation/wAlbB --force --prefix wAlbB --locustag wAlbB --cpus 8 --genus Wolbachia --species sp. --strain wAlbB genome_fastas/wAlbB.fas
[14:32:14] Appending to PATH: /media/red/Wolbachia_phylogeny_new/.snakemake/conda/8cd680523f41e5449a78b29be8f1b505/bin
[14:32:14] Looking for 'aragorn' - found /media/red/Wolbachia_phylogeny_new/.snakemake/conda/8cd680523f41e5449a78b29be8f1b505/bin/aragorn
[14:32:14] Determined aragorn version is 001002 from 'ARAGORN v1.2.38 Dean Laslett'
[14:32:14] Looking for 'barrnap' - found /media/red/Wolbachia_phylogeny_new/.snakemake/conda/8cd680523f41e5449a78b29be8f1b505/bin/barrnap
[14:32:14] Determined barrnap version is 000009 from 'barrnap 0.9'
[14:32:14] Looking for 'blastp' - found /media/red/Wolbachia_phylogeny_new/.snakemake/conda/8cd680523f41e5449a78b29be8f1b505/bin/blastp
[14:32:15] Determined blastp version is 002012 from 'blastp: 2.12.0+'
[14:32:15] Looking for 'cmpress' - found /media/red/Wolbachia_phylogeny_new/.snakemake/conda/8cd680523f41e5449a78b29be8f1b505/bin/cmpress
[14:32:15] Determined cmpress version is 001001 from '# INFERNAL 1.1.4 (Dec 2020)'
[14:32:15] Looking for 'cmscan' - found /media/red/Wolbachia_phylogeny_new/.snakemake/conda/8cd680523f41e5449a78b29be8f1b505/bin/cmscan
[14:32:15] Determined cmscan version is 001001 from '# INFERNAL 1.1.4 (Dec 2020)'
[14:32:15] Looking for 'egrep' - found /bin/egrep
[14:32:15] Looking for 'find' - found /usr/bin/find
[14:32:15] Looking for 'grep' - found /bin/grep
[14:32:15] Looking for 'hmmpress' - found /media/red/Wolbachia_phylogeny_new/.snakemake/conda/8cd680523f41e5449a78b29be8f1b505/bin/hmmpress
[14:32:15] Determined hmmpress version is 003003 from '# HMMER 3.3.2 (Nov 2020); http://hmmer.org/'
[14:32:15] Looking for 'hmmscan' - found /media/red/Wolbachia_phylogeny_new/.snakemake/conda/8cd680523f41e5449a78b29be8f1b505/bin/hmmscan
[14:32:15] Determined hmmscan version is 003003 from '# HMMER 3.3.2 (Nov 2020); http://hmmer.org/'
[14:32:15] Looking for 'java' - found /media/red/Wolbachia_phylogeny_new/.snakemake/conda/8cd680523f41e5449a78b29be8f1b505/bin/java
[14:32:15] Looking for 'makeblastdb' - found /media/red/Wolbachia_phylogeny_new/.snakemake/conda/8cd680523f41e5449a78b29be8f1b505/bin/makeblastdb
[14:32:16] Determined makeblastdb version is 002012 from 'makeblastdb: 2.12.0+'
[14:32:16] Looking for 'minced' - found /media/red/Wolbachia_phylogeny_new/.snakemake/conda/8cd680523f41e5449a78b29be8f1b505/bin/minced
[14:32:16] Determined minced version is 004002 from 'minced 0.4.2'
[14:32:16] Looking for 'parallel' - found /media/red/Wolbachia_phylogeny_new/.snakemake/conda/8cd680523f41e5449a78b29be8f1b505/bin/parallel
[14:32:16] Determined parallel version is 20211022 from 'GNU parallel 20211022'
[14:32:16] Looking for 'prodigal' - found /media/red/Wolbachia_phylogeny_new/.snakemake/conda/8cd680523f41e5449a78b29be8f1b505/bin/prodigal
[14:32:16] Determined prodigal version is 002006 from 'Prodigal V2.6.3: February, 2016'
[14:32:16] Looking for 'prokka-genbank_to_fasta_db' - found /media/red/Wolbachia_phylogeny_new/.snakemake/conda/8cd680523f41e5449a78b29be8f1b505/bin/prokka-genbank_to_fasta_db
[14:32:16] Looking for 'sed' - found /bin/sed
[14:32:16] Looking for 'tbl2asn' - found /media/red/Wolbachia_phylogeny_new/.snakemake/conda/8cd680523f41e5449a78b29be8f1b505/bin/tbl2asn
[14:32:17] Determined tbl2asn version is 025007 from 'tbl2asn 25.7   arguments:'
[14:32:17] Using genetic code table 11.
[14:32:17] Loading and checking input file: genome_fastas/wAlbB.fas
[14:32:17] Wrote 1 contigs totalling 1484007 bp.
[14:32:17] Predicting tRNAs and tmRNAs
[14:32:17] Running: aragorn -l -gc11  -w annotation\/wAlbB\/wAlbB\.fna
[14:32:17] 1 tRNA-Arg [38385,38460] 36 (ccg)
[14:32:17] 2 tRNA-Arg c[67884,67959] 36 (tct)
[14:32:17] 3 tRNA-Pro c[94198,94273] 36 (tgg)
[14:32:17] 4 tRNA-Glu c[95122,95194] 34 (ttc)
[14:32:17] 5 tRNA-Ser [154641,154728] 35 (gga)
[14:32:17] 6 tRNA-Met [177069,177141] 33 (cat)
[14:32:17] 7 tRNA-Gln c[184100,184172] 33 (ttg)
[14:32:17] 8 tRNA-Met c[194563,194639] 35 (cat)
[14:32:17] 9 tRNA-Gly [195865,195938] 34 (gcc)
[14:32:17] 10 tRNA-His [301006,301081] 34 (gtg)
[14:32:17] 11 tRNA-Leu c[346698,346780] 35 (tag)
[14:32:17] 12 tRNA-Trp [356660,356733] 34 (cca)
[14:32:17] 13 tRNA-Asn c[413532,413604] 33 (gtt)
[14:32:17] 14 tRNA-Met [474728,474804] 35 (cat)
[14:32:17] 15 tRNA-Ser c[495377,495469] 36 (gct)
[14:32:17] 16 tRNA-Leu [668678,668761] 34 (caa)
[14:32:17] 17 tRNA-Phe c[752979,753052] 34 (gaa)
[14:32:17] 18 tRNA-Arg c[771943,772017] 35 (cct)
[14:32:17] 19 tmRNA* c[873715,874042] 190,237 ANDNFAAEDNVALAA*
[14:32:17] 20 tRNA-Arg [897740,897817] 36 (acg)
[14:32:17] 21 tRNA-Leu [906677,906763] 35 (taa)
[14:32:17] 22 tRNA-Leu c[961012,961099] 35 (gag)
[14:32:17] 23 tRNA-Asp [971782,971858] 35 (gtc)
[14:32:17] 24 tRNA-Gly c[1047355,1047426] 33 (tcc)
[14:32:17] 25 tRNA-Tyr c[1047430,1047513] 36 (gta)
[14:32:17] 26 tRNA-Ile [1058258,1058333] 35 (gat)
[14:32:17] 27 tRNA-Val c[1118982,1119055] 34 (gac)
[14:32:17] 28 tRNA-Cys c[1156677,1156749] 34 (gca)
[14:32:17] 29 tRNA-Thr c[1214373,1214446] 34 (tgt)
[14:32:17] 30 tRNA-Ala c[1399388,1399463] 34 (tgc)
[14:32:17] 31 tRNA-Lys [1399763,1399836] 34 (ttt)
[14:32:17] 32 tRNA-Ser [1405797,1405885] 35 (tga)
[14:32:17] 33 tRNA-Thr [1421152,1421226] 35 (ggt)
[14:32:17] 34 tRNA-Leu c[1470587,1470672] 35 (cag)
[14:32:17] 35 tRNA-Val c[1476589,1476661] 34 (tac)
[14:32:17] Found 35 tRNAs
[14:32:17] Predicting Ribosomal RNAs
[14:32:17] Running Barrnap with 8 threads
[14:32:18] 1 CP031221.1 1066167 23S ribosomal RNA
[14:32:18] 2 CP031221.1 1068996 5S ribosomal RNA
[14:32:18] 3 CP031221.1 1172935 16S ribosomal RNA
[14:32:18] Found 3 rRNAs
[14:32:18] Skipping ncRNA search, enable with --rfam if desired.
[14:32:18] Total of 37 tRNA + rRNA features
[14:32:18] Searching for CRISPR repeats
[14:32:18] Found 0 CRISPRs
[14:32:18] Predicting coding sequences
[14:32:18] Contigs total 1484007 bp, so using single mode
[14:32:18] Running: prodigal -i annotation\/wAlbB\/wAlbB\.fna -c -m -g 11 -p single -f sco -q
[14:32:20] Excluding CDS which overlaps existing RNA (tRNA) at CP031221.1:175777..177069 on + strand
[14:32:20] Excluding CDS which overlaps existing RNA (tRNA) at CP031221.1:184163..184498 on - strand
[14:32:21] Excluding CDS which overlaps existing RNA (tRNA) at CP031221.1:959905..961056 on - strand
[14:32:21] Excluding CDS which overlaps existing RNA (rRNA) at CP031221.1:1173037..1173288 on - strand
[14:32:21] Found 1418 CDS
[14:32:21] Connecting features back to sequences
[14:32:21] Not using genus-specific database. Try --usegenus to enable it.
[14:32:21] Annotating CDS, please be patient.
[14:32:21] Will use 8 CPUs for similarity searching.
[14:32:21] There are still 1418 unannotated CDS left (started with 1418)
[14:32:21] Will use blast to search against /media/red/Wolbachia_phylogeny_new/.snakemake/conda/8cd680523f41e5449a78b29be8f1b505/db/kingdom/Bacteria/IS with 8 CPUs
[14:32:21] Running: cat annotation\/wAlbB\/wAlbB\.IS\.tmp\.52883\.faa | parallel --gnu --plain -j 8 --block 27083 --recstart '>' --pipe blastp -query - -db /media/red/Wolbachia_phylogeny_new/.snakemake/conda/8cd680523f41e5449a78b29be8f1b505/db/kingdom/Bacteria/IS -evalue 1e-30 -qcov_hsp_perc 90 -num_threads 1 -num_descriptions 1 -num_alignments 1 -seg no > annotation\/wAlbB\/wAlbB\.IS\.tmp\.52883\.blast 2> /dev/null
[14:32:55] Deleting unwanted file: annotation/wAlbB/wAlbB.IS.tmp.52883.faa
[14:32:55] Deleting unwanted file: annotation/wAlbB/wAlbB.IS.tmp.52883.blast
[14:32:55] There are still 1227 unannotated CDS left (started with 1418)
[14:32:55] Will use blast to search against /media/red/Wolbachia_phylogeny_new/.snakemake/conda/8cd680523f41e5449a78b29be8f1b505/db/kingdom/Bacteria/AMR with 8 CPUs
[14:32:55] Running: cat annotation\/wAlbB\/wAlbB\.AMR\.tmp\.52883\.faa | parallel --gnu --plain -j 8 --block 23432 --recstart '>' --pipe blastp -query - -db /media/red/Wolbachia_phylogeny_new/.snakemake/conda/8cd680523f41e5449a78b29be8f1b505/db/kingdom/Bacteria/AMR -evalue 9.99999999999999e-301 -qcov_hsp_perc 90 -num_threads 1 -num_descriptions 1 -num_alignments 1 -seg no > annotation\/wAlbB\/wAlbB\.AMR\.tmp\.52883\.blast 2> /dev/null
[14:33:27] Deleting unwanted file: annotation/wAlbB/wAlbB.AMR.tmp.52883.faa
[14:33:27] Deleting unwanted file: annotation/wAlbB/wAlbB.AMR.tmp.52883.blast
[14:33:27] There are still 1227 unannotated CDS left (started with 1418)
[14:33:27] Will use blast to search against /media/red/Wolbachia_phylogeny_new/.snakemake/conda/8cd680523f41e5449a78b29be8f1b505/db/kingdom/Bacteria/sprot with 8 CPUs
[14:33:27] Running: cat annotation\/wAlbB\/wAlbB\.sprot\.tmp\.52883\.faa | parallel --gnu --plain -j 8 --block 23432 --recstart '>' --pipe blastp -query - -db /media/red/Wolbachia_phylogeny_new/.snakemake/conda/8cd680523f41e5449a78b29be8f1b505/db/kingdom/Bacteria/sprot -evalue 1e-09 -qcov_hsp_perc 80 -num_threads 1 -num_descriptions 1 -num_alignments 1 -seg no > annotation\/wAlbB\/wAlbB\.sprot\.tmp\.52883\.blast 2> /dev/null
[14:34:10] Modify product: Probable chromosome-partitioning protein ParB => putative chromosome-partitioning protein ParB
[14:34:10] Modify product: UPF0053 protein HI_0107 => hypothetical protein
[14:34:10] Modify product: UPF0335 protein CCNA_03428 => hypothetical protein
[14:34:10] Modify product: Bifunctional protein FolD => Bifunctional protein FolD protein
[14:34:10] Modify product: Probable murein peptide carboxypeptidase => putative murein peptide carboxypeptidase
[14:34:10] Modify product: Uncharacterized oxidoreductase YciK => putative oxidoreductase YciK
[14:34:10] Modify product: Uncharacterized zinc protease Rv2782c => putative zinc protease
[14:34:10] Modify product: Probable lipid II flippase MurJ => putative lipid II flippase MurJ
[14:34:10] Modify product: Cytochrome b561 homolog 2 => Cytochrome b561 
[14:34:10] Modify product: Probable protein kinase UbiB => putative protein kinase UbiB
[14:34:10] Modify product: Uncharacterized metal-dependent hydrolase YcfH => putative metal-dependent hydrolase YcfH
[14:34:10] Modify product: Probable ribonucleotide transport ATP-binding protein mkl => putative ribonucleotide transport ATP-binding protein mkl
[14:34:10] Modify product: Probable oxidoreductase CT_610 => putative oxidoreductase CT_610
[14:34:10] Modify product: UPF0176 protein lpg2838 => hypothetical protein
[14:34:10] Modify product: SCO1 protein homolog => SCO1 protein 
[14:34:10] Modify product: UPF0758 protein => hypothetical protein
[14:34:10] Modify product: Co-chaperone protein HscB homolog => Co-chaperone protein HscB 
[14:34:10] Modify product: Putative multidrug export ATP-binding/permease protein SAV1866 => Putative multidrug export ATP-binding/permease protein
[14:34:10] Modify product: Uncharacterized protein RP812 => putative protein RP812
[14:34:10] Modify product: Probable transcriptional regulatory protein aq_1575 => putative transcriptional regulatory protein
[14:34:10] Modify product: UPF0758 protein => hypothetical protein
[14:34:10] Modify product: UPF0758 protein => hypothetical protein
[14:34:10] Modify product: UPF0758 protein => hypothetical protein
[14:34:10] Modify product: Probable GTP-binding protein EngB => putative GTP-binding protein EngB
[14:34:10] Modify product: Uncharacterized zinc protease Rv2782c => putative zinc protease
[14:34:10] Modify product: Uncharacterized zinc protease Rv2782c => putative zinc protease
[14:34:10] Modify product: UPF0053 inner membrane protein YoaE => hypothetical protein
[14:34:10] Cleaned 27 /product names
[14:34:10] Deleting unwanted file: annotation/wAlbB/wAlbB.sprot.tmp.52883.faa
[14:34:10] Deleting unwanted file: annotation/wAlbB/wAlbB.sprot.tmp.52883.blast
[14:34:11] There are still 721 unannotated CDS left (started with 1418)
[14:34:11] Will use hmmer3 to search against /media/red/Wolbachia_phylogeny_new/.snakemake/conda/8cd680523f41e5449a78b29be8f1b505/db/hmm/HAMAP.hmm with 8 CPUs
[14:34:11] Running: cat annotation\/wAlbB\/wAlbB\.HAMAP\.hmm\.tmp\.52883\.faa | parallel --gnu --plain -j 8 --block 12310 --recstart '>' --pipe hmmscan --noali --notextw --acc -E 1e-09 --cpu 1 /media/red/Wolbachia_phylogeny_new/.snakemake/conda/8cd680523f41e5449a78b29be8f1b505/db/hmm/HAMAP.hmm /dev/stdin > annotation\/wAlbB\/wAlbB\.HAMAP\.hmm\.tmp\.52883\.hmmer3 2> /dev/null
[14:34:17] Deleting unwanted file: annotation/wAlbB/wAlbB.HAMAP.hmm.tmp.52883.faa
[14:34:17] Deleting unwanted file: annotation/wAlbB/wAlbB.HAMAP.hmm.tmp.52883.hmmer3
[14:34:17] Labelling remaining 656 proteins as 'hypothetical protein'
[14:34:17] Possible /pseudo 'Arginine/agmatine antiporter' at CP031221.1 position 221982
[14:34:17] Possible /pseudo 'IS982 family transposase ISWpi16' at CP031221.1 position 255728
[14:34:17] Possible /pseudo 'ATP-dependent zinc metalloprotease FtsH' at CP031221.1 position 504158
[14:34:17] Possible /pseudo 'ATP-dependent zinc metalloprotease FtsH' at CP031221.1 position 504854
[14:34:17] Possible /pseudo 'IS982 family transposase ISWpi16' at CP031221.1 position 514581
[14:34:17] Possible /pseudo 'IS481 family transposase ISWpi2' at CP031221.1 position 601953
[14:34:17] Possible /pseudo 'IS481 family transposase ISWpi2' at CP031221.1 position 683141
[14:34:17] Possible /pseudo 'IS481 family transposase ISWpi2' at CP031221.1 position 696049
[14:34:17] Possible /pseudo 'IS982 family transposase ISWpi16' at CP031221.1 position 724297
[14:34:17] Possible /pseudo 'IS982 family transposase ISWpi16' at CP031221.1 position 726462
[14:34:17] Possible /pseudo 'IS982 family transposase ISWpi16' at CP031221.1 position 789840
[14:34:17] Possible /pseudo 'Chromosome partition protein Smc' at CP031221.1 position 801124
[14:34:17] Possible /pseudo 'IS481 family transposase ISWpi2' at CP031221.1 position 804904
[14:34:17] Possible /pseudo 'IS481 family transposase ISWpi2' at CP031221.1 position 806058
[14:34:17] Possible /pseudo 'IS982 family transposase ISWpi16' at CP031221.1 position 935630
[14:34:17] Possible /pseudo 'IS982 family transposase ISWpi16' at CP031221.1 position 936559
[14:34:17] Possible /pseudo 'Aminopyrimidine aminohydrolase' at CP031221.1 position 1060345
[14:34:17] Possible /pseudo 'Amino-acid carrier protein AlsT' at CP031221.1 position 1113918
[14:34:17] Possible /pseudo 'IS481 family transposase ISWpi2' at CP031221.1 position 1241797
[14:34:17] Possible /pseudo 'putative zinc protease' at CP031221.1 position 1250315
[14:34:17] Possible /pseudo 'IS481 family transposase ISWpi2' at CP031221.1 position 1295842
[14:34:17] Possible /pseudo 'IS982 family transposase ISWpi16' at CP031221.1 position 1322490
[14:34:17] Possible /pseudo 'L-allo-threonine aldolase' at CP031221.1 position 1460834
[14:34:17] Found 504 unique /gene codes.
[14:34:17] Fixed 3 duplicate /gene - smc_1 smc_2 smc_3
[14:34:17] Fixed 3 duplicate /gene - dnaJ_1 dnaJ_2 dnaJ_3
[14:34:17] Fixed 2 duplicate /gene - ruvB_1 ruvB_2
[14:34:17] Fixed 2 duplicate /gene - atpG_1 atpG_2
[14:34:17] Fixed 2 duplicate /gene - surA_1 surA_2
[14:34:17] Fixed 2 duplicate /gene - COQ3_1 COQ3_2
[14:34:17] Fixed 2 duplicate /gene - rnd_1 rnd_2
[14:34:17] Fixed 4 duplicate /gene - proP_1 proP_2 proP_3 proP_4
[14:34:17] Fixed 2 duplicate /gene - argD_1 argD_2
[14:34:17] Fixed 2 duplicate /gene - murC_1 murC_2
[14:34:17] Fixed 4 duplicate /gene - ftsH_1 ftsH_2 ftsH_3 ftsH_4
[14:34:17] Fixed 2 duplicate /gene - adiC_1 adiC_2
[14:34:17] Fixed 2 duplicate /gene - prfB_1 prfB_2
[14:34:17] Fixed 2 duplicate /gene - gpFI_1 gpFI_2
[14:34:17] Fixed 2 duplicate /gene - mutL_1 mutL_2
[14:34:17] Fixed 2 duplicate /gene - rluC_1 rluC_2
[14:34:17] Fixed 2 duplicate /gene - ltaA_1 ltaA_2
[14:34:17] Fixed 2 duplicate /gene - algA_1 algA_2
[14:34:17] Fixed 2 duplicate /gene - tufA_1 tufA_2
[14:34:17] Fixed 3 duplicate /gene - alsT_1 alsT_2 alsT_3
[14:34:17] Fixed 2 duplicate /gene - pld_1 pld_2
[14:34:17] Fixed 2 duplicate /gene - atpH_1 atpH_2
[14:34:17] Fixed 2 duplicate /gene - purL_1 purL_2
[14:34:17] Fixed 2 duplicate /gene - glmU_1 glmU_2
[14:34:17] Fixed 2 duplicate /gene - dnaA_1 dnaA_2
[14:34:17] Fixed 2 duplicate /gene - tenA_1 tenA_2
[14:34:17] Fixed 2 duplicate /gene - virB4_1 virB4_2
[14:34:17] Fixed 2 duplicate /gene - xerD_1 xerD_2
[14:34:17] Fixed 2 duplicate /gene - rcsC_1 rcsC_2
[14:34:17] Fixed 2 duplicate /gene - gltX1_1 gltX1_2
[14:34:17] Fixed 30 colliding /gene names.
[14:34:17] Adding /locus_tag identifiers
[14:34:17] Assigned 1456 locus_tags to CDS and RNA features.
[14:34:17] Writing outputs to annotation/wAlbB/
[14:34:17] Generating annotation statistics file
[14:34:17] Generating Genbank and Sequin files
[14:34:17] Running: tbl2asn -V b -a r10k -l paired-ends -M n -N 1 -y 'Annotated using prokka 1.14.6 from https://github.com/tseemann/prokka' -Z annotation\/wAlbB\/wAlbB\.err -i annotation\/wAlbB\/wAlbB\.fsa 2> /dev/null
[14:34:19] Deleting unwanted file: annotation/wAlbB/errorsummary.val
[14:34:19] Deleting unwanted file: annotation/wAlbB/wAlbB.dr
[14:34:19] Deleting unwanted file: annotation/wAlbB/wAlbB.fixedproducts
[14:34:19] Deleting unwanted file: annotation/wAlbB/wAlbB.ecn
[14:34:19] Deleting unwanted file: annotation/wAlbB/wAlbB.val
[14:34:19] Repairing broken .GBK output that tbl2asn produces...
[14:34:19] Running: sed 's/COORDINATES: profile/COORDINATES:profile/' < annotation\/wAlbB\/wAlbB\.gbf > annotation\/wAlbB\/wAlbB\.gbk
[14:34:19] Deleting unwanted file: annotation/wAlbB/wAlbB.gbf
[14:34:19] Output files:
[14:34:19] annotation/wAlbB/wAlbB.gbk
[14:34:19] annotation/wAlbB/wAlbB.log
[14:34:19] annotation/wAlbB/wAlbB.sqn
[14:34:19] annotation/wAlbB/wAlbB.faa
[14:34:19] annotation/wAlbB/wAlbB.ffn
[14:34:19] annotation/wAlbB/wAlbB.err
[14:34:19] annotation/wAlbB/wAlbB.tsv
[14:34:19] annotation/wAlbB/wAlbB.txt
[14:34:19] annotation/wAlbB/wAlbB.tbl
[14:34:19] annotation/wAlbB/wAlbB.fsa
[14:34:19] annotation/wAlbB/wAlbB.gff
[14:34:19] annotation/wAlbB/wAlbB.fna
[14:34:19] Annotation finished successfully.
[14:34:19] Walltime used: 2.08 minutes
[14:34:19] If you use this result please cite the Prokka paper:
[14:34:19] Seemann T (2014) Prokka: rapid prokaryotic genome annotation. Bioinformatics. 30(14):2068-9.
[14:34:19] Type 'prokka --citation' for more details.
[14:34:19] Share and enjoy!
