[14:32:59] This is prokka 1.14.6
[14:32:59] Written by Torsten Seemann <torsten.seemann@gmail.com>
[14:32:59] Homepage is https://github.com/tseemann/prokka
[14:32:59] Local time is Fri Mar  4 14:32:59 2022
[14:32:59] You are gerth
[14:32:59] Operating system is linux
[14:32:59] You have BioPerl 1.007002
[14:32:59] System has 64 cores.
[14:32:59] Will use maximum of 8 cores.
[14:32:59] Annotating as >>> Bacteria <<<
[14:32:59] Re-using existing --outdir annotation/wTco
[14:32:59] Using filename prefix: wTco.XXX
[14:32:59] Setting HMMER_NCPU=1
[14:32:59] Writing log to: annotation/wTco/wTco.log
[14:32:59] Command: /media/red/Wolbachia_phylogeny_new/.snakemake/conda/8cd680523f41e5449a78b29be8f1b505/bin/prokka --outdir annotation/wTco --force --prefix wTco --locustag wTco --cpus 8 --genus Wolbachia --species sp. --strain wTco genome_fastas/wTco.fas
[14:32:59] Appending to PATH: /media/red/Wolbachia_phylogeny_new/.snakemake/conda/8cd680523f41e5449a78b29be8f1b505/bin
[14:32:59] Looking for 'aragorn' - found /media/red/Wolbachia_phylogeny_new/.snakemake/conda/8cd680523f41e5449a78b29be8f1b505/bin/aragorn
[14:32:59] Determined aragorn version is 001002 from 'ARAGORN v1.2.38 Dean Laslett'
[14:32:59] Looking for 'barrnap' - found /media/red/Wolbachia_phylogeny_new/.snakemake/conda/8cd680523f41e5449a78b29be8f1b505/bin/barrnap
[14:32:59] Determined barrnap version is 000009 from 'barrnap 0.9'
[14:32:59] Looking for 'blastp' - found /media/red/Wolbachia_phylogeny_new/.snakemake/conda/8cd680523f41e5449a78b29be8f1b505/bin/blastp
[14:33:00] Determined blastp version is 002012 from 'blastp: 2.12.0+'
[14:33:00] Looking for 'cmpress' - found /media/red/Wolbachia_phylogeny_new/.snakemake/conda/8cd680523f41e5449a78b29be8f1b505/bin/cmpress
[14:33:00] Determined cmpress version is 001001 from '# INFERNAL 1.1.4 (Dec 2020)'
[14:33:00] Looking for 'cmscan' - found /media/red/Wolbachia_phylogeny_new/.snakemake/conda/8cd680523f41e5449a78b29be8f1b505/bin/cmscan
[14:33:00] Determined cmscan version is 001001 from '# INFERNAL 1.1.4 (Dec 2020)'
[14:33:00] Looking for 'egrep' - found /bin/egrep
[14:33:00] Looking for 'find' - found /usr/bin/find
[14:33:00] Looking for 'grep' - found /bin/grep
[14:33:00] Looking for 'hmmpress' - found /media/red/Wolbachia_phylogeny_new/.snakemake/conda/8cd680523f41e5449a78b29be8f1b505/bin/hmmpress
[14:33:00] Determined hmmpress version is 003003 from '# HMMER 3.3.2 (Nov 2020); http://hmmer.org/'
[14:33:00] Looking for 'hmmscan' - found /media/red/Wolbachia_phylogeny_new/.snakemake/conda/8cd680523f41e5449a78b29be8f1b505/bin/hmmscan
[14:33:00] Determined hmmscan version is 003003 from '# HMMER 3.3.2 (Nov 2020); http://hmmer.org/'
[14:33:00] Looking for 'java' - found /media/red/Wolbachia_phylogeny_new/.snakemake/conda/8cd680523f41e5449a78b29be8f1b505/bin/java
[14:33:00] Looking for 'makeblastdb' - found /media/red/Wolbachia_phylogeny_new/.snakemake/conda/8cd680523f41e5449a78b29be8f1b505/bin/makeblastdb
[14:33:00] Determined makeblastdb version is 002012 from 'makeblastdb: 2.12.0+'
[14:33:00] Looking for 'minced' - found /media/red/Wolbachia_phylogeny_new/.snakemake/conda/8cd680523f41e5449a78b29be8f1b505/bin/minced
[14:33:01] Determined minced version is 004002 from 'minced 0.4.2'
[14:33:01] Looking for 'parallel' - found /media/red/Wolbachia_phylogeny_new/.snakemake/conda/8cd680523f41e5449a78b29be8f1b505/bin/parallel
[14:33:01] Determined parallel version is 20211022 from 'GNU parallel 20211022'
[14:33:01] Looking for 'prodigal' - found /media/red/Wolbachia_phylogeny_new/.snakemake/conda/8cd680523f41e5449a78b29be8f1b505/bin/prodigal
[14:33:01] Determined prodigal version is 002006 from 'Prodigal V2.6.3: February, 2016'
[14:33:01] Looking for 'prokka-genbank_to_fasta_db' - found /media/red/Wolbachia_phylogeny_new/.snakemake/conda/8cd680523f41e5449a78b29be8f1b505/bin/prokka-genbank_to_fasta_db
[14:33:01] Looking for 'sed' - found /bin/sed
[14:33:01] Looking for 'tbl2asn' - found /media/red/Wolbachia_phylogeny_new/.snakemake/conda/8cd680523f41e5449a78b29be8f1b505/bin/tbl2asn
[14:33:01] Determined tbl2asn version is 025007 from 'tbl2asn 25.7   arguments:'
[14:33:01] Using genetic code table 11.
[14:33:01] Loading and checking input file: genome_fastas/wTco.fas
[14:33:01] Wrote 12 contigs totalling 1418452 bp.
[14:33:01] Predicting tRNAs and tmRNAs
[14:33:01] Running: aragorn -l -gc11  -w annotation\/wTco\/wTco\.fna
[14:33:01] 1 tRNA-Phe [77214,77287] 34 (gaa)
[14:33:01] 1 tRNA-Leu [17971,18054] 34 (caa)
[14:33:01] 1 tRNA-Arg [36341,36415] 35 (cct)
[14:33:01] 1 tRNA-Leu c[5909,5995] 35 (taa)
[14:33:01] 2 tRNA-Arg c[18293,18370] 36 (acg)
[14:33:01] 3 tmRNA* [39290,39617] 190,237 ANDNFAAEDNVALAA*
[14:33:01] 4 tRNA-Asp c[57509,57585] 35 (gtc)
[14:33:01] 5 tRNA-Leu [70420,70507] 35 (gag)
[14:33:01] 1 tRNA-Arg c[29497,29572] 36 (ccg)
[14:33:01] 2 tRNA-Ser c[38951,39043] 36 (gct)
[14:33:01] 1 tRNA-Gly c[48123,48194] 33 (tcc)
[14:33:01] 2 tRNA-Tyr c[48198,48281] 36 (gta)
[14:33:01] 3 tRNA-Thr [70980,71053] 34 (tgt)
[14:33:01] 1 tRNA-Leu c[45058,45140] 35 (tag)
[14:33:01] 2 tRNA-Trp [52135,52208] 34 (cca)
[14:33:01] 3 tRNA-Asn [86847,86919] 33 (gtt)
[14:33:01] 1 tRNA-His c[105563,105638] 34 (gtg)
[14:33:01] 2 tRNA-Met [124547,124619] 33 (cat)
[14:33:01] 3 tRNA-Gln c[128921,128993] 33 (ttg)
[14:33:01] 4 tRNA-Met c[134034,134110] 35 (cat)
[14:33:01] 5 tRNA-Gly [135328,135401] 34 (gcc)
[14:33:01] 6 tRNA-Ser [143469,143556] 35 (gga)
[14:33:01] 1 tRNA-Ile c[55518,55594] 35 (gat)
[14:33:01] 2 tRNA-Val c[90521,90594] 34 (gac)
[14:33:01] 3 tRNA-Cys c[124393,124465] 34 (gca)
[14:33:01] 4 tRNA-Arg [185604,185679] 36 (tct)
[14:33:01] 5 tRNA-Thr [215740,215813] 34 (ggt)
[14:33:01] 6 tRNA-Met [235728,235804] 35 (cat)
[14:33:01] 7 tRNA-Leu c[280212,280297] 35 (cag)
[14:33:01] 8 tRNA-Val c[288488,288560] 34 (tac)
[14:33:01] 9 tRNA-Pro c[295620,295695] 36 (tgg)
[14:33:01] 10 tRNA-Glu c[296544,296616] 34 (ttc)
[14:33:01] 11 tRNA-Ala c[330777,330852] 34 (tgc)
[14:33:01] 12 tRNA-Lys [331152,331225] 34 (ttt)
[14:33:01] 13 tRNA-Ser [337182,337271] 36 (tga)
[14:33:01] Found 35 tRNAs
[14:33:01] Predicting Ribosomal RNAs
[14:33:01] Running Barrnap with 8 threads
[14:33:02] 1 NZ_JAIZNT010000001.1 44767 5S ribosomal RNA
[14:33:02] 2 NZ_JAIZNT010000001.1 44942 23S ribosomal RNA
[14:33:02] 3 NZ_JAIZNT010000001.1 139992 16S ribosomal RNA
[14:33:02] Found 3 rRNAs
[14:33:02] Skipping ncRNA search, enable with --rfam if desired.
[14:33:02] Total of 37 tRNA + rRNA features
[14:33:02] Searching for CRISPR repeats
[14:33:02] Found 0 CRISPRs
[14:33:02] Predicting coding sequences
[14:33:02] Contigs total 1418452 bp, so using single mode
[14:33:02] Running: prodigal -i annotation\/wTco\/wTco\.fna -c -m -g 11 -p single -f sco -q
[14:33:03] Excluding CDS which overlaps existing RNA (tRNA) at NZ_JAIZNT010000002.1:123255..124547 on + strand
[14:33:03] Excluding CDS which overlaps existing RNA (tRNA) at NZ_JAIZNT010000002.1:128984..129319 on - strand
[14:33:04] Excluding CDS which overlaps existing RNA (rRNA) at NZ_JAIZNT010000001.1:46594..46866 on - strand
[14:33:04] Excluding CDS which overlaps existing RNA (rRNA) at NZ_JAIZNT010000001.1:140094..140345 on - strand
[14:33:04] Excluding CDS which overlaps existing RNA (rRNA) at NZ_JAIZNT010000001.1:140933..141055 on - strand
[14:33:04] Found 1310 CDS
[14:33:04] Connecting features back to sequences
[14:33:04] Not using genus-specific database. Try --usegenus to enable it.
[14:33:04] Annotating CDS, please be patient.
[14:33:04] Will use 8 CPUs for similarity searching.
[14:33:04] There are still 1310 unannotated CDS left (started with 1310)
[14:33:04] Will use blast to search against /media/red/Wolbachia_phylogeny_new/.snakemake/conda/8cd680523f41e5449a78b29be8f1b505/db/kingdom/Bacteria/IS with 8 CPUs
[14:33:04] Running: cat annotation\/wTco\/wTco\.IS\.tmp\.59029\.faa | parallel --gnu --plain -j 8 --block 25858 --recstart '>' --pipe blastp -query - -db /media/red/Wolbachia_phylogeny_new/.snakemake/conda/8cd680523f41e5449a78b29be8f1b505/db/kingdom/Bacteria/IS -evalue 1e-30 -qcov_hsp_perc 90 -num_threads 1 -num_descriptions 1 -num_alignments 1 -seg no > annotation\/wTco\/wTco\.IS\.tmp\.59029\.blast 2> /dev/null
[14:33:37] Deleting unwanted file: annotation/wTco/wTco.IS.tmp.59029.faa
[14:33:37] Deleting unwanted file: annotation/wTco/wTco.IS.tmp.59029.blast
[14:33:38] There are still 1258 unannotated CDS left (started with 1310)
[14:33:38] Will use blast to search against /media/red/Wolbachia_phylogeny_new/.snakemake/conda/8cd680523f41e5449a78b29be8f1b505/db/kingdom/Bacteria/AMR with 8 CPUs
[14:33:38] Running: cat annotation\/wTco\/wTco\.AMR\.tmp\.59029\.faa | parallel --gnu --plain -j 8 --block 24934 --recstart '>' --pipe blastp -query - -db /media/red/Wolbachia_phylogeny_new/.snakemake/conda/8cd680523f41e5449a78b29be8f1b505/db/kingdom/Bacteria/AMR -evalue 9.99999999999999e-301 -qcov_hsp_perc 90 -num_threads 1 -num_descriptions 1 -num_alignments 1 -seg no > annotation\/wTco\/wTco\.AMR\.tmp\.59029\.blast 2> /dev/null
[14:33:43] Deleting unwanted file: annotation/wTco/wTco.AMR.tmp.59029.faa
[14:33:43] Deleting unwanted file: annotation/wTco/wTco.AMR.tmp.59029.blast
[14:33:44] There are still 1258 unannotated CDS left (started with 1310)
[14:33:44] Will use blast to search against /media/red/Wolbachia_phylogeny_new/.snakemake/conda/8cd680523f41e5449a78b29be8f1b505/db/kingdom/Bacteria/sprot with 8 CPUs
[14:33:44] Running: cat annotation\/wTco\/wTco\.sprot\.tmp\.59029\.faa | parallel --gnu --plain -j 8 --block 24934 --recstart '>' --pipe blastp -query - -db /media/red/Wolbachia_phylogeny_new/.snakemake/conda/8cd680523f41e5449a78b29be8f1b505/db/kingdom/Bacteria/sprot -evalue 1e-09 -qcov_hsp_perc 80 -num_threads 1 -num_descriptions 1 -num_alignments 1 -seg no > annotation\/wTco\/wTco\.sprot\.tmp\.59029\.blast 2> /dev/null
[14:34:26] Modify product: UPF0758 protein => hypothetical protein
[14:34:26] Modify product: UPF0758 protein => hypothetical protein
[14:34:26] Modify product: UPF0053 protein HI_0107 => hypothetical protein
[14:34:26] Modify product: UPF0335 protein CCNA_03428 => hypothetical protein
[14:34:26] Modify product: Bifunctional protein FolD => Bifunctional protein FolD protein
[14:34:26] Modify product: Probable transcriptional regulatory protein aq_1575 => putative transcriptional regulatory protein
[14:34:26] Modify product: Uncharacterized protein RP812 => putative protein RP812
[14:34:26] Modify product: Co-chaperone protein HscB homolog => Co-chaperone protein HscB 
[14:34:26] Modify product: Probable protein kinase UbiB => putative protein kinase UbiB
[14:34:26] Modify product: UPF0758 protein => hypothetical protein
[14:34:26] Modify product: UPF0758 protein => hypothetical protein
[14:34:26] Modify product: Uncharacterized ABC transporter ATP-binding protein TM_0288 => putative ABC transporter ATP-binding protein
[14:34:26] Modify product: Probable GTP-binding protein EngB => putative GTP-binding protein EngB
[14:34:26] Modify product: UPF0758 protein SP_1088 => hypothetical protein
[14:34:26] Modify product: UPF0758 protein => hypothetical protein
[14:34:26] Modify product: Uncharacterized zinc protease Rv2782c => putative zinc protease
[14:34:26] Modify product: SCO1 protein homolog => SCO1 protein 
[14:34:27] Modify product: UPF0176 protein lpg2838 => hypothetical protein
[14:34:27] Modify product: UPF0053 inner membrane protein YoaE => hypothetical protein
[14:34:27] Modify product: Uncharacterized zinc protease Rv2782c => putative zinc protease
[14:34:27] Modify product: Uncharacterized zinc protease Rv2782c => putative zinc protease
[14:34:27] Modify product: Uncharacterized oxidoreductase YciK => putative oxidoreductase YciK
[14:34:27] Modify product: Probable chromosome-partitioning protein ParB => putative chromosome-partitioning protein ParB
[14:34:27] Modify product: Probable ribonucleotide transport ATP-binding protein mkl => putative ribonucleotide transport ATP-binding protein mkl
[14:34:27] Modify product: Uncharacterized HIT-like protein HP_0404 => putative HIT-like protein
[14:34:27] Modify product: Uncharacterized metal-dependent hydrolase YcfH => putative metal-dependent hydrolase YcfH
[14:34:27] Modify product: UPF0758 protein => hypothetical protein
[14:34:27] Modify product: Cytochrome b561 homolog 2 => Cytochrome b561 
[14:34:27] Modify product: Probable lipid II flippase MurJ => putative lipid II flippase MurJ
[14:34:27] Modify product: Probable murein peptide carboxypeptidase => putative murein peptide carboxypeptidase
[14:34:27] Modify product: Probable oxidoreductase CT_610 => putative oxidoreductase CT_610
[14:34:27] Cleaned 31 /product names
[14:34:27] Deleting unwanted file: annotation/wTco/wTco.sprot.tmp.59029.faa
[14:34:27] Deleting unwanted file: annotation/wTco/wTco.sprot.tmp.59029.blast
[14:34:27] There are still 763 unannotated CDS left (started with 1310)
[14:34:27] Will use hmmer3 to search against /media/red/Wolbachia_phylogeny_new/.snakemake/conda/8cd680523f41e5449a78b29be8f1b505/db/hmm/HAMAP.hmm with 8 CPUs
[14:34:27] Running: cat annotation\/wTco\/wTco\.HAMAP\.hmm\.tmp\.59029\.faa | parallel --gnu --plain -j 8 --block 14105 --recstart '>' --pipe hmmscan --noali --notextw --acc -E 1e-09 --cpu 1 /media/red/Wolbachia_phylogeny_new/.snakemake/conda/8cd680523f41e5449a78b29be8f1b505/db/hmm/HAMAP.hmm /dev/stdin > annotation\/wTco\/wTco\.HAMAP\.hmm\.tmp\.59029\.hmmer3 2> /dev/null
[14:34:34] Deleting unwanted file: annotation/wTco/wTco.HAMAP.hmm.tmp.59029.faa
[14:34:34] Deleting unwanted file: annotation/wTco/wTco.HAMAP.hmm.tmp.59029.hmmer3
[14:34:34] Labelling remaining 690 proteins as 'hypothetical protein'
[14:34:34] Possible /pseudo 'IS4 family transposase ISWosp7' at NZ_JAIZNT010000009.1 position 10711
[14:34:34] Possible /pseudo 'IS630 family transposase ISWpi10' at NZ_JAIZNT010000008.1 position 406
[14:34:34] Possible /pseudo 'IS110 family transposase ISWpi13' at NZ_JAIZNT010000008.1 position 44975
[14:34:34] Possible /pseudo 'IS110 family transposase ISWpi13' at NZ_JAIZNT010000008.1 position 45247
[14:34:34] Possible /pseudo 'IS256 family transposase ISWpi15' at NZ_JAIZNT010000008.1 position 47704
[14:34:34] Possible /pseudo 'IS630 family transposase ISWpi10' at NZ_JAIZNT010000008.1 position 76122
[14:34:34] Possible /pseudo 'L-allo-threonine aldolase' at NZ_JAIZNT010000003.1 position 20192
[14:34:34] Possible /pseudo 'Protein translocase subunit SecA' at NZ_JAIZNT010000003.1 position 117367
[14:34:34] Possible /pseudo 'IS110 family transposase ISWen2' at NZ_JAIZNT010000002.1 position 53212
[14:34:34] Possible /pseudo 'ATP synthase subunit b' at NZ_JAIZNT010000002.1 position 68223
[14:34:34] Possible /pseudo 'Arginine/agmatine antiporter' at NZ_JAIZNT010000002.1 position 153161
[14:34:34] Possible /pseudo 'putative zinc protease' at NZ_JAIZNT010000001.1 position 18872
[14:34:34] Possible /pseudo 'Aminopyrimidine aminohydrolase' at NZ_JAIZNT010000001.1 position 53536
[14:34:34] Possible /pseudo 'Amino-acid carrier protein AlsT' at NZ_JAIZNT010000001.1 position 85454
[14:34:34] Possible /pseudo 'IS4 family transposase ISWosp8' at NZ_JAIZNT010000001.1 position 263151
[14:34:34] Found 499 unique /gene codes.
[14:34:34] Fixed 2 duplicate /gene - surA_1 surA_2
[14:34:34] Fixed 2 duplicate /gene - relG_1 relG_2
[14:34:34] Fixed 2 duplicate /gene - ruvB_1 ruvB_2
[14:34:34] Fixed 2 duplicate /gene - rcsC_1 rcsC_2
[14:34:34] Fixed 2 duplicate /gene - glmU_1 glmU_2
[14:34:34] Fixed 2 duplicate /gene - purL_1 purL_2
[14:34:34] Fixed 3 duplicate /gene - proP_1 proP_2 proP_3
[14:34:34] Fixed 2 duplicate /gene - xerD_1 xerD_2
[14:34:34] Fixed 2 duplicate /gene - COQ3_1 COQ3_2
[14:34:34] Fixed 2 duplicate /gene - adiC_1 adiC_2
[14:34:34] Fixed 2 duplicate /gene - atpH_1 atpH_2
[14:34:34] Fixed 2 duplicate /gene - mutL_1 mutL_2
[14:34:34] Fixed 2 duplicate /gene - yhcG_1 yhcG_2
[14:34:34] Fixed 2 duplicate /gene - atpF_1 atpF_2
[14:34:34] Fixed 2 duplicate /gene - murC_1 murC_2
[14:34:34] Fixed 3 duplicate /gene - ftsH_1 ftsH_2 ftsH_3
[14:34:34] Fixed 2 duplicate /gene - secA_1 secA_2
[14:34:34] Fixed 2 duplicate /gene - rnd_1 rnd_2
[14:34:34] Fixed 2 duplicate /gene - ltrA_1 ltrA_2
[14:34:34] Fixed 2 duplicate /gene - ltaA_1 ltaA_2
[14:34:34] Fixed 2 duplicate /gene - argD_1 argD_2
[14:34:34] Fixed 2 duplicate /gene - tufA_1 tufA_2
[14:34:34] Fixed 3 duplicate /gene - alsT_1 alsT_2 alsT_3
[14:34:34] Fixed 4 duplicate /gene - smc_1 smc_2 smc_3 smc_4
[14:34:34] Fixed 5 duplicate /gene - gpFI_1 gpFI_2 gpFI_3 gpFI_4 gpFI_5
[14:34:34] Fixed 2 duplicate /gene - tenA_1 tenA_2
[14:34:34] Fixed 2 duplicate /gene - dnaJ_1 dnaJ_2
[14:34:34] Fixed 2 duplicate /gene - virB4_1 virB4_2
[14:34:34] Fixed 28 colliding /gene names.
[14:34:34] Adding /locus_tag identifiers
[14:34:34] Assigned 1348 locus_tags to CDS and RNA features.
[14:34:34] Writing outputs to annotation/wTco/
[14:34:35] Generating annotation statistics file
[14:34:35] Generating Genbank and Sequin files
[14:34:35] Running: tbl2asn -V b -a r10k -l paired-ends -M n -N 1 -y 'Annotated using prokka 1.14.6 from https://github.com/tseemann/prokka' -Z annotation\/wTco\/wTco\.err -i annotation\/wTco\/wTco\.fsa 2> /dev/null
[14:34:37] Deleting unwanted file: annotation/wTco/errorsummary.val
[14:34:37] Deleting unwanted file: annotation/wTco/wTco.dr
[14:34:37] Deleting unwanted file: annotation/wTco/wTco.fixedproducts
[14:34:37] Deleting unwanted file: annotation/wTco/wTco.ecn
[14:34:37] Deleting unwanted file: annotation/wTco/wTco.val
[14:34:37] Repairing broken .GBK output that tbl2asn produces...
[14:34:37] Running: sed 's/COORDINATES: profile/COORDINATES:profile/' < annotation\/wTco\/wTco\.gbf > annotation\/wTco\/wTco\.gbk
[14:34:37] Deleting unwanted file: annotation/wTco/wTco.gbf
[14:34:37] Output files:
[14:34:37] annotation/wTco/wTco.log
[14:34:37] annotation/wTco/wTco.fna
[14:34:37] annotation/wTco/wTco.faa
[14:34:37] annotation/wTco/wTco.err
[14:34:37] annotation/wTco/wTco.fsa
[14:34:37] annotation/wTco/wTco.tsv
[14:34:37] annotation/wTco/wTco.gbk
[14:34:37] annotation/wTco/wTco.sqn
[14:34:37] annotation/wTco/wTco.tbl
[14:34:37] annotation/wTco/wTco.txt
[14:34:37] annotation/wTco/wTco.ffn
[14:34:37] annotation/wTco/wTco.gff
[14:34:37] Annotation finished successfully.
[14:34:37] Walltime used: 1.63 minutes
[14:34:37] If you use this result please cite the Prokka paper:
[14:34:37] Seemann T (2014) Prokka: rapid prokaryotic genome annotation. Bioinformatics. 30(14):2068-9.
[14:34:37] Type 'prokka --citation' for more details.
[14:34:37] Thank you, come again.
